..\\lib\\transaction.h(146):     </TR>\n
..\\lib\\transaction.h(146):     \n
..\\lib\\transaction.h(146):     <!-- Flight #1 -->\n
..\\lib\\transaction.h(146):     <TR bgcolor="#EFF2F7">\n
..\\lib\\transaction.h(146):       <TD width="5%" rowspan="2" align="left" valign="top">\n
..\\lib\\transaction.h(146):     <b>\n
..\\lib\\transaction.h(146):     <label><input type="checkbox" name="62" value="on" /></label></font></b>\n
..\\lib\\transaction.h(146):     <input type="hidden" name="flightID" value="122730783-47728-CF"  />\n
..\\lib\\transaction.h(146):       </TD>\n
..\\lib\\transaction.h(146):       <TD width="45%" valign="top">\n
..\\lib\\transaction.h(146):           <b>&nbsp;&nbsp;3 Coach class tickets for :</b><br/>\n
..\\lib\\transaction.h(146):           <center><table border="0" width="85%"><tr><td>\n
..\\lib\\transaction.h(146):           <li><i>Ciri Fiona Elen Riannon      <li><i>      <li><i>\n
..\\lib\\transaction.h(146):           <li><i></i>\n
..\\lib\\transaction.h(146):           </td></tr></table></center>\n
..\\lib\\transaction.h(146):       </TD>\n
..\\lib\\transaction.h(146):       <TD width="5%" >.<br/>.<br/>.<br/>.</TD>\n
..\\lib\\transaction.h(146):       <TD width="45%" valign=top><b>Invoice sent to:</b><br/>\n
..\\lib\\transaction.h(146):           <center>\n
..\\lib\\transaction.h(146):           <Table width="80%" cellspacing="0" > <tr> <td>\n
..\\lib\\transaction.h(146):               Ciri Fiona Elen Riannon\n
..\\lib\\transaction.h(146):     <br/>\n
..\\lib\\transaction.h(146):               Kaer Morhen<br/>\n
..\\lib\\transaction.h(146):               Velen<br/>\n
..\\lib\\transaction.h(146):               <br/>\n
..\\lib\\transaction.h(146):               Total Charge: $ 465 <BR/> (CC: x-3313)\n
..\\lib\\transaction.h(146):           </td> </tr> </table>\n
..\\lib\\transaction.h(146):           </center>\n
..\\lib\\transaction.h(146):       </TD>\n
..\\lib\\transaction.h(146):     </TR>\n
..\\lib\\transaction.h(146):     <TR bgcolor="#EFF2F7">\n
..\\lib\\transaction.h(146):       <TD COLSPAN="3">\n
..\\lib\\transaction.h(146):       <b>Flight Details:</b><BR/>  <center>\n
..\\lib\\transaction.h(146):       12/27/2024\n
..\\lib\\transaction.h(146):      :  1pm : Flight 731 leaves Seattle  for Los Angeles.<br>  </center>\n
..\\lib\\transaction.h(146):       </TD>\n
..\\lib\\transaction.h(146):     </TR>\n
..\\lib\\transaction.h(146):     \n
..\\lib\\transaction.h(146):     <TR bgcolor="#EFF2F7">\n
..\\lib\\transaction.h(146):       <TD COLSPAN="4">\n
..\\lib\\transaction.h(146):       <hr/>\n
..\\lib\\transaction.h(146):       </TD>\n
..\\lib\\transaction.h(146):     </TR>\n
..\\lib\\transaction.h(146):     \n
..\\lib\\transaction.h(146):     <!-- Flight #1 -->\n
..\\lib\\transaction.h(146):     <TR bgcolor="#EFF2F7">\n
..\\lib\\transaction.h(146):       <TD width="5%" rowspan="2" align="left" valign="top">\n
..\\lib\\transaction.h(146):     <b>\n
..\\lib\\transaction.h(146):     <label><input type="checkbox" name="63" value="on" /></label></font></b>\n
..\\lib\\transaction.h(146):     <input type="hidden" name="flightID" value="122710133-484941-CF"  />\n
..\\lib\\transaction.h(146):       </TD>\n
..\\lib\\transaction.h(146):       <TD width="45%" valign="top">\n
..\\lib\\transaction.h(146):           <b>&nbsp;&nbsp;7 Business class tickets for :</b><br/>\n
..\\lib\\transaction.h(146):           <center><table border="0" width="85%"><tr><td>\n
..\\lib\\transaction.h(146):           <li><i>Ciri Fiona Elen Riannon      <li><i>      <li><i>      <li><i>      <li><i>  
..\\lib\\transaction.h(146):         <li><i>      <li><i>\n
..\\lib\\transaction.h(146):           <li><i></i>\n
..\\lib\\transaction.h(146):           </td></tr></table></center>\n
..\\lib\\transaction.h(146):       </TD>\n
..\\lib\\transaction.h(146):       <TD width="5%" >.<br/>.<br/>.<br/>.</TD>\n
..\\lib\\transaction.h(146):       <TD width="45%" valign=top><b>Invoice sent to:</b><br/>\n
..\\lib\\transaction.h(146):           <center>\n
..\\lib\\transaction.h(146):           <Table width="80%" cellspacing="0" > <tr> <td>\n
..\\lib\\transaction.h(146):               Ciri Fiona Elen Riannon\n
..\\lib\\transaction.h(146):     <br/>\n
..\\lib\\transaction.h(146):               Kaer Morhen<br/>\n
..\\lib\\transaction.h(146):               Velen<br/>\n
..\\lib\\transaction.h(146):               <br/>\n
..\\lib\\transaction.h(146):               Total Charge: $ 4235 <BR/> (CC: x-3313)\n
..\\lib\\transaction.h(146):           </td> </tr> </table>\n
..\\lib\\transaction.h(146):           </center>\n
..\\lib\\transaction.h(146):       </TD>\n
..\\lib\\transaction.h(146):     </TR>\n
..\\lib\\transaction.h(146):     <TR bgcolor="#EFF2F7">\n
..\\lib\\transaction.h(146):       <TD COLSPAN="3">\n
..\\lib\\transaction.h(146):       <b>Flight Details:</b><BR/>  <center>\n
..\\lib\\transaction.h(146):       12/27/2024\n
..\\lib\\transaction.h(146):      :  11pm : Flight 173 leaves Frankfurt  for Seattle.<br>  </center>\n
..\\lib\\transaction.h(146):       </TD>\n
..\\lib\\transaction.h(146):     </TR>\n
..\\lib\\transaction.h(146):     \n
..\\lib\\transaction.h(146):     <TR bgcolor="#EFF2F7">\n
..\\lib\\transaction.h(146):       <TD COLSPAN="4">\n
..\\lib\\transaction.h(146):       <hr/>\n
..\\lib\\transaction.h(146):       </TD>\n
..\\lib\\transaction.h(146):     </TR>\n
..\\lib\\transaction.h(146):     \n
..\\lib\\transaction.h(146):     <!-- Flight #1 -->\n
..\\lib\\transaction.h(146):     <TR bgcolor="#EFF2F7">\n
..\\lib\\transaction.h(146):       <TD width="5%" rowspan="2" align="left" valign="top">\n
..\\lib\\transaction.h(146):     <b>\n
..\\lib\\transaction.h(146):     <label><input type="checkbox" name="64" value="on" /></label></font></b>\n
..\\lib\\transaction.h(146):     <input type="hidden" name="flightID" value="122707434-492641-CF"  />\n
..\\lib\\transaction.h(146):       </TD>\n
..\\lib\\transaction.h(146):       <TD width="45%" valign="top">\n
..\\lib\\transaction.h(146):           <b>&nbsp;&nbsp;6 First class tickets for :</b><br/>\n
..\\lib\\transaction.h(146):           <center><table border="0" width="85%"><tr><td>\n
..\\lib\\transaction.h(146):           <li><i>Ciri Fiona Elen Riannon      <li><i>      <li><i>      <li><i>      <li><i>  
..\\lib\\transaction.h(146):         <li><i>\n
..\\lib\\transaction.h(146):           <li><i></i>\n
..\\lib\\transaction.h(146):           </td></tr></table></center>\n
..\\lib\\transaction.h(146):       </TD>\n
..\\lib\\transaction.h(146):       <TD width="5%" >.<br/>.<br/>.<br/>.</TD>\n
..\\lib\\transaction.h(146):       <TD width="45%" valign=top><b>Invoice sent to:</b><br/>\n
..\\lib\\transaction.h(146):           <center>\n
..\\lib\\transaction.h(146):           <Table width="80%" cellspacing="0" > <tr> <td>\n
..\\lib\\transaction.h(146):               Ciri Fiona Elen Riannon\n
..\\lib\\transaction.h(146):     <br/>\n
..\\lib\\transaction.h(146):               Kaer Morhen<br/>\n
..\\lib\\transaction.h(146):               Velen<br/>\n
..\\lib\\transaction.h(146):               <br/>\n
..\\lib\\transaction.h(146):               Total Charge: $ 4338 <BR/> (CC: x-3313)\n
..\\lib\\transaction.h(146):           </td> </tr> </table>\n
..\\lib\\transaction.h(146):           </center>\n
..\\lib\\transaction.h(146):       </TD>\n
..\\lib\\transaction.h(146):     </TR>\n
..\\lib\\transaction.h(146):     <TR bgcolor="#EFF2F7">\n
..\\lib\\transaction.h(146):       <TD COLSPAN="3">\n
..\\lib\\transaction.h(146):       <b>Flight Details:</b><BR/>  <center>\n
..\\lib\\transaction.h(146):       12/27/2024\n
..\\lib\\transaction.h(146):      :  8am : Flight 100 leaves Frankfurt  for Denver.<br>  </center>\n
..\\lib\\transaction.h(146):       </TD>\n
..\\lib\\transaction.h(146):     </TR>\n
..\\lib\\transaction.h(146):     \n
..\\lib\\transaction.h(146):     <TR bgcolor="#EFF2F7">\n
..\\lib\\transaction.h(146):       <TD COLSPAN="4">\n
..\\lib\\transaction.h(146):       <hr/>\n
..\\lib\\transaction.h(146):       </TD>\n
..\\lib\\transaction.h(146):     </TR>\n
..\\lib\\transaction.h(146):     \n
..\\lib\\transaction.h(146):     <!-- Flight #1 -->\n
..\\lib\\transaction.h(146):     <TR bgcolor="#EFF2F7">\n
..\\lib\\transaction.h(146):       <TD width="5%" rowspan="2" align="left" valign="top">\n
..\\lib\\transaction.h(146):     <b>\n
..\\lib\\transaction.h(146):     <label><input type="checkbox" name="65" value="on" /></label></font></b>\n
..\\lib\\transaction.h(146):     <input type="hidden" name="flightID" value="122712673-50059-CF"  />\n
..\\lib\\transaction.h(146):       </TD>\n
..\\lib\\transaction.h(146):       <TD width="45%" valign="top">\n
..\\lib\\transaction.h(146):           <b>&nbsp;&nbsp;4 First class tickets for :</b><br/>\n
..\\lib\\transaction.h(146):           <center><table border="0" width="85%"><tr><td>\n
..\\lib\\transaction.h(146):           <li><i>Ciri Fiona Elen Riannon      <li><i>      <li><i>      <li><i>\n
..\\lib\\transaction.h(146):           <li><i></i>\n
..\\lib\\transaction.h(146):           </td></tr></table></center>\n
..\\lib\\transaction.h(146):       </TD>\n
..\\lib\\transaction.h(146):       <TD width="5%" >.<br/>.<br/>.<br/>.</TD>\n
..\\lib\\transaction.h(146):       <TD width="45%" valign=top><b>Invoice sent to:</b><br/>\n
..\\lib\\transaction.h(146):           <center>\n
..\\lib\\transaction.h(146):           <Table width="80%" cellspacing="0" > <tr> <td>\n
..\\lib\\transaction.h(146):               Ciri Fiona Elen Riannon\n
..\\lib\\transaction.h(146):     <br/>\n
..\\lib\\transaction.h(146):               Kaer Morhen<br/>\n
..\\lib\\transaction.h(146):               Velen<br/>\n
..\\lib\\transaction.h(146):               <br/>\n
..\\lib\\transaction.h(146):               Total Charge: $ 772 <B
..\\lib\\transaction.h(146): t=3949966ms: 8-byte chunked response overhead for "http://localhost:1080/cgi-bin/itinerary.pl" (RelFrameId=1.2, Internal ID=964)
..\\lib\\transaction.h(146):     \r\n
..\\lib\\transaction.h(146):     1f40\r\n
..\\lib\\transaction.h(146): t=3949966ms: 7-byte chunked response overhead for "http://localhost:1080/cgi-bin/itinerary.pl" (RelFrameId=1.2, Internal ID=964)
..\\lib\\transaction.h(146):     \r\n
..\\lib\\transaction.h(146):     65f\r\n
..\\lib\\transaction.h(146): t=3949966ms: 12272-byte chunked response body for "http://localhost:1080/cgi-bin/itinerary.pl" (RelFrameId=1.2, Internal ID=964)
..\\lib\\transaction.h(146):     R/> (CC: x-3313)\n
..\\lib\\transaction.h(146):           </td> </tr> </table>\n
..\\lib\\transaction.h(146):           </center>\n
..\\lib\\transaction.h(146):       </TD>\n
..\\lib\\transaction.h(146):     </TR>\n
..\\lib\\transaction.h(146):     <TR bgcolor="#EFF2F7">\n
..\\lib\\transaction.h(146):       <TD COLSPAN="3">\n
..\\lib\\transaction.h(146):       <b>Flight Details:</b><BR/>  <center>\n
..\\lib\\transaction.h(146):       12/27/2024\n
..\\lib\\transaction.h(146):      :  5pm : Flight 242 leaves London  for Paris.<br>  </center>\n
..\\lib\\transaction.h(146):       </TD>\n
..\\lib\\transaction.h(146):     </TR>\n
..\\lib\\transaction.h(146):     \n
..\\lib\\transaction.h(146):     <TR bgcolor="#EFF2F7">\n
..\\lib\\transaction.h(146):       <TD COLSPAN="4">\n
..\\lib\\transaction.h(146):       <hr/>\n
..\\lib\\transaction.h(146):       </TD>\n
..\\lib\\transaction.h(146):     </TR>\n
..\\lib\\transaction.h(146):     \n
..\\lib\\transaction.h(146):     <!-- Flight #1 -->\n
..\\lib\\transaction.h(146):     <TR bgcolor="#EFF2F7">\n
..\\lib\\transaction.h(146):       <TD width="5%" rowspan="2" align="left" valign="top">\n
..\\lib\\transaction.h(146):     <b>\n
..\\lib\\transaction.h(146):     <label><input type="checkbox" name="66" value="on" /></label></font></b>\n
..\\lib\\transaction.h(146):     <input type="hidden" name="flightID" value="12272447-50803-CF"  />\n
..\\lib\\transaction.h(146):       </TD>\n
..\\lib\\transaction.h(146):       <TD width="45%" valign="top">\n
..\\lib\\transaction.h(146):           <b>&nbsp;&nbsp;6 Coach class tickets for :</b><br/>\n
..\\lib\\transaction.h(146):           <center><table border="0" width="85%"><tr><td>\n
..\\lib\\transaction.h(146):           <li><i>Ciri Fiona Elen Riannon      <li><i>      <li><i>      <li><i>      <li><i>  
..\\lib\\transaction.h(146):         <li><i>\n
..\\lib\\transaction.h(146):           <li><i></i>\n
..\\lib\\transaction.h(146):           </td></tr></table></center>\n
..\\lib\\transaction.h(146):       </TD>\n
..\\lib\\transaction.h(146):       <TD width="5%" >.<br/>.<br/>.<br/>.</TD>\n
..\\lib\\transaction.h(146):       <TD width="45%" valign=top><b>Invoice sent to:</b><br/>\n
..\\lib\\transaction.h(146):           <center>\n
..\\lib\\transaction.h(146):           <Table width="80%" cellspacing="0" > <tr> <td>\n
..\\lib\\transaction.h(146):               Ciri Fiona Elen Riannon\n
..\\lib\\transaction.h(146):     <br/>\n
..\\lib\\transaction.h(146):               Kaer Morhen<br/>\n
..\\lib\\transaction.h(146):               Velen<br/>\n
..\\lib\\transaction.h(146):               <br/>\n
..\\lib\\transaction.h(146):               Total Charge: $ 450 <BR/> (CC: x-3313)\n
..\\lib\\transaction.h(146):           </td> </tr> </table>\n
..\\lib\\transaction.h(146):           </center>\n
..\\lib\\transaction.h(146):       </TD>\n
..\\lib\\transaction.h(146):     </TR>\n
..\\lib\\transaction.h(146):     <TR bgcolor="#EFF2F7">\n
..\\lib\\transaction.h(146):       <TD COLSPAN="3">\n
..\\lib\\transaction.h(146):       <b>Flight Details:</b><BR/>  <center>\n
..\\lib\\transaction.h(146):       12/27/2024\n
..\\lib\\transaction.h(146):      :  8am : Flight 560 leaves Portland  for San Francisco.<br>  </center>\n
..\\lib\\transaction.h(146):       </TD>\n
..\\lib\\transaction.h(146):     </TR>\n
..\\lib\\transaction.h(146):     \n
..\\lib\\transaction.h(146):     <TR bgcolor="#EFF2F7">\n
..\\lib\\transaction.h(146):       <TD COLSPAN="4">\n
..\\lib\\transaction.h(146):       <hr/>\n
..\\lib\\transaction.h(146):       </TD>\n
..\\lib\\transaction.h(146):     </TR>\n
..\\lib\\transaction.h(146):     \n
..\\lib\\transaction.h(146):     <!-- Flight #1 -->\n
..\\lib\\transaction.h(146):     <TR bgcolor="#EFF2F7">\n
..\\lib\\transaction.h(146):       <TD width="5%" rowspan="2" align="left" valign="top">\n
..\\lib\\transaction.h(146):     <b>\n
..\\lib\\transaction.h(146):     <label><input type="checkbox" name="67" value="on" /></label></font></b>\n
..\\lib\\transaction.h(146):     <input type="hidden" name="flightID" value="1227341915-515779-CF"  />\n
..\\lib\\transaction.h(146):       </TD>\n
..\\lib\\transaction.h(146):       <TD width="45%" valign="top">\n
..\\lib\\transaction.h(146):           <b>&nbsp;&nbsp;3 Business class tickets for :</b><br/>\n
..\\lib\\transaction.h(146):           <center><table border="0" width="85%"><tr><td>\n
..\\lib\\transaction.h(146):           <li><i>Ciri Fiona Elen Riannon      <li><i>      <li><i>\n
..\\lib\\transaction.h(146):           <li><i></i>\n
..\\lib\\transaction.h(146):           </td></tr></table></center>\n
..\\lib\\transaction.h(146):       </TD>\n
..\\lib\\transaction.h(146):       <TD width="5%" >.<br/>.<br/>.<br/>.</TD>\n
..\\lib\\transaction.h(146):       <TD width="45%" valign=top><b>Invoice sent to:</b><br/>\n
..\\lib\\transaction.h(146):           <center>\n
..\\lib\\transaction.h(146):           <Table width="80%" cellspacing="0" > <tr> <td>\n
..\\lib\\transaction.h(146):               Ciri Fiona Elen Riannon\n
..\\lib\\transaction.h(146):     <br/>\n
..\\lib\\transaction.h(146):               Kaer Morhen<br/>\n
..\\lib\\transaction.h(146):               Velen<br/>\n
..\\lib\\transaction.h(146):               <br/>\n
..\\lib\\transaction.h(146):               Total Charge: $ 5127 <BR/> (CC: x-3313)\n
..\\lib\\transaction.h(146):           </td> </tr> </table>\n
..\\lib\\transaction.h(146):           </center>\n
..\\lib\\transaction.h(146):       </TD>\n
..\\lib\\transaction.h(146):     </TR>\n
..\\lib\\transaction.h(146):     <TR bgcolor="#EFF2F7">\n
..\\lib\\transaction.h(146):       <TD COLSPAN="3">\n
..\\lib\\transaction.h(146):       <b>Flight Details:</b><BR/>  <center>\n
..\\lib\\transaction.h(146):       12/27/2024\n
..\\lib\\transaction.h(146):      :  11pm : Flight 823 leaves Sydney  for London.<br>  </center>\n
..\\lib\\transaction.h(146):       </TD>\n
..\\lib\\transaction.h(146):     </TR>\n
..\\lib\\transaction.h(146):     \n
..\\lib\\transaction.h(146):     <TR bgcolor="#EFF2F7">\n
..\\lib\\transaction.h(146):       <TD COLSPAN="4">\n
..\\lib\\transaction.h(146):       <hr/>\n
..\\lib\\transaction.h(146):       </TD>\n
..\\lib\\transaction.h(146):     </TR>\n
..\\lib\\transaction.h(146):     \n
..\\lib\\transaction.h(146):     <!-- Flight #1 -->\n
..\\lib\\transaction.h(146):     <TR bgcolor="#EFF2F7">\n
..\\lib\\transaction.h(146):       <TD width="5%" rowspan="2" align="left" valign="top">\n
..\\lib\\transaction.h(146):     <b>\n
..\\lib\\transaction.h(146):     <label><input type="checkbox" name="68" value="on" /></label></font></b>\n
..\\lib\\transaction.h(146):     <input type="hidden" name="flightID" value="122704863-523276-CF"  />\n
..\\lib\\transaction.h(146):       </TD>\n
..\\lib\\transaction.h(146):       <TD width="45%" valign="top">\n
..\\lib\\transaction.h(146):           <b>&nbsp;&nbsp;8 Business class tickets for :</b><br/>\n
..\\lib\\transaction.h(146):           <center><table border="0" width="85%"><tr><td>\n
..\\lib\\transaction.h(146):           <li><i>Ciri Fiona Elen Riannon      <li><i>      <li><i>      <li><i>      <li><i>  
..\\lib\\transaction.h(146):         <li><i>      <li><i>      <li><i>\n
..\\lib\\transaction.h(146):           <li><i></i>\n
..\\lib\\transaction.h(146):           </td></tr></table></center>\n
..\\lib\\transaction.h(146):       </TD>\n
..\\lib\\transaction.h(146):       <TD width="5%" >.<br/>.<br/>.<br/>.</TD>\n
..\\lib\\transaction.h(146):       <TD width="45%" valign=top><b>Invoice sent to:</b><br/>\n
..\\lib\\transaction.h(146):           <center>\n
..\\lib\\transaction.h(146):           <Table width="80%" cellspacing="0" > <tr> <td>\n
..\\lib\\transaction.h(146):               Ciri Fiona Elen Riannon\n
..\\lib\\transaction.h(146):     <br/>\n
..\\lib\\transaction.h(146):               Kaer Morhen<br/>\n
..\\lib\\transaction.h(146):               Velen<br/>\n
..\\lib\\transaction.h(146):               <br/>\n
..\\lib\\transaction.h(146):               Total Charge: $ 2600 <BR/> (CC: x-3313)\n
..\\lib\\transaction.h(146):           </td> </tr> </table>\n
..\\lib\\transaction.h(146):           </center>\n
..\\lib\\transaction.h(146):       </TD>\n
..\\lib\\transaction.h(146):     </TR>\n
..\\lib\\transaction.h(146):     <TR bgcolor="#EFF2F7">\n
..\\lib\\transaction.h(146):       <TD COLSPAN="3">\n
..\\lib\\transaction.h(146):       <b>Flight Details:</b><BR/>  <center>\n
..\\lib\\transaction.h(146):       12/27/2024\n
..\\lib\\transaction.h(146):      :  1pm : Flight 031 leaves Denver  for Los Angeles.<br>  </center>\n
..\\lib\\transaction.h(146):       </TD>\n
..\\lib\\transaction.h(146):     </TR>\n
..\\lib\\transaction.h(146):     \n
..\\lib\\transaction.h(146):     <TR bgcolor="#EFF2F7">\n
..\\lib\\transaction.h(146):       <TD COLSPAN="4">\n
..\\lib\\transaction.h(146):       <hr/>\n
..\\lib\\transaction.h(146):       </TD>\n
..\\lib\\transaction.h(146):     </TR>\n
..\\lib\\transaction.h(146):     \n
..\\lib\\transaction.h(146):     <!-- Flight #1 -->\n
..\\lib\\transaction.h(146):     <TR bgcolor="#EFF2F7">\n
..\\lib\\transaction.h(146):       <TD width="5%" rowspan="2" align="left" valign="top">\n
..\\lib\\transaction.h(146):     <b>\n
..\\lib\\transaction.h(146):     <label><input type="checkbox" name="69" value="on" /></label></font></b>\n
..\\lib\\transaction.h(146):     <input type="hidden" name="flightID" value="122705271-530922-CF"  />\n
..\\lib\\transaction.h(146):       </TD>\n
..\\lib\\transaction.h(146):       <TD width="45%" valign="top">\n
..\\lib\\transaction.h(146):           <b>&nbsp;&nbsp;6 Coach class tickets for :</b><br/>\n
..\\lib\\transaction.h(146):           <center><table border="0" width="85%"><tr><td>\n
..\\lib\\transaction.h(146):           <li><i>Ciri Fiona Elen Riannon      <li><i>      <li><i>      <li><i>      <li><i>  
..\\lib\\transaction.h(146):         <li><i>\n
..\\lib\\transaction.h(146):           <li><i></i>\n
..\\lib\\transaction.h(146):           </td></tr></table></center>\n
..\\lib\\transaction.h(146):       </TD>\n
..\\lib\\transaction.h(146):       <TD width="5%" >.<br/>.<br/>.<br/>.</TD>\n
..\\lib\\transaction.h(146):       <TD width="45%" valign=top><b>Invoice sent to:</b><br/>\n
..\\lib\\transaction.h(146):           <center>\n
..\\lib\\transaction.h(146):           <Table width="80%" cellspacing="0" > <tr> <td>\n
..\\lib\\transaction.h(146):               Ciri Fiona Elen Riannon\n
..\\lib\\transaction.h(146):     <br/>\n
..\\lib\\transaction.h(146):               Kaer Morhen<br/>\n
..\\lib\\transaction.h(146):               Velen<br/>\n
..\\lib\\transaction.h(146):               <br/>\n
..\\lib\\transaction.h(146):               Total Charge: $ 1986 <BR/> (CC: x-3313)\n
..\\lib\\transaction.h(146):           </td> </tr> </table>\n
..\\lib\\transaction.h(146):           </center>\n
..\\lib\\transaction.h(146):       </TD>\n
..\\lib\\transaction.h(146):     </TR>\n
..\\lib\\transaction.h(146):     <TR bgcolor="#EFF2F7">\n
..\\lib\\transaction.h(146):       <TD COLSPAN="3">\n
..\\lib\\transaction.h(146):       <b>Flight Details:</b><BR/>  <center>\n
..\\lib\\transaction.h(146):       12/27/2024\n
..\\lib\\transaction.h(146):      :  5pm : Flight 042 leaves Denver  for Paris.<br>  </center>\n
..\\lib\\transaction.h(146):       </TD>\n
..\\lib\\transaction.h(146):     </TR>\n
..\\lib\\transaction.h(146):     \n
..\\lib\\transaction.h(146):     <TR bgcolor="#EFF2F7">\n
..\\lib\\transaction.h(146):       <TD COLSPAN="4">\n
..\\lib\\transaction.h(146):       <hr/>\n
..\\lib\\transaction.h(146):       </TD>\n
..\\lib\\transaction.h(146):     </TR>\n
..\\lib\\transaction.h(146):     \n
..\\lib\\transaction.h(146):     <!-- Flight #1 -->\n
..\\lib\\transaction.h(146):     <TR bgcolor="#EFF2F7">\n
..\\lib\\transaction.h(146):       <TD width="5%" rowspan="2" align="left" valign="top">\n
..\\lib\\transaction.h(146):     <b>\n
..\\lib\\transaction.h(146):     <label><input type="checkbox" name="70" value="on" /></label></font></b>\n
..\\lib\\transaction.h(146):     <input type="hidden" name="flightID" value="122709693-538793-CF"  />\n
..\\lib\\transaction.h(146):       </TD>\n
..\\lib\\transaction.h(146):       <TD width="45%" valign="top">\n
..\\lib\\transaction.h(146):           <b>&nbsp;&nbsp;6 First class tickets for :</b><br/>\n
..\\lib\\transaction.h(146):           <center><table border="0" width="85%"><tr><td>\n
..\\lib\\transaction.h(146):           <li><i>Ciri Fiona Elen Riannon      <li><i>      <li><i>      <li><i>      <li><i>  
..\\lib\\transaction.h(146):         <li><i>\n
..\\lib\\transaction.h(146):           <li><i></i>\n
..\\lib\\transaction.h(146):           </td></tr></table></center>\n
..\\lib\\transaction.h(146):       </TD>\n
..\\lib\\transaction.h(146):       <TD width="5%" >.<br/>.<br/>.<br/>.</TD>\n
..\\lib\\transaction.h(146):       <TD width="45%" valign=top><b>Invoice sent to:</b><br/>\n
..\\lib\\transaction.h(146):           <center>\n
..\\lib\\transaction.h(146):           <Table width="80%" cellspacing="0" > <tr> <td>\n
..\\lib\\transaction.h(146):               Ciri Fiona Elen Riannon\n
..\\lib\\transaction.h(146):     <br/>\n
..\\lib\\transaction.h(146):               Kaer Morhen<br/>\n
..\\lib\\transaction.h(146):               Velen<br/>\n
..\\lib\\transaction.h(146):               <br/>\n
..\\lib\\transaction.h(146):               Total Charge: $ 4320 <BR/> (CC: x-3313)\n
..\\lib\\transaction.h(146):           </td> </tr> </table>\n
..\\lib\\transaction.h(146):           </center>\n
..\\lib\\transaction.h(146):       </TD>\n
..\\lib\\transaction.h(146):     </TR>\n
..\\lib\\transaction.h(146):     <TR bgcolor="#EFF2F7">\n
..\\lib\\transaction.h(146):       <TD COLSPAN="3">\n
..\\lib\\transaction.h(146):       <b>Flight Details:</b><BR/>  <center>\n
..\\lib\\transaction.h(146):       12/27/2024\n
..\\lib\\transaction.h(146):      :  1pm : Flight 161 leaves Frankfurt  for San Francisco.<br>  </center>\n
..\\lib\\transaction.h(146):       </TD>\n
..\\lib\\transaction.h(146):     </TR>\n
..\\lib\\transaction.h(146):     \n
..\\lib\\transaction.h(146):     <TR bgcolor="#EFF2F7">\n
..\\lib\\transaction.h(146):       <TD COLSPAN="4">\n
..\\lib\\transaction.h(146):       <hr/>\n
..\\lib\\transaction.h(146):       </TD>\n
..\\lib\\transaction.h(146):     </TR>\n
..\\lib\\transaction.h(146):     \n
..\\lib\\transaction.h(146):     <!-- Flight #1 -->\n
..\\lib\\transaction.h(146):     <TR bgcolor="#EFF2F7">\n
..\\lib\\transaction.h(146):       <TD width="5%" rowspan="2" align="left" valign="top">\n
..\\lib\\transaction.h(146):     <b>\n
..\\lib\\transaction.h(146):     <label><input type="checkbox" name="71" value="on" /></label></font></b>\n
..\\lib\\transaction.h(146):     <input type="hidden" name="flightID" value="1227348606-546888-CF"  />\n
..\\lib\\transaction.h(146):       </TD>\n
..\\lib\\transaction.h(146):       <TD width="45%" valign="top">\n
..\\lib\\transaction.h(146):           <b>&nbsp;&nbsp;4 First class tickets for :</b><br/>\n
..\\lib\\transaction.h(146):           <center><table border="0" width="85%"><tr><td>\n
..\\lib\\transaction.h(146):           <li><i>Ciri Fiona Elen Riannon      <li><i>      <li><i>      <li><i>\n
..\\lib\\transaction.h(146):           <li><i></i>\n
..\\lib\\transaction.h(146):           </td></tr></table></center>\n
..\\lib\\transaction.h(146):       </TD>\n
..\\lib\\transaction.h(146):       <TD width="5%" >.<br/>.<br/>.<br/>.</TD>\n
..\\lib\\transaction.h(146):       <TD width="45%" valign=top><b>Invoice sent to:</b><br/>\n
..\\lib\\transaction.h(146):           <center>\n
..\\lib\\transaction.h(146):           <Table width="80%" cellspacing="0" > <tr> <td>\n
..\\lib\\transaction.h(146):               Ciri Fiona Elen Riannon\n
..\\lib\\transaction.h(146):     <br/>\n
..\\lib\\transaction.h(146):               Kaer Morhen<br/>\n
..\\lib\\transaction.h(146):               Velen<br/>\n
..\\lib\\transaction.h(146):               <br/>\n
..\\lib\\transaction.h(146):               Total Charge: $ 9544 <BR/> (CC: x-3313)\n
..\\lib\\transaction.h(146):           </td> </tr> </table>\n
..\\lib\\transaction.h(146):           </center>\n
..\\lib\\transaction.h(146):       </TD>\n
..\\lib\\transaction.h(146):     </TR>\n
..\\lib\\transaction.h(146):     <TR bgcolor="#EFF2F7">\n
..\\lib\\transaction.h(146):       <TD COLSPAN="3">\n
..\\lib\\transaction.h(146):       <b>Flight Details:</b><BR/>  <center>\n
..\\lib\\transaction.h(146):       12/27/2024\n
..\\lib\\transaction.h(146):      :  1pm : Flight 841 leaves Sydney  for Paris.<br>  </center>\n
..\\lib\\transaction.h(146):       </TD>\n
..\\lib\\transaction.h(146):     </TR>\n
..\\lib\\transaction.h(146):     \n
..\\lib\\transaction.h(146):     <TR bgcolor="#EFF2F7">\n
..\\lib\\transaction.h(146):       <TD COLSPAN="4">\n
..\\lib\\transaction.h(146):       <hr/>\n
..\\lib\\transaction.h(146):       </TD>\n
..\\lib\\transaction.h(146):     </TR>\n
..\\lib\\transaction.h(146):     \n
..\\lib\\transaction.h(146):     <!-- Flight #1 -->\n
..\\lib\\transaction.h(146):     <TR bgcolor="#EFF2F7">\n
..\\lib\\transaction.h(146):       <TD width="5%" rowspan="2" align="left" valign="top">\n
..\\lib\\transaction.h(146):     <b>\n
..\\lib\\transaction.h(146):     <label><input type="checkbox" name="72" value="on" /></label></font></b>\n
..\\lib\\transaction.h(146):     <input type="hidden" name="flightID" value="122712634-55427-CF"  />\n
..\\lib\\transaction.h(146):       </TD>\n
..\\lib\\transaction.h(146):       <TD width="45%" valign="top">\n
..\\lib\\transaction.h(146):           <b>&nbsp;&nbsp;4 Business class tickets for :</b><br/>\n
..\\lib\\transaction.h(146):           <center><table border="0" width="85%"><tr><td>\n
..\\lib\\transaction.h(146):           <li><i>Ciri Fiona Elen Riannon      <li><i>      <li><i>      <li><i>\n
..\\lib\\transaction.h(146):           <li><i></i>\n
..\\lib\\transaction.h(146):           </td></tr></table></center>\n
..\\lib\\transaction.h(146):       </TD>\n
..\\lib\\transaction.h(146):       <TD width="5%" >.<br/>.<br/>.<br/>.</TD>\n
..\\lib\\transaction.h(146):       <TD width="45%" valign=top><b>Invoice sent to:</b><br/>\n
..\\lib\\transaction.h(146):           <center>\n
..\\lib\\transaction.h(146):           <Table width="80%" cellspacing="0" > <tr> <td>\n
..\\lib\\transaction.h(146):               Ciri Fiona Elen Riannon\n
..\\lib\\transaction.h(146):     <br/>\n
..\\lib\\transaction.h(146):               Kaer Morhen<br/>\n
..\\lib\\transaction.h(146):               Velen<br/>\n
..\\lib\\transaction.h(146):               <br/>\n
..\\lib\\transaction.h(146):               Total Charge: $ 560 <BR/> (CC: x-3313)\n
..\\lib\\transaction.h(146):           </td> </tr> </table>\n
..\\lib\\transaction.h(146):           </center>\n
..\\lib\\transaction.h(146):       </TD>\n
..\\lib\\transaction.h(146):     </TR>\n
..\\lib\\transaction.h(146):     <TR bgcolor="#EFF2F7">\n
..\\lib\\transaction.h(146):       <TD COLSPAN="3">\n
..\\lib\\transaction.h(146):       <b>Flight Details:</b><BR/>  <center>\n
..\\lib\\transaction.h(146):       12/27/2024\n
..\\lib\\transaction.h(146):      :  1pm : Flight 241 leaves London  for Paris.<br>  </center>\n
..\\lib\\transaction.h(146):       </TD>\n
..\\lib\\transaction.h(146):     </TR>\n
..\\lib\\transaction.h(146):     \n
..\\lib\\transaction.h(146):     <TR bgcolor="#EFF2F7">\n
..\\lib\\transaction.h(146):       <TD COLSPAN="4">\n
..\\lib\\transaction.h(146):       <hr/>\n
..\\lib\\transaction.h(146):       </TD>\n
..\\lib\\transaction.h(146):     </TR>\n
..\\lib\\transaction.h(146):     <TR>\n
..\\lib\\transaction.h(146):        <TD align="center" COLSPAN="4">\n
..\\lib\\transaction.h(146):        <b>A total of 72 scheduled flights.</font></b>\n
..\\lib\\transaction.h(146):        </TD>\n
..\\lib\\transaction.h(146):     </TR>\n
..\\lib\\transaction.h(146):     </TABLE>\n
..\\lib\\transaction.h(146):     \n
..\\lib\\transaction.h(146):     <TABLE WIDTH="87%" BORDER="0" CELLSPACING="0">\n
..\\lib\\transaction.h(146):     <TR>\n
..\\lib\\transaction.h(146):     <TD align="left" width="50%" >\n
..\\lib\\transaction.h(146):     <input type="image" name="removeFlights" src="/WebTours/images/cancelreservation.gif" bord
..\\lib\\transaction.h(146):     er="0" /></TD>\n
..\\lib\\transaction.h(146):     <TD align="right" width="50%" >\n
..\\lib\\transaction.h(146):     <input type="image" name="removeAllFlights" src="/WebTours/images/cancelallreservations.gi
..\\lib\\transaction.h(146):     f" border="0" /></TD>\n
..\\lib\\transaction.h(146):     </TABLE>\n
..\\lib\\transaction.h(146):     \n
..\\lib\\transaction.h(146):     <div><input type="hidden" name=".cgifields" value="1"  /><input type="hidden" name=".cgifi
..\\lib\\transaction.h(146):     elds" value="10"  /><input type="hidden" name=".cgifields" value="11"  /><input type="hidd
..\\lib\\transaction.h(146):     en" name=".cgifields" value="12"  /><input type="hidden" name=".cgifields" value="13"  /><
..\\lib\\transaction.h(146):     input type="hidden" name=".cgifields" value="14"  /><input type="hidden" name=".cgifields"
..\\lib\\transaction.h(146):      value="15"  /><input type="hidden" name=".cgifields" value="16"  /><input type="hidden" n
..\\lib\\transaction.h(146):     ame=".cgifields" value="17"  /><input type="hidden" name=".cgifields" value="18"  /><input
..\\lib\\transaction.h(146):      type="hidden" name=".cgifields" value="19"  /><input type="hidden" name=".cgifields" valu
..\\lib\\transaction.h(146):     e="2"  /><input type="hidden" name=".cgifields" value="20"  /><input type="hidden" name=".
..\\lib\\transaction.h(146):     cgifields" value="21"  /><input type="hidden" name=".cgifields" value="22"  /><input type=
..\\lib\\transaction.h(146):     "hidden" name=".cgifields" value="23"  /><input type="hidden" name=".cgifields" value="24"
..\\lib\\transaction.h(146):       /><input type="hidden" name=".cgifields" value="25"  /><input type="hidden" name=".cgifi
..\\lib\\transaction.h(146):     elds" value="26"  /><input type="hidden" name=".cgifields" value="27"  /><input type="hidd
..\\lib\\transaction.h(146):     en" name=".cgifields" value="28"  /><input type="hidden" name=".cgifields" value="29"  /><
..\\lib\\transaction.h(146):     input type="hidden" name=".cgifields" value="3"  /><input type="hidden" name=".cgifields" 
..\\lib\\transaction.h(146):     value="30"  /><input type="hidden" name=".cgifields" value="31"  /><input type="hidden" na
..\\lib\\transaction.h(146):     me=".cgifields" value="32"  /><input type="hidden" name=".cgifields" value="33"  /><input 
..\\lib\\transaction.h(146):     type="hidden" name=".cgifields" value="34"  /><input type="hidden" name=".cgifields" value
..\\lib\\transaction.h(146):     ="35"  /><input type="hidden" name=".cgifields" value="36"  /><input type="hidden" name=".
..\\lib\\transaction.h(146):     cgifields" value="37"  /><input type="hidden" name=".cgifields" value="38"  /><input type=
..\\lib\\transaction.h(146):     "hidden" name=".cgifields" value="39"  /><input type="hidden" name=".cgifields" value="4" 
..\\lib\\transaction.h(146):      /><input type="hidden" name=".cgifields" value="40"  /><input type="hidden" name=".cgifie
..\\lib\\transaction.h(146):     lds" value="41"  /><input type="hidden" name=".cgifields" value="42"  /><input type="hidde
..\\lib\\transaction.h(146):     n" name=".cgifields" value="43"  /><input type="hidden" name=".cgifields" value="44"  /><i
..\\lib\\transaction.h(146):     nput type="hidden" name=".cgifields" value="45"  /><input type="hidden" name=".cgifields" 
..\\lib\\transaction.h(146):     value="46"  /><input type="hidden" name=".cgifields" value="47"  /><input type="hidden" na
..\\lib\\transaction.h(146):     me=".cgifields" value="48"  /><input type="hidden" name=".cgifields" value="49"  /><input 
..\\lib\\transaction.h(146):     type="hidden" name=".cgifields" value="5"  /><input type="hidden" name=".cgifields" value=
..\\lib\\transaction.h(146):     "50"  /><input type="hidden" name=".cgifields" value="51"  /><input type="hidden" name=".c
..\\lib\\transaction.h(146):     gifields" value="52"  /><input type="hidden" name=".cgifields" value="53"  /><input type="
..\\lib\\transaction.h(146):     hidden" name=".cgifields" value="54"  /><input type="hidden" name=".cgifields" value="55" 
..\\lib\\transaction.h(146):      /><input type="hidden" name=".cgifields" value="56"  /><input type="hidden" name=".cgifie
..\\lib\\transaction.h(146):     lds" value="57"  /><input type="hidden" name=".cgifields" value="58"  /><input type="hidde
..\\lib\\transaction.h(146):     n" name=".cgifields" value="59"  /><input type="hidden" name=".cgifields" value="6"  /><in
..\\lib\\transaction.h(146):     put type="hidden" name=".cgifields" value="60"  /><input type="hidden" name=".cgifields" v
..\\lib\\transaction.h(146):     alue="61"  /><input type="hidden" name=".cgifields" value="62"  /><input type="hidden" nam
..\\lib\\transaction.h(146):     e=".cgifields" value="63"  /><input type="hidden" name=".cgifields" value="64"  /><input t
..\\lib\\transaction.h(146):     ype="hidden" name=".cgifields" value="65"  /><input type="hidden" name=".cgif
..\\lib\\transaction.h(146): Found resource "http://localhost:1080/WebTours/images/cancelreservation.gif" in HTML "http://localhost:1080/cgi-bin/itinerary.pl"  	[MsgId: MMSG-26659]
..\\lib\\transaction.h(146): Found resource "http://localhost:1080/WebTours/images/cancelallreservations.gif" in HTML "http://localhost:1080/cgi-bin/itinerary.pl"  	[MsgId: MMSG-26659]
..\\lib\\transaction.h(146): t=3949973ms: 7-byte chunked response overhead for "http://localhost:1080/cgi-bin/itinerary.pl" (RelFrameId=1.2, Internal ID=964)
..\\lib\\transaction.h(146):     \r\n
..\\lib\\transaction.h(146):     0\r\n
..\\lib\\transaction.h(146):     \r\n
..\\lib\\transaction.h(146): t=3949973ms: 536-byte chunked response body for "http://localhost:1080/cgi-bin/itinerary.pl" (RelFrameId=1.2, Internal ID=964)
..\\lib\\transaction.h(146):     ields" value="66"  /><input type="hidden" name=".cgifields" value="67"  /><input type="hid
..\\lib\\transaction.h(146):     den" name=".cgifields" value="68"  /><input type="hidden" name=".cgifields" value="69"  />
..\\lib\\transaction.h(146):     <input type="hidden" name=".cgifields" value="7"  /><input type="hidden" name=".cgifields"
..\\lib\\transaction.h(146):      value="70"  /><input type="hidden" name=".cgifields" value="71"  /><input type="hidden" n
..\\lib\\transaction.h(146):     ame=".cgifields" value="72"  /><input type="hidden" name=".cgifields" value="8"  /><input 
..\\lib\\transaction.h(146):     type="hidden" name=".cgifields" value="9"  /></div></form>\n
..\\lib\\transaction.h(146):     \n
..\\lib\\transaction.h(146):     </center>\n
..\\lib\\transaction.h(146):     \n
..\\lib\\transaction.h(146):     </body>\n
..\\lib\\transaction.h(146):     </html>
..\\lib\\transaction.h(146): t=3949973ms: Request done "http://localhost:1080/cgi-bin/itinerary.pl"  	[MsgId: MMSG-26000]
..\\lib\\transaction.h(146): t=3949973ms: Already connected [0] to localhost:1080  	[MsgId: MMSG-26000]
..\\lib\\transaction.h(146): t=3949973ms: 521-byte request headers for "http://localhost:1080/WebTours/images/cancelreservation.gif" (RelFrameId=, Internal ID=967)
..\\lib\\transaction.h(146):     GET /WebTours/images/cancelreservation.gif HTTP/1.1\r\n
..\\lib\\transaction.h(146):     Referer: http://localhost:1080/cgi-bin/itinerary.pl\r\n
..\\lib\\transaction.h(146):     User-Agent: Mozilla/5.0 (Windows NT 10.0; Win64; x64; rv:133.0) Gecko/20100101 Firefox/133
..\\lib\\transaction.h(146):     .0\r\n
..\\lib\\transaction.h(146):     Accept-Encoding: gzip, deflate\r\n
..\\lib\\transaction.h(146):     Accept-Language: ru-RU,ru;q=0.8,en-US;q=0.5,en;q=0.3\r\n
..\\lib\\transaction.h(146):     Accept: */*\r\n
..\\lib\\transaction.h(146):     Connection: Keep-Alive\r\n
..\\lib\\transaction.h(146):     Host: localhost:1080\r\n
..\\lib\\transaction.h(146):     Cookie: MSO=SID&1734707150; MTUserInfo=creditCard&&firstName&Ciri&address2&Velen&hash&41&u
..\\lib\\transaction.h(146):     sername&Ciri&lastName&Fiona%20Elen%20Riannon%0A&expDate&%0A&address1&Kaer%20Morhen\r\n
..\\lib\\transaction.h(146):     \r\n
..\\lib\\transaction.h(146): t=3949974ms: Already connected [1] to localhost:1080  	[MsgId: MMSG-26000]
..\\lib\\transaction.h(146): t=3949974ms: 525-byte request headers for "http://localhost:1080/WebTours/images/cancelallreservations.gif" (RelFrameId=, Internal ID=968)
..\\lib\\transaction.h(146):     GET /WebTours/images/cancelallreservations.gif HTTP/1.1\r\n
..\\lib\\transaction.h(146):     Referer: http://localhost:1080/cgi-bin/itinerary.pl\r\n
..\\lib\\transaction.h(146):     User-Agent: Mozilla/5.0 (Windows NT 10.0; Win64; x64; rv:133.0) Gecko/20100101 Firefox/133
..\\lib\\transaction.h(146):     .0\r\n
..\\lib\\transaction.h(146):     Accept-Encoding: gzip, deflate\r\n
..\\lib\\transaction.h(146):     Accept-Language: ru-RU,ru;q=0.8,en-US;q=0.5,en;q=0.3\r\n
..\\lib\\transaction.h(146):     Accept: */*\r\n
..\\lib\\transaction.h(146):     Connection: Keep-Alive\r\n
..\\lib\\transaction.h(146):     Host: localhost:1080\r\n
..\\lib\\transaction.h(146):     Cookie: MSO=SID&1734707150; MTUserInfo=creditCard&&firstName&Ciri&address2&Velen&hash&41&u
..\\lib\\transaction.h(146):     sername&Ciri&lastName&Fiona%20Elen%20Riannon%0A&expDate&%0A&address1&Kaer%20Morhen\r\n
..\\lib\\transaction.h(146):     \r\n
..\\lib\\transaction.h(146): t=3949975ms: 282-byte response headers for "http://localhost:1080/WebTours/images/cancelreservation.gif" (RelFrameId=, Internal ID=967)
..\\lib\\transaction.h(146):     HTTP/1.1 200 OK\r\n
..\\lib\\transaction.h(146):     Date: Fri, 20 Dec 2024 15:05:58 GMT\r\n
..\\lib\\transaction.h(146):     Server: Apache/2.4.58 (Unix)\r\n
..\\lib\\transaction.h(146):     Last-Modified: Fri, 15 Dec 2023 21:35:31 GMT\r\n
..\\lib\\transaction.h(146):     ETag: "33f-60c932df4aec0"\r\n
..\\lib\\transaction.h(146):     Accept-Ranges: bytes\r\n
..\\lib\\transaction.h(146):     Content-Length: 831\r\n
..\\lib\\transaction.h(146):     Keep-Alive: timeout=5, max=98\r\n
..\\lib\\transaction.h(146):     Connection: Keep-Alive\r\n
..\\lib\\transaction.h(146):     Content-Type: image/gif\r\n
..\\lib\\transaction.h(146):     \r\n
..\\lib\\transaction.h(146): t=3949975ms: 831-byte response body for "http://localhost:1080/WebTours/images/cancelreservation.gif" (RelFrameId=, Internal ID=967)
..\\lib\\transaction.h(146): t=3949975ms: Request done "http://localhost:1080/WebTours/images/cancelreservation.gif"  	[MsgId: MMSG-26000]
..\\lib\\transaction.h(146): t=3949975ms: 282-byte response headers for "http://localhost:1080/WebTours/images/cancelallreservations.gif" (RelFrameId=, Internal ID=968)
..\\lib\\transaction.h(146):     HTTP/1.1 200 OK\r\n
..\\lib\\transaction.h(146):     Date: Fri, 20 Dec 2024 15:05:58 GMT\r\n
..\\lib\\transaction.h(146):     Server: Apache/2.4.58 (Unix)\r\n
..\\lib\\transaction.h(146):     Last-Modified: Fri, 15 Dec 2023 21:35:31 GMT\r\n
..\\lib\\transaction.h(146):     ETag: "2e6-60c932df4aec0"\r\n
..\\lib\\transaction.h(146):     Accept-Ranges: bytes\r\n
..\\lib\\transaction.h(146):     Content-Length: 742\r\n
..\\lib\\transaction.h(146):     Keep-Alive: timeout=5, max=99\r\n
..\\lib\\transaction.h(146):     Connection: Keep-Alive\r\n
..\\lib\\transaction.h(146):     Content-Type: image/gif\r\n
..\\lib\\transaction.h(146):     \r\n
..\\lib\\transaction.h(146): t=3949975ms: 742-byte response body for "http://localhost:1080/WebTours/images/cancelallreservations.gif" (RelFrameId=, Internal ID=968)
..\\lib\\transaction.h(146): t=3949975ms: Request done "http://localhost:1080/WebTours/images/cancelallreservations.gif"  	[MsgId: MMSG-26000]
..\\lib\\transaction.h(146): Registered web_reg_find successful for "Text=Itinerary" (count=3)  	[MsgId: MMSG-26364]
..\\lib\\transaction.h(146): web_url("welcome.pl_2") was successful, 95342 body bytes, 1854 header bytes, 142 chunking overhead bytes  	[MsgId: MMSG-26385]
Action.c(15): lr_think_time: 3,00 seconds.	[MsgId: MMSG-15948]
Action.c(16): Notify: Transaction "itinerary_page" ended with a "Pass" status (Duration: 3,2340 Think Time: 3,0114 Wasted Time: 0,0001).	[MsgId: MMSG-16870]
Action.c(18): Notify: Transaction "UC04_Itinerary" ended with a "Pass" status (Duration: 11,4165 Think Time: 11,0296 Wasted Time: 0,0003).	[MsgId: MMSG-16870]
Ending action Action.	[MsgId: MMSG-15918]
Action was aborted.	[MsgId: MMSG-10694]
Ending Vuser...	[MsgId: MMSG-15966]
Starting action vuser_end.	[MsgId: MMSG-15919]
Ending action vuser_end.	[MsgId: MMSG-15918]
Vuser Terminated.	[MsgId: MMSG-15963]
t=3952987ms: Closed connection [0] to localhost:1080 after completing 3 request(s)  	[MsgId: MMSG-26000]
t=3952987ms: Closed connection [1] to localhost:1080 after completing 2 request(s)  	[MsgId: MMSG-26000]
t=3952987ms: Closed connection [2] to localhost:1080 after completing 1 request(s)  	[MsgId: MMSG-26000]
t=3952988ms: Closed connection [3] to localhost:1080 after completing 1 request(s)  	[MsgId: MMSG-26000]
HTML-Mode memory management statistics: Reusable=14, NonReusable=0, CsMemBlockSize=4096, checks disabled  	[MsgId: MMSG-26000]
Vuser 7 (thread 11192), ended OK."	[MsgId: MMSG-10695]
