..\\lib\\transaction.h(146):     <TR bgcolor="#EFF2F7">\n
..\\lib\\transaction.h(146):       <TD width="5%" rowspan="2" align="left" valign="top">\n
..\\lib\\transaction.h(146):     <b>\n
..\\lib\\transaction.h(146):     <label><input type="checkbox" name="70" value="on" /></label></font></b>\n
..\\lib\\transaction.h(146):     <input type="hidden" name="flightID" value="413919312-539229-VG"  />\n
..\\lib\\transaction.h(146):       </TD>\n
..\\lib\\transaction.h(146):       <TD width="45%" valign="top">\n
..\\lib\\transaction.h(146):           <b>&nbsp;&nbsp;7 First class tickets for :</b><br/>\n
..\\lib\\transaction.h(146):           <center><table border="0" width="85%"><tr><td>\n
..\\lib\\transaction.h(146):           <li><i>Vesemir Grey-Beak      <li><i>      <li><i>      <li><i>      <li><i>      <l
..\\lib\\transaction.h(146):     i><i>      <li><i>\n
..\\lib\\transaction.h(146):           <li><i></i>\n
..\\lib\\transaction.h(146):           </td></tr></table></center>\n
..\\lib\\transaction.h(146):       </TD>\n
..\\lib\\transaction.h(146):       <TD width="5%" >.<br/>.<br/>.<br/>.</TD>\n
..\\lib\\transaction.h(146):       <TD width="45%" valign=top><b>Invoice sent to:</b><br/>\n
..\\lib\\transaction.h(146):           <center>\n
..\\lib\\transaction.h(146):           <Table width="80%" cellspacing="0" > <tr> <td>\n
..\\lib\\transaction.h(146):               Vesemir Grey-Beak\n
..\\lib\\transaction.h(146):     <br/>\n
..\\lib\\transaction.h(146):               Kaer Morhen<br/>\n
..\\lib\\transaction.h(146):               White Garden<br/>\n
..\\lib\\transaction.h(146):               <br/>\n
..\\lib\\transaction.h(146):               Total Charge: $ 9989 <BR/> (CC: x-1117)\n
..\\lib\\transaction.h(146):           </td> </tr> </table>\n
..\\lib\\transaction.h(146):           </center>\n
..\\lib\\transaction.h(146):       </TD>\n
..\\lib\\transaction.h(146):     </TR>\n
..\\lib\\transaction.h(146):     <TR bgcolor="#EFF2F7">\n
..\\lib\\transaction.h(146):       <TD COLSPAN="3">\n
..\\lib\\transaction.h(146):       <b>Flight Details:</b><BR/>  <center>\n
..\\lib\\transaction.h(146):       12/30/2024\n
..\\lib\\transaction.h(146):      :  5pm : Flight 582 leaves Portland  for Sydney.<br>  </center>\n
..\\lib\\transaction.h(146):       </TD>\n
..\\lib\\transaction.h(146):     </TR>\n
..\\lib\\transaction.h(146):     \n
..\\lib\\transaction.h(146):     <TR bgcolor="#EFF2F7">\n
..\\lib\\transaction.h(146):       <TD COLSPAN="4">\n
..\\lib\\transaction.h(146):       <hr/>\n
..\\lib\\transaction.h(146):       </TD>\n
..\\lib\\transaction.h(146):     </TR>\n
..\\lib\\transaction.h(146):     \n
..\\lib\\transaction.h(146):     <!-- Flight #1 -->\n
..\\lib\\transaction.h(146):     <TR bgcolor="#EFF2F7">\n
..\\lib\\transaction.h(146):       <TD width="5%" rowspan="2" align="left" valign="top">\n
..\\lib\\transaction.h(146):     <b>\n
..\\lib\\transaction.h(146):     <label><input type="checkbox" name="71" value="on" /></label></font></b>\n
..\\lib\\transaction.h(146):     <input type="hidden" name="flightID" value="41384157-546245-VG"  />\n
..\\lib\\transaction.h(146):       </TD>\n
..\\lib\\transaction.h(146):       <TD width="45%" valign="top">\n
..\\lib\\transaction.h(146):           <b>&nbsp;&nbsp;5 Business class tickets for :</b><br/>\n
..\\lib\\transaction.h(146):           <center><table border="0" width="85%"><tr><td>\n
..\\lib\\transaction.h(146):           <li><i>Vesemir Grey-Beak      <li><i>      <li><i>      <li><i>      <li><i>\n
..\\lib\\transaction.h(146):           <li><i></i>\n
..\\lib\\transaction.h(146):           </td></tr></table></center>\n
..\\lib\\transaction.h(146):       </TD>\n
..\\lib\\transaction.h(146):       <TD width="5%" >.<br/>.<br/>.<br/>.</TD>\n
..\\lib\\transaction.h(146):       <TD width="45%" valign=top><b>Invoice sent to:</b><br/>\n
..\\lib\\transaction.h(146):           <center>\n
..\\lib\\transaction.h(146):           <Table width="80%" cellspacing="0" > <tr> <td>\n
..\\lib\\transaction.h(146):               Vesemir Grey-Beak\n
..\\lib\\transaction.h(146):     <br/>\n
..\\lib\\transaction.h(146):               Kaer Morhen<br/>\n
..\\lib\\transaction.h(146):               White Garden<br/>\n
..\\lib\\transaction.h(146):               <br/>\n
..\\lib\\transaction.h(146):               Total Charge: $ 1195 <BR/> (CC: x-1117)\n
..\\lib\\transaction.h(146):           </td> </tr> </table>\n
..\\lib\\transaction.h(146):           </center>\n
..\\lib\\transaction.h(146):       </TD>\n
..\\lib\\transaction.h(146):     </TR>\n
..\\lib\\transaction.h(146):     <TR bgcolor="#EFF2F7">\n
..\\lib\\transaction.h(146):       <TD COLSPAN="3">\n
..\\lib\\transaction.h(146):       <b>Flight Details:</b><BR/>  <center>\n
..\\lib\\transaction.h(146):       12/30/2024\n
..\\lib\\transaction.h(146):      :  5pm : Flight 372 leaves Los Angeles  for Seattle.<br>  </center>\n
..\\lib\\transaction.h(146):       </TD>\n
..\\lib\\transaction.h(146):     </TR>\n
..\\lib\\transaction.h(146):     \n
..\\lib\\transaction.h(146):     <TR bgcolor="#EFF2F7">\n
..\\lib\\transaction.h(146):       <TD COLSPAN="4">\n
..\\lib\\transaction.h(146):       <hr/>\n
..\\lib\\transaction.h(146):       </TD>\n
..\\lib\\transaction.h(146):     </TR>\n
..\\lib\\transaction.h(146):     \n
..\\lib\\transaction.h(146):     <!-- Flight #1 -->\n
..\\lib\\transaction.h(146):     <TR bgcolor="#EFF2F7">\n
..\\lib\\transaction.h(146):       <TD width="5%" rowspan="2" align="left" valign="top">\n
..\\lib\\transaction.h(146):     <b>\n
..\\lib\\transaction.h(146):     <label><input type="checkbox" name="72" value="on" /></label></font></b>\n
..\\lib\\transaction.h(146):     <input type="hidden" name="flightID" value="41402294-554430-VG"  />\n
..\\lib\\transaction.h(146):       </TD>\n
..\\lib\\transaction.h(146):       <TD width="45%" valign="top">\n
..\\lib\\transaction.h(146):           <b>&nbsp;&nbsp;8 Business class tickets for :</b><br/>\n
..\\lib\\transaction.h(146):           <center><table border="0" width="85%"><tr><td>\n
..\\lib\\transaction.h(146):           <li><i>Vesemir Grey-Beak      <li><i>      <li><i>      <li><i>      <li><i>      <l
..\\lib\\transaction.h(146):     i><i>      <li><i>      <li><i>\n
..\\lib\\transaction.h(146):           <li><i></i>\n
..\\lib\\transaction.h(146):           </td></tr></table></center>\n
..\\lib\\transaction.h(146):       </TD>\n
..\\lib\\transaction.h(146):       <TD width="5%" >.<br/>.<br/>.<br/>.</TD>\n
..\\lib\\transaction.h(146):       <TD width="45%" valign=top><b>Invoice sent to:</b><br/>\n
..\\lib\\transaction.h(146):           <center>\n
..\\lib\\transaction.h(146):           <Table width="80%" cellspacing="0" > <tr> <td>\n
..\\lib\\transaction.h(146):               Vesemir Grey-Beak\n
..\\lib\\transaction.h(146):     <br/>\n
..\\lib\\transaction.h(146):               Kaer Morhen<br/>\n
..\\lib\\transaction.h(146):               White Garden<br/>\n
..\\lib\\transaction.h(146):               <br/>\n
..\\lib\\transaction.h(146):               Total Charge: $ 7600 <BR/> (CC: x-1117)\n
..\\lib\\transaction.h(146):           </td> </tr> </table>\n
..\\lib\\transaction.h(146):           </center>\n
..\\lib\\transaction.h(146):       </TD>\n
..\\lib\\transaction.h(146):     </TR>\n
..\\lib\\transaction.h(146):     <TR bgcolor="#EFF2F7">\n
..\\lib\\transaction.h(146):       <TD COLSPAN="3">\n
..\\lib\\transaction.h(146):       <b>Flight Details:</b><BR/>  <center>\n
..\\lib\\transaction.h(146):       12/30/2024\n
..\\lib\\transaction.h(146):      :  1pm : Flight 861 leaves Sydney  for San Francisco.<br>  </center>\n
..\\lib\\transaction.h(146):       </TD>\n
..\\lib\\transaction.h(146):     </TR>\n
..\\lib\\transaction.h(146):     \n
..\\lib\\transaction.h(146):     <TR bgcolor="#EFF2F7">\n
..\\lib\\transaction.h(146):       <TD COLSPAN="4">\n
..\\lib\\transaction.h(146):       <hr/>\n
..\\lib\\transaction.h(146):       </TD>\n
..\\lib\\transaction.h(146):     </TR>\n
..\\lib\\transaction.h(146):     \n
..\\lib\\transaction.h(146):     <!-- Flight #1 -->\n
..\\lib\\transaction.h(146):     <TR bgcolor="#EFF2F7">\n
..\\lib\\transaction.h(146):       <TD width="5%" rowspan="2" align="left" valign="top">\n
..\\lib\\transaction.h(146):     <b>\n
..\\lib\\transaction.h(146):     <label><input type="checkbox" name="73" value="on" /></label></font></b>\n
..\\lib\\transaction.h(146):     <input type="hidden" name="flightID" value="4139150-56193-VG"  />\n
..\\lib\\transaction.h(146):       </TD>\n
..\\lib\\transaction.h(146):       <TD width="45%" valign="top">\n
..\\lib\\transaction.h(146):           <b>&nbsp;&nbsp;8 Coach class tickets for :</b><br/>\n
..\\lib\\transaction.h(146):           <center><table border="0" width="85%"><tr><td>\n
..\\lib\\transaction.h(146):           <li><i>Vesemir Grey-Beak      <li><i>      <li><i>      <li><i>      <li><i>      <l
..\\lib\\transaction.h(146):     i><i>      <li><i>      <li><i>\n
..\\lib\\transaction.h(146):           <li><i></i>\n
..\\lib\\transaction.h(146):           </td></tr></table></center>\n
..\\lib\\transaction.h(146):       </TD>\n
..\\lib\\transaction.h(146):       <TD width="5%" >.<br/>.<br/>.<br/>.</TD>\n
..\\lib\\transaction.h(146):       <TD width="45%" valign=top><b>Invoice sent to:</b><br/>\n
..\\lib\\transaction.h(146):           <center>\n
..\\lib\\transaction.h(146):           <Table width="80%" cellspacing="0" > <tr> <td>\n
..\\lib\\transaction.h(146):               Vesemir Grey-Beak\n
..\\lib\\transaction.h(146):     <br/>\n
..\\lib\\transaction.h(146):               Kaer Morhen<br/>\n
..\\lib\\transaction.h(146):               White Garden<br/>\n
..\\lib\\transaction.h(146):               <br/>\n
..\\lib\\transaction.h(146):               Total Charge: $ 512 <BR/> (CC: x-1117)\n
..\\lib\\transaction.h(146):           </td> </tr> </table>\n
..\\lib\\transaction.h(146):           </center>\n
..\\lib\\transaction.h(146):       </TD>\n
..\\lib\\transaction.h(146):     </TR>\n
..\\lib\\transaction.h(146):     <TR bgcolor="#EFF2F7">\n
..\\lib\\transaction.h(146):       <TD COLSPAN="3">\n
..\\lib\\transaction.h(146):       <b>Flight Details:</b><BR/>  <center>\n
..\\lib\\transaction.h(146):       12/30/2024\n
..\\lib\\transaction.h(146):      :  8am : Flight 570 leaves Portland  for Seattle.<br>  </center>\n
..\\lib\\transaction.h(146):       </TD>\n
..\\lib\\transaction.h(146):     </TR>\n
..\\lib\\transaction.h(146):     \n
..\\lib\\transaction.h(146):     <TR bgcolor="#EFF2F7">\n
..\\lib\\transaction.h(146):       <TD COLSPAN="4">\n
..\\lib\\transaction.h(146):       <hr/>\n
..\\lib\\transaction.h(146):       </TD>\n
..\\lib\\transaction.h(146):     </TR>\n
..\\lib\\transaction.h(146):     \n
..\\lib\\transaction.h(146):     <!-- Flight #1 -->\n
..\\lib\\transaction.h(146):     <TR bgcolor="#EFF2F7">\n
..\\lib\\transaction.h(146):       <TD width="5%" rowspan="2" align="left" valign="top">\n
..\\lib\\transaction.h(146):     <b>\n
..\\lib\\transaction.h(146):     <label><input type="checkbox" name="74" value="on" /></label></font></b>\n
..\\lib\\transaction.h(146):     <input type="hidden" name="flightID" value="41387834-569558-VG"  />\n
..\\lib\\transaction.h(146):       </TD>\n
..\\lib\\transaction.h(146):       <TD width="45%" valign="top">\n
..\\lib\\transaction.h(146):           <b>&nbsp;&nbsp;8 Coach class tickets for :</b><br/>\n
..\\lib\\transaction.h(146):           <center><table border="0" width="85%"><tr><td>\n
..\\lib\\transaction.h(146):           <li><i>Vesemir Grey-Beak      <li><i>      <li><i>      <li><i>      <li><i>      <l
..\\lib\\transaction.h(146):     i><i>      <li><i>      <li><i>\n
..\\lib\\transaction.h(146):           <li><i></i>\n
..\\lib\\transaction.h(146):           </td></tr></table></center>\n
..\\lib\\transaction.h(146):       </TD>\n
..\\lib\\transaction.h(146):       <TD width="5%" >.<br/>.<br/>.<br/>.</TD>\n
..\\lib\\transaction.h(146):       <TD width="45%" valign=top><b>Invoice sent to:</b><br/>\n
..\\lib\\transaction.h(146):           <center>\n
..\\lib\\transaction.h(146):           <Table width="80%" cellspacing="0" > <tr> <td>\n
..\\lib\\transaction.h(146):               Vesemir Grey-Beak\n
..\\lib\\transaction.h(146):     <br/>\n
..\\lib\\transaction.h(146):               Kaer Morhen<br/>\n
..\\lib\\transaction.h(146):               White Garden<br/>\n
..\\lib\\transaction.h(146):               <br/>\n
..\\lib\\transaction.h(146):               Total Charge: $ 4264 <BR/> (CC: x-1117)\n
..\\lib\\transaction.h(146):           </td> </tr> </table>\n
..\\lib\\transaction.h(146):           </center>\n
..\\lib\\transaction.h(146):       </TD>\n
..\\lib\\transaction.h(146):     </TR>\n
..\\lib\\transaction.h(146):     <TR bgcolor="#EFF2F7">\n
..\\lib\\transaction.h(146):       <TD COLSPAN="3">\n
..\\lib\\transaction.h(146):       <b>Flight Details:</b><BR/>  <center>\n
..\\lib\\transaction.h(146):       12/30/2024\n
..\\lib\\transaction.h(146):      :  1pm : Flight 471 leaves Paris  for Seattle.<br>  </center>\n
..\\lib\\transaction.h(146):       </TD>\n
..\\lib\\transaction.h(146):     </TR>\n
..\\lib\\transaction.h(146):     \n
..\\lib\\transaction.h(146):     <TR bgcolor="#EFF2F7">\n
..\\lib\\transaction.h(146):       <TD COLSPAN="4">\n
..\\lib\\transaction.h(146):       <hr/>\n
..\\lib\\transaction.h(146):       </TD>\n
..\\lib\\transaction.h(146):     </TR>\n
..\\lib\\transaction.h(146):     \n
..\\lib\\transaction.h(146):     <!-- Flight #1 -->\n
..\\lib\\transaction.h(146):     <TR bgcolor="#EFF2F7">\n
..\\lib\\transaction.h(146):       <TD width="5%" rowspan="2" align="left" valign="top">\n
..\\lib\\transaction.h(146):     <b>\n
..\\lib\\transaction.h(146):     <label><input type="checkbox" name="75" value="on" /></label></font></b>\n
..\\lib\\transaction.h(146):     <input type="hidden" name="flightID" value="41380021-577058-VG"  />\n
..\\lib\\transaction.h(146):       </TD>\n
..\\lib\\transaction.h(146):       <TD width="45%" valign="top">\n
..\\lib\\transaction.h(146):           <b>&nbsp;&nbsp;3 Coach class tickets for :</b><br/>\n
..\\lib\\transaction.h(146):           <center><table border="0" width="85%"><tr><td>\n
..\\lib\\transaction.h(146):           <li><i>Vesemir Grey-Beak      <li><i>      <li><i>\n
..\\lib\\transaction.h(146):           <li><i></i>\n
..\\lib\\transaction.h(146):           </td></tr></table></center>\n
..\\lib\\transaction.h(146):       </TD>\n
..\\lib\\transaction.h(146):       <TD width="5%" >.<br/>.<br/>.<br/>.</TD>\n
..\\lib\\transaction.h(146):       <TD width="45%" valign=top><b>Invoice sent to:</b><br/>\n
..\\lib\\transaction.h(146):           <center>\n
..\\lib\\transaction.h(146):           <Table width="80%" cellspacing="0" > <tr> <td>\n
..\\lib\\transaction.h(146):               Vesemir Grey-Beak\n
..\\lib\\transaction.h(146):     <br/>\n
..\\lib\\transaction.h(146):               Kaer Morhen<br/>\n
..\\lib\\transaction.h(146):               White Garden<br/>\n
..\\lib\\transaction.h(146):               <br/>\n
..\\lib\\transaction.h(146):               Total Charge: $ 1758 <BR/> (CC: x-1117)\n
..\\lib\\transaction.h(146):           </td> </tr> </table>\n
..\\lib\\transaction.h(146):           </center>\n
..\\lib\\transaction.h(146):       </TD>\n
..\\lib\\transaction.h(146):     </TR>\n
..\\lib\\transaction.h(146):     <TR bgcolor="#EFF2F7">\n
..\\lib\\transaction.h(146):       <TD COLSPAN="3">\n
..\\lib\\transaction.h(146):       <b>Flight Details:</b><BR/>  <center>\n
..\\lib\\transaction.h(146):       12/30/2024\n
..\\lib\\transaction.h(146):      :  8am : Flight 260 leaves London  for San Francisco.<br>  </center>\n
..\\lib\\transaction.h(146):       </TD>\n
..\\lib\\transaction.h(146):     </TR>\n
..\\lib\\transaction.h(146):     \n
..\\lib\\transaction.h(146):     <TR bgcolor="#EFF2F7">\n
..\\lib\\transaction.h(146):       <TD COLSPAN="4">\n
..\\lib\\transaction.h(146):       <hr/>\n
..\\lib\\transaction.h(146):       </TD>\n
..\\lib\\transaction.h(146):     </TR>\n
..\\lib\\transaction.h(146):     \n
..\\lib\\transaction.h(146):     <!-- Flight #1 -->\n
..\\lib\\transaction.h(146):     <TR bgcolor="#EFF2F7">\n
..\\lib\\transaction.h(146):       <TD width="5%" rowspan="2" align="left" valign="top">\n
..\\lib\\transaction.h(146):     <b>\n
..\\lib\\transaction.h(146):     <label><input type="checkbox" name="76" value="on" /></label></font></b>\n
..\\lib\\transaction.h(146):     <input type="hidden" name="flightID" value="41381227-58496-VG"  />\n
..\\lib\\transaction.h(146):       </TD>\n
..\\lib\\transaction.h(146):       <TD width="45%" valign="top">\n
..\\lib\\transaction.h(146):           <b>&nbsp;&nbsp;3 Coach class tickets for :</b><br/>\n
..\\lib\\transaction.h(146):           <center><table border="0" width="85%"><tr><td>\n
..\\lib\\transaction.h(146):           <li><i>Vesemir Grey-Beak      <li><i>      <li><i>\n
..\\lib\\transaction.h(146):           <li><i></i>\n
..\\lib\\transaction.h(146):           </td></tr></table></center>\n
..\\lib\\transaction.h(146):       </TD>\n
..\\lib\\transaction.h(146):       <TD width="5%" >.<br/>.<br/>.<br/>.</TD>\n
..\\lib\\transaction.h(146):       <TD width="45%" valign=top><b>Invoice sent to:</b><br/>\n
..\\lib\\transaction.h(146):           <center>\n
..\\lib\\transaction.h(146):           <Table width="80%" cellspacing="0" > <tr> <td>\n
..\\lib\\transaction.h(146):               Vesemir Grey-Beak\n
..\\lib\\transaction.h(146):     <br/>\n
..\\lib\\transaction.h(146):               Kaer Morhen<br/>\n
..\\lib\\transaction.h(146):               White Garden<br/>\n
..\\lib\\transaction.h(146):               <br/>\n
..\\lib\\transaction.h(146):               Total Charge: $ 459 <BR/> (CC: x-1117)\n
..\\lib\\transaction.h(146):           </td> </tr> </table>\n
..\\lib\\transaction.h(146):           </center>\n
..\\lib\\transaction.h(146):       </TD>\n
..\\lib\\transaction.h(146):     </TR>\n
..\\lib\\transaction.h(146):     <TR bgcolor="#EFF2F7">\n
..\\lib\\transaction.h(146):       <TD COLSPAN="3">\n
..\\lib\\transaction.h(146):       <b>Flight Details:</b><BR/>  <center>\n
..\\lib\\transaction.h(146):       12/30/2024\n
..\\lib\\transaction.h(146):      :  11pm : Flight 293 leaves London  for Zurich.<br>  </center>\n
..\\lib\\transaction.h(146):       </TD>\n
..\\lib\\transaction.h(146):     </TR>\n
..\\lib\\transaction.h(146):     \n
..\\lib\\transaction.h(146):     <TR bgcolor="#EFF2F7">\n
..\\lib\\transaction.h(146):       <TD COLSPAN="4">\n
..\\lib\\transaction.h(146):       <hr/>\n
..\\lib\\transaction.h(146):       </TD>\n
..\\lib\\transaction.h(146):     </TR>\n
..\\lib\\transaction.h(146):     \n
..\\lib\\transaction.h(146):     <!-- Flight #1 -->\n
..\\lib\\transaction.h(146):     <TR bgcolor="#EFF2F7">\n
..\\lib\\transaction.h(146):       <TD width="5%" rowspan="2" align="left" valign="top">\n
..\\lib\\transaction.h(146):     <b>\n
..\\lib\\transaction.h(146):     <label><input type="checkbox" name="77" value="on" /></label></font></b>\n
..\\lib\\transaction.h(146):     <input type="hidden" name="flightID" value="41404563-59281-VG"  />\n
..\\lib\\transaction.h(146):       </TD>\n
..\\lib\\transaction.h(146):       <TD width="45%" valign="top">\n
..\\lib\\transaction.h(146):           <b>&nbsp;&nbsp;3 Business class tickets for :</b><br/>\n
..\\lib\\transaction.h(146):           <center><table border="0" width="85%"><tr><td>\n
..\\lib\\transaction.h(146):           <li><i>Vesemir Grey-Beak      <li><i>      <li><i>\n
..\\lib\\transaction.h(146):           <li><i></i>\n
..\\lib\\transaction.h(146):           </td></tr></table></center>\n
..\\lib\\transaction.h(146):       </TD>\n
..\\lib\\transaction.h(146):       <TD width="5%" >.<br/>.<br/>.<br/>.</TD>\n
..\\lib\\transaction.h(146):       <TD width="45%" valign=top><b>Invoice sent to:</b><br/>\n
..\\lib\\transaction.h(146):           <center>\n
..\\lib\\transaction.h(146):           <Table width="80%" cellspacing="0" > <tr> <td>\n
..\\lib\\transaction.h(146):               Vesemir Grey-Beak\n
..\\lib\\transaction.h(146):     <br/>\n
..\\lib\\transaction.h(146):               Kaer Morhen<br/>\n
..\\lib\\transaction.h(146):               White Garden<br/>\n
..\\lib\\transaction.h(146):               <br/>\n
..\\lib\\transaction.h(146):               Total Charge: $ 663 <BR/> (CC: x-1117)\n
..\\lib\\transaction.h(146):           </td> </tr> </table>\n
..\\lib\\transaction.h(146):           </center>\n
..\\lib\\transaction.h(146):       </TD>\n
..\\lib\\transaction.h(146):     </TR>\n
..\\lib\\transaction.h(146):     <TR bgcolor="#EFF2F7">\n
..\\lib\\transaction.h(146):       <TD COLSPAN="3">\n
..\\lib\\transaction.h(146):       <b>Flight Details:</b><BR/>  <center>\n
..\\lib\\transaction.h(146):       12/30/2024\n
..\\lib\\transaction.h(146):      :  11pm : Flight 923 leaves Zurich  for London.<br>  </center>\n
..\\lib\\transaction.h(146):       </TD>\n
..\\lib\\transaction.h(146):     </TR>\n
..\\lib\\transaction.h(146):     \n
..\\lib\\transaction.h(146):     <TR bgcolor="#EFF2F7">\n
..\\lib\\transaction.h(146):       <TD COLSPAN="4">\n
..\\lib\\transaction.h(146):       <hr/>\n
..\\lib\\transaction.h(146):       </TD>\n
..\\lib\\transaction.h(146):     </TR>\n
..\\lib\\transaction.h(146):     <TR>\n
..\\lib\\transaction.h(146):        <TD align="center" COLSPAN="4">\n
..\\lib\\transaction.h(146):        <b>A total of 77 scheduled flights.</font></b>\n
..\\lib\\transaction.h(146):        </TD>\n
..\\lib\\transaction.h(146):     </TR>\n
..\\lib\\transaction.h(146):     </TABLE>\n
..\\lib\\transaction.h(146):     \n
..\\lib\\transaction.h(146):     <TABLE WIDTH="87%" BORDER="0" CELLSPACING="0">\n
..\\lib\\transaction.h(146):     <TR>\n
..\\lib\\transaction.h(146):     <TD align="left" width="50%" >\n
..\\lib\\transaction.h(146):     <input type="image" name="removeFlights" src="/WebTours/images/cancelreservation.gif" bord
..\\lib\\transaction.h(146):     er="0" /></TD>\n
..\\lib\\transaction.h(146):     <TD align="right" width="50%" >\n
..\\lib\\transaction.h(146):     <input type="image" name="removeAllFlights" src="/WebTours/images/cancelallreservations.gi
..\\lib\\transaction.h(146):     f" border="0" /></TD>\n
..\\lib\\transaction.h(146):     </TABLE>\n
..\\lib\\transaction.h(146):     \n
..\\lib\\transaction.h(146):     <div><input type="hidden" name=".cgifields" value="1"  /><input type="hidden" name=".cgifi
..\\lib\\transaction.h(146):     elds" value="10"  /><input type="hidden" name=".cgifields" value="11"  /><input type="hidd
..\\lib\\transaction.h(146):     en" name=".cgifields" value="12"  /><input type="hidden" name=".cgifields" value="13"  /><
..\\lib\\transaction.h(146):     input type="hidden" name=".cgifields" value="14"  /><input type="hidden" name=".cgifields"
..\\lib\\transaction.h(146):      value="15"  /><input type="hidden" name=".cgifields" value="16"  /><input type="hidden" n
..\\lib\\transaction.h(146):     ame=".cgifields" value="17"  /><input type="hidden" name=".cgifields" value="18"  /><input
..\\lib\\transaction.h(146):      type="hidden" name=".cgifields" value="19"  /><input type="hidden" name=".cgifields" valu
..\\lib\\transaction.h(146):     e="2"  /><input type="hidden" name=".cgifields" value="20"  /><input type="hidden" name=".
..\\lib\\transaction.h(146):     cgifields" value="21"  /><input type="hidden" name=".cgifields" value="22"  /><input type=
..\\lib\\transaction.h(146):     "hidden" name=".cgifields" value="23"  /><input type="hidden" name=".cgifields" value="24"
..\\lib\\transaction.h(146):       /><input type="hidden" name=".cgifields" value="25"  /><input type="hidden" name=".cgifi
..\\lib\\transaction.h(146):     elds" value="26"  /><input type="hidden" name=".cgifields" value="27"  /><input type="hidd
..\\lib\\transaction.h(146):     en" name=".cgifields" value="28"  /><input type="hidden" name=".cgifields" value="29"  /><
..\\lib\\transaction.h(146):     input type="hidden" name=".cgi
..\\lib\\transaction.h(146): Found resource "http://localhost:1080/WebTours/images/cancelreservation.gif" in HTML "http://localhost:1080/cgi-bin/itinerary.pl"  	[MsgId: MMSG-26659]
..\\lib\\transaction.h(146): Found resource "http://localhost:1080/WebTours/images/cancelallreservations.gif" in HTML "http://localhost:1080/cgi-bin/itinerary.pl"  	[MsgId: MMSG-26659]
..\\lib\\transaction.h(146): t=6999468ms: 7-byte chunked response overhead for "http://localhost:1080/cgi-bin/itinerary.pl" (RelFrameId=1.2, Internal ID=370)
..\\lib\\transaction.h(146):     \r\n
..\\lib\\transaction.h(146):     0\r\n
..\\lib\\transaction.h(146):     \r\n
..\\lib\\transaction.h(146): t=6999468ms: 2918-byte chunked response body for "http://localhost:1080/cgi-bin/itinerary.pl" (RelFrameId=1.2, Internal ID=370)
..\\lib\\transaction.h(146):     fields" value="3"  /><input type="hidden" name=".cgifields" value="30"  /><input type="hid
..\\lib\\transaction.h(146):     den" name=".cgifields" value="31"  /><input type="hidden" name=".cgifields" value="32"  />
..\\lib\\transaction.h(146):     <input type="hidden" name=".cgifields" value="33"  /><input type="hidden" name=".cgifields
..\\lib\\transaction.h(146):     " value="34"  /><input type="hidden" name=".cgifields" value="35"  /><input type="hidden" 
..\\lib\\transaction.h(146):     name=".cgifields" value="36"  /><input type="hidden" name=".cgifields" value="37"  /><inpu
..\\lib\\transaction.h(146):     t type="hidden" name=".cgifields" value="38"  /><input type="hidden" name=".cgifields" val
..\\lib\\transaction.h(146):     ue="39"  /><input type="hidden" name=".cgifields" value="4"  /><input type="hidden" name="
..\\lib\\transaction.h(146):     .cgifields" value="40"  /><input type="hidden" name=".cgifields" value="41"  /><input type
..\\lib\\transaction.h(146):     ="hidden" name=".cgifields" value="42"  /><input type="hidden" name=".cgifields" value="43
..\\lib\\transaction.h(146):     "  /><input type="hidden" name=".cgifields" value="44"  /><input type="hidden" name=".cgif
..\\lib\\transaction.h(146):     ields" value="45"  /><input type="hidden" name=".cgifields" value="46"  /><input type="hid
..\\lib\\transaction.h(146):     den" name=".cgifields" value="47"  /><input type="hidden" name=".cgifields" value="48"  />
..\\lib\\transaction.h(146):     <input type="hidden" name=".cgifields" value="49"  /><input type="hidden" name=".cgifields
..\\lib\\transaction.h(146):     " value="5"  /><input type="hidden" name=".cgifields" value="50"  /><input type="hidden" n
..\\lib\\transaction.h(146):     ame=".cgifields" value="51"  /><input type="hidden" name=".cgifields" value="52"  /><input
..\\lib\\transaction.h(146):      type="hidden" name=".cgifields" value="53"  /><input type="hidden" name=".cgifields" valu
..\\lib\\transaction.h(146):     e="54"  /><input type="hidden" name=".cgifields" value="55"  /><input type="hidden" name="
..\\lib\\transaction.h(146):     .cgifields" value="56"  /><input type="hidden" name=".cgifields" value="57"  /><input type
..\\lib\\transaction.h(146):     ="hidden" name=".cgifields" value="58"  /><input type="hidden" name=".cgifields" value="59
..\\lib\\transaction.h(146):     "  /><input type="hidden" name=".cgifields" value="6"  /><input type="hidden" name=".cgifi
..\\lib\\transaction.h(146):     elds" value="60"  /><input type="hidden" name=".cgifields" value="61"  /><input type="hidd
..\\lib\\transaction.h(146):     en" name=".cgifields" value="62"  /><input type="hidden" name=".cgifields" value="63"  /><
..\\lib\\transaction.h(146):     input type="hidden" name=".cgifields" value="64"  /><input type="hidden" name=".cgifields"
..\\lib\\transaction.h(146):      value="65"  /><input type="hidden" name=".cgifields" value="66"  /><input type="hidden" n
..\\lib\\transaction.h(146):     ame=".cgifields" value="67"  /><input type="hidden" name=".cgifields" value="68"  /><input
..\\lib\\transaction.h(146):      type="hidden" name=".cgifields" value="69"  /><input type="hidden" name=".cgifields" valu
..\\lib\\transaction.h(146):     e="7"  /><input type="hidden" name=".cgifields" value="70"  /><input type="hidden" name=".
..\\lib\\transaction.h(146):     cgifields" value="71"  /><input type="hidden" name=".cgifields" value="72"  /><input type=
..\\lib\\transaction.h(146):     "hidden" name=".cgifields" value="73"  /><input type="hidden" name=".cgifields" value="74"
..\\lib\\transaction.h(146):       /><input type="hidden" name=".cgifields" value="75"  /><input type="hidden" name=".cgifi
..\\lib\\transaction.h(146):     elds" value="76"  /><input type="hidden" name=".cgifields" value="77"  /><input type="hidd
..\\lib\\transaction.h(146):     en" name=".cgifields" value="8"  /><input type="hidden" name=".cgifields" value="9"  /></d
..\\lib\\transaction.h(146):     iv></form>\n
..\\lib\\transaction.h(146):     \n
..\\lib\\transaction.h(146):     </center>\n
..\\lib\\transaction.h(146):     \n
..\\lib\\transaction.h(146):     </body>\n
..\\lib\\transaction.h(146):     </html>
..\\lib\\transaction.h(146): t=6999469ms: Request done "http://localhost:1080/cgi-bin/itinerary.pl"  	[MsgId: MMSG-26000]
..\\lib\\transaction.h(146): t=6999469ms: Already connected [0] to localhost:1080  	[MsgId: MMSG-26000]
..\\lib\\transaction.h(146): t=6999469ms: 523-byte request headers for "http://localhost:1080/WebTours/images/cancelreservation.gif" (RelFrameId=, Internal ID=373)
..\\lib\\transaction.h(146):     GET /WebTours/images/cancelreservation.gif HTTP/1.1\r\n
..\\lib\\transaction.h(146):     Referer: http://localhost:1080/cgi-bin/itinerary.pl\r\n
..\\lib\\transaction.h(146):     User-Agent: Mozilla/5.0 (Windows NT 10.0; Win64; x64; rv:133.0) Gecko/20100101 Firefox/133
..\\lib\\transaction.h(146):     .0\r\n
..\\lib\\transaction.h(146):     Accept-Encoding: gzip, deflate\r\n
..\\lib\\transaction.h(146):     Accept-Language: ru-RU,ru;q=0.8,en-US;q=0.5,en;q=0.3\r\n
..\\lib\\transaction.h(146):     Accept: */*\r\n
..\\lib\\transaction.h(146):     Connection: Keep-Alive\r\n
..\\lib\\transaction.h(146):     Host: localhost:1080\r\n
..\\lib\\transaction.h(146):     Cookie: MSO=SID&1734968342; MTUserInfo=address1&Kaer%20Morhen&lastName&Grey-Beak%0A&credit
..\\lib\\transaction.h(146):     Card&&firstName&Vesemir&address2&White%20Garden&username&Vesemir&expDate&%0A&hash&82\r\n
..\\lib\\transaction.h(146):     \r\n
..\\lib\\transaction.h(146): t=6999472ms: Already connected [1] to localhost:1080  	[MsgId: MMSG-26000]
..\\lib\\transaction.h(146): t=6999472ms: 527-byte request headers for "http://localhost:1080/WebTours/images/cancelallreservations.gif" (RelFrameId=, Internal ID=374)
..\\lib\\transaction.h(146):     GET /WebTours/images/cancelallreservations.gif HTTP/1.1\r\n
..\\lib\\transaction.h(146):     Referer: http://localhost:1080/cgi-bin/itinerary.pl\r\n
..\\lib\\transaction.h(146):     User-Agent: Mozilla/5.0 (Windows NT 10.0; Win64; x64; rv:133.0) Gecko/20100101 Firefox/133
..\\lib\\transaction.h(146):     .0\r\n
..\\lib\\transaction.h(146):     Accept-Encoding: gzip, deflate\r\n
..\\lib\\transaction.h(146):     Accept-Language: ru-RU,ru;q=0.8,en-US;q=0.5,en;q=0.3\r\n
..\\lib\\transaction.h(146):     Accept: */*\r\n
..\\lib\\transaction.h(146):     Connection: Keep-Alive\r\n
..\\lib\\transaction.h(146):     Host: localhost:1080\r\n
..\\lib\\transaction.h(146):     Cookie: MSO=SID&1734968342; MTUserInfo=address1&Kaer%20Morhen&lastName&Grey-Beak%0A&credit
..\\lib\\transaction.h(146):     Card&&firstName&Vesemir&address2&White%20Garden&username&Vesemir&expDate&%0A&hash&82\r\n
..\\lib\\transaction.h(146):     \r\n
..\\lib\\transaction.h(146): t=6999473ms: 282-byte response headers for "http://localhost:1080/WebTours/images/cancelreservation.gif" (RelFrameId=, Internal ID=373)
..\\lib\\transaction.h(146):     HTTP/1.1 200 OK\r\n
..\\lib\\transaction.h(146):     Date: Mon, 23 Dec 2024 15:39:11 GMT\r\n
..\\lib\\transaction.h(146):     Server: Apache/2.4.58 (Unix)\r\n
..\\lib\\transaction.h(146):     Last-Modified: Fri, 15 Dec 2023 21:35:31 GMT\r\n
..\\lib\\transaction.h(146):     ETag: "33f-60c932df4aec0"\r\n
..\\lib\\transaction.h(146):     Accept-Ranges: bytes\r\n
..\\lib\\transaction.h(146):     Content-Length: 831\r\n
..\\lib\\transaction.h(146):     Keep-Alive: timeout=5, max=98\r\n
..\\lib\\transaction.h(146):     Connection: Keep-Alive\r\n
..\\lib\\transaction.h(146):     Content-Type: image/gif\r\n
..\\lib\\transaction.h(146):     \r\n
..\\lib\\transaction.h(146): t=6999475ms: 831-byte response body for "http://localhost:1080/WebTours/images/cancelreservation.gif" (RelFrameId=, Internal ID=373)
..\\lib\\transaction.h(146): t=6999475ms: Request done "http://localhost:1080/WebTours/images/cancelreservation.gif"  	[MsgId: MMSG-26000]
..\\lib\\transaction.h(146): t=6999475ms: 282-byte response headers for "http://localhost:1080/WebTours/images/cancelallreservations.gif" (RelFrameId=, Internal ID=374)
..\\lib\\transaction.h(146):     HTTP/1.1 200 OK\r\n
..\\lib\\transaction.h(146):     Date: Mon, 23 Dec 2024 15:39:11 GMT\r\n
..\\lib\\transaction.h(146):     Server: Apache/2.4.58 (Unix)\r\n
..\\lib\\transaction.h(146):     Last-Modified: Fri, 15 Dec 2023 21:35:31 GMT\r\n
..\\lib\\transaction.h(146):     ETag: "2e6-60c932df4aec0"\r\n
..\\lib\\transaction.h(146):     Accept-Ranges: bytes\r\n
..\\lib\\transaction.h(146):     Content-Length: 742\r\n
..\\lib\\transaction.h(146):     Keep-Alive: timeout=5, max=99\r\n
..\\lib\\transaction.h(146):     Connection: Keep-Alive\r\n
..\\lib\\transaction.h(146):     Content-Type: image/gif\r\n
..\\lib\\transaction.h(146):     \r\n
..\\lib\\transaction.h(146): t=6999476ms: 742-byte response body for "http://localhost:1080/WebTours/images/cancelallreservations.gif" (RelFrameId=, Internal ID=374)
..\\lib\\transaction.h(146): t=6999476ms: Request done "http://localhost:1080/WebTours/images/cancelallreservations.gif"  	[MsgId: MMSG-26000]
..\\lib\\transaction.h(146): Registered web_reg_find successful for "Text=Itinerary" (count=3)  	[MsgId: MMSG-26364]
..\\lib\\transaction.h(146): web_url("welcome.pl_2") was successful, 100830 body bytes, 1854 header bytes, 180 chunking overhead bytes  	[MsgId: MMSG-26385]
Action.c(15): lr_think_time: 3,00 seconds.	[MsgId: MMSG-15948]
Action.c(16): Notify: Transaction "itinerary_page" ended with a "Pass" status (Duration: 3,3832 Think Time: 3,0004 Wasted Time: 0,0002).	[MsgId: MMSG-16870]
Action.c(18): Notify: Transaction "UC04_Itinerary" ended with a "Pass" status (Duration: 11,7445 Think Time: 11,0230 Wasted Time: 0,0003).	[MsgId: MMSG-16870]
Ending action Action.	[MsgId: MMSG-15918]
Action was aborted.	[MsgId: MMSG-10694]
Ending Vuser...	[MsgId: MMSG-15966]
Starting action vuser_end.	[MsgId: MMSG-15919]
Ending action vuser_end.	[MsgId: MMSG-15918]
Vuser Terminated.	[MsgId: MMSG-15963]
t=7002477ms: Closed connection [0] to localhost:1080 after completing 3 request(s)  	[MsgId: MMSG-26000]
t=7002478ms: Closed connection [1] to localhost:1080 after completing 2 request(s)  	[MsgId: MMSG-26000]
t=7002478ms: Closed connection [2] to localhost:1080 after completing 1 request(s)  	[MsgId: MMSG-26000]
t=7002478ms: Closed connection [3] to localhost:1080 after completing 1 request(s)  	[MsgId: MMSG-26000]
HTML-Mode memory management statistics: Reusable=15, NonReusable=0, CsMemBlockSize=4096, checks disabled  	[MsgId: MMSG-26000]
Vuser 9 (thread 17000), ended OK."	[MsgId: MMSG-10695]
