..\\lib\\transaction.h(122):     0" /><td align="right">Exp Date : <td><input type="text" name="expDate" value="&#10;" size
..\\lib\\transaction.h(122):     ="5" maxlength="5" /><tr><TD><td colspan="3" align="left"><label><input type="checkbox" na
..\\lib\\transaction.h(122):     me="saveCC" value="on" />Save this Credit Card Information</label><input type="hidden" nam
..\\lib\\transaction.h(122):     e="oldCCOption" value=""  /></table><input type="hidden" name="numPassengers" value="5"  /
..\\lib\\transaction.h(122):     ><input type="hidden" name="seatType" value="First"  /><input type="hidden" name="seatPref
..\\lib\\transaction.h(122):     " value="Aisle"  /><input type="hidden" name="outboundFlight" value="513;491;12/26/2024"  
..\\lib\\transaction.h(122):     /><input type="hidden" name="advanceDiscount" value="0"  /><input type="hidden" name="retu
..\\lib\\transaction.h(122):     rnFlight" value=""  /><input type="hidden" name="JSFormSubmit" value="off"  /><center><tab
..\\lib\\transaction.h(122):     le width=80% cellspacing=1><tr><td align=center>\n
..\\lib\\transaction.h(122):     <input type="image" name="buyFlights" src="/WebTours/images/button_next.gif" border="0" />
..\\lib\\transaction.h(122):     <div><input type="hidden" name=".cgifields" value="saveCC"  /></div></form>\n
..\\lib\\transaction.h(122):     <td>&nbsp;<td align=center><form method="post" action="reservations.pl" enctype="multipart
..\\lib\\transaction.h(122):     /form-data" onsubmit="void(0);"></form></table></center></blockquote>\n
..\\lib\\transaction.h(122):     </body>\n
..\\lib\\transaction.h(122):     </html>
..\\lib\\transaction.h(122): Resource "http://localhost:1080/WebTours/images/button_next.gif" is in the cache already and will not be downloaded again  	[MsgId: MMSG-26655]
..\\lib\\transaction.h(122): t=6992838ms: 5-byte chunked response overhead for "http://localhost:1080/cgi-bin/reservations.pl" (RelFrameId=1, Internal ID=527)
..\\lib\\transaction.h(122):     0\r\n
..\\lib\\transaction.h(122):     \r\n
..\\lib\\transaction.h(122): t=6992838ms: Request done "http://localhost:1080/cgi-bin/reservations.pl"  	[MsgId: MMSG-26000]
..\\lib\\transaction.h(122): Registered web_reg_find successful for "Text=Payment Details" (count=1)  	[MsgId: MMSG-26364]
..\\lib\\transaction.h(122): web_submit_data("reservations.pl_2") was successful, 2988 body bytes, 255 header bytes, 12 chunking overhead bytes  	[MsgId: MMSG-26385]
Action.c(36): lr_think_time: 5,00 seconds.	[MsgId: MMSG-15948]
Action.c(38): Notify: Transaction "select_ticket" ended with a "Pass" status (Duration: 5,0493 Think Time: 5,0075 Wasted Time: 0,0000).	[MsgId: MMSG-16870]
Action.c(40): Notify: Transaction "buy_ticket" started.	[MsgId: MMSG-16999]
Action.c(42): web_reg_find started  	[MsgId: MMSG-26355]
Action.c(42): Registering web_reg_find was successful  	[MsgId: MMSG-26390]
Action.c(45): web_reg_find started  	[MsgId: MMSG-26355]
Action.c(45): Notify: Parameter Substitution: parameter "departCity" =  "Portland"	[MsgId: MMSG-13992]
Action.c(45): Notify: Parameter Substitution: parameter "returnCity" =  "Frankfurt"	[MsgId: MMSG-13992]
Action.c(45): Registering web_reg_find was successful  	[MsgId: MMSG-26390]
Action.c(48): web_submit_data("reservations.pl_3") started  	[MsgId: MMSG-26355]
Action.c(48): Notify: Next row for parameter firstName = 9 [table  = firstName].	[MsgId: MMSG-13876]
Action.c(48): Notify: Parameter Substitution: parameter "firstName" =  "Lambert"	[MsgId: MMSG-13992]
Action.c(48): Notify: Next row for parameter lastName = 9 [table  = lastName].	[MsgId: MMSG-13876]
Action.c(48): Notify: Parameter Substitution: parameter "lastName" =  "Wunhed"	[MsgId: MMSG-13992]
Action.c(48): Notify: Next row for parameter street = 9 [table  = street].	[MsgId: MMSG-13876]
Action.c(48): Notify: Parameter Substitution: parameter "street" =  "Kaer Morhen"	[MsgId: MMSG-13992]
Action.c(48): Notify: Next row for parameter city = 9 [table  = city].	[MsgId: MMSG-13876]
Action.c(48): Notify: Parameter Substitution: parameter "city" =  "Velen"	[MsgId: MMSG-13992]
Action.c(48): Notify: Next row for parameter firstName = 9 [table  = firstName].	[MsgId: MMSG-13876]
Action.c(48): Notify: Parameter Substitution: parameter "firstName" =  "Lambert"	[MsgId: MMSG-13992]
Action.c(48): Notify: Next row for parameter lastName = 9 [table  = lastName].	[MsgId: MMSG-13876]
Action.c(48): Notify: Parameter Substitution: parameter "lastName" =  "Wunhed"	[MsgId: MMSG-13992]
Action.c(48): Notify: Next row for parameter creditCard = 9 [table  = creditCard].	[MsgId: MMSG-13876]
Action.c(48): Notify: Parameter Substitution: parameter "creditCard" =  "3057931154272637"	[MsgId: MMSG-13992]
Action.c(48): Notify: Next row for parameter expDate = 9 [table  = expDate].	[MsgId: MMSG-13876]
Action.c(48): Notify: Parameter Substitution: parameter "expDate" =  "02/16"	[MsgId: MMSG-13992]
Action.c(48): Notify: Parameter Substitution: parameter "randNumber" =  "5"	[MsgId: MMSG-13992]
Action.c(48): Notify: Parameter Substitution: parameter "seatType" =  "First"	[MsgId: MMSG-13992]
Action.c(48): Notify: Parameter Substitution: parameter "seatPref" =  "Aisle"	[MsgId: MMSG-13992]
Action.c(48): Notify: Parameter Substitution: parameter "outboundFlight" =  "513;491;12/26/2024"	[MsgId: MMSG-13992]
Action.c(48): t=6997846ms: Closed connection [0] to localhost:1080 after completing 1 request(s)  	[MsgId: MMSG-26000]
Action.c(48): t=6997846ms: Connecting [0] to host 127.0.0.1:1080  	[MsgId: MMSG-26000]
Action.c(48): t=6997847ms: Connected socket [0] from 127.0.0.1:64840 to 127.0.0.1:1080 in 1 ms  	[MsgId: MMSG-26000]
Action.c(48): t=6997847ms: 571-byte request headers for "http://localhost:1080/cgi-bin/reservations.pl" (RelFrameId=1, Internal ID=528)
Action.c(48):     POST /cgi-bin/reservations.pl HTTP/1.1\r\n
Action.c(48):     Content-Type: application/x-www-form-urlencoded\r\n
Action.c(48):     Referer: http://localhost:1080/cgi-bin/reservations.pl\r\n
Action.c(48):     User-Agent: Mozilla/5.0 (Windows NT 10.0; Win64; x64; rv:133.0) Gecko/20100101 Firefox/133
Action.c(48):     .0\r\n
Action.c(48):     Accept-Encoding: gzip, deflate\r\n
Action.c(48):     Accept-Language: ru-RU,ru;q=0.8,en-US;q=0.5,en;q=0.3\r\n
Action.c(48):     Accept: */*\r\n
Action.c(48):     Connection: Keep-Alive\r\n
Action.c(48):     Host: localhost:1080\r\n
Action.c(48):     Cookie: MSO=SID&1734587792; MTUserInfo=expDate&%0A&lastName&Wunhed%0A&address2&Velen&credi
Action.c(48):     tCard&&username&Lambert&firstName&Lambert&address1&Kaer%20Morhen&hash&52\r\n
Action.c(48):     Content-Length: 333\r\n
Action.c(48):     \r\n
Action.c(48): t=6997847ms: 333-byte request body for "http://localhost:1080/cgi-bin/reservations.pl" (RelFrameId=1, Internal ID=528)
Action.c(48):     firstName=Lambert&lastName=Wunhed&address1=Kaer+Morhen&address2=Velen&pass1=Lambert+Wunhed
Action.c(48):     &creditCard=3057931154272637&expDate=02%2F16&oldCCOption=&numPassengers=5&seatType=First&s
Action.c(48):     eatPref=Aisle&outboundFlight=513%3B491%3B12%2F26%2F2024&advanceDiscount=0&returnFlight=&JS
Action.c(48):     FormSubmit=off&buyFlights.x=46&buyFlights.y=5&.cgifields=saveCC
Action.c(48): t=6997877ms: 387-byte response headers for "http://localhost:1080/cgi-bin/reservations.pl" (RelFrameId=1, Internal ID=528)
Action.c(48):     HTTP/1.1 200 OK\r\n
Action.c(48):     Date: Thu, 19 Dec 2024 05:56:54 GMT\r\n
Action.c(48):     Server: Apache/2.4.58 (Unix)\r\n
Action.c(48):     Expires: Wed, 18 Dec 2024 05:56:54 GMT\r\n
Action.c(48):     Set-Cookie: MTUserInfo=address2&Velen&hash&52&lastName&Wunhed%0A&address1&Kaer%20Morhen&us
Action.c(48):     ername&Lambert&firstName&Lambert; path=/\r\n
Action.c(48):     Keep-Alive: timeout=5, max=100\r\n
Action.c(48):     Connection: Keep-Alive\r\n
Action.c(48):     Transfer-Encoding: chunked\r\n
Action.c(48):     Content-Type: text/html; charset=ISO-8859-1\r\n
Action.c(48):     \r\n
Action.c(48): t=6997877ms: 5-byte chunked response overhead for "http://localhost:1080/cgi-bin/reservations.pl" (RelFrameId=1, Internal ID=528)
Action.c(48):     9b7\r\n
Action.c(48): t=6997877ms: 2-byte chunked response overhead for "http://localhost:1080/cgi-bin/reservations.pl" (RelFrameId=1, Internal ID=528)
Action.c(48):     \r\n
Action.c(48): t=6997877ms: 2487-byte chunked response body for "http://localhost:1080/cgi-bin/reservations.pl" (RelFrameId=1, Internal ID=528)
Action.c(48):     <!DOCTYPE html\n
Action.c(48):     \tPUBLIC "-//W3C//DTD XHTML 1.0 Transitional//EN"\n
Action.c(48):     \t "http://www.w3.org/TR/xhtml1/DTD/xhtml1-transitional.dtd">\n
Action.c(48):     <html xmlns="http://www.w3.org/1999/xhtml" lang="en-US" xml:lang="en-US">\n
Action.c(48):     <head>\n
Action.c(48):     <title>Reservation Made!</title>\n
Action.c(48):     <meta http-equiv="Content-Type" content="text/html; charset=iso-8859-1" />\n
Action.c(48):     </head>\n
Action.c(48):     <body bgcolor="#E0E7F1">\n
Action.c(48):     <style>blockquote {font-family: tahoma; font-size : 10pt}H1 {font-family: tahoma; font-siz
Action.c(48):     e : 22pt; color: #993333}small {font-family: tahoma; font-size : 8pt}H3 {font-family: taho
Action.c(48):     ma; font-size : 10pt; color: black}TD {font-family: tahoma; font-size : 10pt; color: black
Action.c(48):     }</style><BR/><BR/><h1><font color="#003366">&nbsp;&nbsp;<b>Invoice</font></b></h1><blockq
Action.c(48):     uote>\n
Action.c(48):     <CENTER>\n
Action.c(48):     <small><B>Thank you for booking through Web Tours.</B></small>\n
Action.c(48):     <BR/>\n
Action.c(48):     <BR/>\n
Action.c(48):     <!-- Customer Name header -->\n
Action.c(48):     <Table width="85%" border="0" cellspacing="0" >\n
Action.c(48):       <TR bgcolor="#5E7884">\n
Action.c(48):          <TD colspan="2" align="center">\n
Action.c(48):             <font color="white"><b>LambertWunhed's Flight Invoice</b></font>\n
Action.c(48):          </TD>\n
Action.c(48):          <TD width="160" align="right">\n
Action.c(48):              <font color="white"><small>Thu Dec 19  5:56:54 2024\n
Action.c(48):     </small>\n
Action.c(48):          </TD>\n
Action.c(48):       </TR>\n
Action.c(48):     </Table>\n
Action.c(48):     \n
Action.c(48):     <Table width="85%" border="0" cellspacing="1" >\n
Action.c(48):     <!-- Flight Item header -->\n
Action.c(48):       <TR bgcolor="#EFF2F7">\n
Action.c(48):          <TD colspan="2" align="left">\n
Action.c(48):              Flights Reservation Requests:\n
Action.c(48):         </TD>\n
Action.c(48):         <TD align="center">Cost\n
Action.c(48):         </TD>\n
Action.c(48):       </TR>\n
Action.c(48):     \n
Action.c(48):     <!-- Flight reserved -->\n
Action.c(48):     <TR bgcolor="#EFF2F7">\n
Action.c(48):         <TD valign="top">1.</TD>\n
Action.c(48):         <TD align="left">\n
Action.c(48):            <b><u>5 First Class tickets from Portland to Frankfurt.</u></b>\n
Action.c(48):     <br/>\n
Action.c(48):     <center>\n
Action.c(48):            <i>\n
Action.c(48):               12/26/2024 :  11pm : Flight 513 leaves Portland  for Frankfurt.<br>\n
Action.c(48):            <br/>\n
Action.c(48):         </TD>\n
Action.c(48):         <TD valign="top">\n
Action.c(48):              $2455\n
Action.c(48):         </TD>\n
Action.c(48):       </TR>\n
Action.c(48):     <!-- Total Cost -->\n
Action.c(48):       <TR bgcolor="#EFF2F7">\n
Action.c(48):         <TD>*\n
Action.c(48):         </TD>\n
Action.c(48):         <TD > Total Cost\n
Action.c(48):         </TD>\n
Action.c(48):         <TD>\n
Action.c(48):            <b> $2455 </b>\n
Action.c(48):         </TD>\n
Action.c(48):       </TR>\n
Action.c(48):     \n
Action.c(48):       <TR bgcolor="#EFF2F7">\n
Action.c(48):         <TD>-\n
Action.c(48):         </TD>\n
Action.c(48):         <TD >\n
Action.c(48):            Total Charged to Credit Card # 3057931154272637\n
Action.c(48):         </TD>\n
Action.c(48):         <TD>\n
Action.c(48):            <b> $2455 </b>\n
Action.c(48):         </TD>\n
Action.c(48):       </TR>\n
Action.c(48):     \n
Action.c(48):       <TR bgcolor="#EFF2F7">\n
Action.c(48):         <TD>*\n
Action.c(48):         </TD>\n
Action.c(48):         <TD >\n
Action.c(48):             Credit Account Balance\n
Action.c(48):         </TD>\n
Action.c(48):         <TD>\n
Action.c(48):            <b> $0.00 </b>\n
Action.c(48):         </TD>\n
Action.c(48):       </TR></Table>\n
Action.c(48):     <BR/>\n
Action.c(48):     <Table width="85%" border="0">\n
Action.c(48):       <tr>\n
Action.c(48):         <td align=right>\n
Action.c(48):     <form method="post" action="" enctype="multipart/form-data"><input type="image" name="Book
Action.c(48):      Another" src="/WebTours/images/bookanother.gif" border="0" /></form>    </td>\n
Action.c(48):       </tr>\n
Action.c(48):     </Table>\n
Action.c(48):     \n
Action.c(48):     </Center>\n
Action.c(48):     \n
Action.c(48):     </body>\n
Action.c(48):     </html>
Action.c(48): Found resource "http://localhost:1080/WebTours/images/bookanother.gif" in HTML "http://localhost:1080/cgi-bin/reservations.pl"  	[MsgId: MMSG-26659]
Action.c(48): t=6997879ms: 5-byte chunked response overhead for "http://localhost:1080/cgi-bin/reservations.pl" (RelFrameId=1, Internal ID=528)
Action.c(48):     0\r\n
Action.c(48):     \r\n
Action.c(48): t=6997879ms: Request done "http://localhost:1080/cgi-bin/reservations.pl"  	[MsgId: MMSG-26000]
Action.c(48): t=6997879ms: Connecting [1] to host 127.0.0.1:1080  	[MsgId: MMSG-26000]
Action.c(48): t=6997892ms: Connected socket [1] from 127.0.0.1:64841 to 127.0.0.1:1080 in 13 ms  	[MsgId: MMSG-26000]
Action.c(48): t=6997893ms: 484-byte request headers for "http://localhost:1080/WebTours/images/bookanother.gif" (RelFrameId=, Internal ID=529)
Action.c(48):     GET /WebTours/images/bookanother.gif HTTP/1.1\r\n
Action.c(48):     Referer: http://localhost:1080/cgi-bin/reservations.pl\r\n
Action.c(48):     User-Agent: Mozilla/5.0 (Windows NT 10.0; Win64; x64; rv:133.0) Gecko/20100101 Firefox/133
Action.c(48):     .0\r\n
Action.c(48):     Accept-Encoding: gzip, deflate\r\n
Action.c(48):     Accept-Language: ru-RU,ru;q=0.8,en-US;q=0.5,en;q=0.3\r\n
Action.c(48):     Accept: */*\r\n
Action.c(48):     Connection: Keep-Alive\r\n
Action.c(48):     Host: localhost:1080\r\n
Action.c(48):     Cookie: MSO=SID&1734587792; MTUserInfo=address2&Velen&hash&52&lastName&Wunhed%0A&address1&
Action.c(48):     Kaer%20Morhen&username&Lambert&firstName&Lambert\r\n
Action.c(48):     \r\n
Action.c(48): t=6997894ms: 283-byte response headers for "http://localhost:1080/WebTours/images/bookanother.gif" (RelFrameId=, Internal ID=529)
Action.c(48):     HTTP/1.1 200 OK\r\n
Action.c(48):     Date: Thu, 19 Dec 2024 05:56:54 GMT\r\n
Action.c(48):     Server: Apache/2.4.58 (Unix)\r\n
Action.c(48):     Last-Modified: Fri, 15 Dec 2023 21:35:31 GMT\r\n
Action.c(48):     ETag: "326-60c932df4aec0"\r\n
Action.c(48):     Accept-Ranges: bytes\r\n
Action.c(48):     Content-Length: 806\r\n
Action.c(48):     Keep-Alive: timeout=5, max=100\r\n
Action.c(48):     Connection: Keep-Alive\r\n
Action.c(48):     Content-Type: image/gif\r\n
Action.c(48):     \r\n
Action.c(48): t=6997894ms: 806-byte response body for "http://localhost:1080/WebTours/images/bookanother.gif" (RelFrameId=, Internal ID=529)
Action.c(48): t=6997894ms: Request done "http://localhost:1080/WebTours/images/bookanother.gif"  	[MsgId: MMSG-26000]
Action.c(48): Registered web_reg_find successful for "Text=Thank you for booking through Web Tours" (count=1)  	[MsgId: MMSG-26364]
Action.c(48): Registered web_reg_find successful for "Text=from Portland to Frankfurt" (count=1)  	[MsgId: MMSG-26364]
Action.c(48): web_submit_data("reservations.pl_3") was successful, 3293 body bytes, 670 header bytes, 12 chunking overhead bytes  	[MsgId: MMSG-26385]
Action.c(77): lr_think_time: 5,00 seconds.	[MsgId: MMSG-15948]
Action.c(79): Notify: Transaction "buy_ticket" ended with a "Pass" status (Duration: 5,0511 Think Time: 5,0021 Wasted Time: 0,0000).	[MsgId: MMSG-16870]
Action.c(82): Notify: Transaction "sign_off" started.	[MsgId: MMSG-16999]
..\\lib\\transaction.h(158): web_url("welcome.pl_2") started  	[MsgId: MMSG-26355]
..\\lib\\transaction.h(158): t=7002897ms: Closed connection [0] to localhost:1080 after completing 1 request(s)  	[MsgId: MMSG-26000]
..\\lib\\transaction.h(158): t=7002898ms: Connecting [0] to host 127.0.0.1:1080  	[MsgId: MMSG-26000]
..\\lib\\transaction.h(158): t=7002899ms: Connected socket [0] from 127.0.0.1:64844 to 127.0.0.1:1080 in 1 ms  	[MsgId: MMSG-26000]
..\\lib\\transaction.h(158): t=7002899ms: 490-byte request headers for "http://localhost:1080/cgi-bin/welcome.pl?signOff=1" (RelFrameId=1, Internal ID=530)
..\\lib\\transaction.h(158):     GET /cgi-bin/welcome.pl?signOff=1 HTTP/1.1\r\n
..\\lib\\transaction.h(158):     Referer: http://localhost:1080/cgi-bin/nav.pl?page=menu&in=home\r\n
..\\lib\\transaction.h(158):     User-Agent: Mozilla/5.0 (Windows NT 10.0; Win64; x64; rv:133.0) Gecko/20100101 Firefox/133
..\\lib\\transaction.h(158):     .0\r\n
..\\lib\\transaction.h(158):     Accept-Encoding: gzip, deflate\r\n
..\\lib\\transaction.h(158):     Accept-Language: ru-RU,ru;q=0.8,en-US;q=0.5,en;q=0.3\r\n
..\\lib\\transaction.h(158):     Accept: */*\r\n
..\\lib\\transaction.h(158):     Connection: Keep-Alive\r\n
..\\lib\\transaction.h(158):     Host: localhost:1080\r\n
..\\lib\\transaction.h(158):     Cookie: MSO=SID&1734587792; MTUserInfo=address2&Velen&hash&52&lastName&Wunhed%0A&address1&
..\\lib\\transaction.h(158):     Kaer%20Morhen&username&Lambert&firstName&Lambert\r\n
..\\lib\\transaction.h(158):     \r\n
..\\lib\\transaction.h(158): t=7002901ms: Inactive socket [1] was closed by localhost:1080, probably due to Keep-Alive timeout  	[MsgId: MMSG-26000]
..\\lib\\transaction.h(158): t=7002901ms: Closed connection [1] to localhost:1080 after completing 1 request(s)  	[MsgId: MMSG-26000]
..\\lib\\transaction.h(158): t=7002924ms: 327-byte response headers for "http://localhost:1080/cgi-bin/welcome.pl?signOff=1" (RelFrameId=1, Internal ID=530)
..\\lib\\transaction.h(158):     HTTP/1.1 200 OK\r\n
..\\lib\\transaction.h(158):     Date: Thu, 19 Dec 2024 05:56:59 GMT\r\n
..\\lib\\transaction.h(158):     Server: Apache/2.4.58 (Unix)\r\n
..\\lib\\transaction.h(158):     Set-Cookie: MSO=SID&1734587819; path=/\r\n
..\\lib\\transaction.h(158):     Set-Cookie: MTUserInfo=; path=/; expires=Wed, 18-Dec-2024 05:56:59 GMT\r\n
..\\lib\\transaction.h(158):     Keep-Alive: timeout=5, max=100\r\n
..\\lib\\transaction.h(158):     Connection: Keep-Alive\r\n
..\\lib\\transaction.h(158):     Transfer-Encoding: chunked\r\n
..\\lib\\transaction.h(158):     Content-Type: text/html; charset=ISO-8859-1\r\n
..\\lib\\transaction.h(158):     \r\n
..\\lib\\transaction.h(158): t=7002924ms: 5-byte chunked response overhead for "http://localhost:1080/cgi-bin/welcome.pl?signOff=1" (RelFrameId=1, Internal ID=530)
..\\lib\\transaction.h(158):     2ae\r\n
..\\lib\\transaction.h(158): t=7002924ms: 2-byte chunked response overhead for "http://localhost:1080/cgi-bin/welcome.pl?signOff=1" (RelFrameId=1, Internal ID=530)
..\\lib\\transaction.h(158):     \r\n
..\\lib\\transaction.h(158): t=7002924ms: 686-byte chunked response body for "http://localhost:1080/cgi-bin/welcome.pl?signOff=1" (RelFrameId=1, Internal ID=530)
..\\lib\\transaction.h(158):     <!-- \n
..\\lib\\transaction.h(158):      A Session ID has been created and loaded into a cookie called MSO.\n
..\\lib\\transaction.h(158):      Also, the server options have been loaded into the cookie called\n
..\\lib\\transaction.h(158):      MSO as well.  The server options can be set via the Admin page.\n
..\\lib\\transaction.h(158):      --->\n
..\\lib\\transaction.h(158):     \n
..\\lib\\transaction.h(158):     <html>\n
..\\lib\\transaction.h(158):     <title>Web Tours</title>\n
..\\lib\\transaction.h(158):        <!-- Frame Set -->\n
..\\lib\\transaction.h(158):        <frameset cols="160,*" border="1" frameborder="1">\n
..\\lib\\transaction.h(158):           <!-- Navigation Frame -->\n
..\\lib\\transaction.h(158):           <frame src="nav.pl?in=home" name="navbar" marginheight="2" marginwidth="2" \n
..\\lib\\transaction.h(158):                 noresize="noresize" scrolling="auto"/>\n
..\\lib\\transaction.h(158):           <!-- Home Frame -->\n
..\\lib\\transaction.h(158):           <frame src="/WebTours/home.html" name="info" marginheight="2" marginwidth="2" \n
..\\lib\\transaction.h(158):                 noresize="noresize" scrolling="auto"/>\n
..\\lib\\transaction.h(158):        </frameset>\n
..\\lib\\transaction.h(158):     </html>\n
..\\lib\\transaction.h(158):     \n
..\\lib\\transaction.h(158):     </body>\n
..\\lib\\transaction.h(158):     </html>
..\\lib\\transaction.h(158): Detected non-resource "http://localhost:1080/cgi-bin/nav.pl?in=home" in "http://localhost:1080/cgi-bin/welcome.pl?signOff=1"  	[MsgId: MMSG-26574]
..\\lib\\transaction.h(158): Detected non-resource "http://localhost:1080/WebTours/home.html" in "http://localhost:1080/cgi-bin/welcome.pl?signOff=1"  	[MsgId: MMSG-26574]
..\\lib\\transaction.h(158): Retrieving data from cache for "http://localhost:1080/WebTours/home.html"  	[MsgId: MMSG-26558]
..\\lib\\transaction.h(158): t=7002925ms: 1361-byte response body retrieved from cache for "http://localhost:1080/WebTours/home.html" (RelFrameId=1.2, Internal ID=532)
..\\lib\\transaction.h(158):     <HTML>\n
..\\lib\\transaction.h(158):     <HEAD>\n
..\\lib\\transaction.h(158):     \t<title>Web Tours</title>\n
..\\lib\\transaction.h(158):     </HEAD>\n
..\\lib\\transaction.h(158):     <style>\n
..\\lib\\transaction.h(158):     \tblockquote {font-family: tahoma; font-size : 10pt}\n
..\\lib\\transaction.h(158):     \tH1 {font-family: tahoma; font-size : 22pt; color: #003366}\n
..\\lib\\transaction.h(158):     \tsmall {font-family: tahoma; font-size : 8pt}\n
..\\lib\\transaction.h(158):     \tH3{font-family: tahoma; font-size : 10pt; color: black}\n
..\\lib\\transaction.h(158):     \tA {FONT-WEIGHT: bold; FONT-SIZE: 10pt; COLOR: black; FONT-FAMILY: Tahoma; TEXT-DECORATIO
..\\lib\\transaction.h(158):     N: none}\n
..\\lib\\transaction.h(158):     \tA:hover{ FONT-WEIGHT: bold; FONT-SIZE: 10pt; COLOR: #993333; FONT-FAMILY: Tahoma;TEXT-DE
..\\lib\\transaction.h(158):     CORATION: underline}\n
..\\lib\\transaction.h(158):     \tTD {font-family: tahoma; font-size : 10pt; color: black}\n
..\\lib\\transaction.h(158):     </style>\n
..\\lib\\transaction.h(158):     <body bgcolor="#e0e7f1">\n
..\\lib\\transaction.h(158):     <BR/>\n
..\\lib\\transaction.h(158):     <BR/>\n
..\\lib\\transaction.h(158):     <BR/>\n
..\\lib\\transaction.h(158):     <br/>\n
..\\lib\\transaction.h(158):     <table border="0">\n
..\\lib\\transaction.h(158):     <tr><td></td></tr>\n
..\\lib\\transaction.h(158):     <TR><TD></TD></TR>\n
..\\lib\\transaction.h(158):     <TR><TD>\n
..\\lib\\transaction.h(158):     <blockquote>\n
..\\lib\\transaction.h(158):     <H1><b>Web Tours</b></H1>\n
..\\lib\\transaction.h(158):     Welcome to the Web Tours site.\n
..\\lib\\transaction.h(158):     <br/>\n
..\\lib\\transaction.h(158):     To make reservations,please enter your account information to the left.\n
..\\lib\\transaction.h(158):     <br/>\n
..\\lib\\transaction.h(158):     If you haven't registered yet, <A href="/cgi-bin/login.pl?username=&amp;password=&amp;getI
..\\lib\\transaction.h(158):     nfo=true" ><B>sign up now</B></A> to get access to all our resources.\n
..\\lib\\transaction.h(158):     <br/>\n
..\\lib\\transaction.h(158):     To configure the server options, use <A href="/cgi-bin/admin.pl" target="body" ><b>adminis
..\\lib\\transaction.h(158):     tration</b></A> link.\n
..\\lib\\transaction.h(158):     <br/><br/><br/><br/><br/><br/>\n
..\\lib\\transaction.h(158):     <br/><small>\n
..\\lib\\transaction.h(158):     This product uses parts of the SMT Kernel, Copyright (c) 1991-99 <A href="http://www.imati
..\\lib\\transaction.h(158):     x.com" target="new"><B><small>iMatix Corporation</small></B></A> \n
..\\lib\\transaction.h(158):     </small>\n
..\\lib\\transaction.h(158):     </blockquote></TD>\n
..\\lib\\transaction.h(158):     <TD></TD></TR>\n
..\\lib\\transaction.h(158):     </table>\n
..\\lib\\transaction.h(158):     </body>\n
..\\lib\\transaction.h(158):     </HTML>\n
..\\lib\\transaction.h(158): t=7002925ms: 5-byte chunked response overhead for "http://localhost:1080/cgi-bin/welcome.pl?signOff=1" (RelFrameId=1, Internal ID=530)
..\\lib\\transaction.h(158):     0\r\n
..\\lib\\transaction.h(158):     \r\n
..\\lib\\transaction.h(158): t=7002925ms: Request done "http://localhost:1080/cgi-bin/welcome.pl?signOff=1"  	[MsgId: MMSG-26000]
..\\lib\\transaction.h(158): t=7002925ms: Connecting [1] to host 127.0.0.1:1080  	[MsgId: MMSG-26000]
..\\lib\\transaction.h(158): t=7002942ms: Connected socket [1] from 127.0.0.1:64845 to 127.0.0.1:1080 in 17 ms  	[MsgId: MMSG-26000]
..\\lib\\transaction.h(158): t=7002942ms: 368-byte request headers for "http://localhost:1080/cgi-bin/nav.pl?in=home" (RelFrameId=1.1, Internal ID=531)
..\\lib\\transaction.h(158):     GET /cgi-bin/nav.pl?in=home HTTP/1.1\r\n
..\\lib\\transaction.h(158):     Referer: http://localhost:1080/cgi-bin/welcome.pl?signOff=1\r\n
..\\lib\\transaction.h(158):     User-Agent: Mozilla/5.0 (Windows NT 10.0; Win64; x64; rv:133.0) Gecko/20100101 Firefox/133
..\\lib\\transaction.h(158):     .0\r\n
..\\lib\\transaction.h(158):     Accept-Encoding: gzip, deflate\r\n
..\\lib\\transaction.h(158):     Accept-Language: ru-RU,ru;q=0.8,en-US;q=0.5,en;q=0.3\r\n
..\\lib\\transaction.h(158):     Accept: */*\r\n
..\\lib\\transaction.h(158):     Connection: Keep-Alive\r\n
..\\lib\\transaction.h(158):     Host: localhost:1080\r\n
..\\lib\\transaction.h(158):     Cookie: MSO=SID&1734587819\r\n
..\\lib\\transaction.h(158):     \r\n
..\\lib\\transaction.h(158): t=7002968ms: 255-byte response headers for "http://localhost:1080/cgi-bin/nav.pl?in=home" (RelFrameId=1.1, Internal ID=531)
..\\lib\\transaction.h(158):     HTTP/1.1 200 OK\r\n
..\\lib\\transaction.h(158):     Date: Thu, 19 Dec 2024 05:56:59 GMT\r\n
..\\lib\\transaction.h(158):     Server: Apache/2.4.58 (Unix)\r\n
..\\lib\\transaction.h(158):     Expires: Wed, 18 Dec 2024 05:56:59 GMT\r\n
..\\lib\\transaction.h(158):     Keep-Alive: timeout=5, max=100\r\n
..\\lib\\transaction.h(158):     Connection: Keep-Alive\r\n
..\\lib\\transaction.h(158):     Transfer-Encoding: chunked\r\n
..\\lib\\transaction.h(158):     Content-Type: text/html; charset=ISO-8859-1\r\n
..\\lib\\transaction.h(158):     \r\n
..\\lib\\transaction.h(158): t=7002968ms: 5-byte chunked response overhead for "http://localhost:1080/cgi-bin/nav.pl?in=home" (RelFrameId=1.1, Internal ID=531)
..\\lib\\transaction.h(158):     5d2\r\n
..\\lib\\transaction.h(158): t=7002968ms: 2-byte chunked response overhead for "http://localhost:1080/cgi-bin/nav.pl?in=home" (RelFrameId=1.1, Internal ID=531)
..\\lib\\transaction.h(158):     \r\n
..\\lib\\transaction.h(158): t=7002968ms: 1490-byte chunked response body for "http://localhost:1080/cgi-bin/nav.pl?in=home" (RelFrameId=1.1, Internal ID=531)
..\\lib\\transaction.h(158):     <!DOCTYPE html\n
..\\lib\\transaction.h(158):     \tPUBLIC "-//W3C//DTD XHTML 1.0 Transitional//EN"\n
..\\lib\\transaction.h(158):     \t "http://www.w3.org/TR/xhtml1/DTD/xhtml1-transitional.dtd">\n
..\\lib\\transaction.h(158):     <html xmlns="http://www.w3.org/1999/xhtml" lang="en-US" xml:lang="en-US">\n
..\\lib\\transaction.h(158):     <head>\n
..\\lib\\transaction.h(158):     <title>Web Tours Navigation Bar</title>\n
..\\lib\\transaction.h(158):     <meta http-equiv="Content-Type" content="text/html; charset=iso-8859-1" />\n
..\\lib\\transaction.h(158):     </head>\n
..\\lib\\transaction.h(158):     <body bgcolor="#E0E7F1">\n
..\\lib\\transaction.h(158):     <style>\n
..\\lib\\transaction.h(158):     blockquote {font-family: tahoma; font-size : 10pt}\n
..\\lib\\transaction.h(158):     H1 {font-family: tahoma; font-size : 22pt; color: #993333}\n
..\\lib\\transaction.h(158):     H3 {font-family: tahoma; font-size : 10pt; color: black}\n
..\\lib\\transaction.h(158):     small {font-family: tahoma; font-size : 8pt}\n
..\\lib\\transaction.h(158):     </style>\n
..\\lib\\transaction.h(158):     <form method="post" action="/cgi-bin/login.pl" target="body">\n
..\\lib\\transaction.h(158):     <input type="hidden" name="userSession" value="140509.341352774HccHttQpctfiDDDDtDDztpzQftH
..\\lib\\transaction.h(158):     f"/>\n
..\\lib\\transaction.h(158):     <table border="0"><tr><td>&nbsp;</td>\n
..\\lib\\transaction.h(158):     <td>&nbsp;</td></tr>\n
..\\lib\\transaction.h(158):     <tr><td>&nbsp;</td>\n
..\\lib\\transaction.h(158):     <td>&nbsp;</td></tr>\n
..\\lib\\transaction.h(158):     <tr><td>&nbsp;</td>\n
..\\lib\\transaction.h(158):     <td><small>&nbsp;Username</small></td></tr>\n
..\\lib\\transaction.h(158):     <tr><td>&nbsp;</td>\n
..\\lib\\transaction.h(158):     <td><input type="text" name="username" value="" size="14" maxlength="14"/></td></tr>\n
..\\lib\\transaction.h(158):     <tr><td>&nbsp;</td>\n
..\\lib\\transaction.h(158):     <td><small>&nbsp;Password</small></td>\n
..\\lib\\transaction.h(158):     <tr><td>&nbsp;</td>\n
..\\lib\\transaction.h(158):     <td><input type="password" name="password" value="" size="14" maxlength="14"/></td></tr>\n
..\\lib\\transaction.h(158):     <tr><td>&nbsp;</td>\n
..\\lib\\transaction.h(158):     <td>&nbsp;</td></tr>\n
..\\lib\\transaction.h(158):     <tr><td>&nbsp;</td>\n
..\\lib\\transaction.h(158):     <td><input type="image" name="login" value="Login" alt="Login" border="1" \n
..\\lib\\transaction.h(158):     src="/WebTours/images/mer_login.gif"/></td></tr>\n
..\\lib\\transaction.h(158):     <tr><td>&nbsp;</td><td>&nbsp;</td></tr>\n
..\\lib\\transaction.h(158):     </table><input type="hidden" name="JSFormSubmit" value="off"/>\n
..\\lib\\transaction.h(158):     </form>\n
..\\lib\\transaction.h(158):     \n
..\\lib\\transaction.h(158):     </body>\n
..\\lib\\transaction.h(158):     </html>\n
..\\lib\\transaction.h(158): Resource "http://localhost:1080/WebTours/images/mer_login.gif" is in the cache already and will not be downloaded again  	[MsgId: MMSG-26655]
..\\lib\\transaction.h(158): t=7002969ms: 5-byte chunked response overhead for "http://localhost:1080/cgi-bin/nav.pl?in=home" (RelFrameId=1.1, Internal ID=531)
..\\lib\\transaction.h(158):     0\r\n
..\\lib\\transaction.h(158):     \r\n
..\\lib\\transaction.h(158): t=7002969ms: Request done "http://localhost:1080/cgi-bin/nav.pl?in=home"  	[MsgId: MMSG-26000]
..\\lib\\transaction.h(158): web_url("welcome.pl_2") was successful, 2176 body bytes, 582 header bytes, 24 chunking overhead bytes  	[MsgId: MMSG-26385]
Action.c(86): Notify: Transaction "sign_off" ended with a "Pass" status (Duration: 0,0719).	[MsgId: MMSG-16873]
Action.c(88): Notify: Transaction "UC03_BuyTicket" ended with a "Pass" status (Duration: 26,8291 Think Time: 26,0532 Wasted Time: 0,0008).	[MsgId: MMSG-16870]
Ending action Action.	[MsgId: MMSG-15918]
Action was aborted.	[MsgId: MMSG-10694]
Ending Vuser...	[MsgId: MMSG-15966]
Starting action vuser_end.	[MsgId: MMSG-15919]
Ending action vuser_end.	[MsgId: MMSG-15918]
Vuser Terminated.	[MsgId: MMSG-15963]
t=7002969ms: Closed connection [0] to localhost:1080 after completing 1 request(s)  	[MsgId: MMSG-26000]
t=7002969ms: Closed connection [1] to localhost:1080 after completing 1 request(s)  	[MsgId: MMSG-26000]
HTML-Mode memory management statistics: Reusable=7, NonReusable=0, CsMemBlockSize=4096, checks disabled  	[MsgId: MMSG-26000]
Vuser 9 (thread 21820), ended OK."	[MsgId: MMSG-10695]
