Action.c(48):         </TD>\n
Action.c(48):         <TD align="center">Cost\n
Action.c(48):         </TD>\n
Action.c(48):       </TR>\n
Action.c(48):     \n
Action.c(48):     <!-- Flight reserved -->\n
Action.c(48):     <TR bgcolor="#EFF2F7">\n
Action.c(48):         <TD valign="top">1.</TD>\n
Action.c(48):         <TD align="left">\n
Action.c(48):            <b><u>9 Business Class tickets from Los Angeles to Sydney.</u></b>\n
Action.c(48):     <br/>\n
Action.c(48):     <center>\n
Action.c(48):            <i>\n
Action.c(48):               12/27/2024 :  11pm : Flight 383 leaves Los Angeles  for Sydney.<br>\n
Action.c(48):            <br/>\n
Action.c(48):         </TD>\n
Action.c(48):         <TD valign="top">\n
Action.c(48):              $7146\n
Action.c(48):         </TD>\n
Action.c(48):       </TR>\n
Action.c(48):     <!-- Total Cost -->\n
Action.c(48):       <TR bgcolor="#EFF2F7">\n
Action.c(48):         <TD>*\n
Action.c(48):         </TD>\n
Action.c(48):         <TD > Total Cost\n
Action.c(48):         </TD>\n
Action.c(48):         <TD>\n
Action.c(48):            <b> $7146 </b>\n
Action.c(48):         </TD>\n
Action.c(48):       </TR>\n
Action.c(48):     \n
Action.c(48):       <TR bgcolor="#EFF2F7">\n
Action.c(48):         <TD>-\n
Action.c(48):         </TD>\n
Action.c(48):         <TD >\n
Action.c(48):            Total Charged to Credit Card # 3057931154272637\n
Action.c(48):         </TD>\n
Action.c(48):         <TD>\n
Action.c(48):            <b> $7146 </b>\n
Action.c(48):         </TD>\n
Action.c(48):       </TR>\n
Action.c(48):     \n
Action.c(48):       <TR bgcolor="#EFF2F7">\n
Action.c(48):         <TD>*\n
Action.c(48):         </TD>\n
Action.c(48):         <TD >\n
Action.c(48):             Credit Account Balance\n
Action.c(48):         </TD>\n
Action.c(48):         <TD>\n
Action.c(48):            <b> $0.00 </b>\n
Action.c(48):         </TD>\n
Action.c(48):       </TR></Table>\n
Action.c(48):     <BR/>\n
Action.c(48):     <Table width="85%" border="0">\n
Action.c(48):       <tr>\n
Action.c(48):         <td align=right>\n
Action.c(48):     <form method="post" action="" enctype="multipart/form-data"><input type="image" name="Book
Action.c(48):      Another" src="/WebTours/images/bookanother.gif" border="0" /></form>    </td>\n
Action.c(48):       </tr>\n
Action.c(48):     </Table>\n
Action.c(48):     \n
Action.c(48):     </Center>\n
Action.c(48):     \n
Action.c(48):     </body>\n
Action.c(48):     </html>
Action.c(48): Found resource "http://localhost:1080/WebTours/images/bookanother.gif" in HTML "http://localhost:1080/cgi-bin/reservations.pl"  	[MsgId: MMSG-26659]
Action.c(48): t=3871555ms: 5-byte chunked response overhead for "http://localhost:1080/cgi-bin/reservations.pl" (RelFrameId=1, Internal ID=2488)
Action.c(48):     0\r\n
Action.c(48):     \r\n
Action.c(48): t=3871555ms: Request done "http://localhost:1080/cgi-bin/reservations.pl"  	[MsgId: MMSG-26000]
Action.c(48): t=3871555ms: Connecting [1] to host 127.0.0.1:1080  	[MsgId: MMSG-26000]
Action.c(48): t=3871555ms: Connected socket [1] from 127.0.0.1:64940 to 127.0.0.1:1080 in 0 ms  	[MsgId: MMSG-26000]
Action.c(48): t=3871556ms: 484-byte request headers for "http://localhost:1080/WebTours/images/bookanother.gif" (RelFrameId=, Internal ID=2489)
Action.c(48):     GET /WebTours/images/bookanother.gif HTTP/1.1\r\n
Action.c(48):     Referer: http://localhost:1080/cgi-bin/reservations.pl\r\n
Action.c(48):     User-Agent: Mozilla/5.0 (Windows NT 10.0; Win64; x64; rv:133.0) Gecko/20100101 Firefox/133
Action.c(48):     .0\r\n
Action.c(48):     Accept-Encoding: gzip, deflate\r\n
Action.c(48):     Accept-Language: ru-RU,ru;q=0.8,en-US;q=0.5,en;q=0.3\r\n
Action.c(48):     Accept: */*\r\n
Action.c(48):     Connection: Keep-Alive\r\n
Action.c(48):     Host: localhost:1080\r\n
Action.c(48):     Cookie: MSO=SID&1734707054; MTUserInfo=lastName&Wunhed%0A&username&Lambert&hash&52&address
Action.c(48):     2&Velen&address1&Kaer%20Morhen&firstName&Lambert\r\n
Action.c(48):     \r\n
Action.c(48): t=3871557ms: 283-byte response headers for "http://localhost:1080/WebTours/images/bookanother.gif" (RelFrameId=, Internal ID=2489)
Action.c(48):     HTTP/1.1 200 OK\r\n
Action.c(48):     Date: Fri, 20 Dec 2024 15:04:36 GMT\r\n
Action.c(48):     Server: Apache/2.4.58 (Unix)\r\n
Action.c(48):     Last-Modified: Fri, 15 Dec 2023 21:35:31 GMT\r\n
Action.c(48):     ETag: "326-60c932df4aec0"\r\n
Action.c(48):     Accept-Ranges: bytes\r\n
Action.c(48):     Content-Length: 806\r\n
Action.c(48):     Keep-Alive: timeout=5, max=100\r\n
Action.c(48):     Connection: Keep-Alive\r\n
Action.c(48):     Content-Type: image/gif\r\n
Action.c(48):     \r\n
Action.c(48): t=3871557ms: 806-byte response body for "http://localhost:1080/WebTours/images/bookanother.gif" (RelFrameId=, Internal ID=2489)
Action.c(48): t=3871557ms: Request done "http://localhost:1080/WebTours/images/bookanother.gif"  	[MsgId: MMSG-26000]
Action.c(48): Registered web_reg_find successful for "Text=Thank you for booking through Web Tours" (count=1)  	[MsgId: MMSG-26364]
Action.c(48): Registered web_reg_find successful for "Text=from Los Angeles to Sydney" (count=1)  	[MsgId: MMSG-26364]
Action.c(48): web_submit_data("reservations.pl_3") was successful, 3296 body bytes, 670 header bytes, 12 chunking overhead bytes  	[MsgId: MMSG-26385]
Action.c(77): lr_think_time: 5,00 seconds.	[MsgId: MMSG-15948]
Action.c(24): Notify: Transaction "flights_page" ended with a "Pass" status (Duration: 3,0939 Think Time: 3,0019 Wasted Time: 0,0006).	[MsgId: MMSG-16870]
Action.c(26): Notify: Transaction "find_flight" started.	[MsgId: MMSG-16999]
..\\lib\\transaction.h(83): web_reg_find started  	[MsgId: MMSG-26355]
..\\lib\\transaction.h(83): Notify: Parameter Substitution: parameter "departCity" =  "Paris"	[MsgId: MMSG-13992]
..\\lib\\transaction.h(83): Notify: Parameter Substitution: parameter "returnCity" =  "San Francisco"	[MsgId: MMSG-13992]
..\\lib\\transaction.h(83): Registering web_reg_find was successful  	[MsgId: MMSG-26390]
..\\lib\\transaction.h(85): web_reg_save_param started  	[MsgId: MMSG-26355]
..\\lib\\transaction.h(85): Registering web_reg_save_param was successful  	[MsgId: MMSG-26390]
..\\lib\\transaction.h(91): web_submit_data("reservations.pl") started  	[MsgId: MMSG-26355]
..\\lib\\transaction.h(91): Notify: Parameter Substitution: parameter "departCity" =  "Paris"	[MsgId: MMSG-13992]
..\\lib\\transaction.h(91): Notify: Parameter Substitution: parameter "departDate" =  "12/27/2024"	[MsgId: MMSG-13992]
..\\lib\\transaction.h(91): Notify: Parameter Substitution: parameter "returnCity" =  "San Francisco"	[MsgId: MMSG-13992]
..\\lib\\transaction.h(91): Notify: Parameter Substitution: parameter "returnDate" =  "01/03/2025"	[MsgId: MMSG-13992]
..\\lib\\transaction.h(91): Notify: Parameter Substitution: parameter "randNumber" =  "3"	[MsgId: MMSG-13992]
..\\lib\\transaction.h(91): Notify: Parameter Substitution: parameter "seatPref" =  "Aisle"	[MsgId: MMSG-13992]
..\\lib\\transaction.h(91): Notify: Parameter Substitution: parameter "seatType" =  "First"	[MsgId: MMSG-13992]
..\\lib\\transaction.h(91): t=3873215ms: Already connected [0] to localhost:1080  	[MsgId: MMSG-26000]
..\\lib\\transaction.h(91): t=3873215ms: 584-byte request headers for "http://localhost:1080/cgi-bin/reservations.pl" (RelFrameId=1, Internal ID=2486)
..\\lib\\transaction.h(91):     POST /cgi-bin/reservations.pl HTTP/1.1\r\n
..\\lib\\transaction.h(91):     Content-Type: application/x-www-form-urlencoded\r\n
..\\lib\\transaction.h(91):     Referer: http://localhost:1080/cgi-bin/reservations.pl?page=welcome\r\n
..\\lib\\transaction.h(91):     User-Agent: Mozilla/5.0 (Windows NT 10.0; Win64; x64; rv:133.0) Gecko/20100101 Firefox/133
..\\lib\\transaction.h(91):     .0\r\n
..\\lib\\transaction.h(91):     Accept-Encoding: gzip, deflate\r\n
..\\lib\\transaction.h(91):     Accept-Language: ru-RU,ru;q=0.8,en-US;q=0.5,en;q=0.3\r\n
..\\lib\\transaction.h(91):     Accept: */*\r\n
..\\lib\\transaction.h(91):     Connection: Keep-Alive\r\n
..\\lib\\transaction.h(91):     Host: localhost:1080\r\n
..\\lib\\transaction.h(91):     Cookie: MSO=SID&1734707066; MTUserInfo=firstName&Lambert&address1&Kaer%20Morhen&creditCard
..\\lib\\transaction.h(91):     &&hash&52&lastName&Wunhed%0A&expDate&%0A&address2&Velen&username&Lambert\r\n
..\\lib\\transaction.h(91):     Content-Length: 243\r\n
..\\lib\\transaction.h(91):     \r\n
..\\lib\\transaction.h(91): t=3873215ms: 243-byte request body for "http://localhost:1080/cgi-bin/reservations.pl" (RelFrameId=1, Internal ID=2486)
..\\lib\\transaction.h(91):     advanceDiscount=0&depart=Paris&departDate=12%2F27%2F2024&arrive=San+Francisco&returnDate=0
..\\lib\\transaction.h(91):     1%2F03%2F2025&numPassengers=3&seatPref=Aisle&seatType=First&findFlights.x=66&findFlights.y
..\\lib\\transaction.h(91):     =7&.cgifields=roundtrip&.cgifields=seatType&.cgifields=seatPref
..\\lib\\transaction.h(91): t=3873250ms: 254-byte response headers for "http://localhost:1080/cgi-bin/reservations.pl" (RelFrameId=1, Internal ID=2486)
..\\lib\\transaction.h(91):     HTTP/1.1 200 OK\r\n
..\\lib\\transaction.h(91):     Date: Fri, 20 Dec 2024 15:04:38 GMT\r\n
..\\lib\\transaction.h(91):     Server: Apache/2.4.58 (Unix)\r\n
..\\lib\\transaction.h(91):     Expires: Thu, 19 Dec 2024 15:04:38 GMT\r\n
..\\lib\\transaction.h(91):     Keep-Alive: timeout=5, max=97\r\n
..\\lib\\transaction.h(91):     Connection: Keep-Alive\r\n
..\\lib\\transaction.h(91):     Transfer-Encoding: chunked\r\n
..\\lib\\transaction.h(91):     Content-Type: text/html; charset=ISO-8859-1\r\n
..\\lib\\transaction.h(91):     \r\n
..\\lib\\transaction.h(91): t=3873250ms: 5-byte chunked response overhead for "http://localhost:1080/cgi-bin/reservations.pl" (RelFrameId=1, Internal ID=2486)
..\\lib\\transaction.h(91):     988\r\n
..\\lib\\transaction.h(91): t=3873250ms: 2-byte chunked response overhead for "http://localhost:1080/cgi-bin/reservations.pl" (RelFrameId=1, Internal ID=2486)
..\\lib\\transaction.h(91):     \r\n
..\\lib\\transaction.h(91): t=3873250ms: 2440-byte chunked response body for "http://localhost:1080/cgi-bin/reservations.pl" (RelFrameId=1, Internal ID=2486)
..\\lib\\transaction.h(91):     <!DOCTYPE html\n
..\\lib\\transaction.h(91):     \tPUBLIC "-//W3C//DTD XHTML 1.0 Transitional//EN"\n
..\\lib\\transaction.h(91):     \t "http://www.w3.org/TR/xhtml1/DTD/xhtml1-transitional.dtd">\n
..\\lib\\transaction.h(91):     <html xmlns="http://www.w3.org/1999/xhtml" lang="en-US" xml:lang="en-US">\n
..\\lib\\transaction.h(91):     <head>\n
..\\lib\\transaction.h(91):     <title>Flight Selections</title>\n
..\\lib\\transaction.h(91):     <meta http-equiv="Content-Type" content="text/html; charset=iso-8859-1" />\n
..\\lib\\transaction.h(91):     </head>\n
..\\lib\\transaction.h(91):     <body bgcolor="#E0E7F1">\n
..\\lib\\transaction.h(91):     <style>blockquote {font-family: tahoma; font-size : 10pt}H1 {font-family: tahoma; font-siz
..\\lib\\transaction.h(91):     e : 22pt; color: #993333}small {font-family: tahoma; font-size : 8pt}H3 {font-family: taho
..\\lib\\transaction.h(91):     ma; font-size : 10pt; color: black}TD {font-family: tahoma; font-size : 10pt; color: black
..\\lib\\transaction.h(91):     }</style><BR/><BR/><h1><font color="#003366">&nbsp;&nbsp;<b>Find Flight</font></b></h1><bl
..\\lib\\transaction.h(91):     ockquote>\n
..\\lib\\transaction.h(91):     <form method="post" action="reservations.pl" enctype="multipart/form-data">\n
..\\lib\\transaction.h(91):     <center>\n
..\\lib\\transaction.h(91):     <!-- From Paris (4) To San Francisco (6) -->\n
..\\lib\\transaction.h(91):     <table cellspacing="2" border="0" width="50%">\n
..\\lib\\transaction.h(91):     <blockquote>Flight departing from <B>Paris</B> to <B>San Francisco</B> on <B>12/27/2024</B
..\\lib\\transaction.h(91):     ><BR/><BR/><tr bgcolor="#5E7884"><td align="center"><font color="white"><B>Flight</B></fon
..\\lib\\transaction.h(91):     t>\n
..\\lib\\transaction.h(91):           \t\t<td align="center"><font color="white"><B>Departure time</B>\n
..\\lib\\transaction.h(91):           \t\t<td align="center"><font color="white"><B>Cost</B>\n
..\\lib\\transaction.h(91):     <tr bgcolor="#EFF2F7"><td align="center"><input type="radio" name="outboundFlight" value="
..\\lib\\transaction.h(91):     460;1167;12/27/2024" checked="checked" >Blue Sky Air 460<td align="center">8am<td align="c
..\\lib\\transaction.h(91):     enter">$ 1167</TD></TR><tr bgcolor="#EFF2F7"><td align="center"><input type="radio" name="
..\\lib\\transaction.h(91):     outboundFlight" value="461;1040;12/27/2024">Blue Sky Air 461<td align="center">1pm<td alig
..\\lib\\transaction.h(91):     n="center">$ 1040</TD></TR><tr bgcolor="#EFF2F7"><td align="center"><input type="radio" na
..\\lib\\transaction.h(91):     me="outboundFlight" value="462;1103;12/27/2024">Blue Sky Air 462<td align="center">5pm<td 
..\\lib\\transaction.h(91):     align="center">$ 1103</TD></TR><tr bgcolor="#EFF2F7"><td align="center"><input type="radio
..\\lib\\transaction.h(91):     " name="outboundFlight" value="463;955;12/27/2024">Blue Sky Air 463<td align="center">11pm
..\\lib\\transaction.h(91):     <td align="center">$ 955</TD></TR></table>\n
..\\lib\\transaction.h(91):     \n
..\\lib\\transaction.h(91):     <input type="hidden" name="numPassengers" value="3"  /><input type="hidden" name="advanceD
..\\lib\\transaction.h(91):     iscount" value="0"  /><input type="hidden" name="seatType" value="First"  /><input type="h
..\\lib\\transaction.h(91):     idden" name="seatPref" value="Aisle"  />\n
..\\lib\\transaction.h(91):     <P><center><table width=80% cellspacing=1><tr><td align=center>\n
..\\lib\\transaction.h(91):     <input type="image" name="reserveFlights" src="/WebTours/images/button_next.gif" border="0
..\\lib\\transaction.h(91):     " />\n
..\\lib\\transaction.h(91):     <td>&nbsp;<td align=center></table></center></form></center>\n
..\\lib\\transaction.h(91):     </blockquote>\n
..\\lib\\transaction.h(91):     \n
..\\lib\\transaction.h(91):     </body>\n
..\\lib\\transaction.h(91):     </html>
..\\lib\\transaction.h(91): Notify: Saving Parameter "outboundFlight_1 = 460;1167;12/27/2024".	[MsgId: MMSG-13798]
..\\lib\\transaction.h(91): Notify: Saving Parameter "outboundFlight_2 = 461;1040;12/27/2024".	[MsgId: MMSG-13798]
..\\lib\\transaction.h(91): Notify: Saving Parameter "outboundFlight_3 = 462;1103;12/27/2024".	[MsgId: MMSG-13798]
..\\lib\\transaction.h(91): Notify: Saving Parameter "outboundFlight_4 = 463;955;12/27/2024".	[MsgId: MMSG-13798]
..\\lib\\transaction.h(91): Resource "http://localhost:1080/WebTours/images/button_next.gif" is in the cache already and will not be downloaded again  	[MsgId: MMSG-26655]
..\\lib\\transaction.h(91): t=3873251ms: 5-byte chunked response overhead for "http://localhost:1080/cgi-bin/reservations.pl" (RelFrameId=1, Internal ID=2486)
..\\lib\\transaction.h(91):     0\r\n
..\\lib\\transaction.h(91):     \r\n
..\\lib\\transaction.h(91): t=3873251ms: Request done "http://localhost:1080/cgi-bin/reservations.pl"  	[MsgId: MMSG-26000]
..\\lib\\transaction.h(91): Registered web_reg_find successful for "Text=<B>Paris</B> to <B>San Francisco</B>" (count=1)  	[MsgId: MMSG-26364]
..\\lib\\transaction.h(91): Notify: Saving Parameter "outboundFlight_count = 4".	[MsgId: MMSG-13798]
..\\lib\\transaction.h(91): web_submit_data("reservations.pl") was successful, 2440 body bytes, 254 header bytes, 12 chunking overhead bytes  	[MsgId: MMSG-26385]
..\\lib\\transaction.h(115): Notify: Parameter Substitution: parameter "outboundFlight_count" =  "4"	[MsgId: MMSG-13992]
..\\lib\\transaction.h(115): Notify: Parameter Substitution: parameter "outboundFlight_3" =  "462;1103;12/27/2024"	[MsgId: MMSG-13992]
..\\lib\\transaction.h(115): Notify: Saving Parameter "outboundFlight = 462;1103;12/27/2024".	[MsgId: MMSG-13798]
Action.c(29): lr_think_time: 5,00 seconds.	[MsgId: MMSG-15948]
Action.c(79): Notify: Transaction "buy_ticket" ended with a "Pass" status (Duration: 5,0632 Think Time: 5,0119 Wasted Time: 0,0000).	[MsgId: MMSG-16870]
Action.c(82): Notify: Transaction "sign_off" started.	[MsgId: MMSG-16999]
..\\lib\\transaction.h(158): web_url("welcome.pl_2") started  	[MsgId: MMSG-26355]
..\\lib\\transaction.h(158): t=3876570ms: Closed connection [0] to localhost:1080 after completing 1 request(s)  	[MsgId: MMSG-26000]
..\\lib\\transaction.h(158): t=3876571ms: Connecting [0] to host 127.0.0.1:1080  	[MsgId: MMSG-26000]
..\\lib\\transaction.h(158): t=3876571ms: Connected socket [0] from 127.0.0.1:64959 to 127.0.0.1:1080 in 0 ms  	[MsgId: MMSG-26000]
..\\lib\\transaction.h(158): t=3876571ms: 490-byte request headers for "http://localhost:1080/cgi-bin/welcome.pl?signOff=1" (RelFrameId=1, Internal ID=2490)
..\\lib\\transaction.h(158):     GET /cgi-bin/welcome.pl?signOff=1 HTTP/1.1\r\n
..\\lib\\transaction.h(158):     Referer: http://localhost:1080/cgi-bin/nav.pl?page=menu&in=home\r\n
..\\lib\\transaction.h(158):     User-Agent: Mozilla/5.0 (Windows NT 10.0; Win64; x64; rv:133.0) Gecko/20100101 Firefox/133
..\\lib\\transaction.h(158):     .0\r\n
..\\lib\\transaction.h(158):     Accept-Encoding: gzip, deflate\r\n
..\\lib\\transaction.h(158):     Accept-Language: ru-RU,ru;q=0.8,en-US;q=0.5,en;q=0.3\r\n
..\\lib\\transaction.h(158):     Accept: */*\r\n
..\\lib\\transaction.h(158):     Connection: Keep-Alive\r\n
..\\lib\\transaction.h(158):     Host: localhost:1080\r\n
..\\lib\\transaction.h(158):     Cookie: MSO=SID&1734707054; MTUserInfo=lastName&Wunhed%0A&username&Lambert&hash&52&address
..\\lib\\transaction.h(158):     2&Velen&address1&Kaer%20Morhen&firstName&Lambert\r\n
..\\lib\\transaction.h(158):     \r\n
..\\lib\\transaction.h(158): t=3876573ms: Inactive socket [1] was closed by localhost:1080, probably due to Keep-Alive timeout  	[MsgId: MMSG-26000]
..\\lib\\transaction.h(158): t=3876573ms: Closed connection [1] to localhost:1080 after completing 1 request(s)  	[MsgId: MMSG-26000]
..\\lib\\transaction.h(158): t=3876601ms: 327-byte response headers for "http://localhost:1080/cgi-bin/welcome.pl?signOff=1" (RelFrameId=1, Internal ID=2490)
..\\lib\\transaction.h(158):     HTTP/1.1 200 OK\r\n
..\\lib\\transaction.h(158):     Date: Fri, 20 Dec 2024 15:04:41 GMT\r\n
..\\lib\\transaction.h(158):     Server: Apache/2.4.58 (Unix)\r\n
..\\lib\\transaction.h(158):     Set-Cookie: MSO=SID&1734707081; path=/\r\n
..\\lib\\transaction.h(158):     Set-Cookie: MTUserInfo=; path=/; expires=Thu, 19-Dec-2024 15:04:41 GMT\r\n
..\\lib\\transaction.h(158):     Keep-Alive: timeout=5, max=100\r\n
..\\lib\\transaction.h(158):     Connection: Keep-Alive\r\n
..\\lib\\transaction.h(158):     Transfer-Encoding: chunked\r\n
..\\lib\\transaction.h(158):     Content-Type: text/html; charset=ISO-8859-1\r\n
..\\lib\\transaction.h(158):     \r\n
..\\lib\\transaction.h(158): t=3876601ms: 5-byte chunked response overhead for "http://localhost:1080/cgi-bin/welcome.pl?signOff=1" (RelFrameId=1, Internal ID=2490)
..\\lib\\transaction.h(158):     2ae\r\n
..\\lib\\transaction.h(158): t=3876601ms: 2-byte chunked response overhead for "http://localhost:1080/cgi-bin/welcome.pl?signOff=1" (RelFrameId=1, Internal ID=2490)
..\\lib\\transaction.h(158):     \r\n
..\\lib\\transaction.h(158): t=3876601ms: 686-byte chunked response body for "http://localhost:1080/cgi-bin/welcome.pl?signOff=1" (RelFrameId=1, Internal ID=2490)
..\\lib\\transaction.h(158):     <!-- \n
..\\lib\\transaction.h(158):      A Session ID has been created and loaded into a cookie called MSO.\n
..\\lib\\transaction.h(158):      Also, the server options have been loaded into the cookie called\n
..\\lib\\transaction.h(158):      MSO as well.  The server options can be set via the Admin page.\n
..\\lib\\transaction.h(158):      --->\n
..\\lib\\transaction.h(158):     \n
..\\lib\\transaction.h(158):     <html>\n
..\\lib\\transaction.h(158):     <title>Web Tours</title>\n
..\\lib\\transaction.h(158):        <!-- Frame Set -->\n
..\\lib\\transaction.h(158):        <frameset cols="160,*" border="1" frameborder="1">\n
..\\lib\\transaction.h(158):           <!-- Navigation Frame -->\n
..\\lib\\transaction.h(158):           <frame src="nav.pl?in=home" name="navbar" marginheight="2" marginwidth="2" \n
..\\lib\\transaction.h(158):                 noresize="noresize" scrolling="auto"/>\n
..\\lib\\transaction.h(158):           <!-- Home Frame -->\n
..\\lib\\transaction.h(158):           <frame src="/WebTours/home.html" name="info" marginheight="2" marginwidth="2" \n
..\\lib\\transaction.h(158):                 noresize="noresize" scrolling="auto"/>\n
..\\lib\\transaction.h(158):        </frameset>\n
..\\lib\\transaction.h(158):     </html>\n
..\\lib\\transaction.h(158):     \n
..\\lib\\transaction.h(158):     </body>\n
..\\lib\\transaction.h(158):     </html>
..\\lib\\transaction.h(158): Detected non-resource "http://localhost:1080/cgi-bin/nav.pl?in=home" in "http://localhost:1080/cgi-bin/welcome.pl?signOff=1"  	[MsgId: MMSG-26574]
..\\lib\\transaction.h(158): Detected non-resource "http://localhost:1080/WebTours/home.html" in "http://localhost:1080/cgi-bin/welcome.pl?signOff=1"  	[MsgId: MMSG-26574]
..\\lib\\transaction.h(158): Retrieving data from cache for "http://localhost:1080/WebTours/home.html"  	[MsgId: MMSG-26558]
..\\lib\\transaction.h(158): t=3876601ms: 1361-byte response body retrieved from cache for "http://localhost:1080/WebTours/home.html" (RelFrameId=1.2, Internal ID=2492)
..\\lib\\transaction.h(158):     <HTML>\n
..\\lib\\transaction.h(158):     <HEAD>\n
..\\lib\\transaction.h(158):     \t<title>Web Tours</title>\n
..\\lib\\transaction.h(158):     </HEAD>\n
..\\lib\\transaction.h(158):     <style>\n
..\\lib\\transaction.h(158):     \tblockquote {font-family: tahoma; font-size : 10pt}\n
..\\lib\\transaction.h(158):     \tH1 {font-family: tahoma; font-size : 22pt; color: #003366}\n
..\\lib\\transaction.h(158):     \tsmall {font-family: tahoma; font-size : 8pt}\n
..\\lib\\transaction.h(158):     \tH3{font-family: tahoma; font-size : 10pt; color: black}\n
..\\lib\\transaction.h(158):     \tA {FONT-WEIGHT: bold; FONT-SIZE: 10pt; COLOR: black; FONT-FAMILY: Tahoma; TEXT-DECORATIO
..\\lib\\transaction.h(158):     N: none}\n
..\\lib\\transaction.h(158):     \tA:hover{ FONT-WEIGHT: bold; FONT-SIZE: 10pt; COLOR: #993333; FONT-FAMILY: Tahoma;TEXT-DE
..\\lib\\transaction.h(158):     CORATION: underline}\n
..\\lib\\transaction.h(158):     \tTD {font-family: tahoma; font-size : 10pt; color: black}\n
..\\lib\\transaction.h(158):     </style>\n
..\\lib\\transaction.h(158):     <body bgcolor="#e0e7f1">\n
..\\lib\\transaction.h(158):     <BR/>\n
..\\lib\\transaction.h(158):     <BR/>\n
..\\lib\\transaction.h(158):     <BR/>\n
..\\lib\\transaction.h(158):     <br/>\n
..\\lib\\transaction.h(158):     <table border="0">\n
..\\lib\\transaction.h(158):     <tr><td></td></tr>\n
..\\lib\\transaction.h(158):     <TR><TD></TD></TR>\n
..\\lib\\transaction.h(158):     <TR><TD>\n
..\\lib\\transaction.h(158):     <blockquote>\n
..\\lib\\transaction.h(158):     <H1><b>Web Tours</b></H1>\n
..\\lib\\transaction.h(158):     Welcome to the Web Tours site.\n
..\\lib\\transaction.h(158):     <br/>\n
..\\lib\\transaction.h(158):     To make reservations,please enter your account information to the left.\n
..\\lib\\transaction.h(158):     <br/>\n
..\\lib\\transaction.h(158):     If you haven't registered yet, <A href="/cgi-bin/login.pl?username=&amp;password=&amp;getI
..\\lib\\transaction.h(158):     nfo=true" ><B>sign up now</B></A> to get access to all our resources.\n
..\\lib\\transaction.h(158):     <br/>\n
..\\lib\\transaction.h(158):     To configure the server options, use <A href="/cgi-bin/admin.pl" target="body" ><b>adminis
..\\lib\\transaction.h(158):     tration</b></A> link.\n
..\\lib\\transaction.h(158):     <br/><br/><br/><br/><br/><br/>\n
..\\lib\\transaction.h(158):     <br/><small>\n
..\\lib\\transaction.h(158):     This product uses parts of the SMT Kernel, Copyright (c) 1991-99 <A href="http://www.imati
..\\lib\\transaction.h(158):     x.com" target="new"><B><small>iMatix Corporation</small></B></A> \n
..\\lib\\transaction.h(158):     </small>\n
..\\lib\\transaction.h(158):     </blockquote></TD>\n
..\\lib\\transaction.h(158):     <TD></TD></TR>\n
..\\lib\\transaction.h(158):     </table>\n
..\\lib\\transaction.h(158):     </body>\n
..\\lib\\transaction.h(158):     </HTML>\n
..\\lib\\transaction.h(158): t=3876602ms: 5-byte chunked response overhead for "http://localhost:1080/cgi-bin/welcome.pl?signOff=1" (RelFrameId=1, Internal ID=2490)
..\\lib\\transaction.h(158):     0\r\n
..\\lib\\transaction.h(158):     \r\n
..\\lib\\transaction.h(158): t=3876602ms: Request done "http://localhost:1080/cgi-bin/welcome.pl?signOff=1"  	[MsgId: MMSG-26000]
..\\lib\\transaction.h(158): t=3876602ms: Connecting [1] to host 127.0.0.1:1080  	[MsgId: MMSG-26000]
..\\lib\\transaction.h(158): t=3876602ms: Connected socket [1] from 127.0.0.1:64960 to 127.0.0.1:1080 in 0 ms  	[MsgId: MMSG-26000]
..\\lib\\transaction.h(158): t=3876602ms: 368-byte request headers for "http://localhost:1080/cgi-bin/nav.pl?in=home" (RelFrameId=1.1, Internal ID=2491)
..\\lib\\transaction.h(158):     GET /cgi-bin/nav.pl?in=home HTTP/1.1\r\n
..\\lib\\transaction.h(158):     Referer: http://localhost:1080/cgi-bin/welcome.pl?signOff=1\r\n
..\\lib\\transaction.h(158):     User-Agent: Mozilla/5.0 (Windows NT 10.0; Win64; x64; rv:133.0) Gecko/20100101 Firefox/133
..\\lib\\transaction.h(158):     .0\r\n
..\\lib\\transaction.h(158):     Accept-Encoding: gzip, deflate\r\n
..\\lib\\transaction.h(158):     Accept-Language: ru-RU,ru;q=0.8,en-US;q=0.5,en;q=0.3\r\n
..\\lib\\transaction.h(158):     Accept: */*\r\n
..\\lib\\transaction.h(158):     Connection: Keep-Alive\r\n
..\\lib\\transaction.h(158):     Host: localhost:1080\r\n
..\\lib\\transaction.h(158):     Cookie: MSO=SID&1734707081\r\n
..\\lib\\transaction.h(158):     \r\n
..\\lib\\transaction.h(158): t=3876629ms: 255-byte response headers for "http://localhost:1080/cgi-bin/nav.pl?in=home" (RelFrameId=1.1, Internal ID=2491)
..\\lib\\transaction.h(158):     HTTP/1.1 200 OK\r\n
..\\lib\\transaction.h(158):     Date: Fri, 20 Dec 2024 15:04:41 GMT\r\n
..\\lib\\transaction.h(158):     Server: Apache/2.4.58 (Unix)\r\n
..\\lib\\transaction.h(158):     Expires: Thu, 19 Dec 2024 15:04:41 GMT\r\n
..\\lib\\transaction.h(158):     Keep-Alive: timeout=5, max=100\r\n
..\\lib\\transaction.h(158):     Connection: Keep-Alive\r\n
..\\lib\\transaction.h(158):     Transfer-Encoding: chunked\r\n
..\\lib\\transaction.h(158):     Content-Type: text/html; charset=ISO-8859-1\r\n
..\\lib\\transaction.h(158):     \r\n
..\\lib\\transaction.h(158): t=3876629ms: 5-byte chunked response overhead for "http://localhost:1080/cgi-bin/nav.pl?in=home" (RelFrameId=1.1, Internal ID=2491)
..\\lib\\transaction.h(158):     5d2\r\n
..\\lib\\transaction.h(158): t=3876629ms: 2-byte chunked response overhead for "http://localhost:1080/cgi-bin/nav.pl?in=home" (RelFrameId=1.1, Internal ID=2491)
..\\lib\\transaction.h(158):     \r\n
..\\lib\\transaction.h(158): t=3876629ms: 1490-byte chunked response body for "http://localhost:1080/cgi-bin/nav.pl?in=home" (RelFrameId=1.1, Internal ID=2491)
..\\lib\\transaction.h(158):     <!DOCTYPE html\n
..\\lib\\transaction.h(158):     \tPUBLIC "-//W3C//DTD XHTML 1.0 Transitional//EN"\n
..\\lib\\transaction.h(158):     \t "http://www.w3.org/TR/xhtml1/DTD/xhtml1-transitional.dtd">\n
..\\lib\\transaction.h(158):     <html xmlns="http://www.w3.org/1999/xhtml" lang="en-US" xml:lang="en-US">\n
..\\lib\\transaction.h(158):     <head>\n
..\\lib\\transaction.h(158):     <title>Web Tours Navigation Bar</title>\n
..\\lib\\transaction.h(158):     <meta http-equiv="Content-Type" content="text/html; charset=iso-8859-1" />\n
..\\lib\\transaction.h(158):     </head>\n
..\\lib\\transaction.h(158):     <body bgcolor="#E0E7F1">\n
..\\lib\\transaction.h(158):     <style>\n
..\\lib\\transaction.h(158):     blockquote {font-family: tahoma; font-size : 10pt}\n
..\\lib\\transaction.h(158):     H1 {font-family: tahoma; font-size : 22pt; color: #993333}\n
..\\lib\\transaction.h(158):     H3 {font-family: tahoma; font-size : 10pt; color: black}\n
..\\lib\\transaction.h(158):     small {font-family: tahoma; font-size : 8pt}\n
..\\lib\\transaction.h(158):     </style>\n
..\\lib\\transaction.h(158):     <form method="post" action="/cgi-bin/login.pl" target="body">\n
..\\lib\\transaction.h(158):     <input type="hidden" name="userSession" value="140519.002106116HccHQtzpVHAiDDDDtDDzHpzHHAc
..\\lib\\transaction.h(158):     f"/>\n
..\\lib\\transaction.h(158):     <table border="0"><tr><td>&nbsp;</td>\n
..\\lib\\transaction.h(158):     <td>&nbsp;</td></tr>\n
..\\lib\\transaction.h(158):     <tr><td>&nbsp;</td>\n
..\\lib\\transaction.h(158):     <td>&nbsp;</td></tr>\n
..\\lib\\transaction.h(158):     <tr><td>&nbsp;</td>\n
..\\lib\\transaction.h(158):     <td><small>&nbsp;Username</small></td></tr>\n
..\\lib\\transaction.h(158):     <tr><td>&nbsp;</td>\n
..\\lib\\transaction.h(158):     <td><input type="text" name="username" value="" size="14" maxlength="14"/></td></tr>\n
..\\lib\\transaction.h(158):     <tr><td>&nbsp;</td>\n
..\\lib\\transaction.h(158):     <td><small>&nbsp;Password</small></td>\n
..\\lib\\transaction.h(158):     <tr><td>&nbsp;</td>\n
..\\lib\\transaction.h(158):     <td><input type="password" name="password" value="" size="14" maxlength="14"/></td></tr>\n
..\\lib\\transaction.h(158):     <tr><td>&nbsp;</td>\n
..\\lib\\transaction.h(158):     <td>&nbsp;</td></tr>\n
..\\lib\\transaction.h(158):     <tr><td>&nbsp;</td>\n
..\\lib\\transaction.h(158):     <td><input type="image" name="login" value="Login" alt="Login" border="1" \n
..\\lib\\transaction.h(158):     src="/WebTours/images/mer_login.gif"/></td></tr>\n
..\\lib\\transaction.h(158):     <tr><td>&nbsp;</td><td>&nbsp;</td></tr>\n
..\\lib\\transaction.h(158):     </table><input type="hidden" name="JSFormSubmit" value="off"/>\n
..\\lib\\transaction.h(158):     </form>\n
..\\lib\\transaction.h(158):     \n
..\\lib\\transaction.h(158):     </body>\n
..\\lib\\transaction.h(158):     </html>\n
..\\lib\\transaction.h(158): Resource "http://localhost:1080/WebTours/images/mer_login.gif" is in the cache already and will not be downloaded again  	[MsgId: MMSG-26655]
..\\lib\\transaction.h(158): t=3876629ms: 5-byte chunked response overhead for "http://localhost:1080/cgi-bin/nav.pl?in=home" (RelFrameId=1.1, Internal ID=2491)
..\\lib\\transaction.h(158):     0\r\n
..\\lib\\transaction.h(158):     \r\n
..\\lib\\transaction.h(158): t=3876629ms: Request done "http://localhost:1080/cgi-bin/nav.pl?in=home"  	[MsgId: MMSG-26000]
..\\lib\\transaction.h(158): web_url("welcome.pl_2") was successful, 2176 body bytes, 582 header bytes, 24 chunking overhead bytes  	[MsgId: MMSG-26385]
Action.c(86): Notify: Transaction "sign_off" ended with a "Pass" status (Duration: 0,0598).	[MsgId: MMSG-16873]
Action.c(88): Notify: Transaction "UC03_BuyTicket" ended with a "Pass" status (Duration: 27,1335 Think Time: 26,0589 Wasted Time: 0,0008).	[MsgId: MMSG-16870]
Ending action Action.	[MsgId: MMSG-15918]
Action was aborted.	[MsgId: MMSG-10694]
Ending Vuser...	[MsgId: MMSG-15966]
Starting action vuser_end.	[MsgId: MMSG-15919]
Ending action vuser_end.	[MsgId: MMSG-15918]
Vuser Terminated.	[MsgId: MMSG-15963]
t=3876630ms: Closed connection [0] to localhost:1080 after completing 1 request(s)  	[MsgId: MMSG-26000]
t=3876630ms: Closed connection [1] to localhost:1080 after completing 1 request(s)  	[MsgId: MMSG-26000]
HTML-Mode memory management statistics: Reusable=7, NonReusable=0, CsMemBlockSize=4096, checks disabled  	[MsgId: MMSG-26000]
Vuser 6 (thread 24420), ended OK."	[MsgId: MMSG-10695]
Action.c(31): Notify: Transaction "find_flight" ended with a "Pass" status (Duration: 5,0495 Think Time: 5,0126 Wasted Time: 0,0001).	[MsgId: MMSG-16870]
Action.c(33): Notify: Transaction "select_ticket" started.	[MsgId: MMSG-16999]
..\\lib\\transaction.h(120): web_reg_find started  	[MsgId: MMSG-26355]
..\\lib\\transaction.h(120): Registering web_reg_find was successful  	[MsgId: MMSG-26390]
..\\lib\\transaction.h(122): web_submit_data("reservations.pl_2") started  	[MsgId: MMSG-26355]
..\\lib\\transaction.h(122): Notify: Parameter Substitution: parameter "outboundFlight" =  "462;1103;12/27/2024"	[MsgId: MMSG-13992]
..\\lib\\transaction.h(122): Notify: Parameter Substitution: parameter "randNumber" =  "3"	[MsgId: MMSG-13992]
..\\lib\\transaction.h(122): Notify: Parameter Substitution: parameter "seatType" =  "First"	[MsgId: MMSG-13992]
..\\lib\\transaction.h(122): Notify: Parameter Substitution: parameter "seatPref" =  "Aisle"	[MsgId: MMSG-13992]
..\\lib\\transaction.h(122): t=3878264ms: Already connected [0] to localhost:1080  	[MsgId: MMSG-26000]
..\\lib\\transaction.h(122): t=3878264ms: 571-byte request headers for "http://localhost:1080/cgi-bin/reservations.pl" (RelFrameId=1, Internal ID=2487)
..\\lib\\transaction.h(122):     POST /cgi-bin/reservations.pl HTTP/1.1\r\n
..\\lib\\transaction.h(122):     Content-Type: application/x-www-form-urlencoded\r\n
..\\lib\\transaction.h(122):     Referer: http://localhost:1080/cgi-bin/reservations.pl\r\n
..\\lib\\transaction.h(122):     User-Agent: Mozilla/5.0 (Windows NT 10.0; Win64; x64; rv:133.0) Gecko/20100101 Firefox/133
..\\lib\\transaction.h(122):     .0\r\n
..\\lib\\transaction.h(122):     Accept-Encoding: gzip, deflate\r\n
..\\lib\\transaction.h(122):     Accept-Language: ru-RU,ru;q=0.8,en-US;q=0.5,en;q=0.3\r\n
..\\lib\\transaction.h(122):     Accept: */*\r\n
..\\lib\\transaction.h(122):     Connection: Keep-Alive\r\n
..\\lib\\transaction.h(122):     Host: localhost:1080\r\n
..\\lib\\transaction.h(122):     Cookie: MSO=SID&1734707066; MTUserInfo=firstName&Lambert&address1&Kaer%20Morhen&creditCard
..\\lib\\transaction.h(122):     &&hash&52&lastName&Wunhed%0A&expDate&%0A&address2&Velen&username&Lambert\r\n
..\\lib\\transaction.h(122):     Content-Length: 145\r\n
..\\lib\\transaction.h(122):     \r\n
..\\lib\\transaction.h(122): t=3878264ms: 145-byte request body for "http://localhost:1080/cgi-bin/reservations.pl" (RelFrameId=1, Internal ID=2487)
..\\lib\\transaction.h(122):     outboundFlight=462%3B1103%3B12%2F27%2F2024&numPassengers=3&advanceDiscount=0&seatType=Firs
..\\lib\\transaction.h(122):     t&seatPref=Aisle&reserveFlights.x=49&reserveFlights.y=6
..\\lib\\transaction.h(122): t=3878264ms: Inactive socket [1] was closed by localhost:1080, probably due to Keep-Alive timeout  	[MsgId: MMSG-26000]
..\\lib\\transaction.h(122): t=3878264ms: Closed connection [1] to localhost:1080 after completing 1 request(s)  	[MsgId: MMSG-26000]
..\\lib\\transaction.h(122): t=3878264ms: Inactive socket [2] was closed by localhost:1080, probably due to Keep-Alive timeout  	[MsgId: MMSG-26000]
..\\lib\\transaction.h(122): t=3878264ms: Closed connection [2] to localhost:1080 after completing 2 request(s)  	[MsgId: MMSG-26000]
..\\lib\\transaction.h(122): t=3878513ms: 254-byte response headers for "http://localhost:1080/cgi-bin/reservations.pl" (RelFrameId=1, Internal ID=2487)
..\\lib\\transaction.h(122):     HTTP/1.1 200 OK\r\n
..\\lib\\transaction.h(122):     Date: Fri, 20 Dec 2024 15:04:43 GMT\r\n
..\\lib\\transaction.h(122):     Server: Apache/2.4.58 (Unix)\r\n
..\\lib\\transaction.h(122):     Expires: Thu, 19 Dec 2024 15:04:43 GMT\r\n
..\\lib\\transaction.h(122):     Keep-Alive: timeout=5, max=96\r\n
..\\lib\\transaction.h(122):     Connection: Keep-Alive\r\n
..\\lib\\transaction.h(122):     Transfer-Encoding: chunked\r\n
..\\lib\\transaction.h(122):     Content-Type: text/html; charset=ISO-8859-1\r\n
..\\lib\\transaction.h(122):     \r\n
..\\lib\\transaction.h(122): t=3878513ms: 5-byte chunked response overhead for "http://localhost:1080/cgi-bin/reservations.pl" (RelFrameId=1, Internal ID=2487)
..\\lib\\transaction.h(122):     b23\r\n
..\\lib\\transaction.h(122): t=3878513ms: 2-byte chunked response overhead for "http://localhost:1080/cgi-bin/reservations.pl" (RelFrameId=1, Internal ID=2487)
..\\lib\\transaction.h(122):     \r\n
..\\lib\\transaction.h(122): t=3878513ms: 2851-byte chunked response body for "http://localhost:1080/cgi-bin/reservations.pl" (RelFrameId=1, Internal ID=2487)
..\\lib\\transaction.h(122):     <!DOCTYPE html\n
..\\lib\\transaction.h(122):     \tPUBLIC "-//W3C//DTD XHTML 1.0 Transitional//EN"\n
..\\lib\\transaction.h(122):     \t "http://www.w3.org/TR/xhtml1/DTD/xhtml1-transitional.dtd">\n
..\\lib\\transaction.h(122):     <html xmlns="http://www.w3.org/1999/xhtml" lang="en-US" xml:lang="en-US">\n
..\\lib\\transaction.h(122):     <head>\n
..\\lib\\transaction.h(122):     <title>Flight Reservation</title>\n
..\\lib\\transaction.h(122):     <meta http-equiv="Content-Type" content="text/html; charset=iso-8859-1" />\n
..\\lib\\transaction.h(122):     </head>\n
..\\lib\\transaction.h(122):     <body bgcolor="#E0E7F1">\n
..\\lib\\transaction.h(122):     <style>blockquote {font-family: tahoma; font-size : 10pt}H1 {font-family: tahoma; font-siz
..\\lib\\transaction.h(122):     e : 22pt; color: #993333}small {font-family: tahoma; font-size : 8pt}H3 {font-family: taho
..\\lib\\transaction.h(122):     ma; font-size : 10pt; color: black}TD {font-family: tahoma; font-size : 10pt; color: black
..\\lib\\transaction.h(122):     }</style><BR/><BR/><h1><font color="#003366">&nbsp;&nbsp;<b>Payment Details</font></b></h1
..\\lib\\transaction.h(122):     ><blockquote><form method="post" action="reservations.pl" enctype="multipart/form-data" on
..\\lib\\transaction.h(122):     submit="return true ;"><table><tr><td align="right">First Name : <td><input type="text" na
..\\lib\\transaction.h(122):     me="firstName" value="Lambert" size="15" /><tr><td align="right">Last Name : <td><input ty
..\\lib\\transaction.h(122):     pe="text" name="lastName" value="Wunhed&#10;" size="15" /><tr><td align="right">Street Add
..\\lib\\transaction.h(122):     ress : <td colspan="3"><input type="text" name="address1" value="Kaer Morhen" size="30" />
..\\lib\\transaction.h(122):     <tr><td align="right">City/State/Zip : <td colspan="3"><input type="text" name="address2" 
..\\lib\\transaction.h(122):     value="Velen" size="30" /><tr><td align="right">Passenger Names : <td colspan="3"><input t
..\\lib\\transaction.h(122):     ype="text" name="pass1" value="Lambert Wunhed&#10;" size="30" /><tr><td><td colspan="3"><i
..\\lib\\transaction.h(122):     nput type="text" name="pass2"  size="30" /><tr><td><td colspan="3"><input type="text" name
..\\lib\\transaction.h(122):     ="pass3"  size="30" /><tr><td height="10"><tr><td height="10" align="center" colspan="4">T
..\\lib\\transaction.h(122):     otal for 3 ticket(s) is = $ 3309<tr><td align="right">Credit Card : <td><input type="text"
..\\lib\\transaction.h(122):      name="creditCard"  size="20" maxlength="20" /><td align="right">Exp Date : <td><input typ
..\\lib\\transaction.h(122):     e="text" name="expDate" value="&#10;" size="5" maxlength="5" /><tr><TD><td colspan="3" ali
..\\lib\\transaction.h(122):     gn="left"><label><input type="checkbox" name="saveCC" value="on" />Save this Credit Card I
..\\lib\\transaction.h(122):     nformation</label><input type="hidden" name="oldCCOption" value=""  /></table><input type=
..\\lib\\transaction.h(122):     "hidden" name="numPassengers" value="3"  /><input type="hidden" name="seatType" value="Fir
..\\lib\\transaction.h(122):     st"  /><input type="hidden" name="seatPref" value="Aisle"  /><input type="hidden" name="ou
..\\lib\\transaction.h(122):     tboundFlight" value="462;1103;12/27/2024"  /><input type="hidden" name="advanceDiscount" v
..\\lib\\transaction.h(122):     alue="0"  /><input type="hidden" name="returnFlight" value=""  /><input type="hidden" name
..\\lib\\transaction.h(122):     ="JSFormSubmit" value="off"  /><center><table width=80% cellspacing=1><tr><td align=center
..\\lib\\transaction.h(122):     >\n
..\\lib\\transaction.h(122):     <input type="image" name="buyFlights" src="/WebTours/images/button_next.gif" border="0" />
..\\lib\\transaction.h(122):     <div><input type="hidden" name=".cgifields" value="saveCC"  /></div></form>\n
..\\lib\\transaction.h(122):     <td>&nbsp;<td align=center><form method="post" action="reservations.pl" enctype="multipart
..\\lib\\transaction.h(122):     /form-data" onsubmit="void(0);"></form></table></center></blockquote>\n
..\\lib\\transaction.h(122):     </body>\n
..\\lib\\transaction.h(122):     </html>
..\\lib\\transaction.h(122): Resource "http://localhost:1080/WebTours/images/button_next.gif" is in the cache already and will not be downloaded again  	[MsgId: MMSG-26655]
..\\lib\\transaction.h(122): t=3878514ms: 5-byte chunked response overhead for "http://localhost:1080/cgi-bin/reservations.pl" (RelFrameId=1, Internal ID=2487)
..\\lib\\transaction.h(122):     0\r\n
..\\lib\\transaction.h(122):     \r\n
..\\lib\\transaction.h(122): t=3878514ms: Request done "http://localhost:1080/cgi-bin/reservations.pl"  	[MsgId: MMSG-26000]
..\\lib\\transaction.h(122): Registered web_reg_find successful for "Text=Payment Details" (count=1)  	[MsgId: MMSG-26364]
..\\lib\\transaction.h(122): web_submit_data("reservations.pl_2") was successful, 2851 body bytes, 254 header bytes, 12 chunking overhead bytes  	[MsgId: MMSG-26385]
Action.c(36): lr_think_time: 5,00 seconds.	[MsgId: MMSG-15948]
Action.c(38): Notify: Transaction "select_ticket" ended with a "Pass" status (Duration: 5,2568 Think Time: 5,0058 Wasted Time: 0,0000).	[MsgId: MMSG-16870]
Action.c(40): Notify: Transaction "buy_ticket" started.	[MsgId: MMSG-16999]
Action.c(42): web_reg_find started  	[MsgId: MMSG-26355]
Action.c(42): Registering web_reg_find was successful  	[MsgId: MMSG-26390]
Action.c(45): web_reg_find started  	[MsgId: MMSG-26355]
Action.c(45): Notify: Parameter Substitution: parameter "departCity" =  "Paris"	[MsgId: MMSG-13992]
Action.c(45): Notify: Parameter Substitution: parameter "returnCity" =  "San Francisco"	[MsgId: MMSG-13992]
Action.c(45): Registering web_reg_find was successful  	[MsgId: MMSG-26390]
Action.c(48): web_submit_data("reservations.pl_3") started  	[MsgId: MMSG-26355]
Action.c(48): Notify: Next row for parameter firstName = 9 [table  = firstName].	[MsgId: MMSG-13876]
Action.c(48): Notify: Parameter Substitution: parameter "firstName" =  "Lambert"	[MsgId: MMSG-13992]
Action.c(48): Notify: Next row for parameter lastName = 9 [table  = lastName].	[MsgId: MMSG-13876]
Action.c(48): Notify: Parameter Substitution: parameter "lastName" =  "Wunhed"	[MsgId: MMSG-13992]
Action.c(48): Notify: Next row for parameter street = 9 [table  = street].	[MsgId: MMSG-13876]
Action.c(48): Notify: Parameter Substitution: parameter "street" =  "Kaer Morhen"	[MsgId: MMSG-13992]
Action.c(48): Notify: Next row for parameter city = 9 [table  = city].	[MsgId: MMSG-13876]
Action.c(48): Notify: Parameter Substitution: parameter "city" =  "Velen"	[MsgId: MMSG-13992]
Action.c(48): Notify: Next row for parameter firstName = 9 [table  = firstName].	[MsgId: MMSG-13876]
Action.c(48): Notify: Parameter Substitution: parameter "firstName" =  "Lambert"	[MsgId: MMSG-13992]
Action.c(48): Notify: Next row for parameter lastName = 9 [table  = lastName].	[MsgId: MMSG-13876]
Action.c(48): Notify: Parameter Substitution: parameter "lastName" =  "Wunhed"	[MsgId: MMSG-13992]
Action.c(48): Notify: Next row for parameter creditCard = 9 [table  = creditCard].	[MsgId: MMSG-13876]
Action.c(48): Notify: Parameter Substitution: parameter "creditCard" =  "3057931154272637"	[MsgId: MMSG-13992]
Action.c(48): Notify: Next row for parameter expDate = 9 [table  = expDate].	[MsgId: MMSG-13876]
Action.c(48): Notify: Parameter Substitution: parameter "expDate" =  "02/16"	[MsgId: MMSG-13992]
Action.c(48): Notify: Parameter Substitution: parameter "randNumber" =  "3"	[MsgId: MMSG-13992]
Action.c(48): Notify: Parameter Substitution: parameter "seatType" =  "First"	[MsgId: MMSG-13992]
Action.c(48): Notify: Parameter Substitution: parameter "seatPref" =  "Aisle"	[MsgId: MMSG-13992]
Action.c(48): Notify: Parameter Substitution: parameter "outboundFlight" =  "462;1103;12/27/2024"	[MsgId: MMSG-13992]
Action.c(48): t=3883521ms: Closed connection [0] to localhost:1080 after completing 5 request(s)  	[MsgId: MMSG-26000]
Action.c(48): t=3883522ms: Connecting [0] to host 127.0.0.1:1080  	[MsgId: MMSG-26000]
Action.c(48): t=3883522ms: Connected socket [0] from 127.0.0.1:64982 to 127.0.0.1:1080 in 0 ms  	[MsgId: MMSG-26000]
Action.c(48): t=3883522ms: 571-byte request headers for "http://localhost:1080/cgi-bin/reservations.pl" (RelFrameId=1, Internal ID=2488)
Action.c(48):     POST /cgi-bin/reservations.pl HTTP/1.1\r\n
Action.c(48):     Content-Type: application/x-www-form-urlencoded\r\n
Action.c(48):     Referer: http://localhost:1080/cgi-bin/reservations.pl\r\n
Action.c(48):     User-Agent: Mozilla/5.0 (Windows NT 10.0; Win64; x64; rv:133.0) Gecko/20100101 Firefox/133
Action.c(48):     .0\r\n
Action.c(48):     Accept-Encoding: gzip, deflate\r\n
Action.c(48):     Accept-Language: ru-RU,ru;q=0.8,en-US;q=0.5,en;q=0.3\r\n
Action.c(48):     Accept: */*\r\n
Action.c(48):     Connection: Keep-Alive\r\n
Action.c(48):     Host: localhost:1080\r\n
Action.c(48):     Cookie: MSO=SID&1734707066; MTUserInfo=firstName&Lambert&address1&Kaer%20Morhen&creditCard
Action.c(48):     &&hash&52&lastName&Wunhed%0A&expDate&%0A&address2&Velen&username&Lambert\r\n
Action.c(48):     Content-Length: 334\r\n
Action.c(48):     \r\n
Action.c(48): t=3883522ms: 334-byte request body for "http://localhost:1080/cgi-bin/reservations.pl" (RelFrameId=1, Internal ID=2488)
Action.c(48):     firstName=Lambert&lastName=Wunhed&address1=Kaer+Morhen&address2=Velen&pass1=Lambert+Wunhed
Action.c(48):     &creditCard=3057931154272637&expDate=02%2F16&oldCCOption=&numPassengers=3&seatType=First&s
Action.c(48):     eatPref=Aisle&outboundFlight=462%3B1103%3B12%2F27%2F2024&advanceDiscount=0&returnFlight=&J
Action.c(48):     SFormSubmit=off&buyFlights.x=46&buyFlights.y=5&.cgifields=saveCC
Action.c(48): t=3883560ms: 387-byte response headers for "http://localhost:1080/cgi-bin/reservations.pl" (RelFrameId=1, Internal ID=2488)
Action.c(48):     HTTP/1.1 200 OK\r\n
Action.c(48):     Date: Fri, 20 Dec 2024 15:04:48 GMT\r\n
Action.c(48):     Server: Apache/2.4.58 (Unix)\r\n
Action.c(48):     Expires: Thu, 19 Dec 2024 15:04:48 GMT\r\n
Action.c(48):     Set-Cookie: MTUserInfo=firstName&Lambert&username&Lambert&hash&52&lastName&Wunhed%0A&addre
Action.c(48):     ss1&Kaer%20Morhen&address2&Velen; path=/\r\n
Action.c(48):     Keep-Alive: timeout=5, max=100\r\n
Action.c(48):     Connection: Keep-Alive\r\n
Action.c(48):     Transfer-Encoding: chunked\r\n
Action.c(48):     Content-Type: text/html; charset=ISO-8859-1\r\n
Action.c(48):     \r\n
Action.c(48): t=3883561ms: 5-byte chunked response overhead for "http://localhost:1080/cgi-bin/reservations.pl" (RelFrameId=1, Internal ID=2488)
Action.c(48):     9b8\r\n
Action.c(48): t=3883561ms: 2-byte chunked response overhead for "http://localhost:1080/cgi-bin/reservations.pl" (RelFrameId=1, Internal ID=2488)
Action.c(48):     \r\n
Action.c(48): t=3883561ms: 2488-byte chunked response body for "http://localhost:1080/cgi-bin/reservations.pl" (RelFrameId=1, Internal ID=2488)
Action.c(48):     <!DOCTYPE html\n
Action.c(48):     \tPUBLIC "-//W3C//DTD XHTML 1.0 Transitional//EN"\n
Action.c(48):     \t "http://www.w3.org/TR/xhtml1/DTD/xhtml1-transitional.dtd">\n
Action.c(48):     <html xmlns="http://www.w3.org/1999/xhtml" lang="en-US" xml:lang="en-US">\n
Action.c(48):     <head>\n
Action.c(48):     <title>Reservation Made!</title>\n
Action.c(48):     <meta http-equiv="Content-Type" content="text/html; charset=iso-8859-1" />\n
Action.c(48):     </head>\n
Action.c(48):     <body bgcolor="#E0E7F1">\n
Action.c(48):     <style>blockquote {font-family: tahoma; font-size : 10pt}H1 {font-family: tahoma; font-siz
Action.c(48):     e : 22pt; color: #993333}small {font-family: tahoma; font-size : 8pt}H3 {font-family: taho
Action.c(48):     ma; font-size : 10pt; color: black}TD {font-family: tahoma; font-size : 10pt; color: black
Action.c(48):     }</style><BR/><BR/><h1><font color="#003366">&nbsp;&nbsp;<b>Invoice</font></b></h1><blockq
Action.c(48):     uote>\n
Action.c(48):     <CENTER>\n
Action.c(48):     <small><B>Thank you for booking through Web Tours.</B></small>\n
Action.c(48):     <BR/>\n
Action.c(48):     <BR/>\n
Action.c(48):     <!-- Customer Name header -->\n
Action.c(48):     <Table width="85%" border="0" cellspacing="0" >\n
Action.c(48):       <TR bgcolor="#5E7884">\n
Action.c(48):          <TD colspan="2" align="center">\n
Action.c(48):             <font color="white"><b>LambertWunhed's Flight Invoice</b></font>\n
Action.c(48):          </TD>\n
Action.c(48):          <TD width="160" align="right">\n
Action.c(48):              <font color="white"><small>Fri Dec 20 15:04:48 2024\n
Action.c(48):     </small>\n
Action.c(48):          </TD>\n
Action.c(48):       </TR>\n
Action.c(48):     </Table>\n
Action.c(48):     \n
Action.c(48):     <Table width="85%" border="0" cellspacing="1" >\n
Action.c(48):     <!-- Flight Item header -->\n
Action.c(48):       <TR bgcolor="#EFF2F7">\n
Action.c(48):          <TD colspan="2" align="left">\n
Action.c(48):              Flights Reservation Requests:\n
Action.c(48):         </TD>\n
Action.c(48):         <TD align="center">Cost\n
Action.c(48):         </TD>\n
Action.c(48):       </TR>\n
Action.c(48):     \n
Action.c(48):     <!-- Flight reserved -->\n
Action.c(48):     <TR bgcolor="#EFF2F7">\n
Action.c(48):         <TD valign="top">1.</TD>\n
Action.c(48):         <TD align="left">\n
Action.c(48):            <b><u>3 First Class tickets from Paris to San Francisco.</u></b>\n
Action.c(48):     <br/>\n
Action.c(48):     <center>\n
Action.c(48):            <i>\n
Action.c(48):               12/27/2024 :  5pm : Flight 462 leaves Paris  for San Francisco.<br>\n
Action.c(48):            <br/>\n
Action.c(48):         </TD>\n
Action.c(48):         <TD valign="top">\n
Action.c(48):              $3309\n
Action.c(48):         </TD>\n
Action.c(48):       </TR>\n
Action.c(48):     <!-- Total Cost -->\n
Action.c(48):       <TR bgcolor="#EFF2F7">\n
Action.c(48):         <TD>*\n
Action.c(48):         </TD>\n
Action.c(48):         <TD > Total Cost\n
Action.c(48):         </TD>\n
Action.c(48):         <TD>\n
Action.c(48):            <b> $3309 </b>\n
Action.c(48):         </TD>\n
Action.c(48):       </TR>\n
Action.c(48):     \n
Action.c(48):       <TR bgcolor="#EFF2F7">\n
Action.c(48):         <TD>-\n
Action.c(48):         </TD>\n
Action.c(48):         <TD >\n
Action.c(48):            Total Charged to Credit Card # 3057931154272637\n
Action.c(48):         </TD>\n
Action.c(48):         <TD>\n
Action.c(48):            <b> $3309 </b>\n
Action.c(48):         </TD>\n
Action.c(48):       </TR>\n
Action.c(48):     \n
Action.c(48):       <TR bgcolor="#EFF2F7">\n
Action.c(48):         <TD>*\n
Action.c(48):         </TD>\n
Action.c(48):         <TD >\n
Action.c(48):             Credit Account Balance\n
Action.c(48):         </TD>\n
Action.c(48):         <TD>\n
Action.c(48):            <b> $0.00 </b>\n
Action.c(48):         </TD>\n
Action.c(48):       </TR></Table>\n
Action.c(48):     <BR/>\n
Action.c(48):     <Table width="85%" border="0">\n
Action.c(48):       <tr>\n
Action.c(48):         <td align=right>\n
Action.c(48):     <form method="post" action="" enctype="multipart/form-data"><input type="image" name="Book
Action.c(48):      Another" src="/WebTours/images/bookanother.gif" border="0" /></form>    </td>\n
Action.c(48):       </tr>\n
Action.c(48):     </Table>\n
Action.c(48):     \n
Action.c(48):     </Center>\n
Action.c(48):     \n
Action.c(48):     </body>\n
Action.c(48):     </html>
Action.c(48): Found resource "http://localhost:1080/WebTours/images/bookanother.gif" in HTML "http://localhost:1080/cgi-bin/reservations.pl"  	[MsgId: MMSG-26659]
Action.c(48): t=3883562ms: 5-byte chunked response overhead for "http://localhost:1080/cgi-bin/reservations.pl" (RelFrameId=1, Internal ID=2488)
Action.c(48):     0\r\n
Action.c(48):     \r\n
Action.c(48): t=3883562ms: Request done "http://localhost:1080/cgi-bin/reservations.pl"  	[MsgId: MMSG-26000]
Action.c(48): t=3883562ms: Connecting [1] to host 127.0.0.1:1080  	[MsgId: MMSG-26000]
Action.c(48): t=3883562ms: Connected socket [1] from 127.0.0.1:64983 to 127.0.0.1:1080 in 0 ms  	[MsgId: MMSG-26000]
Action.c(48): t=3883562ms: 484-byte request headers for "http://localhost:1080/WebTours/images/bookanother.gif" (RelFrameId=, Internal ID=2489)
Action.c(48):     GET /WebTours/images/bookanother.gif HTTP/1.1\r\n
Action.c(48):     Referer: http://localhost:1080/cgi-bin/reservations.pl\r\n
Action.c(48):     User-Agent: Mozilla/5.0 (Windows NT 10.0; Win64; x64; rv:133.0) Gecko/20100101 Firefox/133
Action.c(48):     .0\r\n
Action.c(48):     Accept-Encoding: gzip, deflate\r\n
Action.c(48):     Accept-Language: ru-RU,ru;q=0.8,en-US;q=0.5,en;q=0.3\r\n
Action.c(48):     Accept: */*\r\n
Action.c(48):     Connection: Keep-Alive\r\n
Action.c(48):     Host: localhost:1080\r\n
Action.c(48):     Cookie: MSO=SID&1734707066; MTUserInfo=firstName&Lambert&username&Lambert&hash&52&lastName
Action.c(48):     &Wunhed%0A&address1&Kaer%20Morhen&address2&Velen\r\n
Action.c(48):     \r\n
Action.c(48): t=3883564ms: 283-byte response headers for "http://localhost:1080/WebTours/images/bookanother.gif" (RelFrameId=, Internal ID=2489)
Action.c(48):     HTTP/1.1 200 OK\r\n
Action.c(48):     Date: Fri, 20 Dec 2024 15:04:48 GMT\r\n
Action.c(48):     Server: Apache/2.4.58 (Unix)\r\n
Action.c(48):     Last-Modified: Fri, 15 Dec 2023 21:35:31 GMT\r\n
Action.c(48):     ETag: "326-60c932df4aec0"\r\n
Action.c(48):     Accept-Ranges: bytes\r\n
Action.c(48):     Content-Length: 806\r\n
Action.c(48):     Keep-Alive: timeout=5, max=100\r\n
Action.c(48):     Connection: Keep-Alive\r\n
Action.c(48):     Content-Type: image/gif\r\n
Action.c(48):     \r\n
Action.c(48): t=3883564ms: 806-byte response body for "http://localhost:1080/WebTours/images/bookanother.gif" (RelFrameId=, Internal ID=2489)
Action.c(48): t=3883564ms: Request done "http://localhost:1080/WebTours/images/bookanother.gif"  	[MsgId: MMSG-26000]
Action.c(48): Registered web_reg_find successful for "Text=Thank you for booking through Web Tours" (count=1)  	[MsgId: MMSG-26364]
Action.c(48): Registered web_reg_find successful for "Text=from Paris to San Francisco" (count=1)  	[MsgId: MMSG-26364]
Action.c(48): web_submit_data("reservations.pl_3") was successful, 3294 body bytes, 670 header bytes, 12 chunking overhead bytes  	[MsgId: MMSG-26385]
Action.c(77): lr_think_time: 5,00 seconds.	[MsgId: MMSG-15948]
Action.c(79): Notify: Transaction "buy_ticket" ended with a "Pass" status (Duration: 5,0445 Think Time: 5,0010 Wasted Time: 0,0000).	[MsgId: MMSG-16870]
Action.c(82): Notify: Transaction "sign_off" started.	[MsgId: MMSG-16999]
..\\lib\\transaction.h(158): web_url("welcome.pl_2") started  	[MsgId: MMSG-26355]
..\\lib\\transaction.h(158): t=3888566ms: Closed connection [0] to localhost:1080 after completing 1 request(s)  	[MsgId: MMSG-26000]
..\\lib\\transaction.h(158): t=3888567ms: Connecting [0] to host 127.0.0.1:1080  	[MsgId: MMSG-26000]
..\\lib\\transaction.h(158): t=3888567ms: Connected socket [0] from 127.0.0.1:64998 to 127.0.0.1:1080 in 0 ms  	[MsgId: MMSG-26000]
..\\lib\\transaction.h(158): t=3888568ms: 490-byte request headers for "http://localhost:1080/cgi-bin/welcome.pl?signOff=1" (RelFrameId=1, Internal ID=2490)
..\\lib\\transaction.h(158):     GET /cgi-bin/welcome.pl?signOff=1 HTTP/1.1\r\n
..\\lib\\transaction.h(158):     Referer: http://localhost:1080/cgi-bin/nav.pl?page=menu&in=home\r\n
..\\lib\\transaction.h(158):     User-Agent: Mozilla/5.0 (Windows NT 10.0; Win64; x64; rv:133.0) Gecko/20100101 Firefox/133
..\\lib\\transaction.h(158):     .0\r\n
..\\lib\\transaction.h(158):     Accept-Encoding: gzip, deflate\r\n
..\\lib\\transaction.h(158):     Accept-Language: ru-RU,ru;q=0.8,en-US;q=0.5,en;q=0.3\r\n
..\\lib\\transaction.h(158):     Accept: */*\r\n
..\\lib\\transaction.h(158):     Connection: Keep-Alive\r\n
..\\lib\\transaction.h(158):     Host: localhost:1080\r\n
..\\lib\\transaction.h(158):     Cookie: MSO=SID&1734707066; MTUserInfo=firstName&Lambert&username&Lambert&hash&52&lastName
..\\lib\\transaction.h(158):     &Wunhed%0A&address1&Kaer%20Morhen&address2&Velen\r\n
..\\lib\\transaction.h(158):     \r\n
..\\lib\\transaction.h(158): t=3888569ms: Inactive socket [1] was closed by localhost:1080, probably due to Keep-Alive timeout  	[MsgId: MMSG-26000]
..\\lib\\transaction.h(158): t=3888569ms: Closed connection [1] to localhost:1080 after completing 1 request(s)  	[MsgId: MMSG-26000]
..\\lib\\transaction.h(158): t=3888593ms: 327-byte response headers for "http://localhost:1080/cgi-bin/welcome.pl?signOff=1" (RelFrameId=1, Internal ID=2490)
..\\lib\\transaction.h(158):     HTTP/1.1 200 OK\r\n
..\\lib\\transaction.h(158):     Date: Fri, 20 Dec 2024 15:04:53 GMT\r\n
..\\lib\\transaction.h(158):     Server: Apache/2.4.58 (Unix)\r\n
..\\lib\\transaction.h(158):     Set-Cookie: MSO=SID&1734707093; path=/\r\n
..\\lib\\transaction.h(158):     Set-Cookie: MTUserInfo=; path=/; expires=Thu, 19-Dec-2024 15:04:53 GMT\r\n
..\\lib\\transaction.h(158):     Keep-Alive: timeout=5, max=100\r\n
..\\lib\\transaction.h(158):     Connection: Keep-Alive\r\n
..\\lib\\transaction.h(158):     Transfer-Encoding: chunked\r\n
..\\lib\\transaction.h(158):     Content-Type: text/html; charset=ISO-8859-1\r\n
..\\lib\\transaction.h(158):     \r\n
..\\lib\\transaction.h(158): t=3888593ms: 5-byte chunked response overhead for "http://localhost:1080/cgi-bin/welcome.pl?signOff=1" (RelFrameId=1, Internal ID=2490)
..\\lib\\transaction.h(158):     2ae\r\n
..\\lib\\transaction.h(158): t=3888593ms: 2-byte chunked response overhead for "http://localhost:1080/cgi-bin/welcome.pl?signOff=1" (RelFrameId=1, Internal ID=2490)
..\\lib\\transaction.h(158):     \r\n
..\\lib\\transaction.h(158): t=3888593ms: 686-byte chunked response body for "http://localhost:1080/cgi-bin/welcome.pl?signOff=1" (RelFrameId=1, Internal ID=2490)
..\\lib\\transaction.h(158):     <!-- \n
..\\lib\\transaction.h(158):      A Session ID has been created and loaded into a cookie called MSO.\n
..\\lib\\transaction.h(158):      Also, the server options have been loaded into the cookie called\n
..\\lib\\transaction.h(158):      MSO as well.  The server options can be set via the Admin page.\n
..\\lib\\transaction.h(158):      --->\n
..\\lib\\transaction.h(158):     \n
..\\lib\\transaction.h(158):     <html>\n
..\\lib\\transaction.h(158):     <title>Web Tours</title>\n
..\\lib\\transaction.h(158):        <!-- Frame Set -->\n
..\\lib\\transaction.h(158):        <frameset cols="160,*" border="1" frameborder="1">\n
..\\lib\\transaction.h(158):           <!-- Navigation Frame -->\n
..\\lib\\transaction.h(158):           <frame src="nav.pl?in=home" name="navbar" marginheight="2" marginwidth="2" \n
..\\lib\\transaction.h(158):                 noresize="noresize" scrolling="auto"/>\n
..\\lib\\transaction.h(158):           <!-- Home Frame -->\n
..\\lib\\transaction.h(158):           <frame src="/WebTours/home.html" name="info" marginheight="2" marginwidth="2" \n
..\\lib\\transaction.h(158):                 noresize="noresize" scrolling="auto"/>\n
..\\lib\\transaction.h(158):        </frameset>\n
..\\lib\\transaction.h(158):     </html>\n
..\\lib\\transaction.h(158):     \n
..\\lib\\transaction.h(158):     </body>\n
..\\lib\\transaction.h(158):     </html>
..\\lib\\transaction.h(158): Detected non-resource "http://localhost:1080/cgi-bin/nav.pl?in=home" in "http://localhost:1080/cgi-bin/welcome.pl?signOff=1"  	[MsgId: MMSG-26574]
..\\lib\\transaction.h(158): Detected non-resource "http://localhost:1080/WebTours/home.html" in "http://localhost:1080/cgi-bin/welcome.pl?signOff=1"  	[MsgId: MMSG-26574]
..\\lib\\transaction.h(158): Retrieving data from cache for "http://localhost:1080/WebTours/home.html"  	[MsgId: MMSG-26558]
..\\lib\\transaction.h(158): t=3888594ms: 1361-byte response body retrieved from cache for "http://localhost:1080/WebTours/home.html" (RelFrameId=1.2, Internal ID=2492)
..\\lib\\transaction.h(158):     <HTML>\n
..\\lib\\transaction.h(158):     <HEAD>\n
..\\lib\\transaction.h(158):     \t<title>Web Tours</title>\n
..\\lib\\transaction.h(158):     </HEAD>\n
..\\lib\\transaction.h(158):     <style>\n
..\\lib\\transaction.h(158):     \tblockquote {font-family: tahoma; font-size : 10pt}\n
..\\lib\\transaction.h(158):     \tH1 {font-family: tahoma; font-size : 22pt; color: #003366}\n
..\\lib\\transaction.h(158):     \tsmall {font-family: tahoma; font-size : 8pt}\n
..\\lib\\transaction.h(158):     \tH3{font-family: tahoma; font-size : 10pt; color: black}\n
..\\lib\\transaction.h(158):     \tA {FONT-WEIGHT: bold; FONT-SIZE: 10pt; COLOR: black; FONT-FAMILY: Tahoma; TEXT-DECORATIO
..\\lib\\transaction.h(158):     N: none}\n
..\\lib\\transaction.h(158):     \tA:hover{ FONT-WEIGHT: bold; FONT-SIZE: 10pt; COLOR: #993333; FONT-FAMILY: Tahoma;TEXT-DE
..\\lib\\transaction.h(158):     CORATION: underline}\n
..\\lib\\transaction.h(158):     \tTD {font-family: tahoma; font-size : 10pt; color: black}\n
..\\lib\\transaction.h(158):     </style>\n
..\\lib\\transaction.h(158):     <body bgcolor="#e0e7f1">\n
..\\lib\\transaction.h(158):     <BR/>\n
..\\lib\\transaction.h(158):     <BR/>\n
..\\lib\\transaction.h(158):     <BR/>\n
..\\lib\\transaction.h(158):     <br/>\n
..\\lib\\transaction.h(158):     <table border="0">\n
..\\lib\\transaction.h(158):     <tr><td></td></tr>\n
..\\lib\\transaction.h(158):     <TR><TD></TD></TR>\n
..\\lib\\transaction.h(158):     <TR><TD>\n
..\\lib\\transaction.h(158):     <blockquote>\n
..\\lib\\transaction.h(158):     <H1><b>Web Tours</b></H1>\n
..\\lib\\transaction.h(158):     Welcome to the Web Tours site.\n
..\\lib\\transaction.h(158):     <br/>\n
..\\lib\\transaction.h(158):     To make reservations,please enter your account information to the left.\n
..\\lib\\transaction.h(158):     <br/>\n
..\\lib\\transaction.h(158):     If you haven't registered yet, <A href="/cgi-bin/login.pl?username=&amp;password=&amp;getI
..\\lib\\transaction.h(158):     nfo=true" ><B>sign up now</B></A> to get access to all our resources.\n
..\\lib\\transaction.h(158):     <br/>\n
..\\lib\\transaction.h(158):     To configure the server options, use <A href="/cgi-bin/admin.pl" target="body" ><b>adminis
..\\lib\\transaction.h(158):     tration</b></A> link.\n
..\\lib\\transaction.h(158):     <br/><br/><br/><br/><br/><br/>\n
..\\lib\\transaction.h(158):     <br/><small>\n
..\\lib\\transaction.h(158):     This product uses parts of the SMT Kernel, Copyright (c) 1991-99 <A href="http://www.imati
..\\lib\\transaction.h(158):     x.com" target="new"><B><small>iMatix Corporation</small></B></A> \n
..\\lib\\transaction.h(158):     </small>\n
..\\lib\\transaction.h(158):     </blockquote></TD>\n
..\\lib\\transaction.h(158):     <TD></TD></TR>\n
..\\lib\\transaction.h(158):     </table>\n
..\\lib\\transaction.h(158):     </body>\n
..\\lib\\transaction.h(158):     </HTML>\n
..\\lib\\transaction.h(158): t=3888594ms: 5-byte chunked response overhead for "http://localhost:1080/cgi-bin/welcome.pl?signOff=1" (RelFrameId=1, Internal ID=2490)
..\\lib\\transaction.h(158):     0\r\n
..\\lib\\transaction.h(158):     \r\n
..\\lib\\transaction.h(158): t=3888594ms: Request done "http://localhost:1080/cgi-bin/welcome.pl?signOff=1"  	[MsgId: MMSG-26000]
..\\lib\\transaction.h(158): t=3888594ms: Connecting [1] to host 127.0.0.1:1080  	[MsgId: MMSG-26000]
..\\lib\\transaction.h(158): t=3888612ms: Connected socket [1] from 127.0.0.1:64999 to 127.0.0.1:1080 in 18 ms  	[MsgId: MMSG-26000]
..\\lib\\transaction.h(158): t=3888612ms: 368-byte request headers for "http://localhost:1080/cgi-bin/nav.pl?in=home" (RelFrameId=1.1, Internal ID=2491)
..\\lib\\transaction.h(158):     GET /cgi-bin/nav.pl?in=home HTTP/1.1\r\n
..\\lib\\transaction.h(158):     Referer: http://localhost:1080/cgi-bin/welcome.pl?signOff=1\r\n
..\\lib\\transaction.h(158):     User-Agent: Mozilla/5.0 (Windows NT 10.0; Win64; x64; rv:133.0) Gecko/20100101 Firefox/133
..\\lib\\transaction.h(158):     .0\r\n
..\\lib\\transaction.h(158):     Accept-Encoding: gzip, deflate\r\n
..\\lib\\transaction.h(158):     Accept-Language: ru-RU,ru;q=0.8,en-US;q=0.5,en;q=0.3\r\n
..\\lib\\transaction.h(158):     Accept: */*\r\n
..\\lib\\transaction.h(158):     Connection: Keep-Alive\r\n
..\\lib\\transaction.h(158):     Host: localhost:1080\r\n
..\\lib\\transaction.h(158):     Cookie: MSO=SID&1734707093\r\n
..\\lib\\transaction.h(158):     \r\n
..\\lib\\transaction.h(158): t=3888637ms: 255-byte response headers for "http://localhost:1080/cgi-bin/nav.pl?in=home" (RelFrameId=1.1, Internal ID=2491)
..\\lib\\transaction.h(158):     HTTP/1.1 200 OK\r\n
..\\lib\\transaction.h(158):     Date: Fri, 20 Dec 2024 15:04:53 GMT\r\n
..\\lib\\transaction.h(158):     Server: Apache/2.4.58 (Unix)\r\n
..\\lib\\transaction.h(158):     Expires: Thu, 19 Dec 2024 15:04:53 GMT\r\n
..\\lib\\transaction.h(158):     Keep-Alive: timeout=5, max=100\r\n
..\\lib\\transaction.h(158):     Connection: Keep-Alive\r\n
..\\lib\\transaction.h(158):     Transfer-Encoding: chunked\r\n
..\\lib\\transaction.h(158):     Content-Type: text/html; charset=ISO-8859-1\r\n
..\\lib\\transaction.h(158):     \r\n
..\\lib\\transaction.h(158): t=3888638ms: 5-byte chunked response overhead for "http://localhost:1080/cgi-bin/nav.pl?in=home" (RelFrameId=1.1, Internal ID=2491)
..\\lib\\transaction.h(158):     5d2\r\n
..\\lib\\transaction.h(158): t=3888638ms: 2-byte chunked response overhead for "http://localhost:1080/cgi-bin/nav.pl?in=home" (RelFrameId=1.1, Internal ID=2491)
..\\lib\\transaction.h(158):     \r\n
..\\lib\\transaction.h(158): t=3888638ms: 1490-byte chunked response body for "http://localhost:1080/cgi-bin/nav.pl?in=home" (RelFrameId=1.1, Internal ID=2491)
..\\lib\\transaction.h(158):     <!DOCTYPE html\n
..\\lib\\transaction.h(158):     \tPUBLIC "-//W3C//DTD XHTML 1.0 Transitional//EN"\n
..\\lib\\transaction.h(158):     \t "http://www.w3.org/TR/xhtml1/DTD/xhtml1-transitional.dtd">\n
..\\lib\\transaction.h(158):     <html xmlns="http://www.w3.org/1999/xhtml" lang="en-US" xml:lang="en-US">\n
..\\lib\\transaction.h(158):     <head>\n
..\\lib\\transaction.h(158):     <title>Web Tours Navigation Bar</title>\n
..\\lib\\transaction.h(158):     <meta http-equiv="Content-Type" content="text/html; charset=iso-8859-1" />\n
..\\lib\\transaction.h(158):     </head>\n
..\\lib\\transaction.h(158):     <body bgcolor="#E0E7F1">\n
..\\lib\\transaction.h(158):     <style>\n
..\\lib\\transaction.h(158):     blockquote {font-family: tahoma; font-size : 10pt}\n
..\\lib\\transaction.h(158):     H1 {font-family: tahoma; font-size : 22pt; color: #993333}\n
..\\lib\\transaction.h(158):     H3 {font-family: tahoma; font-size : 10pt; color: black}\n
..\\lib\\transaction.h(158):     small {font-family: tahoma; font-size : 8pt}\n
..\\lib\\transaction.h(158):     </style>\n
..\\lib\\transaction.h(158):     <form method="post" action="/cgi-bin/login.pl" target="body">\n
..\\lib\\transaction.h(158):     <input type="hidden" name="userSession" value="140519.003078169HccHQtzpccAiDDDDtDDzHpzHHDc
..\\lib\\transaction.h(158):     f"/>\n
..\\lib\\transaction.h(158):     <table border="0"><tr><td>&nbsp;</td>\n
..\\lib\\transaction.h(158):     <td>&nbsp;</td></tr>\n
..\\lib\\transaction.h(158):     <tr><td>&nbsp;</td>\n
..\\lib\\transaction.h(158):     <td>&nbsp;</td></tr>\n
..\\lib\\transaction.h(158):     <tr><td>&nbsp;</td>\n
..\\lib\\transaction.h(158):     <td><small>&nbsp;Username</small></td></tr>\n
..\\lib\\transaction.h(158):     <tr><td>&nbsp;</td>\n
..\\lib\\transaction.h(158):     <td><input type="text" name="username" value="" size="14" maxlength="14"/></td></tr>\n
..\\lib\\transaction.h(158):     <tr><td>&nbsp;</td>\n
..\\lib\\transaction.h(158):     <td><small>&nbsp;Password</small></td>\n
..\\lib\\transaction.h(158):     <tr><td>&nbsp;</td>\n
..\\lib\\transaction.h(158):     <td><input type="password" name="password" value="" size="14" maxlength="14"/></td></tr>\n
..\\lib\\transaction.h(158):     <tr><td>&nbsp;</td>\n
..\\lib\\transaction.h(158):     <td>&nbsp;</td></tr>\n
..\\lib\\transaction.h(158):     <tr><td>&nbsp;</td>\n
..\\lib\\transaction.h(158):     <td><input type="image" name="login" value="Login" alt="Login" border="1" \n
..\\lib\\transaction.h(158):     src="/WebTours/images/mer_login.gif"/></td></tr>\n
..\\lib\\transaction.h(158):     <tr><td>&nbsp;</td><td>&nbsp;</td></tr>\n
..\\lib\\transaction.h(158):     </table><input type="hidden" name="JSFormSubmit" value="off"/>\n
..\\lib\\transaction.h(158):     </form>\n
..\\lib\\transaction.h(158):     \n
..\\lib\\transaction.h(158):     </body>\n
..\\lib\\transaction.h(158):     </html>\n
..\\lib\\transaction.h(158): Resource "http://localhost:1080/WebTours/images/mer_login.gif" is in the cache already and will not be downloaded again  	[MsgId: MMSG-26655]
..\\lib\\transaction.h(158): t=3888638ms: 5-byte chunked response overhead for "http://localhost:1080/cgi-bin/nav.pl?in=home" (RelFrameId=1.1, Internal ID=2491)
..\\lib\\transaction.h(158):     0\r\n
..\\lib\\transaction.h(158):     \r\n
..\\lib\\transaction.h(158): t=3888638ms: Request done "http://localhost:1080/cgi-bin/nav.pl?in=home"  	[MsgId: MMSG-26000]
..\\lib\\transaction.h(158): web_url("welcome.pl_2") was successful, 2176 body bytes, 582 header bytes, 24 chunking overhead bytes  	[MsgId: MMSG-26385]
Action.c(86): Notify: Transaction "sign_off" ended with a "Pass" status (Duration: 0,0730).	[MsgId: MMSG-16873]
Action.c(88): Notify: Transaction "UC03_BuyTicket" ended with a "Pass" status (Duration: 26,8804 Think Time: 26,0306 Wasted Time: 0,0008).	[MsgId: MMSG-16870]
Ending action Action.	[MsgId: MMSG-15918]
Action was aborted.	[MsgId: MMSG-10694]
Ending Vuser...	[MsgId: MMSG-15966]
Starting action vuser_end.	[MsgId: MMSG-15919]
Ending action vuser_end.	[MsgId: MMSG-15918]
Vuser Terminated.	[MsgId: MMSG-15963]
t=3888639ms: Closed connection [0] to localhost:1080 after completing 1 request(s)  	[MsgId: MMSG-26000]
t=3888639ms: Closed connection [1] to localhost:1080 after completing 1 request(s)  	[MsgId: MMSG-26000]
HTML-Mode memory management statistics: Reusable=7, NonReusable=0, CsMemBlockSize=4096, checks disabled  	[MsgId: MMSG-26000]
Vuser 7 (thread 26960), ended OK."	[MsgId: MMSG-10695]
