Notify: Getting new value for parameter 'city': table = '..\Parametrs\users.dat' column = '6' row = '7'.	[MsgId: MMSG-13877]
Notify: Next row for parameter expDate = 7 [table  = expDate].	[MsgId: MMSG-13876]
Notify: Getting new value for parameter 'expDate': table = '..\Parametrs\users.dat' column = '8' row = '7'.	[MsgId: MMSG-13877]
Notify: Next row for parameter creditCard = 7 [table  = creditCard].	[MsgId: MMSG-13876]
Notify: Getting new value for parameter 'creditCard': table = '..\Parametrs\users.dat' column = '7' row = '7'.	[MsgId: MMSG-13877]
Notify: Next row for parameter firstName = 7 [table  = firstName].	[MsgId: MMSG-13876]
Notify: Getting new value for parameter 'firstName': table = '..\Parametrs\users.dat' column = '3' row = '7'.	[MsgId: MMSG-13877]
Notify: Next row for parameter confirm_pass = 7 [table  = confirm_pass].	[MsgId: MMSG-13876]
Notify: Getting new value for parameter 'confirm_pass': table = '..\Parametrs\users.dat' column = '2' row = '7'.	[MsgId: MMSG-13877]
Notify: Next row for parameter street = 7 [table  = street].	[MsgId: MMSG-13876]
Notify: Getting new value for parameter 'street': table = '..\Parametrs\users.dat' column = '5' row = '7'.	[MsgId: MMSG-13877]
Starting action Action.	[MsgId: MMSG-15919]
Action.c(3): Notify: Transaction "UC03_BuyTicket" started.	[MsgId: MMSG-16999]
Action.c(5): Notify: Transaction "open_home_page" started.	[MsgId: MMSG-16999]
..\\lib\\transaction.h(5): web_reg_save_param started  	[MsgId: MMSG-26355]
..\\lib\\transaction.h(5): Registering web_reg_save_param was successful  	[MsgId: MMSG-26390]
..\\lib\\transaction.h(10): web_reg_find started  	[MsgId: MMSG-26355]
..\\lib\\transaction.h(10): Registering web_reg_find was successful  	[MsgId: MMSG-26390]
..\\lib\\transaction.h(13): web_url("WebTours") started  	[MsgId: MMSG-26355]
..\\lib\\transaction.h(13): t=6980754ms: Connecting [0] to host 127.0.0.1:1080  	[MsgId: MMSG-26000]
..\\lib\\transaction.h(13): Error -27792: Failed to connect to server "localhost:1080": [10061] Connection refused  	[MsgId: MERR-27792]
..\\lib\\transaction.h(13): t=6982810ms: Closed connection [0] to localhost:1080 after completing 0 request(s)  	[MsgId: MMSG-26000]
..\\lib\\transaction.h(13): Error -26377: No match found for the requested parameter "userSession". Either the specified boundaries were not found in the response or the matched text is longer than current max html parameter size of 256 bytes. The total length of the response is 0 bytes. You can use "web_set_max_html_param_len" to increase the max parameter size.  	[MsgId: MERR-26377]
..\\lib\\transaction.h(13): Notify: Saving Parameter "userSession = ".	[MsgId: MMSG-13798]
..\\lib\\transaction.h(13): Error -26366: "Text=Welcome to the Web Tours site." not found for web_reg_find  	[MsgId: MERR-26366]
..\\lib\\transaction.h(13): Error -26374: The above "not found" error(s) may be explained by header and body byte counts being 0 and 0, respectively.  	[MsgId: MERR-26374]
..\\lib\\transaction.h(13): web_url("WebTours") highest severity level was "ERROR", 0 body bytes, 0 header bytes  	[MsgId: MMSG-26388]
..\\lib\\transaction.h(13): Notify: Transaction "open_home_page" ended with a "Fail" status (Duration: 2,0564).	[MsgId: MMSG-16873]
..\\lib\\transaction.h(13): Notify: Transaction "open_home_page" has 4 error message(s).	[MsgId: MMSG-16818]
..\\lib\\transaction.h(13): Notify: The 1st error message associated with transaction "open_home_page" is "Error -27792: Failed to connect to server "localhost:1080": [10061] Connection refused"	[MsgId: MMSG-16819]
..\\lib\\transaction.h(13): Notify: The 2nd error message associated with transaction "open_home_page" is "Error -26377: No match found for the requested parameter "userSession". Either the specified boundaries were not found in the response or the matched text is longer than current max html parameter size of 256 bytes. The total length of the response is 0 bytes. You can use "web_set_max_html_param_len" to increase the max parameter size."	[MsgId: MMSG-16819]
..\\lib\\transaction.h(13): Notify: The 3rd error message associated with transaction "open_home_page" is "Error -26366: "Text=Welcome to the Web Tours site." not found for web_reg_find"	[MsgId: MMSG-16819]
..\\lib\\transaction.h(13): Notify: The 4th error message associated with transaction "open_home_page" is "Error -26374: The above "not found" error(s) may be explained by header and body byte counts being 0 and 0, respectively."	[MsgId: MMSG-16819]
..\\lib\\transaction.h(13): Notify: Transaction "UC03_BuyTicket" ended with a "Fail" status (Duration: 2,0565).	[MsgId: MMSG-16873]
..\\lib\\transaction.h(13): Notify: Transaction "UC03_BuyTicket" has 4 error message(s).	[MsgId: MMSG-16818]
..\\lib\\transaction.h(13): Notify: The 1st error message associated with transaction "UC03_BuyTicket" is "Error -27792: Failed to connect to server "localhost:1080": [10061] Connection refused"	[MsgId: MMSG-16819]
..\\lib\\transaction.h(13): Notify: The 2nd error message associated with transaction "UC03_BuyTicket" is "Error -26377: No match found for the requested parameter "userSession". Either the specified boundaries were not found in the response or the matched text is longer than current max html parameter size of 256 bytes. The total length of the response is 0 bytes. You can use "web_set_max_html_param_len" to increase the max parameter size."	[MsgId: MMSG-16819]
..\\lib\\transaction.h(13): Notify: The 3rd error message associated with transaction "UC03_BuyTicket" is "Error -26366: "Text=Welcome to the Web Tours site." not found for web_reg_find"	[MsgId: MMSG-16819]
..\\lib\\transaction.h(13): Notify: The 4th error message associated with transaction "UC03_BuyTicket" is "Error -26374: The above "not found" error(s) may be explained by header and body byte counts being 0 and 0, respectively."	[MsgId: MMSG-16819]
Ending action Action.	[MsgId: MMSG-15918]
Action was aborted.	[MsgId: MMSG-10694]
Ending Vuser...	[MsgId: MMSG-15966]
Starting action vuser_end.	[MsgId: MMSG-15919]
Ending action vuser_end.	[MsgId: MMSG-15918]
Vuser Terminated.	[MsgId: MMSG-15963]
HTML-Mode memory management statistics: Reusable=2, NonReusable=0, CsMemBlockSize=4096, checks disabled  	[MsgId: MMSG-26000]
Vuser 8 (thread 13116), ended OK."	[MsgId: MMSG-10695]
Starting iteration 26.	[MsgId: MMSG-15968]
..\\lib\\transaction.h(13): Resetting all proxy auto-configuration information  	[MsgId: MMSG-26000]
Notify: Next row for parameter seatPref = 1 [table  = seatPref].	[MsgId: MMSG-13876]
Notify: Getting new value for parameter 'seatPref': table = '..\Parametrs\Seating.dat' column = '0' row = '1'.	[MsgId: MMSG-13877]
Notify: Next row for parameter seatType = 1 [table  = seatType].	[MsgId: MMSG-13876]
Notify: Getting new value for parameter 'seatType': table = '..\Parametrs\seatType.dat' column = '0' row = '1'.	[MsgId: MMSG-13877]
Notify: Next row for parameter numPassengers = 2 [table  = numPassengers].	[MsgId: MMSG-13876]
Notify: Getting new value for parameter 'numPassengers': table = '..\Parametrs\numPassengers.dat' column = '0' row = '2'.	[MsgId: MMSG-13877]
Notify: Next row for parameter login = 6 [table  = login].	[MsgId: MMSG-13876]
Notify: Getting new value for parameter 'login': table = '..\Parametrs\users.dat' column = '0' row = '6'.	[MsgId: MMSG-13877]
Notify: Next row for parameter lastName = 6 [table  = lastName].	[MsgId: MMSG-13876]
Notify: Getting new value for parameter 'lastName': table = '..\Parametrs\users.dat' column = '4' row = '6'.	[MsgId: MMSG-13877]
Notify: Next row for parameter password = 6 [table  = password].	[MsgId: MMSG-13876]
Notify: Getting new value for parameter 'password': table = '..\Parametrs\users.dat' column = '1' row = '6'.	[MsgId: MMSG-13877]
Notify: Next row for parameter city = 6 [table  = city].	[MsgId: MMSG-13876]
Notify: Getting new value for parameter 'city': table = '..\Parametrs\users.dat' column = '6' row = '6'.	[MsgId: MMSG-13877]
Notify: Next row for parameter expDate = 6 [table  = expDate].	[MsgId: MMSG-13876]
Notify: Getting new value for parameter 'expDate': table = '..\Parametrs\users.dat' column = '8' row = '6'.	[MsgId: MMSG-13877]
Notify: Next row for parameter creditCard = 6 [table  = creditCard].	[MsgId: MMSG-13876]
Notify: Getting new value for parameter 'creditCard': table = '..\Parametrs\users.dat' column = '7' row = '6'.	[MsgId: MMSG-13877]
Notify: Next row for parameter firstName = 6 [table  = firstName].	[MsgId: MMSG-13876]
Notify: Getting new value for parameter 'firstName': table = '..\Parametrs\users.dat' column = '3' row = '6'.	[MsgId: MMSG-13877]
Notify: Next row for parameter confirm_pass = 6 [table  = confirm_pass].	[MsgId: MMSG-13876]
Notify: Getting new value for parameter 'confirm_pass': table = '..\Parametrs\users.dat' column = '2' row = '6'.	[MsgId: MMSG-13877]
Notify: Next row for parameter street = 6 [table  = street].	[MsgId: MMSG-13876]
Notify: Getting new value for parameter 'street': table = '..\Parametrs\users.dat' column = '5' row = '6'.	[MsgId: MMSG-13877]
Starting action Action.	[MsgId: MMSG-15919]
Action.c(3): Notify: Transaction "UC03_BuyTicket" started.	[MsgId: MMSG-16999]
Action.c(5): Notify: Transaction "open_home_page" started.	[MsgId: MMSG-16999]
..\\lib\\transaction.h(5): web_reg_save_param started  	[MsgId: MMSG-26355]
..\\lib\\transaction.h(5): Registering web_reg_save_param was successful  	[MsgId: MMSG-26390]
..\\lib\\transaction.h(10): web_reg_find started  	[MsgId: MMSG-26355]
..\\lib\\transaction.h(10): Registering web_reg_find was successful  	[MsgId: MMSG-26390]
..\\lib\\transaction.h(13): web_url("WebTours") started  	[MsgId: MMSG-26355]
..\\lib\\transaction.h(13): t=6990474ms: Connecting [0] to host 127.0.0.1:1080  	[MsgId: MMSG-26000]
..\\lib\\transaction.h(13): Error -27792: Failed to connect to server "localhost:1080": [10061] Connection refused  	[MsgId: MERR-27792]
..\\lib\\transaction.h(13): t=6992514ms: Closed connection [0] to localhost:1080 after completing 0 request(s)  	[MsgId: MMSG-26000]
..\\lib\\transaction.h(13): Error -26377: No match found for the requested parameter "userSession". Either the specified boundaries were not found in the response or the matched text is longer than current max html parameter size of 256 bytes. The total length of the response is 0 bytes. You can use "web_set_max_html_param_len" to increase the max parameter size.  	[MsgId: MERR-26377]
..\\lib\\transaction.h(13): Notify: Saving Parameter "userSession = ".	[MsgId: MMSG-13798]
..\\lib\\transaction.h(13): Error -26366: "Text=Welcome to the Web Tours site." not found for web_reg_find  	[MsgId: MERR-26366]
..\\lib\\transaction.h(13): Error -26374: The above "not found" error(s) may be explained by header and body byte counts being 0 and 0, respectively.  	[MsgId: MERR-26374]
..\\lib\\transaction.h(13): web_url("WebTours") highest severity level was "ERROR", 0 body bytes, 0 header bytes  	[MsgId: MMSG-26388]
..\\lib\\transaction.h(13): Notify: Transaction "open_home_page" ended with a "Fail" status (Duration: 2,0415).	[MsgId: MMSG-16873]
..\\lib\\transaction.h(13): Notify: Transaction "open_home_page" has 4 error message(s).	[MsgId: MMSG-16818]
..\\lib\\transaction.h(13): Notify: The 1st error message associated with transaction "open_home_page" is "Error -27792: Failed to connect to server "localhost:1080": [10061] Connection refused"	[MsgId: MMSG-16819]
..\\lib\\transaction.h(13): Notify: The 2nd error message associated with transaction "open_home_page" is "Error -26377: No match found for the requested parameter "userSession". Either the specified boundaries were not found in the response or the matched text is longer than current max html parameter size of 256 bytes. The total length of the response is 0 bytes. You can use "web_set_max_html_param_len" to increase the max parameter size."	[MsgId: MMSG-16819]
..\\lib\\transaction.h(13): Notify: The 3rd error message associated with transaction "open_home_page" is "Error -26366: "Text=Welcome to the Web Tours site." not found for web_reg_find"	[MsgId: MMSG-16819]
..\\lib\\transaction.h(13): Notify: The 4th error message associated with transaction "open_home_page" is "Error -26374: The above "not found" error(s) may be explained by header and body byte counts being 0 and 0, respectively."	[MsgId: MMSG-16819]
..\\lib\\transaction.h(13): Notify: Transaction "UC03_BuyTicket" ended with a "Fail" status (Duration: 2,0415).	[MsgId: MMSG-16873]
..\\lib\\transaction.h(13): Notify: Transaction "UC03_BuyTicket" has 4 error message(s).	[MsgId: MMSG-16818]
..\\lib\\transaction.h(13): Notify: The 1st error message associated with transaction "UC03_BuyTicket" is "Error -27792: Failed to connect to server "localhost:1080": [10061] Connection refused"	[MsgId: MMSG-16819]
..\\lib\\transaction.h(13): Notify: The 2nd error message associated with transaction "UC03_BuyTicket" is "Error -26377: No match found for the requested parameter "userSession". Either the specified boundaries were not found in the response or the matched text is longer than current max html parameter size of 256 bytes. The total length of the response is 0 bytes. You can use "web_set_max_html_param_len" to increase the max parameter size."	[MsgId: MMSG-16819]
..\\lib\\transaction.h(13): Notify: The 3rd error message associated with transaction "UC03_BuyTicket" is "Error -26366: "Text=Welcome to the Web Tours site." not found for web_reg_find"	[MsgId: MMSG-16819]
..\\lib\\transaction.h(13): Notify: The 4th error message associated with transaction "UC03_BuyTicket" is "Error -26374: The above "not found" error(s) may be explained by header and body byte counts being 0 and 0, respectively."	[MsgId: MMSG-16819]
Ending action Action.	[MsgId: MMSG-15918]
Action was aborted.	[MsgId: MMSG-10694]
Ending Vuser...	[MsgId: MMSG-15966]
Starting action vuser_end.	[MsgId: MMSG-15919]
Ending action vuser_end.	[MsgId: MMSG-15918]
Vuser Terminated.	[MsgId: MMSG-15963]
HTML-Mode memory management statistics: Reusable=2, NonReusable=0, CsMemBlockSize=4096, checks disabled  	[MsgId: MMSG-26000]
Vuser 9 (thread 31596), ended OK."	[MsgId: MMSG-10695]
