..\\lib\\transaction.h(68):     Keep-Alive: timeout=5, max=98\r\n
..\\lib\\transaction.h(68):     Connection: Keep-Alive\r\n
..\\lib\\transaction.h(68):     Content-Type: image/gif\r\n
..\\lib\\transaction.h(68):     \r\n
..\\lib\\transaction.h(68): t=6971129ms: 758-byte response body for "http://localhost:1080/WebTours/images/button_next.gif" (RelFrameId=, Internal ID=1673)
..\\lib\\transaction.h(68): t=6971129ms: Request done "http://localhost:1080/WebTours/images/button_next.gif"  	[MsgId: MMSG-26000]
..\\lib\\transaction.h(68): Registered web_reg_find successful for "Text=Find Flight" (count=1)  	[MsgId: MMSG-26364]
..\\lib\\transaction.h(68): Notify: Saving Parameter "DepartCity_count = 20".	[MsgId: MMSG-13798]
..\\lib\\transaction.h(68): Notify: Saving Parameter "ArriveCity_count = 20".	[MsgId: MMSG-13798]
..\\lib\\transaction.h(68): web_url("Search Flights Button") was successful, 8501 body bytes, 1572 header bytes, 37 chunking overhead bytes  	[MsgId: MMSG-26385]
..\\lib\\randomP.h(10): Notify: Parameter Substitution: parameter "DepartCity_count" =  "20"	[MsgId: MMSG-13992]
..\\lib\\randomP.h(10): Notify: Parameter Substitution: parameter "DepartCity_19" =  "Sydney"	[MsgId: MMSG-13992]
..\\lib\\randomP.h(10): Notify: Saving Parameter "departCity = Sydney".	[MsgId: MMSG-13798]
..\\lib\\randomP.h(11): Notify: Parameter Substitution: parameter "ArriveCity_count" =  "20"	[MsgId: MMSG-13992]
..\\lib\\randomP.h(11): Notify: Parameter Substitution: parameter "ArriveCity_13" =  "London"	[MsgId: MMSG-13992]
..\\lib\\randomP.h(11): Notify: Saving Parameter "returnCity = London".	[MsgId: MMSG-13798]
..\\lib\\randomP.h(12): Notify: Parameter Substitution: parameter "returnCity" =  "London"	[MsgId: MMSG-13992]
..\\lib\\randomP.h(13): Notify: Parameter Substitution: parameter "departCity" =  "Sydney"	[MsgId: MMSG-13992]
Action.c(22): lr_think_time: 3,00 seconds.	[MsgId: MMSG-15948]
..\\lib\\transaction.h(122): t=6971149ms: 255-byte response headers for "http://localhost:1080/cgi-bin/reservations.pl" (RelFrameId=1, Internal ID=779)
..\\lib\\transaction.h(122):     HTTP/1.1 200 OK\r\n
..\\lib\\transaction.h(122):     Date: Thu, 19 Dec 2024 12:57:03 GMT\r\n
..\\lib\\transaction.h(122):     Server: Apache/2.4.58 (Unix)\r\n
..\\lib\\transaction.h(122):     Expires: Wed, 18 Dec 2024 12:57:03 GMT\r\n
..\\lib\\transaction.h(122):     Keep-Alive: timeout=5, max=100\r\n
..\\lib\\transaction.h(122):     Connection: Keep-Alive\r\n
..\\lib\\transaction.h(122):     Transfer-Encoding: chunked\r\n
..\\lib\\transaction.h(122):     Content-Type: text/html; charset=ISO-8859-1\r\n
..\\lib\\transaction.h(122):     \r\n
..\\lib\\transaction.h(122): t=6971149ms: 5-byte chunked response overhead for "http://localhost:1080/cgi-bin/reservations.pl" (RelFrameId=1, Internal ID=779)
..\\lib\\transaction.h(122):     ba8\r\n
..\\lib\\transaction.h(122): t=6971149ms: 2-byte chunked response overhead for "http://localhost:1080/cgi-bin/reservations.pl" (RelFrameId=1, Internal ID=779)
..\\lib\\transaction.h(122):     \r\n
..\\lib\\transaction.h(122): t=6971149ms: 2984-byte chunked response body for "http://localhost:1080/cgi-bin/reservations.pl" (RelFrameId=1, Internal ID=779)
..\\lib\\transaction.h(122):     <!DOCTYPE html\n
..\\lib\\transaction.h(122):     \tPUBLIC "-//W3C//DTD XHTML 1.0 Transitional//EN"\n
..\\lib\\transaction.h(122):     \t "http://www.w3.org/TR/xhtml1/DTD/xhtml1-transitional.dtd">\n
..\\lib\\transaction.h(122):     <html xmlns="http://www.w3.org/1999/xhtml" lang="en-US" xml:lang="en-US">\n
..\\lib\\transaction.h(122):     <head>\n
..\\lib\\transaction.h(122):     <title>Flight Reservation</title>\n
..\\lib\\transaction.h(122):     <meta http-equiv="Content-Type" content="text/html; charset=iso-8859-1" />\n
..\\lib\\transaction.h(122):     </head>\n
..\\lib\\transaction.h(122):     <body bgcolor="#E0E7F1">\n
..\\lib\\transaction.h(122):     <style>blockquote {font-family: tahoma; font-size : 10pt}H1 {font-family: tahoma; font-siz
..\\lib\\transaction.h(122):     e : 22pt; color: #993333}small {font-family: tahoma; font-size : 8pt}H3 {font-family: taho
..\\lib\\transaction.h(122):     ma; font-size : 10pt; color: black}TD {font-family: tahoma; font-size : 10pt; color: black
..\\lib\\transaction.h(122):     }</style><BR/><BR/><h1><font color="#003366">&nbsp;&nbsp;<b>Payment Details</font></b></h1
..\\lib\\transaction.h(122):     ><blockquote><form method="post" action="reservations.pl" enctype="multipart/form-data" on
..\\lib\\transaction.h(122):     submit="return true ;"><table><tr><td align="right">First Name : <td><input type="text" na
..\\lib\\transaction.h(122):     me="firstName" value="Eskel" size="15" /><tr><td align="right">Last Name : <td><input type
..\\lib\\transaction.h(122):     ="text" name="lastName" value="Bull&#10;" size="15" /><tr><td align="right">Street Address
..\\lib\\transaction.h(122):      : <td colspan="3"><input type="text" name="address1" value="Druid Camp" size="30" /><tr><
..\\lib\\transaction.h(122):     td align="right">City/State/Zip : <td colspan="3"><input type="text" name="address2" value
..\\lib\\transaction.h(122):     ="White Garden" size="30" /><tr><td align="right">Passenger Names : <td colspan="3"><input
..\\lib\\transaction.h(122):      type="text" name="pass1" value="Eskel Bull&#10;" size="30" /><tr><td><td colspan="3"><inp
..\\lib\\transaction.h(122):     ut type="text" name="pass2"  size="30" /><tr><td><td colspan="3"><input type="text" name="
..\\lib\\transaction.h(122):     pass3"  size="30" /><tr><td><td colspan="3"><input type="text" name="pass4"  size="30" /><
..\\lib\\transaction.h(122):     tr><td><td colspan="3"><input type="text" name="pass5"  size="30" /><tr><td height="10"><t
..\\lib\\transaction.h(122):     r><td height="10" align="center" colspan="4">Total for 5 ticket(s) is = $ 585<tr><td align
..\\lib\\transaction.h(122):     ="right">Credit Card : <td><input type="text" name="creditCard"  size="20" maxlength="20" 
..\\lib\\transaction.h(122):     /><td align="right">Exp Date : <td><input type="text" name="expDate" value="&#10;" size="5
..\\lib\\transaction.h(122):     " maxlength="5" /><tr><TD><td colspan="3" align="left"><label><input type="checkbox" name=
..\\lib\\transaction.h(122):     "saveCC" value="on" />Save this Credit Card Information</label><input type="hidden" name="
..\\lib\\transaction.h(122):     oldCCOption" value=""  /></table><input type="hidden" name="numPassengers" value="5"  /><i
..\\lib\\transaction.h(122):     nput type="hidden" name="seatType" value="Coach"  /><input type="hidden" name="seatPref" v
..\\lib\\transaction.h(122):     alue="None"  /><input type="hidden" name="outboundFlight" value="943;117;12/26/2024"  /><i
..\\lib\\transaction.h(122):     nput type="hidden" name="advanceDiscount" value="0"  /><input type="hidden" name="returnFl
..\\lib\\transaction.h(122):     ight" value=""  /><input type="hidden" name="JSFormSubmit" value="off"  /><center><table w
..\\lib\\transaction.h(122):     idth=80% cellspacing=1><tr><td align=center>\n
..\\lib\\transaction.h(122):     <input type="image" name="buyFlights" src="/WebTours/images/button_next.gif" border="0" />
..\\lib\\transaction.h(122):     <div><input type="hidden" name=".cgifields" value="saveCC"  /></div></form>\n
..\\lib\\transaction.h(122):     <td>&nbsp;<td align=center><form method="post" action="reservations.pl" enctype="multipart
..\\lib\\transaction.h(122):     /form-data" onsubmit="void(0);"></form></table></center></blockquote>\n
..\\lib\\transaction.h(122):     </body>\n
..\\lib\\transaction.h(122):     </html>
..\\lib\\transaction.h(122): Resource "http://localhost:1080/WebTours/images/button_next.gif" is in the cache already and will not be downloaded again  	[MsgId: MMSG-26655]
..\\lib\\transaction.h(122): t=6971149ms: 5-byte chunked response overhead for "http://localhost:1080/cgi-bin/reservations.pl" (RelFrameId=1, Internal ID=779)
..\\lib\\transaction.h(122):     0\r\n
..\\lib\\transaction.h(122):     \r\n
..\\lib\\transaction.h(122): t=6971149ms: Request done "http://localhost:1080/cgi-bin/reservations.pl"  	[MsgId: MMSG-26000]
..\\lib\\transaction.h(122): Registered web_reg_find successful for "Text=Payment Details" (count=1)  	[MsgId: MMSG-26364]
..\\lib\\transaction.h(122): web_submit_data("reservations.pl_2") was successful, 2984 body bytes, 255 header bytes, 12 chunking overhead bytes  	[MsgId: MMSG-26385]
Action.c(36): lr_think_time: 5,00 seconds.	[MsgId: MMSG-15948]
Action.c(24): Notify: Transaction "flights_page" ended with a "Pass" status (Duration: 3,2159 Think Time: 3,0013 Wasted Time: 0,0006).	[MsgId: MMSG-16870]
Action.c(26): Notify: Transaction "find_flight" started.	[MsgId: MMSG-16999]
..\\lib\\transaction.h(83): web_reg_find started  	[MsgId: MMSG-26355]
..\\lib\\transaction.h(83): Notify: Parameter Substitution: parameter "departCity" =  "Sydney"	[MsgId: MMSG-13992]
..\\lib\\transaction.h(83): Notify: Parameter Substitution: parameter "returnCity" =  "London"	[MsgId: MMSG-13992]
..\\lib\\transaction.h(83): Registering web_reg_find was successful  	[MsgId: MMSG-26390]
..\\lib\\transaction.h(85): web_reg_save_param started  	[MsgId: MMSG-26355]
..\\lib\\transaction.h(85): Registering web_reg_save_param was successful  	[MsgId: MMSG-26390]
..\\lib\\transaction.h(91): web_submit_data("reservations.pl") started  	[MsgId: MMSG-26355]
..\\lib\\transaction.h(91): Notify: Parameter Substitution: parameter "departCity" =  "Sydney"	[MsgId: MMSG-13992]
..\\lib\\transaction.h(91): Notify: Parameter Substitution: parameter "departDate" =  "12/26/2024"	[MsgId: MMSG-13992]
..\\lib\\transaction.h(91): Notify: Parameter Substitution: parameter "returnCity" =  "London"	[MsgId: MMSG-13992]
..\\lib\\transaction.h(91): Notify: Parameter Substitution: parameter "returnDate" =  "01/02/2025"	[MsgId: MMSG-13992]
..\\lib\\transaction.h(91): Notify: Parameter Substitution: parameter "randNumber" =  "9"	[MsgId: MMSG-13992]
..\\lib\\transaction.h(91): Notify: Parameter Substitution: parameter "seatPref" =  "None"	[MsgId: MMSG-13992]
..\\lib\\transaction.h(91): Notify: Parameter Substitution: parameter "seatType" =  "Coach"	[MsgId: MMSG-13992]
..\\lib\\transaction.h(91): t=6974131ms: Already connected [0] to localhost:1080  	[MsgId: MMSG-26000]
..\\lib\\transaction.h(91): t=6974131ms: 584-byte request headers for "http://localhost:1080/cgi-bin/reservations.pl" (RelFrameId=1, Internal ID=1674)
..\\lib\\transaction.h(91):     POST /cgi-bin/reservations.pl HTTP/1.1\r\n
..\\lib\\transaction.h(91):     Content-Type: application/x-www-form-urlencoded\r\n
..\\lib\\transaction.h(91):     Referer: http://localhost:1080/cgi-bin/reservations.pl?page=welcome\r\n
..\\lib\\transaction.h(91):     User-Agent: Mozilla/5.0 (Windows NT 10.0; Win64; x64; rv:133.0) Gecko/20100101 Firefox/133
..\\lib\\transaction.h(91):     .0\r\n
..\\lib\\transaction.h(91):     Accept-Encoding: gzip, deflate\r\n
..\\lib\\transaction.h(91):     Accept-Language: ru-RU,ru;q=0.8,en-US;q=0.5,en;q=0.3\r\n
..\\lib\\transaction.h(91):     Accept: */*\r\n
..\\lib\\transaction.h(91):     Connection: Keep-Alive\r\n
..\\lib\\transaction.h(91):     Host: localhost:1080\r\n
..\\lib\\transaction.h(91):     Cookie: MSO=SID&1734613014; MTUserInfo=firstName&Coen&address2&Oxenfurt&expDate&%0A&lastNa
..\\lib\\transaction.h(91):     me&Morgan%0A&creditCard&&hash&78&username&Coen&address1&Freedom%20Square\r\n
..\\lib\\transaction.h(91):     Content-Length: 236\r\n
..\\lib\\transaction.h(91):     \r\n
..\\lib\\transaction.h(91): t=6974132ms: 236-byte request body for "http://localhost:1080/cgi-bin/reservations.pl" (RelFrameId=1, Internal ID=1674)
..\\lib\\transaction.h(91):     advanceDiscount=0&depart=Sydney&departDate=12%2F26%2F2024&arrive=London&returnDate=01%2F02
..\\lib\\transaction.h(91):     %2F2025&numPassengers=9&seatPref=None&seatType=Coach&findFlights.x=66&findFlights.y=7&.cgi
..\\lib\\transaction.h(91):     fields=roundtrip&.cgifields=seatType&.cgifields=seatPref
..\\lib\\transaction.h(91): t=6974172ms: 248-byte response headers for "http://localhost:1080/cgi-bin/reservations.pl" (RelFrameId=1, Internal ID=1674)
..\\lib\\transaction.h(91):     HTTP/1.1 200 OK\r\n
..\\lib\\transaction.h(91):     Date: Thu, 19 Dec 2024 12:57:06 GMT\r\n
..\\lib\\transaction.h(91):     Server: Apache/2.4.58 (Unix)\r\n
..\\lib\\transaction.h(91):     Expires: Wed, 18 Dec 2024 12:57:06 GMT\r\n
..\\lib\\transaction.h(91):     Content-Length: 2429\r\n
..\\lib\\transaction.h(91):     Keep-Alive: timeout=5, max=97\r\n
..\\lib\\transaction.h(91):     Connection: Keep-Alive\r\n
..\\lib\\transaction.h(91):     Content-Type: text/html; charset=ISO-8859-1\r\n
..\\lib\\transaction.h(91):     \r\n
..\\lib\\transaction.h(91): t=6974173ms: 2429-byte response body for "http://localhost:1080/cgi-bin/reservations.pl" (RelFrameId=1, Internal ID=1674)
..\\lib\\transaction.h(91):     <!DOCTYPE html\n
..\\lib\\transaction.h(91):     \tPUBLIC "-//W3C//DTD XHTML 1.0 Transitional//EN"\n
..\\lib\\transaction.h(91):     \t "http://www.w3.org/TR/xhtml1/DTD/xhtml1-transitional.dtd">\n
..\\lib\\transaction.h(91):     <html xmlns="http://www.w3.org/1999/xhtml" lang="en-US" xml:lang="en-US">\n
..\\lib\\transaction.h(91):     <head>\n
..\\lib\\transaction.h(91):     <title>Flight Selections</title>\n
..\\lib\\transaction.h(91):     <meta http-equiv="Content-Type" content="text/html; charset=iso-8859-1" />\n
..\\lib\\transaction.h(91):     </head>\n
..\\lib\\transaction.h(91):     <body bgcolor="#E0E7F1">\n
..\\lib\\transaction.h(91):     <style>blockquote {font-family: tahoma; font-size : 10pt}H1 {font-family: tahoma; font-siz
..\\lib\\transaction.h(91):     e : 22pt; color: #993333}small {font-family: tahoma; font-size : 8pt}H3 {font-family: taho
..\\lib\\transaction.h(91):     ma; font-size : 10pt; color: black}TD {font-family: tahoma; font-size : 10pt; color: black
..\\lib\\transaction.h(91):     }</style><BR/><BR/><h1><font color="#003366">&nbsp;&nbsp;<b>Find Flight</font></b></h1><bl
..\\lib\\transaction.h(91):     ockquote>\n
..\\lib\\transaction.h(91):     <form method="post" action="reservations.pl" enctype="multipart/form-data">\n
..\\lib\\transaction.h(91):     <center>\n
..\\lib\\transaction.h(91):     <!-- From Sydney (8) To London (2) -->\n
..\\lib\\transaction.h(91):     <table cellspacing="2" border="0" width="50%">\n
..\\lib\\transaction.h(91):     <blockquote>Flight departing from <B>Sydney</B> to <B>London</B> on <B>12/26/2024</B><BR/>
..\\lib\\transaction.h(91):     <BR/><tr bgcolor="#5E7884"><td align="center"><font color="white"><B>Flight</B></font>\n
..\\lib\\transaction.h(91):           \t\t<td align="center"><font color="white"><B>Departure time</B>\n
..\\lib\\transaction.h(91):           \t\t<td align="center"><font color="white"><B>Cost</B>\n
..\\lib\\transaction.h(91):     <tr bgcolor="#EFF2F7"><td align="center"><input type="radio" name="outboundFlight" value="
..\\lib\\transaction.h(91):     820;1441;12/26/2024" checked="checked" >Blue Sky Air 820<td align="center">8am<td align="c
..\\lib\\transaction.h(91):     enter">$ 1441</TD></TR><tr bgcolor="#EFF2F7"><td align="center"><input type="radio" name="
..\\lib\\transaction.h(91):     outboundFlight" value="821;1283;12/26/2024">Blue Sky Air 821<td align="center">1pm<td alig
..\\lib\\transaction.h(91):     n="center">$ 1283</TD></TR><tr bgcolor="#EFF2F7"><td align="center"><input type="radio" na
..\\lib\\transaction.h(91):     me="outboundFlight" value="822;1362;12/26/2024">Blue Sky Air 822<td align="center">5pm<td 
..\\lib\\transaction.h(91):     align="center">$ 1362</TD></TR><tr bgcolor="#EFF2F7"><td align="center"><input type="radio
..\\lib\\transaction.h(91):     " name="outboundFlight" value="823;1179;12/26/2024">Blue Sky Air 823<td align="center">11p
..\\lib\\transaction.h(91):     m<td align="center">$ 1179</TD></TR></table>\n
..\\lib\\transaction.h(91):     \n
..\\lib\\transaction.h(91):     <input type="hidden" name="numPassengers" value="9"  /><input type="hidden" name="advanceD
..\\lib\\transaction.h(91):     iscount" value="0"  /><input type="hidden" name="seatType" value="Coach"  /><input type="h
..\\lib\\transaction.h(91):     idden" name="seatPref" value="None"  />\n
..\\lib\\transaction.h(91):     <P><center><table width=80% cellspacing=1><tr><td align=center>\n
..\\lib\\transaction.h(91):     <input type="image" name="reserveFlights" src="/WebTours/images/button_next.gif" border="0
..\\lib\\transaction.h(91):     " />\n
..\\lib\\transaction.h(91):     <td>&nbsp;<td align=center></table></center></form></center>\n
..\\lib\\transaction.h(91):     </blockquote>\n
..\\lib\\transaction.h(91):     \n
..\\lib\\transaction.h(91):     </body>\n
..\\lib\\transaction.h(91):     </html>
..\\lib\\transaction.h(91): Notify: Saving Parameter "outboundFlight_1 = 820;1441;12/26/2024".	[MsgId: MMSG-13798]
..\\lib\\transaction.h(91): Notify: Saving Parameter "outboundFlight_2 = 821;1283;12/26/2024".	[MsgId: MMSG-13798]
..\\lib\\transaction.h(91): Notify: Saving Parameter "outboundFlight_3 = 822;1362;12/26/2024".	[MsgId: MMSG-13798]
..\\lib\\transaction.h(91): Notify: Saving Parameter "outboundFlight_4 = 823;1179;12/26/2024".	[MsgId: MMSG-13798]
..\\lib\\transaction.h(91): Resource "http://localhost:1080/WebTours/images/button_next.gif" is in the cache already and will not be downloaded again  	[MsgId: MMSG-26655]
..\\lib\\transaction.h(91): t=6974174ms: Request done "http://localhost:1080/cgi-bin/reservations.pl"  	[MsgId: MMSG-26000]
..\\lib\\transaction.h(91): Registered web_reg_find successful for "Text=<B>Sydney</B> to <B>London</B>" (count=1)  	[MsgId: MMSG-26364]
..\\lib\\transaction.h(91): Notify: Saving Parameter "outboundFlight_count = 4".	[MsgId: MMSG-13798]
..\\lib\\transaction.h(91): web_submit_data("reservations.pl") was successful, 2429 body bytes, 248 header bytes  	[MsgId: MMSG-26386]
..\\lib\\transaction.h(115): Notify: Parameter Substitution: parameter "outboundFlight_count" =  "4"	[MsgId: MMSG-13992]
..\\lib\\transaction.h(115): Notify: Parameter Substitution: parameter "outboundFlight_2" =  "821;1283;12/26/2024"	[MsgId: MMSG-13992]
..\\lib\\transaction.h(115): Notify: Saving Parameter "outboundFlight = 821;1283;12/26/2024".	[MsgId: MMSG-13798]
Action.c(29): lr_think_time: 5,00 seconds.	[MsgId: MMSG-15948]
Action.c(38): Notify: Transaction "select_ticket" ended with a "Pass" status (Duration: 5,0511 Think Time: 5,0114 Wasted Time: 0,0000).	[MsgId: MMSG-16870]
Action.c(40): Notify: Transaction "buy_ticket" started.	[MsgId: MMSG-16999]
Action.c(42): web_reg_find started  	[MsgId: MMSG-26355]
Action.c(42): Registering web_reg_find was successful  	[MsgId: MMSG-26390]
Action.c(45): web_reg_find started  	[MsgId: MMSG-26355]
Action.c(45): Notify: Parameter Substitution: parameter "departCity" =  "Zurich"	[MsgId: MMSG-13992]
Action.c(45): Notify: Parameter Substitution: parameter "returnCity" =  "Paris"	[MsgId: MMSG-13992]
Action.c(45): Registering web_reg_find was successful  	[MsgId: MMSG-26390]
Action.c(48): web_submit_data("reservations.pl_3") started  	[MsgId: MMSG-26355]
Action.c(48): Notify: Next row for parameter firstName = 8 [table  = firstName].	[MsgId: MMSG-13876]
Action.c(48): Notify: Parameter Substitution: parameter "firstName" =  "Eskel"	[MsgId: MMSG-13992]
Action.c(48): Notify: Next row for parameter lastName = 8 [table  = lastName].	[MsgId: MMSG-13876]
Action.c(48): Notify: Parameter Substitution: parameter "lastName" =  "Bull"	[MsgId: MMSG-13992]
Action.c(48): Notify: Next row for parameter street = 8 [table  = street].	[MsgId: MMSG-13876]
Action.c(48): Notify: Parameter Substitution: parameter "street" =  "Druid Camp"	[MsgId: MMSG-13992]
Action.c(48): Notify: Next row for parameter city = 8 [table  = city].	[MsgId: MMSG-13876]
Action.c(48): Notify: Parameter Substitution: parameter "city" =  "White Garden"	[MsgId: MMSG-13992]
Action.c(48): Notify: Next row for parameter firstName = 8 [table  = firstName].	[MsgId: MMSG-13876]
Action.c(48): Notify: Parameter Substitution: parameter "firstName" =  "Eskel"	[MsgId: MMSG-13992]
Action.c(48): Notify: Next row for parameter lastName = 8 [table  = lastName].	[MsgId: MMSG-13876]
Action.c(48): Notify: Parameter Substitution: parameter "lastName" =  "Bull"	[MsgId: MMSG-13992]
Action.c(48): Notify: Next row for parameter creditCard = 8 [table  = creditCard].	[MsgId: MMSG-13876]
Action.c(48): Notify: Parameter Substitution: parameter "creditCard" =  "5431010009123469"	[MsgId: MMSG-13992]
Action.c(48): Notify: Next row for parameter expDate = 8 [table  = expDate].	[MsgId: MMSG-13876]
Action.c(48): Notify: Parameter Substitution: parameter "expDate" =  "01/15"	[MsgId: MMSG-13992]
Action.c(48): Notify: Parameter Substitution: parameter "randNumber" =  "5"	[MsgId: MMSG-13992]
Action.c(48): Notify: Parameter Substitution: parameter "seatType" =  "Coach"	[MsgId: MMSG-13992]
Action.c(48): Notify: Parameter Substitution: parameter "seatPref" =  "None"	[MsgId: MMSG-13992]
Action.c(48): Notify: Parameter Substitution: parameter "outboundFlight" =  "943;117;12/26/2024"	[MsgId: MMSG-13992]
Action.c(48): t=6976164ms: Closed connection [0] to localhost:1080 after completing 1 request(s)  	[MsgId: MMSG-26000]
Action.c(48): t=6976165ms: Connecting [0] to host 127.0.0.1:1080  	[MsgId: MMSG-26000]
Action.c(48): t=6976166ms: Connected socket [0] from 127.0.0.1:17454 to 127.0.0.1:1080 in 1 ms  	[MsgId: MMSG-26000]
Action.c(48): t=6976166ms: 573-byte request headers for "http://localhost:1080/cgi-bin/reservations.pl" (RelFrameId=1, Internal ID=780)
Action.c(48):     POST /cgi-bin/reservations.pl HTTP/1.1\r\n
Action.c(48):     Content-Type: application/x-www-form-urlencoded\r\n
Action.c(48):     Referer: http://localhost:1080/cgi-bin/reservations.pl\r\n
Action.c(48):     User-Agent: Mozilla/5.0 (Windows NT 10.0; Win64; x64; rv:133.0) Gecko/20100101 Firefox/133
Action.c(48):     .0\r\n
Action.c(48):     Accept-Encoding: gzip, deflate\r\n
Action.c(48):     Accept-Language: ru-RU,ru;q=0.8,en-US;q=0.5,en;q=0.3\r\n
Action.c(48):     Accept: */*\r\n
Action.c(48):     Connection: Keep-Alive\r\n
Action.c(48):     Host: localhost:1080\r\n
Action.c(48):     Cookie: MSO=SID&1734613006; MTUserInfo=creditCard&&firstName&Eskel&address1&Druid%20Camp&h
Action.c(48):     ash&76&lastName&Bull%0A&address2&White%20Garden&expDate&%0A&username&Eskel\r\n
Action.c(48):     Content-Length: 330\r\n
Action.c(48):     \r\n
Action.c(48): t=6976167ms: 330-byte request body for "http://localhost:1080/cgi-bin/reservations.pl" (RelFrameId=1, Internal ID=780)
Action.c(48):     firstName=Eskel&lastName=Bull&address1=Druid+Camp&address2=White+Garden&pass1=Eskel+Bull&c
Action.c(48):     reditCard=5431010009123469&expDate=01%2F15&oldCCOption=&numPassengers=5&seatType=Coach&sea
Action.c(48):     tPref=None&outboundFlight=943%3B117%3B12%2F26%2F2024&advanceDiscount=0&returnFlight=&JSFor
Action.c(48):     mSubmit=off&buyFlights.x=46&buyFlights.y=5&.cgifields=saveCC
Action.c(48): t=6976202ms: 389-byte response headers for "http://localhost:1080/cgi-bin/reservations.pl" (RelFrameId=1, Internal ID=780)
Action.c(48):     HTTP/1.1 200 OK\r\n
Action.c(48):     Date: Thu, 19 Dec 2024 12:57:08 GMT\r\n
Action.c(48):     Server: Apache/2.4.58 (Unix)\r\n
Action.c(48):     Expires: Wed, 18 Dec 2024 12:57:08 GMT\r\n
Action.c(48):     Set-Cookie: MTUserInfo=username&Eskel&lastName&Bull%0A&address1&Druid%20Camp&hash&76&addre
Action.c(48):     ss2&White%20Garden&firstName&Eskel; path=/\r\n
Action.c(48):     Keep-Alive: timeout=5, max=100\r\n
Action.c(48):     Connection: Keep-Alive\r\n
Action.c(48):     Transfer-Encoding: chunked\r\n
Action.c(48):     Content-Type: text/html; charset=ISO-8859-1\r\n
Action.c(48):     \r\n
Action.c(48): t=6976203ms: 5-byte chunked response overhead for "http://localhost:1080/cgi-bin/reservations.pl" (RelFrameId=1, Internal ID=780)
Action.c(48):     9a4\r\n
Action.c(48): t=6976203ms: 2-byte chunked response overhead for "http://localhost:1080/cgi-bin/reservations.pl" (RelFrameId=1, Internal ID=780)
Action.c(48):     \r\n
Action.c(48): t=6976203ms: 2468-byte chunked response body for "http://localhost:1080/cgi-bin/reservations.pl" (RelFrameId=1, Internal ID=780)
Action.c(48):     <!DOCTYPE html\n
Action.c(48):     \tPUBLIC "-//W3C//DTD XHTML 1.0 Transitional//EN"\n
Action.c(48):     \t "http://www.w3.org/TR/xhtml1/DTD/xhtml1-transitional.dtd">\n
Action.c(48):     <html xmlns="http://www.w3.org/1999/xhtml" lang="en-US" xml:lang="en-US">\n
Action.c(48):     <head>\n
Action.c(48):     <title>Reservation Made!</title>\n
Action.c(48):     <meta http-equiv="Content-Type" content="text/html; charset=iso-8859-1" />\n
Action.c(48):     </head>\n
Action.c(48):     <body bgcolor="#E0E7F1">\n
Action.c(48):     <style>blockquote {font-family: tahoma; font-size : 10pt}H1 {font-family: tahoma; font-siz
Action.c(48):     e : 22pt; color: #993333}small {font-family: tahoma; font-size : 8pt}H3 {font-family: taho
Action.c(48):     ma; font-size : 10pt; color: black}TD {font-family: tahoma; font-size : 10pt; color: black
Action.c(48):     }</style><BR/><BR/><h1><font color="#003366">&nbsp;&nbsp;<b>Invoice</font></b></h1><blockq
Action.c(48):     uote>\n
Action.c(48):     <CENTER>\n
Action.c(48):     <small><B>Thank you for booking through Web Tours.</B></small>\n
Action.c(48):     <BR/>\n
Action.c(48):     <BR/>\n
Action.c(48):     <!-- Customer Name header -->\n
Action.c(48):     <Table width="85%" border="0" cellspacing="0" >\n
Action.c(48):       <TR bgcolor="#5E7884">\n
Action.c(48):          <TD colspan="2" align="center">\n
Action.c(48):             <font color="white"><b>EskelBull's Flight Invoice</b></font>\n
Action.c(48):          </TD>\n
Action.c(48):          <TD width="160" align="right">\n
Action.c(48):              <font color="white"><small>Thu Dec 19 12:57:08 2024\n
Action.c(48):     </small>\n
Action.c(48):          </TD>\n
Action.c(48):       </TR>\n
Action.c(48):     </Table>\n
Action.c(48):     \n
Action.c(48):     <Table width="85%" border="0" cellspacing="1" >\n
Action.c(48):     <!-- Flight Item header -->\n
Action.c(48):       <TR bgcolor="#EFF2F7">\n
Action.c(48):          <TD colspan="2" align="left">\n
Action.c(48):              Flights Reservation Requests:\n
Action.c(48):         </TD>\n
Action.c(48):         <TD align="center">Cost\n
Action.c(48):         </TD>\n
Action.c(48):       </TR>\n
Action.c(48):     \n
Action.c(48):     <!-- Flight reserved -->\n
Action.c(48):     <TR bgcolor="#EFF2F7">\n
Action.c(48):         <TD valign="top">1.</TD>\n
Action.c(48):         <TD align="left">\n
Action.c(48):            <b><u>5 Coach Class tickets from Zurich to Paris.</u></b>\n
Action.c(48):     <br/>\n
Action.c(48):     <center>\n
Action.c(48):            <i>\n
Action.c(48):               12/26/2024 :  11pm : Flight 943 leaves Zurich  for Paris.<br>\n
Action.c(48):            <br/>\n
Action.c(48):         </TD>\n
Action.c(48):         <TD valign="top">\n
Action.c(48):              $585\n
Action.c(48):         </TD>\n
Action.c(48):       </TR>\n
Action.c(48):     <!-- Total Cost -->\n
Action.c(48):       <TR bgcolor="#EFF2F7">\n
Action.c(48):         <TD>*\n
Action.c(48):         </TD>\n
Action.c(48):         <TD > Total Cost\n
Action.c(48):         </TD>\n
Action.c(48):         <TD>\n
Action.c(48):            <b> $585 </b>\n
Action.c(48):         </TD>\n
Action.c(48):       </TR>\n
Action.c(48):     \n
Action.c(48):       <TR bgcolor="#EFF2F7">\n
Action.c(48):         <TD>-\n
Action.c(48):         </TD>\n
Action.c(48):         <TD >\n
Action.c(48):            Total Charged to Credit Card # 5431010009123469\n
Action.c(48):         </TD>\n
Action.c(48):         <TD>\n
Action.c(48):            <b> $585 </b>\n
Action.c(48):         </TD>\n
Action.c(48):       </TR>\n
Action.c(48):     \n
Action.c(48):       <TR bgcolor="#EFF2F7">\n
Action.c(48):         <TD>*\n
Action.c(48):         </TD>\n
Action.c(48):         <TD >\n
Action.c(48):             Credit Account Balance\n
Action.c(48):         </TD>\n
Action.c(48):         <TD>\n
Action.c(48):            <b> $0.00 </b>\n
Action.c(48):         </TD>\n
Action.c(48):       </TR></Table>\n
Action.c(48):     <BR/>\n
Action.c(48):     <Table width="85%" border="0">\n
Action.c(48):       <tr>\n
Action.c(48):         <td align=right>\n
Action.c(48):     <form method="post" action="" enctype="multipart/form-data"><input type="image" name="Book
Action.c(48):      Another" src="/WebTours/images/bookanother.gif" border="0" /></form>    </td>\n
Action.c(48):       </tr>\n
Action.c(48):     </Table>\n
Action.c(48):     \n
Action.c(48):     </Center>\n
Action.c(48):     \n
Action.c(48):     </body>\n
Action.c(48):     </html>
Action.c(48): Found resource "http://localhost:1080/WebTours/images/bookanother.gif" in HTML "http://localhost:1080/cgi-bin/reservations.pl"  	[MsgId: MMSG-26659]
Action.c(48): t=6976204ms: 5-byte chunked response overhead for "http://localhost:1080/cgi-bin/reservations.pl" (RelFrameId=1, Internal ID=780)
Action.c(48):     0\r\n
Action.c(48):     \r\n
Action.c(48): t=6976204ms: Request done "http://localhost:1080/cgi-bin/reservations.pl"  	[MsgId: MMSG-26000]
Action.c(48): t=6976204ms: Connecting [1] to host 127.0.0.1:1080  	[MsgId: MMSG-26000]
Action.c(48): t=6976223ms: Connected socket [1] from 127.0.0.1:17455 to 127.0.0.1:1080 in 19 ms  	[MsgId: MMSG-26000]
Action.c(48): t=6976223ms: 486-byte request headers for "http://localhost:1080/WebTours/images/bookanother.gif" (RelFrameId=, Internal ID=781)
Action.c(48):     GET /WebTours/images/bookanother.gif HTTP/1.1\r\n
Action.c(48):     Referer: http://localhost:1080/cgi-bin/reservations.pl\r\n
Action.c(48):     User-Agent: Mozilla/5.0 (Windows NT 10.0; Win64; x64; rv:133.0) Gecko/20100101 Firefox/133
Action.c(48):     .0\r\n
Action.c(48):     Accept-Encoding: gzip, deflate\r\n
Action.c(48):     Accept-Language: ru-RU,ru;q=0.8,en-US;q=0.5,en;q=0.3\r\n
Action.c(48):     Accept: */*\r\n
Action.c(48):     Connection: Keep-Alive\r\n
Action.c(48):     Host: localhost:1080\r\n
Action.c(48):     Cookie: MSO=SID&1734613006; MTUserInfo=username&Eskel&lastName&Bull%0A&address1&Druid%20Ca
Action.c(48):     mp&hash&76&address2&White%20Garden&firstName&Eskel\r\n
Action.c(48):     \r\n
Action.c(48): t=6976224ms: 283-byte response headers for "http://localhost:1080/WebTours/images/bookanother.gif" (RelFrameId=, Internal ID=781)
Action.c(48):     HTTP/1.1 200 OK\r\n
Action.c(48):     Date: Thu, 19 Dec 2024 12:57:08 GMT\r\n
Action.c(48):     Server: Apache/2.4.58 (Unix)\r\n
Action.c(48):     Last-Modified: Fri, 15 Dec 2023 21:35:31 GMT\r\n
Action.c(48):     ETag: "326-60c932df4aec0"\r\n
Action.c(48):     Accept-Ranges: bytes\r\n
Action.c(48):     Content-Length: 806\r\n
Action.c(48):     Keep-Alive: timeout=5, max=100\r\n
Action.c(48):     Connection: Keep-Alive\r\n
Action.c(48):     Content-Type: image/gif\r\n
Action.c(48):     \r\n
Action.c(48): t=6976225ms: 806-byte response body for "http://localhost:1080/WebTours/images/bookanother.gif" (RelFrameId=, Internal ID=781)
Action.c(48): t=6976225ms: Request done "http://localhost:1080/WebTours/images/bookanother.gif"  	[MsgId: MMSG-26000]
Action.c(48): Registered web_reg_find successful for "Text=Thank you for booking through Web Tours" (count=1)  	[MsgId: MMSG-26364]
Action.c(48): Registered web_reg_find successful for "Text=from Zurich to Paris" (count=1)  	[MsgId: MMSG-26364]
Action.c(48): web_submit_data("reservations.pl_3") was successful, 3274 body bytes, 672 header bytes, 12 chunking overhead bytes  	[MsgId: MMSG-26385]
Action.c(77): lr_think_time: 5,00 seconds.	[MsgId: MMSG-15948]
Action.c(31): Notify: Transaction "find_flight" ended with a "Pass" status (Duration: 5,0467 Think Time: 5,0036 Wasted Time: 0,0001).	[MsgId: MMSG-16870]
Action.c(33): Notify: Transaction "select_ticket" started.	[MsgId: MMSG-16999]
..\\lib\\transaction.h(120): web_reg_find started  	[MsgId: MMSG-26355]
..\\lib\\transaction.h(120): Registering web_reg_find was successful  	[MsgId: MMSG-26390]
..\\lib\\transaction.h(122): web_submit_data("reservations.pl_2") started  	[MsgId: MMSG-26355]
..\\lib\\transaction.h(122): Notify: Parameter Substitution: parameter "outboundFlight" =  "821;1283;12/26/2024"	[MsgId: MMSG-13992]
..\\lib\\transaction.h(122): Notify: Parameter Substitution: parameter "randNumber" =  "9"	[MsgId: MMSG-13992]
..\\lib\\transaction.h(122): Notify: Parameter Substitution: parameter "seatType" =  "Coach"	[MsgId: MMSG-13992]
..\\lib\\transaction.h(122): Notify: Parameter Substitution: parameter "seatPref" =  "None"	[MsgId: MMSG-13992]
..\\lib\\transaction.h(122): t=6979178ms: Already connected [0] to localhost:1080  	[MsgId: MMSG-26000]
..\\lib\\transaction.h(122): t=6979178ms: 571-byte request headers for "http://localhost:1080/cgi-bin/reservations.pl" (RelFrameId=1, Internal ID=1675)
..\\lib\\transaction.h(122):     POST /cgi-bin/reservations.pl HTTP/1.1\r\n
..\\lib\\transaction.h(122):     Content-Type: application/x-www-form-urlencoded\r\n
..\\lib\\transaction.h(122):     Referer: http://localhost:1080/cgi-bin/reservations.pl\r\n
..\\lib\\transaction.h(122):     User-Agent: Mozilla/5.0 (Windows NT 10.0; Win64; x64; rv:133.0) Gecko/20100101 Firefox/133
..\\lib\\transaction.h(122):     .0\r\n
..\\lib\\transaction.h(122):     Accept-Encoding: gzip, deflate\r\n
..\\lib\\transaction.h(122):     Accept-Language: ru-RU,ru;q=0.8,en-US;q=0.5,en;q=0.3\r\n
..\\lib\\transaction.h(122):     Accept: */*\r\n
..\\lib\\transaction.h(122):     Connection: Keep-Alive\r\n
..\\lib\\transaction.h(122):     Host: localhost:1080\r\n
..\\lib\\transaction.h(122):     Cookie: MSO=SID&1734613014; MTUserInfo=firstName&Coen&address2&Oxenfurt&expDate&%0A&lastNa
..\\lib\\transaction.h(122):     me&Morgan%0A&creditCard&&hash&78&username&Coen&address1&Freedom%20Square\r\n
..\\lib\\transaction.h(122):     Content-Length: 144\r\n
..\\lib\\transaction.h(122):     \r\n
..\\lib\\transaction.h(122): t=6979178ms: 144-byte request body for "http://localhost:1080/cgi-bin/reservations.pl" (RelFrameId=1, Internal ID=1675)
..\\lib\\transaction.h(122):     outboundFlight=821%3B1283%3B12%2F26%2F2024&numPassengers=9&advanceDiscount=0&seatType=Coac
..\\lib\\transaction.h(122):     h&seatPref=None&reserveFlights.x=49&reserveFlights.y=6
..\\lib\\transaction.h(122): t=6979178ms: Inactive socket [1] was closed by localhost:1080, probably due to Keep-Alive timeout  	[MsgId: MMSG-26000]
..\\lib\\transaction.h(122): t=6979178ms: Closed connection [1] to localhost:1080 after completing 1 request(s)  	[MsgId: MMSG-26000]
..\\lib\\transaction.h(122): t=6979179ms: Inactive socket [2] was closed by localhost:1080, probably due to Keep-Alive timeout  	[MsgId: MMSG-26000]
..\\lib\\transaction.h(122): t=6979179ms: Closed connection [2] to localhost:1080 after completing 1 request(s)  	[MsgId: MMSG-26000]
..\\lib\\transaction.h(122): t=6979179ms: Inactive socket [3] was closed by localhost:1080, probably due to Keep-Alive timeout  	[MsgId: MMSG-26000]
..\\lib\\transaction.h(122): t=6979179ms: Closed connection [3] to localhost:1080 after completing 1 request(s)  	[MsgId: MMSG-26000]
..\\lib\\transaction.h(122): t=6979215ms: 254-byte response headers for "http://localhost:1080/cgi-bin/reservations.pl" (RelFrameId=1, Internal ID=1675)
..\\lib\\transaction.h(122):     HTTP/1.1 200 OK\r\n
..\\lib\\transaction.h(122):     Date: Thu, 19 Dec 2024 12:57:11 GMT\r\n
..\\lib\\transaction.h(122):     Server: Apache/2.4.58 (Unix)\r\n
..\\lib\\transaction.h(122):     Expires: Wed, 18 Dec 2024 12:57:11 GMT\r\n
..\\lib\\transaction.h(122):     Keep-Alive: timeout=5, max=96\r\n
..\\lib\\transaction.h(122):     Connection: Keep-Alive\r\n
..\\lib\\transaction.h(122):     Transfer-Encoding: chunked\r\n
..\\lib\\transaction.h(122):     Content-Type: text/html; charset=ISO-8859-1\r\n
..\\lib\\transaction.h(122):     \r\n
..\\lib\\transaction.h(122): t=6979215ms: 5-byte chunked response overhead for "http://localhost:1080/cgi-bin/reservations.pl" (RelFrameId=1, Internal ID=1675)
..\\lib\\transaction.h(122):     cc1\r\n
..\\lib\\transaction.h(122): t=6979215ms: 2-byte chunked response overhead for "http://localhost:1080/cgi-bin/reservations.pl" (RelFrameId=1, Internal ID=1675)
..\\lib\\transaction.h(122):     \r\n
..\\lib\\transaction.h(122): t=6979216ms: 3265-byte chunked response body for "http://localhost:1080/cgi-bin/reservations.pl" (RelFrameId=1, Internal ID=1675)
..\\lib\\transaction.h(122):     <!DOCTYPE html\n
..\\lib\\transaction.h(122):     \tPUBLIC "-//W3C//DTD XHTML 1.0 Transitional//EN"\n
..\\lib\\transaction.h(122):     \t "http://www.w3.org/TR/xhtml1/DTD/xhtml1-transitional.dtd">\n
..\\lib\\transaction.h(122):     <html xmlns="http://www.w3.org/1999/xhtml" lang="en-US" xml:lang="en-US">\n
..\\lib\\transaction.h(122):     <head>\n
..\\lib\\transaction.h(122):     <title>Flight Reservation</title>\n
..\\lib\\transaction.h(122):     <meta http-equiv="Content-Type" content="text/html; charset=iso-8859-1" />\n
..\\lib\\transaction.h(122):     </head>\n
..\\lib\\transaction.h(122):     <body bgcolor="#E0E7F1">\n
..\\lib\\transaction.h(122):     <style>blockquote {font-family: tahoma; font-size : 10pt}H1 {font-family: tahoma; font-siz
..\\lib\\transaction.h(122):     e : 22pt; color: #993333}small {font-family: tahoma; font-size : 8pt}H3 {font-family: taho
..\\lib\\transaction.h(122):     ma; font-size : 10pt; color: black}TD {font-family: tahoma; font-size : 10pt; color: black
..\\lib\\transaction.h(122):     }</style><BR/><BR/><h1><font color="#003366">&nbsp;&nbsp;<b>Payment Details</font></b></h1
..\\lib\\transaction.h(122):     ><blockquote><form method="post" action="reservations.pl" enctype="multipart/form-data" on
..\\lib\\transaction.h(122):     submit="return true ;"><table><tr><td align="right">First Name : <td><input type="text" na
..\\lib\\transaction.h(122):     me="firstName" value="Coen" size="15" /><tr><td align="right">Last Name : <td><input type=
..\\lib\\transaction.h(122):     "text" name="lastName" value="Morgan&#10;" size="15" /><tr><td align="right">Street Addres
..\\lib\\transaction.h(122):     s : <td colspan="3"><input type="text" name="address1" value="Freedom Square" size="30" />
..\\lib\\transaction.h(122):     <tr><td align="right">City/State/Zip : <td colspan="3"><input type="text" name="address2" 
..\\lib\\transaction.h(122):     value="Oxenfurt" size="30" /><tr><td align="right">Passenger Names : <td colspan="3"><inpu
..\\lib\\transaction.h(122):     t type="text" name="pass1" value="Coen Morgan&#10;" size="30" /><tr><td><td colspan="3"><i
..\\lib\\transaction.h(122):     nput type="text" name="pass2"  size="30" /><tr><td><td colspan="3"><input type="text" name
..\\lib\\transaction.h(122):     ="pass3"  size="30" /><tr><td><td colspan="3"><input type="text" name="pass4"  size="30" /
..\\lib\\transaction.h(122):     ><tr><td><td colspan="3"><input type="text" name="pass5"  size="30" /><tr><td><td colspan=
..\\lib\\transaction.h(122):     "3"><input type="text" name="pass6"  size="30" /><tr><td><td colspan="3"><input type="text
..\\lib\\transaction.h(122):     " name="pass7"  size="30" /><tr><td><td colspan="3"><input type="text" name="pass8"  size=
..\\lib\\transaction.h(122):     "30" /><tr><td><td colspan="3"><input type="text" name="pass9"  size="30" /><tr><td height
..\\lib\\transaction.h(122):     ="10"><tr><td height="10" align="center" colspan="4">Total for 9 ticket(s) is = $ 11547<tr
..\\lib\\transaction.h(122):     ><td align="right">Credit Card : <td><input type="text" name="creditCard"  size="20" maxle
..\\lib\\transaction.h(122):     ngth="20" /><td align="right">Exp Date : <td><input type="text" name="expDate" value="&#10
..\\lib\\transaction.h(122):     ;" size="5" maxlength="5" /><tr><TD><td colspan="3" align="left"><label><input type="check
..\\lib\\transaction.h(122):     box" name="saveCC" value="on" />Save this Credit Card Information</label><input type="hidd
..\\lib\\transaction.h(122):     en" name="oldCCOption" value=""  /></table><input type="hidden" name="numPassengers" value
..\\lib\\transaction.h(122):     ="9"  /><input type="hidden" name="seatType" value="Coach"  /><input type="hidden" name="s
..\\lib\\transaction.h(122):     eatPref" value="None"  /><input type="hidden" name="outboundFlight" value="821;1283;12/26/
..\\lib\\transaction.h(122):     2024"  /><input type="hidden" name="advanceDiscount" value="0"  /><input type="hidden" nam
..\\lib\\transaction.h(122):     e="returnFlight" value=""  /><input type="hidden" name="JSFormSubmit" value="off"  /><cent
..\\lib\\transaction.h(122):     er><table width=80% cellspacing=1><tr><td align=center>\n
..\\lib\\transaction.h(122):     <input type="image" name="buyFlights" src="/WebTours/images/button_next.gif" border="0" />
..\\lib\\transaction.h(122):     <div><input type="hidden" name=".cgifields" value="saveCC"  /></div></form>\n
..\\lib\\transaction.h(122):     <td>&nbsp;<td align=center><form method="post" action="reservations.pl" enctype="multipart
..\\lib\\transaction.h(122):     /form-data" onsubmit="void(0);"></form></table></center></blockquote>\n
..\\lib\\transaction.h(122):     </body>\n
..\\lib\\transaction.h(122):     </html>
..\\lib\\transaction.h(122): Resource "http://localhost:1080/WebTours/images/button_next.gif" is in the cache already and will not be downloaded again  	[MsgId: MMSG-26655]
..\\lib\\transaction.h(122): t=6979216ms: 5-byte chunked response overhead for "http://localhost:1080/cgi-bin/reservations.pl" (RelFrameId=1, Internal ID=1675)
..\\lib\\transaction.h(122):     0\r\n
..\\lib\\transaction.h(122):     \r\n
..\\lib\\transaction.h(122): t=6979216ms: Request done "http://localhost:1080/cgi-bin/reservations.pl"  	[MsgId: MMSG-26000]
..\\lib\\transaction.h(122): Registered web_reg_find successful for "Text=Payment Details" (count=1)  	[MsgId: MMSG-26364]
..\\lib\\transaction.h(122): web_submit_data("reservations.pl_2") was successful, 3265 body bytes, 254 header bytes, 12 chunking overhead bytes  	[MsgId: MMSG-26385]
Action.c(36): lr_think_time: 5,00 seconds.	[MsgId: MMSG-15948]
Action.c(79): Notify: Transaction "buy_ticket" ended with a "Pass" status (Duration: 5,0790 Think Time: 5,0157 Wasted Time: 0,0000).	[MsgId: MMSG-16870]
Action.c(82): Notify: Transaction "sign_off" started.	[MsgId: MMSG-16999]
..\\lib\\transaction.h(158): web_url("welcome.pl_2") started  	[MsgId: MMSG-26355]
..\\lib\\transaction.h(158): t=6981241ms: Closed connection [0] to localhost:1080 after completing 1 request(s)  	[MsgId: MMSG-26000]
..\\lib\\transaction.h(158): t=6981241ms: Connecting [0] to host 127.0.0.1:1080  	[MsgId: MMSG-26000]
..\\lib\\transaction.h(158): t=6981241ms: Connected socket [0] from 127.0.0.1:17468 to 127.0.0.1:1080 in 0 ms  	[MsgId: MMSG-26000]
..\\lib\\transaction.h(158): t=6981241ms: 492-byte request headers for "http://localhost:1080/cgi-bin/welcome.pl?signOff=1" (RelFrameId=1, Internal ID=782)
..\\lib\\transaction.h(158):     GET /cgi-bin/welcome.pl?signOff=1 HTTP/1.1\r\n
..\\lib\\transaction.h(158):     Referer: http://localhost:1080/cgi-bin/nav.pl?page=menu&in=home\r\n
..\\lib\\transaction.h(158):     User-Agent: Mozilla/5.0 (Windows NT 10.0; Win64; x64; rv:133.0) Gecko/20100101 Firefox/133
..\\lib\\transaction.h(158):     .0\r\n
..\\lib\\transaction.h(158):     Accept-Encoding: gzip, deflate\r\n
..\\lib\\transaction.h(158):     Accept-Language: ru-RU,ru;q=0.8,en-US;q=0.5,en;q=0.3\r\n
..\\lib\\transaction.h(158):     Accept: */*\r\n
..\\lib\\transaction.h(158):     Connection: Keep-Alive\r\n
..\\lib\\transaction.h(158):     Host: localhost:1080\r\n
..\\lib\\transaction.h(158):     Cookie: MSO=SID&1734613006; MTUserInfo=username&Eskel&lastName&Bull%0A&address1&Druid%20Ca
..\\lib\\transaction.h(158):     mp&hash&76&address2&White%20Garden&firstName&Eskel\r\n
..\\lib\\transaction.h(158):     \r\n
..\\lib\\transaction.h(158): t=6981242ms: Inactive socket [1] was closed by localhost:1080, probably due to Keep-Alive timeout  	[MsgId: MMSG-26000]
..\\lib\\transaction.h(158): t=6981242ms: Closed connection [1] to localhost:1080 after completing 1 request(s)  	[MsgId: MMSG-26000]
..\\lib\\transaction.h(158): t=6981325ms: 327-byte response headers for "http://localhost:1080/cgi-bin/welcome.pl?signOff=1" (RelFrameId=1, Internal ID=782)
..\\lib\\transaction.h(158):     HTTP/1.1 200 OK\r\n
..\\lib\\transaction.h(158):     Date: Thu, 19 Dec 2024 12:57:13 GMT\r\n
..\\lib\\transaction.h(158):     Server: Apache/2.4.58 (Unix)\r\n
..\\lib\\transaction.h(158):     Set-Cookie: MSO=SID&1734613033; path=/\r\n
..\\lib\\transaction.h(158):     Set-Cookie: MTUserInfo=; path=/; expires=Wed, 18-Dec-2024 12:57:13 GMT\r\n
..\\lib\\transaction.h(158):     Keep-Alive: timeout=5, max=100\r\n
..\\lib\\transaction.h(158):     Connection: Keep-Alive\r\n
..\\lib\\transaction.h(158):     Transfer-Encoding: chunked\r\n
..\\lib\\transaction.h(158):     Content-Type: text/html; charset=ISO-8859-1\r\n
..\\lib\\transaction.h(158):     \r\n
..\\lib\\transaction.h(158): t=6981325ms: 5-byte chunked response overhead for "http://localhost:1080/cgi-bin/welcome.pl?signOff=1" (RelFrameId=1, Internal ID=782)
..\\lib\\transaction.h(158):     2ae\r\n
..\\lib\\transaction.h(158): t=6981325ms: 2-byte chunked response overhead for "http://localhost:1080/cgi-bin/welcome.pl?signOff=1" (RelFrameId=1, Internal ID=782)
..\\lib\\transaction.h(158):     \r\n
..\\lib\\transaction.h(158): t=6981326ms: 686-byte chunked response body for "http://localhost:1080/cgi-bin/welcome.pl?signOff=1" (RelFrameId=1, Internal ID=782)
..\\lib\\transaction.h(158):     <!-- \n
..\\lib\\transaction.h(158):      A Session ID has been created and loaded into a cookie called MSO.\n
..\\lib\\transaction.h(158):      Also, the server options have been loaded into the cookie called\n
..\\lib\\transaction.h(158):      MSO as well.  The server options can be set via the Admin page.\n
..\\lib\\transaction.h(158):      --->\n
..\\lib\\transaction.h(158):     \n
..\\lib\\transaction.h(158):     <html>\n
..\\lib\\transaction.h(158):     <title>Web Tours</title>\n
..\\lib\\transaction.h(158):        <!-- Frame Set -->\n
..\\lib\\transaction.h(158):        <frameset cols="160,*" border="1" frameborder="1">\n
..\\lib\\transaction.h(158):           <!-- Navigation Frame -->\n
..\\lib\\transaction.h(158):           <frame src="nav.pl?in=home" name="navbar" marginheight="2" marginwidth="2" \n
..\\lib\\transaction.h(158):                 noresize="noresize" scrolling="auto"/>\n
..\\lib\\transaction.h(158):           <!-- Home Frame -->\n
..\\lib\\transaction.h(158):           <frame src="/WebTours/home.html" name="info" marginheight="2" marginwidth="2" \n
..\\lib\\transaction.h(158):                 noresize="noresize" scrolling="auto"/>\n
..\\lib\\transaction.h(158):        </frameset>\n
..\\lib\\transaction.h(158):     </html>\n
..\\lib\\transaction.h(158):     \n
..\\lib\\transaction.h(158):     </body>\n
..\\lib\\transaction.h(158):     </html>
..\\lib\\transaction.h(158): Detected non-resource "http://localhost:1080/cgi-bin/nav.pl?in=home" in "http://localhost:1080/cgi-bin/welcome.pl?signOff=1"  	[MsgId: MMSG-26574]
..\\lib\\transaction.h(158): Detected non-resource "http://localhost:1080/WebTours/home.html" in "http://localhost:1080/cgi-bin/welcome.pl?signOff=1"  	[MsgId: MMSG-26574]
..\\lib\\transaction.h(158): Retrieving data from cache for "http://localhost:1080/WebTours/home.html"  	[MsgId: MMSG-26558]
..\\lib\\transaction.h(158): t=6981326ms: 1361-byte response body retrieved from cache for "http://localhost:1080/WebTours/home.html" (RelFrameId=1.2, Internal ID=784)
..\\lib\\transaction.h(158):     <HTML>\n
..\\lib\\transaction.h(158):     <HEAD>\n
..\\lib\\transaction.h(158):     \t<title>Web Tours</title>\n
..\\lib\\transaction.h(158):     </HEAD>\n
..\\lib\\transaction.h(158):     <style>\n
..\\lib\\transaction.h(158):     \tblockquote {font-family: tahoma; font-size : 10pt}\n
..\\lib\\transaction.h(158):     \tH1 {font-family: tahoma; font-size : 22pt; color: #003366}\n
..\\lib\\transaction.h(158):     \tsmall {font-family: tahoma; font-size : 8pt}\n
..\\lib\\transaction.h(158):     \tH3{font-family: tahoma; font-size : 10pt; color: black}\n
..\\lib\\transaction.h(158):     \tA {FONT-WEIGHT: bold; FONT-SIZE: 10pt; COLOR: black; FONT-FAMILY: Tahoma; TEXT-DECORATIO
..\\lib\\transaction.h(158):     N: none}\n
..\\lib\\transaction.h(158):     \tA:hover{ FONT-WEIGHT: bold; FONT-SIZE: 10pt; COLOR: #993333; FONT-FAMILY: Tahoma;TEXT-DE
..\\lib\\transaction.h(158):     CORATION: underline}\n
..\\lib\\transaction.h(158):     \tTD {font-family: tahoma; font-size : 10pt; color: black}\n
..\\lib\\transaction.h(158):     </style>\n
..\\lib\\transaction.h(158):     <body bgcolor="#e0e7f1">\n
..\\lib\\transaction.h(158):     <BR/>\n
..\\lib\\transaction.h(158):     <BR/>\n
..\\lib\\transaction.h(158):     <BR/>\n
..\\lib\\transaction.h(158):     <br/>\n
..\\lib\\transaction.h(158):     <table border="0">\n
..\\lib\\transaction.h(158):     <tr><td></td></tr>\n
..\\lib\\transaction.h(158):     <TR><TD></TD></TR>\n
..\\lib\\transaction.h(158):     <TR><TD>\n
..\\lib\\transaction.h(158):     <blockquote>\n
..\\lib\\transaction.h(158):     <H1><b>Web Tours</b></H1>\n
..\\lib\\transaction.h(158):     Welcome to the Web Tours site.\n
..\\lib\\transaction.h(158):     <br/>\n
..\\lib\\transaction.h(158):     To make reservations,please enter your account information to the left.\n
..\\lib\\transaction.h(158):     <br/>\n
..\\lib\\transaction.h(158):     If you haven't registered yet, <A href="/cgi-bin/login.pl?username=&amp;password=&amp;getI
..\\lib\\transaction.h(158):     nfo=true" ><B>sign up now</B></A> to get access to all our resources.\n
..\\lib\\transaction.h(158):     <br/>\n
..\\lib\\transaction.h(158):     To configure the server options, use <A href="/cgi-bin/admin.pl" target="body" ><b>adminis
..\\lib\\transaction.h(158):     tration</b></A> link.\n
..\\lib\\transaction.h(158):     <br/><br/><br/><br/><br/><br/>\n
..\\lib\\transaction.h(158):     <br/><small>\n
..\\lib\\transaction.h(158):     This product uses parts of the SMT Kernel, Copyright (c) 1991-99 <A href="http://www.imati
..\\lib\\transaction.h(158):     x.com" target="new"><B><small>iMatix Corporation</small></B></A> \n
..\\lib\\transaction.h(158):     </small>\n
..\\lib\\transaction.h(158):     </blockquote></TD>\n
..\\lib\\transaction.h(158):     <TD></TD></TR>\n
..\\lib\\transaction.h(158):     </table>\n
..\\lib\\transaction.h(158):     </body>\n
..\\lib\\transaction.h(158):     </HTML>\n
..\\lib\\transaction.h(158): t=6981326ms: 5-byte chunked response overhead for "http://localhost:1080/cgi-bin/welcome.pl?signOff=1" (RelFrameId=1, Internal ID=782)
..\\lib\\transaction.h(158):     0\r\n
..\\lib\\transaction.h(158):     \r\n
..\\lib\\transaction.h(158): t=6981326ms: Request done "http://localhost:1080/cgi-bin/welcome.pl?signOff=1"  	[MsgId: MMSG-26000]
..\\lib\\transaction.h(158): t=6981327ms: Connecting [1] to host 127.0.0.1:1080  	[MsgId: MMSG-26000]
..\\lib\\transaction.h(158): t=6981349ms: Connected socket [1] from 127.0.0.1:17475 to 127.0.0.1:1080 in 22 ms  	[MsgId: MMSG-26000]
..\\lib\\transaction.h(158): t=6981350ms: 368-byte request headers for "http://localhost:1080/cgi-bin/nav.pl?in=home" (RelFrameId=1.1, Internal ID=783)
..\\lib\\transaction.h(158):     GET /cgi-bin/nav.pl?in=home HTTP/1.1\r\n
..\\lib\\transaction.h(158):     Referer: http://localhost:1080/cgi-bin/welcome.pl?signOff=1\r\n
..\\lib\\transaction.h(158):     User-Agent: Mozilla/5.0 (Windows NT 10.0; Win64; x64; rv:133.0) Gecko/20100101 Firefox/133
..\\lib\\transaction.h(158):     .0\r\n
..\\lib\\transaction.h(158):     Accept-Encoding: gzip, deflate\r\n
..\\lib\\transaction.h(158):     Accept-Language: ru-RU,ru;q=0.8,en-US;q=0.5,en;q=0.3\r\n
..\\lib\\transaction.h(158):     Accept: */*\r\n
..\\lib\\transaction.h(158):     Connection: Keep-Alive\r\n
..\\lib\\transaction.h(158):     Host: localhost:1080\r\n
..\\lib\\transaction.h(158):     Cookie: MSO=SID&1734613033\r\n
..\\lib\\transaction.h(158):     \r\n
..\\lib\\transaction.h(158): t=6981527ms: 255-byte response headers for "http://localhost:1080/cgi-bin/nav.pl?in=home" (RelFrameId=1.1, Internal ID=783)
..\\lib\\transaction.h(158):     HTTP/1.1 200 OK\r\n
..\\lib\\transaction.h(158):     Date: Thu, 19 Dec 2024 12:57:13 GMT\r\n
..\\lib\\transaction.h(158):     Server: Apache/2.4.58 (Unix)\r\n
..\\lib\\transaction.h(158):     Expires: Wed, 18 Dec 2024 12:57:13 GMT\r\n
..\\lib\\transaction.h(158):     Keep-Alive: timeout=5, max=100\r\n
..\\lib\\transaction.h(158):     Connection: Keep-Alive\r\n
..\\lib\\transaction.h(158):     Transfer-Encoding: chunked\r\n
..\\lib\\transaction.h(158):     Content-Type: text/html; charset=ISO-8859-1\r\n
..\\lib\\transaction.h(158):     \r\n
..\\lib\\transaction.h(158): t=6981527ms: 5-byte chunked response overhead for "http://localhost:1080/cgi-bin/nav.pl?in=home" (RelFrameId=1.1, Internal ID=783)
..\\lib\\transaction.h(158):     5d2\r\n
..\\lib\\transaction.h(158): t=6981527ms: 2-byte chunked response overhead for "http://localhost:1080/cgi-bin/nav.pl?in=home" (RelFrameId=1.1, Internal ID=783)
..\\lib\\transaction.h(158):     \r\n
..\\lib\\transaction.h(158): t=6981527ms: 1490-byte chunked response body for "http://localhost:1080/cgi-bin/nav.pl?in=home" (RelFrameId=1.1, Internal ID=783)
..\\lib\\transaction.h(158):     <!DOCTYPE html\n
..\\lib\\transaction.h(158):     \tPUBLIC "-//W3C//DTD XHTML 1.0 Transitional//EN"\n
..\\lib\\transaction.h(158):     \t "http://www.w3.org/TR/xhtml1/DTD/xhtml1-transitional.dtd">\n
..\\lib\\transaction.h(158):     <html xmlns="http://www.w3.org/1999/xhtml" lang="en-US" xml:lang="en-US">\n
..\\lib\\transaction.h(158):     <head>\n
..\\lib\\transaction.h(158):     <title>Web Tours Navigation Bar</title>\n
..\\lib\\transaction.h(158):     <meta http-equiv="Content-Type" content="text/html; charset=iso-8859-1" />\n
..\\lib\\transaction.h(158):     </head>\n
..\\lib\\transaction.h(158):     <body bgcolor="#E0E7F1">\n
..\\lib\\transaction.h(158):     <style>\n
..\\lib\\transaction.h(158):     blockquote {font-family: tahoma; font-size : 10pt}\n
..\\lib\\transaction.h(158):     H1 {font-family: tahoma; font-size : 22pt; color: #993333}\n
..\\lib\\transaction.h(158):     H3 {font-family: tahoma; font-size : 10pt; color: black}\n
..\\lib\\transaction.h(158):     small {font-family: tahoma; font-size : 8pt}\n
..\\lib\\transaction.h(158):     </style>\n
..\\lib\\transaction.h(158):     <form method="post" action="/cgi-bin/login.pl" target="body">\n
..\\lib\\transaction.h(158):     <input type="hidden" name="userSession" value="140511.383799109HccHfftpDAtVzzzHtDDzfpDcfic
..\\lib\\transaction.h(158):     f"/>\n
..\\lib\\transaction.h(158):     <table border="0"><tr><td>&nbsp;</td>\n
..\\lib\\transaction.h(158):     <td>&nbsp;</td></tr>\n
..\\lib\\transaction.h(158):     <tr><td>&nbsp;</td>\n
..\\lib\\transaction.h(158):     <td>&nbsp;</td></tr>\n
..\\lib\\transaction.h(158):     <tr><td>&nbsp;</td>\n
..\\lib\\transaction.h(158):     <td><small>&nbsp;Username</small></td></tr>\n
..\\lib\\transaction.h(158):     <tr><td>&nbsp;</td>\n
..\\lib\\transaction.h(158):     <td><input type="text" name="username" value="" size="14" maxlength="14"/></td></tr>\n
..\\lib\\transaction.h(158):     <tr><td>&nbsp;</td>\n
..\\lib\\transaction.h(158):     <td><small>&nbsp;Password</small></td>\n
..\\lib\\transaction.h(158):     <tr><td>&nbsp;</td>\n
..\\lib\\transaction.h(158):     <td><input type="password" name="password" value="" size="14" maxlength="14"/></td></tr>\n
..\\lib\\transaction.h(158):     <tr><td>&nbsp;</td>\n
..\\lib\\transaction.h(158):     <td>&nbsp;</td></tr>\n
..\\lib\\transaction.h(158):     <tr><td>&nbsp;</td>\n
..\\lib\\transaction.h(158):     <td><input type="image" name="login" value="Login" alt="Login" border="1" \n
..\\lib\\transaction.h(158):     src="/WebTours/images/mer_login.gif"/></td></tr>\n
..\\lib\\transaction.h(158):     <tr><td>&nbsp;</td><td>&nbsp;</td></tr>\n
..\\lib\\transaction.h(158):     </table><input type="hidden" name="JSFormSubmit" value="off"/>\n
..\\lib\\transaction.h(158):     </form>\n
..\\lib\\transaction.h(158):     \n
..\\lib\\transaction.h(158):     </body>\n
..\\lib\\transaction.h(158):     </html>\n
..\\lib\\transaction.h(158): Resource "http://localhost:1080/WebTours/images/mer_login.gif" is in the cache already and will not be downloaded again  	[MsgId: MMSG-26655]
..\\lib\\transaction.h(158): t=6981527ms: 5-byte chunked response overhead for "http://localhost:1080/cgi-bin/nav.pl?in=home" (RelFrameId=1.1, Internal ID=783)
..\\lib\\transaction.h(158):     0\r\n
..\\lib\\transaction.h(158):     \r\n
..\\lib\\transaction.h(158): t=6981527ms: Request done "http://localhost:1080/cgi-bin/nav.pl?in=home"  	[MsgId: MMSG-26000]
..\\lib\\transaction.h(158): web_url("welcome.pl_2") was successful, 2176 body bytes, 582 header bytes, 24 chunking overhead bytes  	[MsgId: MMSG-26385]
Action.c(86): Notify: Transaction "sign_off" ended with a "Pass" status (Duration: 0,2869).	[MsgId: MMSG-16873]
Action.c(88): Notify: Transaction "UC03_BuyTicket" ended with a "Pass" status (Duration: 26,8962 Think Time: 26,0629 Wasted Time: 0,0013).	[MsgId: MMSG-16870]
Ending action Action.	[MsgId: MMSG-15918]
Action was aborted.	[MsgId: MMSG-10694]
Ending Vuser...	[MsgId: MMSG-15966]
Starting action vuser_end.	[MsgId: MMSG-15919]
Ending action vuser_end.	[MsgId: MMSG-15918]
Vuser Terminated.	[MsgId: MMSG-15963]
t=6981528ms: Closed connection [0] to localhost:1080 after completing 1 request(s)  	[MsgId: MMSG-26000]
t=6981528ms: Closed connection [1] to localhost:1080 after completing 1 request(s)  	[MsgId: MMSG-26000]
HTML-Mode memory management statistics: Reusable=7, NonReusable=0, CsMemBlockSize=4096, checks disabled  	[MsgId: MMSG-26000]
Vuser 9 (thread 26444), ended OK."	[MsgId: MMSG-10695]
Action.c(38): Notify: Transaction "select_ticket" ended with a "Pass" status (Duration: 5,0522 Think Time: 5,0134 Wasted Time: 0,0000).	[MsgId: MMSG-16870]
Action.c(40): Notify: Transaction "buy_ticket" started.	[MsgId: MMSG-16999]
Action.c(42): web_reg_find started  	[MsgId: MMSG-26355]
Action.c(42): Registering web_reg_find was successful  	[MsgId: MMSG-26390]
Action.c(45): web_reg_find started  	[MsgId: MMSG-26355]
Action.c(45): Notify: Parameter Substitution: parameter "departCity" =  "Sydney"	[MsgId: MMSG-13992]
Action.c(45): Notify: Parameter Substitution: parameter "returnCity" =  "London"	[MsgId: MMSG-13992]
Action.c(45): Registering web_reg_find was successful  	[MsgId: MMSG-26390]
Action.c(48): web_submit_data("reservations.pl_3") started  	[MsgId: MMSG-26355]
Action.c(48): Notify: Next row for parameter firstName = 10 [table  = firstName].	[MsgId: MMSG-13876]
Action.c(48): Notify: Parameter Substitution: parameter "firstName" =  "Coen"	[MsgId: MMSG-13992]
Action.c(48): Notify: Next row for parameter lastName = 10 [table  = lastName].	[MsgId: MMSG-13876]
Action.c(48): Notify: Parameter Substitution: parameter "lastName" =  "Morgan"	[MsgId: MMSG-13992]
Action.c(48): Notify: Next row for parameter street = 10 [table  = street].	[MsgId: MMSG-13876]
Action.c(48): Notify: Parameter Substitution: parameter "street" =  "Freedom Square"	[MsgId: MMSG-13992]
Action.c(48): Notify: Next row for parameter city = 10 [table  = city].	[MsgId: MMSG-13876]
Action.c(48): Notify: Parameter Substitution: parameter "city" =  "Oxenfurt"	[MsgId: MMSG-13992]
Action.c(48): Notify: Next row for parameter firstName = 10 [table  = firstName].	[MsgId: MMSG-13876]
Action.c(48): Notify: Parameter Substitution: parameter "firstName" =  "Coen"	[MsgId: MMSG-13992]
Action.c(48): Notify: Next row for parameter lastName = 10 [table  = lastName].	[MsgId: MMSG-13876]
Action.c(48): Notify: Parameter Substitution: parameter "lastName" =  "Morgan"	[MsgId: MMSG-13992]
Action.c(48): Notify: Next row for parameter creditCard = 10 [table  = creditCard].	[MsgId: MMSG-13876]
Action.c(48): Notify: Parameter Substitution: parameter "creditCard" =  "4242424242424247"	[MsgId: MMSG-13992]
Action.c(48): Notify: Next row for parameter expDate = 10 [table  = expDate].	[MsgId: MMSG-13876]
Action.c(48): Notify: Parameter Substitution: parameter "expDate" =  "03/19"	[MsgId: MMSG-13992]
Action.c(48): Notify: Parameter Substitution: parameter "randNumber" =  "9"	[MsgId: MMSG-13992]
Action.c(48): Notify: Parameter Substitution: parameter "seatType" =  "Coach"	[MsgId: MMSG-13992]
Action.c(48): Notify: Parameter Substitution: parameter "seatPref" =  "None"	[MsgId: MMSG-13992]
Action.c(48): Notify: Parameter Substitution: parameter "outboundFlight" =  "821;1283;12/26/2024"	[MsgId: MMSG-13992]
Action.c(48): t=6984230ms: Closed connection [0] to localhost:1080 after completing 5 request(s)  	[MsgId: MMSG-26000]
Action.c(48): t=6984231ms: Connecting [0] to host 127.0.0.1:1080  	[MsgId: MMSG-26000]
Action.c(48): t=6984231ms: Connected socket [0] from 127.0.0.1:17484 to 127.0.0.1:1080 in 0 ms  	[MsgId: MMSG-26000]
Action.c(48): t=6984231ms: 571-byte request headers for "http://localhost:1080/cgi-bin/reservations.pl" (RelFrameId=1, Internal ID=1676)
Action.c(48):     POST /cgi-bin/reservations.pl HTTP/1.1\r\n
Action.c(48):     Content-Type: application/x-www-form-urlencoded\r\n
Action.c(48):     Referer: http://localhost:1080/cgi-bin/reservations.pl\r\n
Action.c(48):     User-Agent: Mozilla/5.0 (Windows NT 10.0; Win64; x64; rv:133.0) Gecko/20100101 Firefox/133
Action.c(48):     .0\r\n
Action.c(48):     Accept-Encoding: gzip, deflate\r\n
Action.c(48):     Accept-Language: ru-RU,ru;q=0.8,en-US;q=0.5,en;q=0.3\r\n
Action.c(48):     Accept: */*\r\n
Action.c(48):     Connection: Keep-Alive\r\n
Action.c(48):     Host: localhost:1080\r\n
Action.c(48):     Cookie: MSO=SID&1734613014; MTUserInfo=firstName&Coen&address2&Oxenfurt&expDate&%0A&lastNa
Action.c(48):     me&Morgan%0A&creditCard&&hash&78&username&Coen&address1&Freedom%20Square\r\n
Action.c(48):     Content-Length: 333\r\n
Action.c(48):     \r\n
Action.c(48): t=6984231ms: 333-byte request body for "http://localhost:1080/cgi-bin/reservations.pl" (RelFrameId=1, Internal ID=1676)
Action.c(48):     firstName=Coen&lastName=Morgan&address1=Freedom+Square&address2=Oxenfurt&pass1=Coen+Morgan
Action.c(48):     &creditCard=4242424242424247&expDate=03%2F19&oldCCOption=&numPassengers=9&seatType=Coach&s
Action.c(48):     eatPref=None&outboundFlight=821%3B1283%3B12%2F26%2F2024&advanceDiscount=0&returnFlight=&JS
Action.c(48):     FormSubmit=off&buyFlights.x=46&buyFlights.y=5&.cgifields=saveCC
Action.c(48): t=6984312ms: 387-byte response headers for "http://localhost:1080/cgi-bin/reservations.pl" (RelFrameId=1, Internal ID=1676)
Action.c(48):     HTTP/1.1 200 OK\r\n
Action.c(48):     Date: Thu, 19 Dec 2024 12:57:16 GMT\r\n
Action.c(48):     Server: Apache/2.4.58 (Unix)\r\n
Action.c(48):     Expires: Wed, 18 Dec 2024 12:57:16 GMT\r\n
Action.c(48):     Set-Cookie: MTUserInfo=address1&Freedom%20Square&firstName&Coen&lastName&Morgan%0A&hash&78
Action.c(48):     &address2&Oxenfurt&username&Coen; path=/\r\n
Action.c(48):     Keep-Alive: timeout=5, max=100\r\n
Action.c(48):     Connection: Keep-Alive\r\n
Action.c(48):     Transfer-Encoding: chunked\r\n
Action.c(48):     Content-Type: text/html; charset=ISO-8859-1\r\n
Action.c(48):     \r\n
Action.c(48): t=6984312ms: 5-byte chunked response overhead for "http://localhost:1080/cgi-bin/reservations.pl" (RelFrameId=1, Internal ID=1676)
Action.c(48):     9ac\r\n
Action.c(48): t=6984312ms: 2-byte chunked response overhead for "http://localhost:1080/cgi-bin/reservations.pl" (RelFrameId=1, Internal ID=1676)
Action.c(48):     \r\n
Action.c(48): t=6984312ms: 2476-byte chunked response body for "http://localhost:1080/cgi-bin/reservations.pl" (RelFrameId=1, Internal ID=1676)
Action.c(48):     <!DOCTYPE html\n
Action.c(48):     \tPUBLIC "-//W3C//DTD XHTML 1.0 Transitional//EN"\n
Action.c(48):     \t "http://www.w3.org/TR/xhtml1/DTD/xhtml1-transitional.dtd">\n
Action.c(48):     <html xmlns="http://www.w3.org/1999/xhtml" lang="en-US" xml:lang="en-US">\n
Action.c(48):     <head>\n
Action.c(48):     <title>Reservation Made!</title>\n
Action.c(48):     <meta http-equiv="Content-Type" content="text/html; charset=iso-8859-1" />\n
Action.c(48):     </head>\n
Action.c(48):     <body bgcolor="#E0E7F1">\n
Action.c(48):     <style>blockquote {font-family: tahoma; font-size : 10pt}H1 {font-family: tahoma; font-siz
Action.c(48):     e : 22pt; color: #993333}small {font-family: tahoma; font-size : 8pt}H3 {font-family: taho
Action.c(48):     ma; font-size : 10pt; color: black}TD {font-family: tahoma; font-size : 10pt; color: black
Action.c(48):     }</style><BR/><BR/><h1><font color="#003366">&nbsp;&nbsp;<b>Invoice</font></b></h1><blockq
Action.c(48):     uote>\n
Action.c(48):     <CENTER>\n
Action.c(48):     <small><B>Thank you for booking through Web Tours.</B></small>\n
Action.c(48):     <BR/>\n
Action.c(48):     <BR/>\n
Action.c(48):     <!-- Customer Name header -->\n
Action.c(48):     <Table width="85%" border="0" cellspacing="0" >\n
Action.c(48):       <TR bgcolor="#5E7884">\n
Action.c(48):          <TD colspan="2" align="center">\n
Action.c(48):             <font color="white"><b>CoenMorgan's Flight Invoice</b></font>\n
Action.c(48):          </TD>\n
Action.c(48):          <TD width="160" align="right">\n
Action.c(48):              <font color="white"><small>Thu Dec 19 12:57:16 2024\n
Action.c(48):     </small>\n
Action.c(48):          </TD>\n
Action.c(48):       </TR>\n
Action.c(48):     </Table>\n
Action.c(48):     \n
Action.c(48):     <Table width="85%" border="0" cellspacing="1" >\n
Action.c(48):     <!-- Flight Item header -->\n
Action.c(48):       <TR bgcolor="#EFF2F7">\n
Action.c(48):          <TD colspan="2" align="left">\n
Action.c(48):              Flights Reservation Requests:\n
Action.c(48):         </TD>\n
Action.c(48):         <TD align="center">Cost\n
Action.c(48):         </TD>\n
Action.c(48):       </TR>\n
Action.c(48):     \n
Action.c(48):     <!-- Flight reserved -->\n
Action.c(48):     <TR bgcolor="#EFF2F7">\n
Action.c(48):         <TD valign="top">1.</TD>\n
Action.c(48):         <TD align="left">\n
Action.c(48):            <b><u>9 Coach Class tickets from Sydney to London.</u></b>\n
Action.c(48):     <br/>\n
Action.c(48):     <center>\n
Action.c(48):            <i>\n
Action.c(48):               12/26/2024 :  1pm : Flight 821 leaves Sydney  for London.<br>\n
Action.c(48):            <br/>\n
Action.c(48):         </TD>\n
Action.c(48):         <TD valign="top">\n
Action.c(48):              $11547\n
Action.c(48):         </TD>\n
Action.c(48):       </TR>\n
Action.c(48):     <!-- Total Cost -->\n
Action.c(48):       <TR bgcolor="#EFF2F7">\n
Action.c(48):         <TD>*\n
Action.c(48):         </TD>\n
Action.c(48):         <TD > Total Cost\n
Action.c(48):         </TD>\n
Action.c(48):         <TD>\n
Action.c(48):            <b> $11547 </b>\n
Action.c(48):         </TD>\n
Action.c(48):       </TR>\n
Action.c(48):     \n
Action.c(48):       <TR bgcolor="#EFF2F7">\n
Action.c(48):         <TD>-\n
Action.c(48):         </TD>\n
Action.c(48):         <TD >\n
Action.c(48):            Total Charged to Credit Card # 4242424242424247\n
Action.c(48):         </TD>\n
Action.c(48):         <TD>\n
Action.c(48):            <b> $11547 </b>\n
Action.c(48):         </TD>\n
Action.c(48):       </TR>\n
Action.c(48):     \n
Action.c(48):       <TR bgcolor="#EFF2F7">\n
Action.c(48):         <TD>*\n
Action.c(48):         </TD>\n
Action.c(48):         <TD >\n
Action.c(48):             Credit Account Balance\n
Action.c(48):         </TD>\n
Action.c(48):         <TD>\n
Action.c(48):            <b> $0.00 </b>\n
Action.c(48):         </TD>\n
Action.c(48):       </TR></Table>\n
Action.c(48):     <BR/>\n
Action.c(48):     <Table width="85%" border="0">\n
Action.c(48):       <tr>\n
Action.c(48):         <td align=right>\n
Action.c(48):     <form method="post" action="" enctype="multipart/form-data"><input type="image" name="Book
Action.c(48):      Another" src="/WebTours/images/bookanother.gif" border="0" /></form>    </td>\n
Action.c(48):       </tr>\n
Action.c(48):     </Table>\n
Action.c(48):     \n
Action.c(48):     </Center>\n
Action.c(48):     \n
Action.c(48):     </body>\n
Action.c(48):     </html>
Action.c(48): Found resource "http://localhost:1080/WebTours/images/bookanother.gif" in HTML "http://localhost:1080/cgi-bin/reservations.pl"  	[MsgId: MMSG-26659]
Action.c(48): t=6984313ms: 5-byte chunked response overhead for "http://localhost:1080/cgi-bin/reservations.pl" (RelFrameId=1, Internal ID=1676)
Action.c(48):     0\r\n
Action.c(48):     \r\n
Action.c(48): t=6984313ms: Request done "http://localhost:1080/cgi-bin/reservations.pl"  	[MsgId: MMSG-26000]
Action.c(48): t=6984313ms: Connecting [1] to host 127.0.0.1:1080  	[MsgId: MMSG-26000]
Action.c(48): t=6984338ms: Connected socket [1] from 127.0.0.1:17485 to 127.0.0.1:1080 in 25 ms  	[MsgId: MMSG-26000]
Action.c(48): t=6984338ms: 484-byte request headers for "http://localhost:1080/WebTours/images/bookanother.gif" (RelFrameId=, Internal ID=1677)
Action.c(48):     GET /WebTours/images/bookanother.gif HTTP/1.1\r\n
Action.c(48):     Referer: http://localhost:1080/cgi-bin/reservations.pl\r\n
Action.c(48):     User-Agent: Mozilla/5.0 (Windows NT 10.0; Win64; x64; rv:133.0) Gecko/20100101 Firefox/133
Action.c(48):     .0\r\n
Action.c(48):     Accept-Encoding: gzip, deflate\r\n
Action.c(48):     Accept-Language: ru-RU,ru;q=0.8,en-US;q=0.5,en;q=0.3\r\n
Action.c(48):     Accept: */*\r\n
Action.c(48):     Connection: Keep-Alive\r\n
Action.c(48):     Host: localhost:1080\r\n
Action.c(48):     Cookie: MSO=SID&1734613014; MTUserInfo=address1&Freedom%20Square&firstName&Coen&lastName&M
Action.c(48):     organ%0A&hash&78&address2&Oxenfurt&username&Coen\r\n
Action.c(48):     \r\n
Action.c(48): t=6984342ms: 283-byte response headers for "http://localhost:1080/WebTours/images/bookanother.gif" (RelFrameId=, Internal ID=1677)
Action.c(48):     HTTP/1.1 200 OK\r\n
Action.c(48):     Date: Thu, 19 Dec 2024 12:57:16 GMT\r\n
Action.c(48):     Server: Apache/2.4.58 (Unix)\r\n
Action.c(48):     Last-Modified: Fri, 15 Dec 2023 21:35:31 GMT\r\n
Action.c(48):     ETag: "326-60c932df4aec0"\r\n
Action.c(48):     Accept-Ranges: bytes\r\n
Action.c(48):     Content-Length: 806\r\n
Action.c(48):     Keep-Alive: timeout=5, max=100\r\n
Action.c(48):     Connection: Keep-Alive\r\n
Action.c(48):     Content-Type: image/gif\r\n
Action.c(48):     \r\n
Action.c(48): t=6984343ms: 806-byte response body for "http://localhost:1080/WebTours/images/bookanother.gif" (RelFrameId=, Internal ID=1677)
Action.c(48): t=6984343ms: Request done "http://localhost:1080/WebTours/images/bookanother.gif"  	[MsgId: MMSG-26000]
Action.c(48): Registered web_reg_find successful for "Text=Thank you for booking through Web Tours" (count=1)  	[MsgId: MMSG-26364]
Action.c(48): Registered web_reg_find successful for "Text=from Sydney to London" (count=1)  	[MsgId: MMSG-26364]
Action.c(48): web_submit_data("reservations.pl_3") was successful, 3282 body bytes, 670 header bytes, 12 chunking overhead bytes  	[MsgId: MMSG-26385]
Action.c(77): lr_think_time: 5,00 seconds.	[MsgId: MMSG-15948]
Action.c(79): Notify: Transaction "buy_ticket" ended with a "Pass" status (Duration: 5,1257 Think Time: 5,0121 Wasted Time: 0,0000).	[MsgId: MMSG-16870]
Action.c(82): Notify: Transaction "sign_off" started.	[MsgId: MMSG-16999]
..\\lib\\transaction.h(158): web_url("welcome.pl_2") started  	[MsgId: MMSG-26355]
..\\lib\\transaction.h(158): t=6989356ms: Closed connection [0] to localhost:1080 after completing 1 request(s)  	[MsgId: MMSG-26000]
..\\lib\\transaction.h(158): t=6989356ms: Connecting [0] to host 127.0.0.1:1080  	[MsgId: MMSG-26000]
..\\lib\\transaction.h(158): t=6989356ms: Connected socket [0] from 127.0.0.1:17490 to 127.0.0.1:1080 in 0 ms  	[MsgId: MMSG-26000]
..\\lib\\transaction.h(158): t=6989356ms: 490-byte request headers for "http://localhost:1080/cgi-bin/welcome.pl?signOff=1" (RelFrameId=1, Internal ID=1678)
..\\lib\\transaction.h(158):     GET /cgi-bin/welcome.pl?signOff=1 HTTP/1.1\r\n
..\\lib\\transaction.h(158):     Referer: http://localhost:1080/cgi-bin/nav.pl?page=menu&in=home\r\n
..\\lib\\transaction.h(158):     User-Agent: Mozilla/5.0 (Windows NT 10.0; Win64; x64; rv:133.0) Gecko/20100101 Firefox/133
..\\lib\\transaction.h(158):     .0\r\n
..\\lib\\transaction.h(158):     Accept-Encoding: gzip, deflate\r\n
..\\lib\\transaction.h(158):     Accept-Language: ru-RU,ru;q=0.8,en-US;q=0.5,en;q=0.3\r\n
..\\lib\\transaction.h(158):     Accept: */*\r\n
..\\lib\\transaction.h(158):     Connection: Keep-Alive\r\n
..\\lib\\transaction.h(158):     Host: localhost:1080\r\n
..\\lib\\transaction.h(158):     Cookie: MSO=SID&1734613014; MTUserInfo=address1&Freedom%20Square&firstName&Coen&lastName&M
..\\lib\\transaction.h(158):     organ%0A&hash&78&address2&Oxenfurt&username&Coen\r\n
..\\lib\\transaction.h(158):     \r\n
..\\lib\\transaction.h(158): t=6989357ms: Inactive socket [1] was closed by localhost:1080, probably due to Keep-Alive timeout  	[MsgId: MMSG-26000]
..\\lib\\transaction.h(158): t=6989357ms: Closed connection [1] to localhost:1080 after completing 1 request(s)  	[MsgId: MMSG-26000]
..\\lib\\transaction.h(158): t=6989418ms: 327-byte response headers for "http://localhost:1080/cgi-bin/welcome.pl?signOff=1" (RelFrameId=1, Internal ID=1678)
..\\lib\\transaction.h(158):     HTTP/1.1 200 OK\r\n
..\\lib\\transaction.h(158):     Date: Thu, 19 Dec 2024 12:57:21 GMT\r\n
..\\lib\\transaction.h(158):     Server: Apache/2.4.58 (Unix)\r\n
..\\lib\\transaction.h(158):     Set-Cookie: MSO=SID&1734613041; path=/\r\n
..\\lib\\transaction.h(158):     Set-Cookie: MTUserInfo=; path=/; expires=Wed, 18-Dec-2024 12:57:21 GMT\r\n
..\\lib\\transaction.h(158):     Keep-Alive: timeout=5, max=100\r\n
..\\lib\\transaction.h(158):     Connection: Keep-Alive\r\n
..\\lib\\transaction.h(158):     Transfer-Encoding: chunked\r\n
..\\lib\\transaction.h(158):     Content-Type: text/html; charset=ISO-8859-1\r\n
..\\lib\\transaction.h(158):     \r\n
..\\lib\\transaction.h(158): t=6989419ms: 5-byte chunked response overhead for "http://localhost:1080/cgi-bin/welcome.pl?signOff=1" (RelFrameId=1, Internal ID=1678)
..\\lib\\transaction.h(158):     2ae\r\n
..\\lib\\transaction.h(158): t=6989419ms: 2-byte chunked response overhead for "http://localhost:1080/cgi-bin/welcome.pl?signOff=1" (RelFrameId=1, Internal ID=1678)
..\\lib\\transaction.h(158):     \r\n
..\\lib\\transaction.h(158): t=6989419ms: 686-byte chunked response body for "http://localhost:1080/cgi-bin/welcome.pl?signOff=1" (RelFrameId=1, Internal ID=1678)
..\\lib\\transaction.h(158):     <!-- \n
..\\lib\\transaction.h(158):      A Session ID has been created and loaded into a cookie called MSO.\n
..\\lib\\transaction.h(158):      Also, the server options have been loaded into the cookie called\n
..\\lib\\transaction.h(158):      MSO as well.  The server options can be set via the Admin page.\n
..\\lib\\transaction.h(158):      --->\n
..\\lib\\transaction.h(158):     \n
..\\lib\\transaction.h(158):     <html>\n
..\\lib\\transaction.h(158):     <title>Web Tours</title>\n
..\\lib\\transaction.h(158):        <!-- Frame Set -->\n
..\\lib\\transaction.h(158):        <frameset cols="160,*" border="1" frameborder="1">\n
..\\lib\\transaction.h(158):           <!-- Navigation Frame -->\n
..\\lib\\transaction.h(158):           <frame src="nav.pl?in=home" name="navbar" marginheight="2" marginwidth="2" \n
..\\lib\\transaction.h(158):                 noresize="noresize" scrolling="auto"/>\n
..\\lib\\transaction.h(158):           <!-- Home Frame -->\n
..\\lib\\transaction.h(158):           <frame src="/WebTours/home.html" name="info" marginheight="2" marginwidth="2" \n
..\\lib\\transaction.h(158):                 noresize="noresize" scrolling="auto"/>\n
..\\lib\\transaction.h(158):        </frameset>\n
..\\lib\\transaction.h(158):     </html>\n
..\\lib\\transaction.h(158):     \n
..\\lib\\transaction.h(158):     </body>\n
..\\lib\\transaction.h(158):     </html>
..\\lib\\transaction.h(158): Detected non-resource "http://localhost:1080/cgi-bin/nav.pl?in=home" in "http://localhost:1080/cgi-bin/welcome.pl?signOff=1"  	[MsgId: MMSG-26574]
..\\lib\\transaction.h(158): Detected non-resource "http://localhost:1080/WebTours/home.html" in "http://localhost:1080/cgi-bin/welcome.pl?signOff=1"  	[MsgId: MMSG-26574]
..\\lib\\transaction.h(158): Retrieving data from cache for "http://localhost:1080/WebTours/home.html"  	[MsgId: MMSG-26558]
..\\lib\\transaction.h(158): t=6989419ms: 1361-byte response body retrieved from cache for "http://localhost:1080/WebTours/home.html" (RelFrameId=1.2, Internal ID=1680)
..\\lib\\transaction.h(158):     <HTML>\n
..\\lib\\transaction.h(158):     <HEAD>\n
..\\lib\\transaction.h(158):     \t<title>Web Tours</title>\n
..\\lib\\transaction.h(158):     </HEAD>\n
..\\lib\\transaction.h(158):     <style>\n
..\\lib\\transaction.h(158):     \tblockquote {font-family: tahoma; font-size : 10pt}\n
..\\lib\\transaction.h(158):     \tH1 {font-family: tahoma; font-size : 22pt; color: #003366}\n
..\\lib\\transaction.h(158):     \tsmall {font-family: tahoma; font-size : 8pt}\n
..\\lib\\transaction.h(158):     \tH3{font-family: tahoma; font-size : 10pt; color: black}\n
..\\lib\\transaction.h(158):     \tA {FONT-WEIGHT: bold; FONT-SIZE: 10pt; COLOR: black; FONT-FAMILY: Tahoma; TEXT-DECORATIO
..\\lib\\transaction.h(158):     N: none}\n
..\\lib\\transaction.h(158):     \tA:hover{ FONT-WEIGHT: bold; FONT-SIZE: 10pt; COLOR: #993333; FONT-FAMILY: Tahoma;TEXT-DE
..\\lib\\transaction.h(158):     CORATION: underline}\n
..\\lib\\transaction.h(158):     \tTD {font-family: tahoma; font-size : 10pt; color: black}\n
..\\lib\\transaction.h(158):     </style>\n
..\\lib\\transaction.h(158):     <body bgcolor="#e0e7f1">\n
..\\lib\\transaction.h(158):     <BR/>\n
..\\lib\\transaction.h(158):     <BR/>\n
..\\lib\\transaction.h(158):     <BR/>\n
..\\lib\\transaction.h(158):     <br/>\n
..\\lib\\transaction.h(158):     <table border="0">\n
..\\lib\\transaction.h(158):     <tr><td></td></tr>\n
..\\lib\\transaction.h(158):     <TR><TD></TD></TR>\n
..\\lib\\transaction.h(158):     <TR><TD>\n
..\\lib\\transaction.h(158):     <blockquote>\n
..\\lib\\transaction.h(158):     <H1><b>Web Tours</b></H1>\n
..\\lib\\transaction.h(158):     Welcome to the Web Tours site.\n
..\\lib\\transaction.h(158):     <br/>\n
..\\lib\\transaction.h(158):     To make reservations,please enter your account information to the left.\n
..\\lib\\transaction.h(158):     <br/>\n
..\\lib\\transaction.h(158):     If you haven't registered yet, <A href="/cgi-bin/login.pl?username=&amp;password=&amp;getI
..\\lib\\transaction.h(158):     nfo=true" ><B>sign up now</B></A> to get access to all our resources.\n
..\\lib\\transaction.h(158):     <br/>\n
..\\lib\\transaction.h(158):     To configure the server options, use <A href="/cgi-bin/admin.pl" target="body" ><b>adminis
..\\lib\\transaction.h(158):     tration</b></A> link.\n
..\\lib\\transaction.h(158):     <br/><br/><br/><br/><br/><br/>\n
..\\lib\\transaction.h(158):     <br/><small>\n
..\\lib\\transaction.h(158):     This product uses parts of the SMT Kernel, Copyright (c) 1991-99 <A href="http://www.imati
..\\lib\\transaction.h(158):     x.com" target="new"><B><small>iMatix Corporation</small></B></A> \n
..\\lib\\transaction.h(158):     </small>\n
..\\lib\\transaction.h(158):     </blockquote></TD>\n
..\\lib\\transaction.h(158):     <TD></TD></TR>\n
..\\lib\\transaction.h(158):     </table>\n
..\\lib\\transaction.h(158):     </body>\n
..\\lib\\transaction.h(158):     </HTML>\n
..\\lib\\transaction.h(158): t=6989420ms: 5-byte chunked response overhead for "http://localhost:1080/cgi-bin/welcome.pl?signOff=1" (RelFrameId=1, Internal ID=1678)
..\\lib\\transaction.h(158):     0\r\n
..\\lib\\transaction.h(158):     \r\n
..\\lib\\transaction.h(158): t=6989420ms: Request done "http://localhost:1080/cgi-bin/welcome.pl?signOff=1"  	[MsgId: MMSG-26000]
..\\lib\\transaction.h(158): t=6989420ms: Connecting [1] to host 127.0.0.1:1080  	[MsgId: MMSG-26000]
..\\lib\\transaction.h(158): t=6989420ms: Connected socket [1] from 127.0.0.1:17491 to 127.0.0.1:1080 in 0 ms  	[MsgId: MMSG-26000]
..\\lib\\transaction.h(158): t=6989420ms: 368-byte request headers for "http://localhost:1080/cgi-bin/nav.pl?in=home" (RelFrameId=1.1, Internal ID=1679)
..\\lib\\transaction.h(158):     GET /cgi-bin/nav.pl?in=home HTTP/1.1\r\n
..\\lib\\transaction.h(158):     Referer: http://localhost:1080/cgi-bin/welcome.pl?signOff=1\r\n
..\\lib\\transaction.h(158):     User-Agent: Mozilla/5.0 (Windows NT 10.0; Win64; x64; rv:133.0) Gecko/20100101 Firefox/133
..\\lib\\transaction.h(158):     .0\r\n
..\\lib\\transaction.h(158):     Accept-Encoding: gzip, deflate\r\n
..\\lib\\transaction.h(158):     Accept-Language: ru-RU,ru;q=0.8,en-US;q=0.5,en;q=0.3\r\n
..\\lib\\transaction.h(158):     Accept: */*\r\n
..\\lib\\transaction.h(158):     Connection: Keep-Alive\r\n
..\\lib\\transaction.h(158):     Host: localhost:1080\r\n
..\\lib\\transaction.h(158):     Cookie: MSO=SID&1734613041\r\n
..\\lib\\transaction.h(158):     \r\n
..\\lib\\transaction.h(158): t=6989446ms: 255-byte response headers for "http://localhost:1080/cgi-bin/nav.pl?in=home" (RelFrameId=1.1, Internal ID=1679)
..\\lib\\transaction.h(158):     HTTP/1.1 200 OK\r\n
..\\lib\\transaction.h(158):     Date: Thu, 19 Dec 2024 12:57:21 GMT\r\n
..\\lib\\transaction.h(158):     Server: Apache/2.4.58 (Unix)\r\n
..\\lib\\transaction.h(158):     Expires: Wed, 18 Dec 2024 12:57:21 GMT\r\n
..\\lib\\transaction.h(158):     Keep-Alive: timeout=5, max=100\r\n
..\\lib\\transaction.h(158):     Connection: Keep-Alive\r\n
..\\lib\\transaction.h(158):     Transfer-Encoding: chunked\r\n
..\\lib\\transaction.h(158):     Content-Type: text/html; charset=ISO-8859-1\r\n
..\\lib\\transaction.h(158):     \r\n
..\\lib\\transaction.h(158): t=6989446ms: 5-byte chunked response overhead for "http://localhost:1080/cgi-bin/nav.pl?in=home" (RelFrameId=1.1, Internal ID=1679)
..\\lib\\transaction.h(158):     5ce\r\n
..\\lib\\transaction.h(158): t=6989446ms: 2-byte chunked response overhead for "http://localhost:1080/cgi-bin/nav.pl?in=home" (RelFrameId=1.1, Internal ID=1679)
..\\lib\\transaction.h(158):     \r\n
..\\lib\\transaction.h(158): t=6989446ms: 1486-byte chunked response body for "http://localhost:1080/cgi-bin/nav.pl?in=home" (RelFrameId=1.1, Internal ID=1679)
..\\lib\\transaction.h(158):     <!DOCTYPE html\n
..\\lib\\transaction.h(158):     \tPUBLIC "-//W3C//DTD XHTML 1.0 Transitional//EN"\n
..\\lib\\transaction.h(158):     \t "http://www.w3.org/TR/xhtml1/DTD/xhtml1-transitional.dtd">\n
..\\lib\\transaction.h(158):     <html xmlns="http://www.w3.org/1999/xhtml" lang="en-US" xml:lang="en-US">\n
..\\lib\\transaction.h(158):     <head>\n
..\\lib\\transaction.h(158):     <title>Web Tours Navigation Bar</title>\n
..\\lib\\transaction.h(158):     <meta http-equiv="Content-Type" content="text/html; charset=iso-8859-1" />\n
..\\lib\\transaction.h(158):     </head>\n
..\\lib\\transaction.h(158):     <body bgcolor="#E0E7F1">\n
..\\lib\\transaction.h(158):     <style>\n
..\\lib\\transaction.h(158):     blockquote {font-family: tahoma; font-size : 10pt}\n
..\\lib\\transaction.h(158):     H1 {font-family: tahoma; font-size : 22pt; color: #993333}\n
..\\lib\\transaction.h(158):     H3 {font-family: tahoma; font-size : 10pt; color: black}\n
..\\lib\\transaction.h(158):     small {font-family: tahoma; font-size : 8pt}\n
..\\lib\\transaction.h(158):     </style>\n
..\\lib\\transaction.h(158):     <form method="post" action="/cgi-bin/login.pl" target="body">\n
..\\lib\\transaction.h(158):     <input type="hidden" name="userSession" value="140511.384447145HccHfftpDDHftDDzfpDczAcf"/>
..\\lib\\transaction.h(158):     \n
..\\lib\\transaction.h(158):     <table border="0"><tr><td>&nbsp;</td>\n
..\\lib\\transaction.h(158):     <td>&nbsp;</td></tr>\n
..\\lib\\transaction.h(158):     <tr><td>&nbsp;</td>\n
..\\lib\\transaction.h(158):     <td>&nbsp;</td></tr>\n
..\\lib\\transaction.h(158):     <tr><td>&nbsp;</td>\n
..\\lib\\transaction.h(158):     <td><small>&nbsp;Username</small></td></tr>\n
..\\lib\\transaction.h(158):     <tr><td>&nbsp;</td>\n
..\\lib\\transaction.h(158):     <td><input type="text" name="username" value="" size="14" maxlength="14"/></td></tr>\n
..\\lib\\transaction.h(158):     <tr><td>&nbsp;</td>\n
..\\lib\\transaction.h(158):     <td><small>&nbsp;Password</small></td>\n
..\\lib\\transaction.h(158):     <tr><td>&nbsp;</td>\n
..\\lib\\transaction.h(158):     <td><input type="password" name="password" value="" size="14" maxlength="14"/></td></tr>\n
..\\lib\\transaction.h(158):     <tr><td>&nbsp;</td>\n
..\\lib\\transaction.h(158):     <td>&nbsp;</td></tr>\n
..\\lib\\transaction.h(158):     <tr><td>&nbsp;</td>\n
..\\lib\\transaction.h(158):     <td><input type="image" name="login" value="Login" alt="Login" border="1" \n
..\\lib\\transaction.h(158):     src="/WebTours/images/mer_login.gif"/></td></tr>\n
..\\lib\\transaction.h(158):     <tr><td>&nbsp;</td><td>&nbsp;</td></tr>\n
..\\lib\\transaction.h(158):     </table><input type="hidden" name="JSFormSubmit" value="off"/>\n
..\\lib\\transaction.h(158):     </form>\n
..\\lib\\transaction.h(158):     \n
..\\lib\\transaction.h(158):     </body>\n
..\\lib\\transaction.h(158):     </html>\n
..\\lib\\transaction.h(158): Resource "http://localhost:1080/WebTours/images/mer_login.gif" is in the cache already and will not be downloaded again  	[MsgId: MMSG-26655]
..\\lib\\transaction.h(158): t=6989447ms: 5-byte chunked response overhead for "http://localhost:1080/cgi-bin/nav.pl?in=home" (RelFrameId=1.1, Internal ID=1679)
..\\lib\\transaction.h(158):     0\r\n
..\\lib\\transaction.h(158):     \r\n
..\\lib\\transaction.h(158): t=6989447ms: Request done "http://localhost:1080/cgi-bin/nav.pl?in=home"  	[MsgId: MMSG-26000]
..\\lib\\transaction.h(158): web_url("welcome.pl_2") was successful, 2172 body bytes, 582 header bytes, 24 chunking overhead bytes  	[MsgId: MMSG-26385]
Action.c(86): Notify: Transaction "sign_off" ended with a "Pass" status (Duration: 0,0912).	[MsgId: MMSG-16873]
Action.c(88): Notify: Transaction "UC03_BuyTicket" ended with a "Pass" status (Duration: 26,7996 Think Time: 26,0418 Wasted Time: 0,0008).	[MsgId: MMSG-16870]
Ending action Action.	[MsgId: MMSG-15918]
Action was aborted.	[MsgId: MMSG-10694]
Ending Vuser...	[MsgId: MMSG-15966]
Starting action vuser_end.	[MsgId: MMSG-15919]
Ending action vuser_end.	[MsgId: MMSG-15918]
Vuser Terminated.	[MsgId: MMSG-15963]
t=6989447ms: Closed connection [0] to localhost:1080 after completing 1 request(s)  	[MsgId: MMSG-26000]
t=6989447ms: Closed connection [1] to localhost:1080 after completing 1 request(s)  	[MsgId: MMSG-26000]
HTML-Mode memory management statistics: Reusable=7, NonReusable=0, CsMemBlockSize=4096, checks disabled  	[MsgId: MMSG-26000]
Vuser 7 (thread 15464), ended OK."	[MsgId: MMSG-10695]
