Action.c(84):     .0\r\n
Action.c(84):     Accept-Encoding: gzip, deflate\r\n
Action.c(84):     Accept-Language: ru-RU,ru;q=0.8,en-US;q=0.5,en;q=0.3\r\n
Action.c(84):     Accept: */*\r\n
Action.c(84):     Connection: Keep-Alive\r\n
Action.c(84):     Host: localhost:1080\r\n
Action.c(84):     Cookie: MSO=SID&1733825371; MTUserInfo=firstName&dkqhgqvuvwwlexhvdxbhmegutso&address2&gvaa
Action.c(84):     jljfakkpmebh&username&geurrkpxjeogefwspmovzwolhjyjexhvdxbhmegutso&hash&15&lastName&vrihizh
Action.c(84):     rpmovvuwgvwwlexhvdxbhmegutso&address1&akkpmebh&creditCard&&expDate&\r\n
Action.c(84):     \r\n
Action.c(84): t=1313692ms: 229-byte response headers for "http://localhost:1080/cgi-bin/login.pl?intro=true" (RelFrameId=1.2, Internal ID=319)
Action.c(84):     HTTP/1.1 200 OK\r\n
Action.c(84):     Date: Tue, 10 Dec 2024 10:10:00 GMT\r\n
Action.c(84):     Server: Apache/2.2.21 (Win32)\r\n
Action.c(84):     Expires: 5s\r\n
Action.c(84):     Keep-Alive: timeout=5, max=100\r\n
Action.c(84):     Connection: Keep-Alive\r\n
Action.c(84):     Transfer-Encoding: chunked\r\n
Action.c(84):     Content-Type: text/html; charset=ISO-8859-1\r\n
Action.c(84):     \r\n
Action.c(84): t=1313692ms: 5-byte chunked response overhead for "http://localhost:1080/cgi-bin/login.pl?intro=true" (RelFrameId=1.2, Internal ID=319)
Action.c(84):     3bd\r\n
Action.c(84): t=1313692ms: 2-byte chunked response overhead for "http://localhost:1080/cgi-bin/login.pl?intro=true" (RelFrameId=1.2, Internal ID=319)
Action.c(84):     \r\n
Action.c(84): t=1313692ms: 957-byte chunked response body for "http://localhost:1080/cgi-bin/login.pl?intro=true" (RelFrameId=1.2, Internal ID=319)
Action.c(84):     <!DOCTYPE html\n
Action.c(84):     \tPUBLIC "-//W3C//DTD XHTML 1.0 Transitional//EN"\n
Action.c(84):     \t "http://www.w3.org/TR/xhtml1/DTD/xhtml1-transitional.dtd">\n
Action.c(84):     <html xmlns="http://www.w3.org/1999/xhtml" lang="en-US" xml:lang="en-US">\n
Action.c(84):     <head>\n
Action.c(84):     <title>Welcome to Web Tours</title>\n
Action.c(84):     <meta http-equiv="Content-Type" content="text/html; charset=iso-8859-1" />\n
Action.c(84):     </head>\n
Action.c(84):     <body bgcolor="#E0E7F1">\n
Action.c(84):     <p /><style>blockquote {font-family: tahoma; font-size : 10pt}H1 {font-family: tahoma; fon
Action.c(84):     t-size : 22pt; color: #993333}small {font-family: tahoma; font-size : 8pt}H3 {font-family:
Action.c(84):      tahoma; font-size : 10pt; color: black}TD {font-family: tahoma; font-size : 10pt; color: 
Action.c(84):     black}</style><BR/><BR/><BR/><BR/><BR/><blockquote>Welcome, <b>geurrkpxjeogefwspmovzwolhjy
Action.c(84):     jexhvdxbhmegutso</b>, to the Web Tours reservation pages.<BR/>Using the menu to the left, 
Action.c(84):     you can search for new flights to book, \n
Action.c(84):     or review/edit the flights already booked.  Don't forget to sign off when\n
Action.c(84):     you're done!\n
Action.c(84):     </blockquote>\n
Action.c(84):     </body>\n
Action.c(84):     </html>
Action.c(84): t=1313693ms: 298-byte response headers for "http://localhost:1080/WebTours/images/itinerary.gif" (RelFrameId=, Internal ID=321)
Action.c(84):     HTTP/1.1 200 OK\r\n
Action.c(84):     Date: Tue, 10 Dec 2024 10:10:00 GMT\r\n
Action.c(84):     Server: Apache/2.2.21 (Win32)\r\n
Action.c(84):     Last-Modified: Tue, 26 Nov 2024 14:20:51 GMT\r\n
Action.c(84):     ETag: "6000000095919-2dd-627d18e6977e1"\r\n
Action.c(84):     Accept-Ranges: bytes\r\n
Action.c(84):     Content-Length: 733\r\n
Action.c(84):     Keep-Alive: timeout=5, max=100\r\n
Action.c(84):     Connection: Keep-Alive\r\n
Action.c(84):     Content-Type: image/gif\r\n
Action.c(84):     \r\n
Action.c(84): t=1313693ms: 733-byte response body for "http://localhost:1080/WebTours/images/itinerary.gif" (RelFrameId=, Internal ID=321)
Action.c(84): t=1313693ms: Request done "http://localhost:1080/WebTours/images/itinerary.gif"  	[MsgId: MMSG-26000]
Action.c(84): t=1313694ms: 298-byte response headers for "http://localhost:1080/WebTours/images/in_home.gif" (RelFrameId=, Internal ID=322)
Action.c(84):     HTTP/1.1 200 OK\r\n
Action.c(84):     Date: Tue, 10 Dec 2024 10:10:00 GMT\r\n
Action.c(84):     Server: Apache/2.2.21 (Win32)\r\n
Action.c(84):     Last-Modified: Tue, 26 Nov 2024 14:20:51 GMT\r\n
Action.c(84):     ETag: "6000000095915-2b0-627d18e689bd4"\r\n
Action.c(84):     Accept-Ranges: bytes\r\n
Action.c(84):     Content-Length: 688\r\n
Action.c(84):     Keep-Alive: timeout=5, max=100\r\n
Action.c(84):     Connection: Keep-Alive\r\n
Action.c(84):     Content-Type: image/gif\r\n
Action.c(84):     \r\n
Action.c(84): t=1313694ms: 688-byte response body for "http://localhost:1080/WebTours/images/in_home.gif" (RelFrameId=, Internal ID=322)
Action.c(84): t=1313694ms: Request done "http://localhost:1080/WebTours/images/in_home.gif"  	[MsgId: MMSG-26000]
Action.c(84): t=1313694ms: 5-byte chunked response overhead for "http://localhost:1080/cgi-bin/login.pl?intro=true" (RelFrameId=1.2, Internal ID=319)
Action.c(84):     0\r\n
Action.c(84):     \r\n
Action.c(84): t=1313694ms: Request done "http://localhost:1080/cgi-bin/login.pl?intro=true"  	[MsgId: MMSG-26000]
Action.c(84): t=1313694ms: Connected socket [5] from 127.0.0.1:25779 to 127.0.0.1:1080 in 4 ms  	[MsgId: MMSG-26000]
Action.c(84): t=1313694ms: 598-byte request headers for "http://localhost:1080/WebTours/images/signoff.gif" (RelFrameId=, Internal ID=323)
Action.c(84):     GET /WebTours/images/signoff.gif HTTP/1.1\r\n
Action.c(84):     Referer: http://localhost:1080/cgi-bin/nav.pl?page=menu&in=home\r\n
Action.c(84):     User-Agent: Mozilla/5.0 (Windows NT 10.0; Win64; x64; rv:133.0) Gecko/20100101 Firefox/133
Action.c(84):     .0\r\n
Action.c(84):     Accept-Encoding: gzip, deflate\r\n
Action.c(84):     Accept-Language: ru-RU,ru;q=0.8,en-US;q=0.5,en;q=0.3\r\n
Action.c(84):     Accept: */*\r\n
Action.c(84):     Connection: Keep-Alive\r\n
Action.c(84):     Host: localhost:1080\r\n
Action.c(84):     Cookie: MSO=SID&1733825371; MTUserInfo=firstName&dkqhgqvuvwwlexhvdxbhmegutso&address2&gvaa
Action.c(84):     jljfakkpmebh&username&geurrkpxjeogefwspmovzwolhjyjexhvdxbhmegutso&hash&15&lastName&vrihizh
Action.c(84):     rpmovvuwgvwwlexhvdxbhmegutso&address1&akkpmebh&creditCard&&expDate&\r\n
Action.c(84):     \r\n
Action.c(84): t=1313695ms: 298-byte response headers for "http://localhost:1080/WebTours/images/signoff.gif" (RelFrameId=, Internal ID=323)
Action.c(84):     HTTP/1.1 200 OK\r\n
Action.c(84):     Date: Tue, 10 Dec 2024 10:10:00 GMT\r\n
Action.c(84):     Server: Apache/2.2.21 (Win32)\r\n
Action.c(84):     Last-Modified: Tue, 26 Nov 2024 14:20:51 GMT\r\n
Action.c(84):     ETag: "6000000095922-2ef-627d18e6b323a"\r\n
Action.c(84):     Accept-Ranges: bytes\r\n
Action.c(84):     Content-Length: 751\r\n
Action.c(84):     Keep-Alive: timeout=5, max=100\r\n
Action.c(84):     Connection: Keep-Alive\r\n
Action.c(84):     Content-Type: image/gif\r\n
Action.c(84):     \r\n
Action.c(84): t=1313695ms: 751-byte response body for "http://localhost:1080/WebTours/images/signoff.gif" (RelFrameId=, Internal ID=323)
Action.c(84): t=1313695ms: Request done "http://localhost:1080/WebTours/images/signoff.gif"  	[MsgId: MMSG-26000]
Action.c(84): t=1313707ms: 297-byte response headers for "http://localhost:1080/WebTours/images/flights.gif" (RelFrameId=, Internal ID=320)
Action.c(84):     HTTP/1.1 200 OK\r\n
Action.c(84):     Date: Tue, 10 Dec 2024 10:10:00 GMT\r\n
Action.c(84):     Server: Apache/2.2.21 (Win32)\r\n
Action.c(84):     Last-Modified: Tue, 26 Nov 2024 14:20:50 GMT\r\n
Action.c(84):     ETag: "6000000095909-2d6-627d18e668dc2"\r\n
Action.c(84):     Accept-Ranges: bytes\r\n
Action.c(84):     Content-Length: 726\r\n
Action.c(84):     Keep-Alive: timeout=5, max=99\r\n
Action.c(84):     Connection: Keep-Alive\r\n
Action.c(84):     Content-Type: image/gif\r\n
Action.c(84):     \r\n
Action.c(84): t=1313707ms: 726-byte response body for "http://localhost:1080/WebTours/images/flights.gif" (RelFrameId=, Internal ID=320)
Action.c(84): t=1313707ms: Request done "http://localhost:1080/WebTours/images/flights.gif"  	[MsgId: MMSG-26000]
Action.c(84): Registered web_reg_find successful for "Text=<blockquote>Welcome, <b>geurrkpxjeogefwspmovzwolhjyjexhvdxbhmegutso</b>, to the Web Tours" (count=1)  	[MsgId: MMSG-26364]
Action.c(84): web_url("welcome.pl") was successful, 5933 body bytes, 1892 header bytes, 36 chunking overhead bytes  	[MsgId: MMSG-26385]
Action.c(94): Notify: Transaction "next_page_reg" ended with a "Pass" status (Duration: 6,1245 Think Time: 6,0147 Wasted Time: 0,0000).	[MsgId: MMSG-16870]
Action.c(96): Notify: Transaction "UC06_Registration" ended with a "Pass" status (Duration: 29,3832 Think Time: 29,0252 Wasted Time: 0,0002).	[MsgId: MMSG-16870]
Ending action Action.	[MsgId: MMSG-15918]
Action was aborted.	[MsgId: MMSG-10694]
Ending Vuser...	[MsgId: MMSG-15966]
Starting action vuser_end.	[MsgId: MMSG-15919]
Ending action vuser_end.	[MsgId: MMSG-15918]
Vuser Terminated.	[MsgId: MMSG-15963]
t=1313708ms: Closed connection [0] to localhost:1080 after completing 2 request(s)  	[MsgId: MMSG-26000]
t=1313708ms: Closed connection [1] to localhost:1080 after completing 1 request(s)  	[MsgId: MMSG-26000]
t=1313708ms: Closed connection [2] to localhost:1080 after completing 1 request(s)  	[MsgId: MMSG-26000]
t=1313708ms: Closed connection [3] to localhost:1080 after completing 1 request(s)  	[MsgId: MMSG-26000]
t=1313708ms: Closed connection [4] to localhost:1080 after completing 1 request(s)  	[MsgId: MMSG-26000]
t=1313708ms: Closed connection [5] to localhost:1080 after completing 1 request(s)  	[MsgId: MMSG-26000]
HTML-Mode memory management statistics: Reusable=5, NonReusable=0, CsMemBlockSize=4096, checks disabled  	[MsgId: MMSG-26000]
Vuser 1 (thread 21980), ended OK."	[MsgId: MMSG-10695]
