Starting iteration 34.	[MsgId: MMSG-15968]
..\\lib\\transaction.h(13): Resetting all proxy auto-configuration information  	[MsgId: MMSG-26000]
Starting action Action.	[MsgId: MMSG-15919]
Action.c(10): Notify: Transaction "UC06_Registration" started.	[MsgId: MMSG-16999]
Action.c(12): Notify: Transaction "open_home_page" started.	[MsgId: MMSG-16999]
..\\lib\\transaction.h(5): web_reg_save_param started  	[MsgId: MMSG-26355]
..\\lib\\transaction.h(5): Registering web_reg_save_param was successful  	[MsgId: MMSG-26390]
..\\lib\\transaction.h(10): web_reg_find started  	[MsgId: MMSG-26355]
..\\lib\\transaction.h(10): Registering web_reg_find was successful  	[MsgId: MMSG-26390]
..\\lib\\transaction.h(13): web_url("WebTours") started  	[MsgId: MMSG-26355]
..\\lib\\transaction.h(13): t=6931736ms: Connecting [0] to host 127.0.0.1:1080  	[MsgId: MMSG-26000]
..\\lib\\transaction.h(13): Error -27792: Failed to connect to server "localhost:1080": [10061] Connection refused  	[MsgId: MERR-27792]
..\\lib\\transaction.h(13): t=6933088ms: Closed connection [0] to localhost:1080 after completing 0 request(s)  	[MsgId: MMSG-26000]
..\\lib\\transaction.h(13): Error -26377: No match found for the requested parameter "userSession". Either the specified boundaries were not found in the response or the matched text is longer than current max html parameter size of 256 bytes. The total length of the response is 0 bytes. You can use "web_set_max_html_param_len" to increase the max parameter size.  	[MsgId: MERR-26377]
..\\lib\\transaction.h(13): Notify: Saving Parameter "userSession = ".	[MsgId: MMSG-13798]
..\\lib\\transaction.h(13): Error -26366: "Text=Welcome to the Web Tours site." not found for web_reg_find  	[MsgId: MERR-26366]
..\\lib\\transaction.h(13): Error -26374: The above "not found" error(s) may be explained by header and body byte counts being 0 and 0, respectively.  	[MsgId: MERR-26374]
..\\lib\\transaction.h(13): web_url("WebTours") highest severity level was "ERROR", 0 body bytes, 0 header bytes  	[MsgId: MMSG-26388]
..\\lib\\transaction.h(13): Notify: Transaction "open_home_page" ended with a "Fail" status (Duration: 2,0315).	[MsgId: MMSG-16873]
..\\lib\\transaction.h(13): Notify: Transaction "open_home_page" has 4 error message(s).	[MsgId: MMSG-16818]
..\\lib\\transaction.h(13): Notify: The 1st error message associated with transaction "open_home_page" is "Error -27792: Failed to connect to server "localhost:1080": [10061] Connection refused"	[MsgId: MMSG-16819]
..\\lib\\transaction.h(13): Notify: The 2nd error message associated with transaction "open_home_page" is "Error -26377: No match found for the requested parameter "userSession". Either the specified boundaries were not found in the response or the matched text is longer than current max html parameter size of 256 bytes. The total length of the response is 0 bytes. You can use "web_set_max_html_param_len" to increase the max parameter size."	[MsgId: MMSG-16819]
..\\lib\\transaction.h(13): Notify: The 3rd error message associated with transaction "open_home_page" is "Error -26366: "Text=Welcome to the Web Tours site." not found for web_reg_find"	[MsgId: MMSG-16819]
..\\lib\\transaction.h(13): Notify: The 4th error message associated with transaction "open_home_page" is "Error -26374: The above "not found" error(s) may be explained by header and body byte counts being 0 and 0, respectively."	[MsgId: MMSG-16819]
..\\lib\\transaction.h(13): Notify: Transaction "UC06_Registration" ended with a "Fail" status (Duration: 2,0315).	[MsgId: MMSG-16873]
..\\lib\\transaction.h(13): Notify: Transaction "UC06_Registration" has 4 error message(s).	[MsgId: MMSG-16818]
..\\lib\\transaction.h(13): Notify: The 1st error message associated with transaction "UC06_Registration" is "Error -27792: Failed to connect to server "localhost:1080": [10061] Connection refused"	[MsgId: MMSG-16819]
..\\lib\\transaction.h(13): Notify: The 2nd error message associated with transaction "UC06_Registration" is "Error -26377: No match found for the requested parameter "userSession". Either the specified boundaries were not found in the response or the matched text is longer than current max html parameter size of 256 bytes. The total length of the response is 0 bytes. You can use "web_set_max_html_param_len" to increase the max parameter size."	[MsgId: MMSG-16819]
..\\lib\\transaction.h(13): Notify: The 3rd error message associated with transaction "UC06_Registration" is "Error -26366: "Text=Welcome to the Web Tours site." not found for web_reg_find"	[MsgId: MMSG-16819]
..\\lib\\transaction.h(13): Notify: The 4th error message associated with transaction "UC06_Registration" is "Error -26374: The above "not found" error(s) may be explained by header and body byte counts being 0 and 0, respectively."	[MsgId: MMSG-16819]
Ending action Action.	[MsgId: MMSG-15918]
Action was aborted.	[MsgId: MMSG-10694]
Ending Vuser...	[MsgId: MMSG-15966]
Starting action vuser_end.	[MsgId: MMSG-15919]
Ending action vuser_end.	[MsgId: MMSG-15918]
Vuser Terminated.	[MsgId: MMSG-15963]
HTML-Mode memory management statistics: Reusable=5, NonReusable=0, CsMemBlockSize=4096, checks disabled  	[MsgId: MMSG-26000]
Vuser 4 (thread 30784), ended OK."	[MsgId: MMSG-10695]
..\\lib\\transaction.h(13): Error -27792: Failed to connect to server "localhost:1080": [10061] Connection refused  	[MsgId: MERR-27792]
..\\lib\\transaction.h(13): t=6933437ms: Closed connection [0] to localhost:1080 after completing 0 request(s)  	[MsgId: MMSG-26000]
..\\lib\\transaction.h(13): Error -26377: No match found for the requested parameter "userSession". Either the specified boundaries were not found in the response or the matched text is longer than current max html parameter size of 256 bytes. The total length of the response is 0 bytes. You can use "web_set_max_html_param_len" to increase the max parameter size.  	[MsgId: MERR-26377]
..\\lib\\transaction.h(13): Notify: Saving Parameter "userSession = ".	[MsgId: MMSG-13798]
..\\lib\\transaction.h(13): Error -26366: "Text=Welcome to the Web Tours site." not found for web_reg_find  	[MsgId: MERR-26366]
..\\lib\\transaction.h(13): Error -26374: The above "not found" error(s) may be explained by header and body byte counts being 0 and 0, respectively.  	[MsgId: MERR-26374]
..\\lib\\transaction.h(13): web_url("WebTours") highest severity level was "ERROR", 0 body bytes, 0 header bytes  	[MsgId: MMSG-26388]
..\\lib\\transaction.h(13): Notify: Transaction "open_home_page" ended with a "Fail" status (Duration: 2,0329).	[MsgId: MMSG-16873]
..\\lib\\transaction.h(13): Notify: Transaction "open_home_page" has 4 error message(s).	[MsgId: MMSG-16818]
..\\lib\\transaction.h(13): Notify: The 1st error message associated with transaction "open_home_page" is "Error -27792: Failed to connect to server "localhost:1080": [10061] Connection refused"	[MsgId: MMSG-16819]
..\\lib\\transaction.h(13): Notify: The 2nd error message associated with transaction "open_home_page" is "Error -26377: No match found for the requested parameter "userSession". Either the specified boundaries were not found in the response or the matched text is longer than current max html parameter size of 256 bytes. The total length of the response is 0 bytes. You can use "web_set_max_html_param_len" to increase the max parameter size."	[MsgId: MMSG-16819]
..\\lib\\transaction.h(13): Notify: The 3rd error message associated with transaction "open_home_page" is "Error -26366: "Text=Welcome to the Web Tours site." not found for web_reg_find"	[MsgId: MMSG-16819]
..\\lib\\transaction.h(13): Notify: The 4th error message associated with transaction "open_home_page" is "Error -26374: The above "not found" error(s) may be explained by header and body byte counts being 0 and 0, respectively."	[MsgId: MMSG-16819]
..\\lib\\transaction.h(13): Notify: Transaction "UC06_Registration" ended with a "Fail" status (Duration: 2,0329).	[MsgId: MMSG-16873]
..\\lib\\transaction.h(13): Notify: Transaction "UC06_Registration" has 4 error message(s).	[MsgId: MMSG-16818]
..\\lib\\transaction.h(13): Notify: The 1st error message associated with transaction "UC06_Registration" is "Error -27792: Failed to connect to server "localhost:1080": [10061] Connection refused"	[MsgId: MMSG-16819]
..\\lib\\transaction.h(13): Notify: The 2nd error message associated with transaction "UC06_Registration" is "Error -26377: No match found for the requested parameter "userSession". Either the specified boundaries were not found in the response or the matched text is longer than current max html parameter size of 256 bytes. The total length of the response is 0 bytes. You can use "web_set_max_html_param_len" to increase the max parameter size."	[MsgId: MMSG-16819]
..\\lib\\transaction.h(13): Notify: The 3rd error message associated with transaction "UC06_Registration" is "Error -26366: "Text=Welcome to the Web Tours site." not found for web_reg_find"	[MsgId: MMSG-16819]
..\\lib\\transaction.h(13): Notify: The 4th error message associated with transaction "UC06_Registration" is "Error -26374: The above "not found" error(s) may be explained by header and body byte counts being 0 and 0, respectively."	[MsgId: MMSG-16819]
Ending action Action.	[MsgId: MMSG-15918]
Ending iteration 35.	[MsgId: MMSG-15965]
Waiting 75,9660 seconds for iteration pacing.	[MsgId: MMSG-15996]
..\\lib\\transaction.h(13): Error -27792: Failed to connect to server "localhost:1080": [10061] Connection refused  	[MsgId: MERR-27792]
..\\lib\\transaction.h(13): t=6933785ms: Closed connection [0] to localhost:1080 after completing 0 request(s)  	[MsgId: MMSG-26000]
..\\lib\\transaction.h(13): Error -26377: No match found for the requested parameter "userSession". Either the specified boundaries were not found in the response or the matched text is longer than current max html parameter size of 256 bytes. The total length of the response is 0 bytes. You can use "web_set_max_html_param_len" to increase the max parameter size.  	[MsgId: MERR-26377]
..\\lib\\transaction.h(13): Notify: Saving Parameter "userSession = ".	[MsgId: MMSG-13798]
..\\lib\\transaction.h(13): Error -26366: "Text=Welcome to the Web Tours site." not found for web_reg_find  	[MsgId: MERR-26366]
..\\lib\\transaction.h(13): Error -26374: The above "not found" error(s) may be explained by header and body byte counts being 0 and 0, respectively.  	[MsgId: MERR-26374]
..\\lib\\transaction.h(13): web_url("WebTours") highest severity level was "ERROR", 0 body bytes, 0 header bytes  	[MsgId: MMSG-26388]
..\\lib\\transaction.h(13): Notify: Transaction "open_home_page" ended with a "Fail" status (Duration: 2,0504).	[MsgId: MMSG-16873]
..\\lib\\transaction.h(13): Notify: Transaction "open_home_page" has 4 error message(s).	[MsgId: MMSG-16818]
..\\lib\\transaction.h(13): Notify: The 1st error message associated with transaction "open_home_page" is "Error -27792: Failed to connect to server "localhost:1080": [10061] Connection refused"	[MsgId: MMSG-16819]
..\\lib\\transaction.h(13): Notify: The 2nd error message associated with transaction "open_home_page" is "Error -26377: No match found for the requested parameter "userSession". Either the specified boundaries were not found in the response or the matched text is longer than current max html parameter size of 256 bytes. The total length of the response is 0 bytes. You can use "web_set_max_html_param_len" to increase the max parameter size."	[MsgId: MMSG-16819]
..\\lib\\transaction.h(13): Notify: The 3rd error message associated with transaction "open_home_page" is "Error -26366: "Text=Welcome to the Web Tours site." not found for web_reg_find"	[MsgId: MMSG-16819]
..\\lib\\transaction.h(13): Notify: The 4th error message associated with transaction "open_home_page" is "Error -26374: The above "not found" error(s) may be explained by header and body byte counts being 0 and 0, respectively."	[MsgId: MMSG-16819]
..\\lib\\transaction.h(13): Notify: Transaction "UC06_Registration" ended with a "Fail" status (Duration: 2,0505).	[MsgId: MMSG-16873]
..\\lib\\transaction.h(13): Notify: Transaction "UC06_Registration" has 4 error message(s).	[MsgId: MMSG-16818]
..\\lib\\transaction.h(13): Notify: The 1st error message associated with transaction "UC06_Registration" is "Error -27792: Failed to connect to server "localhost:1080": [10061] Connection refused"	[MsgId: MMSG-16819]
..\\lib\\transaction.h(13): Notify: The 2nd error message associated with transaction "UC06_Registration" is "Error -26377: No match found for the requested parameter "userSession". Either the specified boundaries were not found in the response or the matched text is longer than current max html parameter size of 256 bytes. The total length of the response is 0 bytes. You can use "web_set_max_html_param_len" to increase the max parameter size."	[MsgId: MMSG-16819]
..\\lib\\transaction.h(13): Notify: The 3rd error message associated with transaction "UC06_Registration" is "Error -26366: "Text=Welcome to the Web Tours site." not found for web_reg_find"	[MsgId: MMSG-16819]
..\\lib\\transaction.h(13): Notify: The 4th error message associated with transaction "UC06_Registration" is "Error -26374: The above "not found" error(s) may be explained by header and body byte counts being 0 and 0, respectively."	[MsgId: MMSG-16819]
Ending action Action.	[MsgId: MMSG-15918]
Action was aborted.	[MsgId: MMSG-10694]
Ending Vuser...	[MsgId: MMSG-15966]
Starting action vuser_end.	[MsgId: MMSG-15919]
Ending action vuser_end.	[MsgId: MMSG-15918]
Vuser Terminated.	[MsgId: MMSG-15963]
HTML-Mode memory management statistics: Reusable=5, NonReusable=0, CsMemBlockSize=4096, checks disabled  	[MsgId: MMSG-26000]
Vuser 6 (thread 11592), ended OK."	[MsgId: MMSG-10695]
Starting iteration 69.	[MsgId: MMSG-15968]
..\\lib\\transaction.h(13): Resetting all proxy auto-configuration information  	[MsgId: MMSG-26000]
Starting action Action.	[MsgId: MMSG-15919]
Action.c(10): Notify: Transaction "UC06_Registration" started.	[MsgId: MMSG-16999]
Action.c(12): Notify: Transaction "open_home_page" started.	[MsgId: MMSG-16999]
..\\lib\\transaction.h(5): web_reg_save_param started  	[MsgId: MMSG-26355]
..\\lib\\transaction.h(5): Registering web_reg_save_param was successful  	[MsgId: MMSG-26390]
..\\lib\\transaction.h(10): web_reg_find started  	[MsgId: MMSG-26355]
..\\lib\\transaction.h(10): Registering web_reg_find was successful  	[MsgId: MMSG-26390]
..\\lib\\transaction.h(13): web_url("WebTours") started  	[MsgId: MMSG-26355]
..\\lib\\transaction.h(13): t=6933832ms: Connecting [0] to host 127.0.0.1:1080  	[MsgId: MMSG-26000]
..\\lib\\transaction.h(13): Error -27792: Failed to connect to server "localhost:1080": [10061] Connection refused  	[MsgId: MERR-27792]
..\\lib\\transaction.h(13): t=6935875ms: Closed connection [0] to localhost:1080 after completing 0 request(s)  	[MsgId: MMSG-26000]
..\\lib\\transaction.h(13): Error -26377: No match found for the requested parameter "userSession". Either the specified boundaries were not found in the response or the matched text is longer than current max html parameter size of 256 bytes. The total length of the response is 0 bytes. You can use "web_set_max_html_param_len" to increase the max parameter size.  	[MsgId: MERR-26377]
..\\lib\\transaction.h(13): Notify: Saving Parameter "userSession = ".	[MsgId: MMSG-13798]
..\\lib\\transaction.h(13): Error -26366: "Text=Welcome to the Web Tours site." not found for web_reg_find  	[MsgId: MERR-26366]
..\\lib\\transaction.h(13): Error -26374: The above "not found" error(s) may be explained by header and body byte counts being 0 and 0, respectively.  	[MsgId: MERR-26374]
..\\lib\\transaction.h(13): web_url("WebTours") highest severity level was "ERROR", 0 body bytes, 0 header bytes  	[MsgId: MMSG-26388]
..\\lib\\transaction.h(13): Notify: Transaction "open_home_page" ended with a "Fail" status (Duration: 2,0437).	[MsgId: MMSG-16873]
..\\lib\\transaction.h(13): Notify: Transaction "open_home_page" has 4 error message(s).	[MsgId: MMSG-16818]
..\\lib\\transaction.h(13): Notify: The 1st error message associated with transaction "open_home_page" is "Error -27792: Failed to connect to server "localhost:1080": [10061] Connection refused"	[MsgId: MMSG-16819]
..\\lib\\transaction.h(13): Notify: The 2nd error message associated with transaction "open_home_page" is "Error -26377: No match found for the requested parameter "userSession". Either the specified boundaries were not found in the response or the matched text is longer than current max html parameter size of 256 bytes. The total length of the response is 0 bytes. You can use "web_set_max_html_param_len" to increase the max parameter size."	[MsgId: MMSG-16819]
..\\lib\\transaction.h(13): Notify: The 3rd error message associated with transaction "open_home_page" is "Error -26366: "Text=Welcome to the Web Tours site." not found for web_reg_find"	[MsgId: MMSG-16819]
..\\lib\\transaction.h(13): Notify: The 4th error message associated with transaction "open_home_page" is "Error -26374: The above "not found" error(s) may be explained by header and body byte counts being 0 and 0, respectively."	[MsgId: MMSG-16819]
..\\lib\\transaction.h(13): Notify: Transaction "UC06_Registration" ended with a "Fail" status (Duration: 2,0438).	[MsgId: MMSG-16873]
..\\lib\\transaction.h(13): Notify: Transaction "UC06_Registration" has 4 error message(s).	[MsgId: MMSG-16818]
..\\lib\\transaction.h(13): Notify: The 1st error message associated with transaction "UC06_Registration" is "Error -27792: Failed to connect to server "localhost:1080": [10061] Connection refused"	[MsgId: MMSG-16819]
..\\lib\\transaction.h(13): Notify: The 2nd error message associated with transaction "UC06_Registration" is "Error -26377: No match found for the requested parameter "userSession". Either the specified boundaries were not found in the response or the matched text is longer than current max html parameter size of 256 bytes. The total length of the response is 0 bytes. You can use "web_set_max_html_param_len" to increase the max parameter size."	[MsgId: MMSG-16819]
..\\lib\\transaction.h(13): Notify: The 3rd error message associated with transaction "UC06_Registration" is "Error -26366: "Text=Welcome to the Web Tours site." not found for web_reg_find"	[MsgId: MMSG-16819]
..\\lib\\transaction.h(13): Notify: The 4th error message associated with transaction "UC06_Registration" is "Error -26374: The above "not found" error(s) may be explained by header and body byte counts being 0 and 0, respectively."	[MsgId: MMSG-16819]
Ending action Action.	[MsgId: MMSG-15918]
Action was aborted.	[MsgId: MMSG-10694]
Ending Vuser...	[MsgId: MMSG-15966]
Starting action vuser_end.	[MsgId: MMSG-15919]
Ending action vuser_end.	[MsgId: MMSG-15918]
Vuser Terminated.	[MsgId: MMSG-15963]
HTML-Mode memory management statistics: Reusable=5, NonReusable=0, CsMemBlockSize=4096, checks disabled  	[MsgId: MMSG-26000]
Vuser 2 (thread 31736), ended OK."	[MsgId: MMSG-10695]
Starting iteration 17.	[MsgId: MMSG-15968]
..\\lib\\transaction.h(13): Resetting all proxy auto-configuration information  	[MsgId: MMSG-26000]
Starting action Action.	[MsgId: MMSG-15919]
Action.c(10): Notify: Transaction "UC06_Registration" started.	[MsgId: MMSG-16999]
Action.c(12): Notify: Transaction "open_home_page" started.	[MsgId: MMSG-16999]
..\\lib\\transaction.h(5): web_reg_save_param started  	[MsgId: MMSG-26355]
..\\lib\\transaction.h(5): Registering web_reg_save_param was successful  	[MsgId: MMSG-26390]
..\\lib\\transaction.h(10): web_reg_find started  	[MsgId: MMSG-26355]
..\\lib\\transaction.h(10): Registering web_reg_find was successful  	[MsgId: MMSG-26390]
..\\lib\\transaction.h(13): web_url("WebTours") started  	[MsgId: MMSG-26355]
..\\lib\\transaction.h(13): t=6948362ms: Connecting [0] to host 127.0.0.1:1080  	[MsgId: MMSG-26000]
..\\lib\\transaction.h(13): Error -27792: Failed to connect to server "localhost:1080": [10061] Connection refused  	[MsgId: MERR-27792]
..\\lib\\transaction.h(13): t=6950410ms: Closed connection [0] to localhost:1080 after completing 0 request(s)  	[MsgId: MMSG-26000]
..\\lib\\transaction.h(13): Error -26377: No match found for the requested parameter "userSession". Either the specified boundaries were not found in the response or the matched text is longer than current max html parameter size of 256 bytes. The total length of the response is 0 bytes. You can use "web_set_max_html_param_len" to increase the max parameter size.  	[MsgId: MERR-26377]
..\\lib\\transaction.h(13): Notify: Saving Parameter "userSession = ".	[MsgId: MMSG-13798]
..\\lib\\transaction.h(13): Error -26366: "Text=Welcome to the Web Tours site." not found for web_reg_find  	[MsgId: MERR-26366]
..\\lib\\transaction.h(13): Error -26374: The above "not found" error(s) may be explained by header and body byte counts being 0 and 0, respectively.  	[MsgId: MERR-26374]
..\\lib\\transaction.h(13): web_url("WebTours") highest severity level was "ERROR", 0 body bytes, 0 header bytes  	[MsgId: MMSG-26388]
..\\lib\\transaction.h(13): Notify: Transaction "open_home_page" ended with a "Fail" status (Duration: 2,0487).	[MsgId: MMSG-16873]
..\\lib\\transaction.h(13): Notify: Transaction "open_home_page" has 4 error message(s).	[MsgId: MMSG-16818]
..\\lib\\transaction.h(13): Notify: The 1st error message associated with transaction "open_home_page" is "Error -27792: Failed to connect to server "localhost:1080": [10061] Connection refused"	[MsgId: MMSG-16819]
..\\lib\\transaction.h(13): Notify: The 2nd error message associated with transaction "open_home_page" is "Error -26377: No match found for the requested parameter "userSession". Either the specified boundaries were not found in the response or the matched text is longer than current max html parameter size of 256 bytes. The total length of the response is 0 bytes. You can use "web_set_max_html_param_len" to increase the max parameter size."	[MsgId: MMSG-16819]
..\\lib\\transaction.h(13): Notify: The 3rd error message associated with transaction "open_home_page" is "Error -26366: "Text=Welcome to the Web Tours site." not found for web_reg_find"	[MsgId: MMSG-16819]
..\\lib\\transaction.h(13): Notify: The 4th error message associated with transaction "open_home_page" is "Error -26374: The above "not found" error(s) may be explained by header and body byte counts being 0 and 0, respectively."	[MsgId: MMSG-16819]
..\\lib\\transaction.h(13): Notify: Transaction "UC06_Registration" ended with a "Fail" status (Duration: 2,0487).	[MsgId: MMSG-16873]
..\\lib\\transaction.h(13): Notify: Transaction "UC06_Registration" has 4 error message(s).	[MsgId: MMSG-16818]
..\\lib\\transaction.h(13): Notify: The 1st error message associated with transaction "UC06_Registration" is "Error -27792: Failed to connect to server "localhost:1080": [10061] Connection refused"	[MsgId: MMSG-16819]
..\\lib\\transaction.h(13): Notify: The 2nd error message associated with transaction "UC06_Registration" is "Error -26377: No match found for the requested parameter "userSession". Either the specified boundaries were not found in the response or the matched text is longer than current max html parameter size of 256 bytes. The total length of the response is 0 bytes. You can use "web_set_max_html_param_len" to increase the max parameter size."	[MsgId: MMSG-16819]
..\\lib\\transaction.h(13): Notify: The 3rd error message associated with transaction "UC06_Registration" is "Error -26366: "Text=Welcome to the Web Tours site." not found for web_reg_find"	[MsgId: MMSG-16819]
..\\lib\\transaction.h(13): Notify: The 4th error message associated with transaction "UC06_Registration" is "Error -26374: The above "not found" error(s) may be explained by header and body byte counts being 0 and 0, respectively."	[MsgId: MMSG-16819]
Ending action Action.	[MsgId: MMSG-15918]
Action was aborted.	[MsgId: MMSG-10694]
Ending Vuser...	[MsgId: MMSG-15966]
Starting action vuser_end.	[MsgId: MMSG-15919]
Ending action vuser_end.	[MsgId: MMSG-15918]
Vuser Terminated.	[MsgId: MMSG-15963]
HTML-Mode memory management statistics: Reusable=2, NonReusable=0, CsMemBlockSize=4096, checks disabled  	[MsgId: MMSG-26000]
Vuser 8 (thread 30736), ended OK."	[MsgId: MMSG-10695]
Starting iteration 87.	[MsgId: MMSG-15968]
..\\lib\\transaction.h(13): Resetting all proxy auto-configuration information  	[MsgId: MMSG-26000]
Starting action Action.	[MsgId: MMSG-15919]
Action.c(10): Notify: Transaction "UC06_Registration" started.	[MsgId: MMSG-16999]
Action.c(12): Notify: Transaction "open_home_page" started.	[MsgId: MMSG-16999]
..\\lib\\transaction.h(5): web_reg_save_param started  	[MsgId: MMSG-26355]
..\\lib\\transaction.h(5): Registering web_reg_save_param was successful  	[MsgId: MMSG-26390]
..\\lib\\transaction.h(10): web_reg_find started  	[MsgId: MMSG-26355]
..\\lib\\transaction.h(10): Registering web_reg_find was successful  	[MsgId: MMSG-26390]
..\\lib\\transaction.h(13): web_url("WebTours") started  	[MsgId: MMSG-26355]
..\\lib\\transaction.h(13): t=6952265ms: Connecting [0] to host 127.0.0.1:1080  	[MsgId: MMSG-26000]
..\\lib\\transaction.h(13): Error -27792: Failed to connect to server "localhost:1080": [10061] Connection refused  	[MsgId: MERR-27792]
..\\lib\\transaction.h(13): t=6954317ms: Closed connection [0] to localhost:1080 after completing 0 request(s)  	[MsgId: MMSG-26000]
..\\lib\\transaction.h(13): Error -26377: No match found for the requested parameter "userSession". Either the specified boundaries were not found in the response or the matched text is longer than current max html parameter size of 256 bytes. The total length of the response is 0 bytes. You can use "web_set_max_html_param_len" to increase the max parameter size.  	[MsgId: MERR-26377]
..\\lib\\transaction.h(13): Notify: Saving Parameter "userSession = ".	[MsgId: MMSG-13798]
..\\lib\\transaction.h(13): Error -26366: "Text=Welcome to the Web Tours site." not found for web_reg_find  	[MsgId: MERR-26366]
..\\lib\\transaction.h(13): Error -26374: The above "not found" error(s) may be explained by header and body byte counts being 0 and 0, respectively.  	[MsgId: MERR-26374]
..\\lib\\transaction.h(13): web_url("WebTours") highest severity level was "ERROR", 0 body bytes, 0 header bytes  	[MsgId: MMSG-26388]
..\\lib\\transaction.h(13): Notify: Transaction "open_home_page" ended with a "Fail" status (Duration: 2,0531).	[MsgId: MMSG-16873]
..\\lib\\transaction.h(13): Notify: Transaction "open_home_page" has 4 error message(s).	[MsgId: MMSG-16818]
..\\lib\\transaction.h(13): Notify: The 1st error message associated with transaction "open_home_page" is "Error -27792: Failed to connect to server "localhost:1080": [10061] Connection refused"	[MsgId: MMSG-16819]
..\\lib\\transaction.h(13): Notify: The 2nd error message associated with transaction "open_home_page" is "Error -26377: No match found for the requested parameter "userSession". Either the specified boundaries were not found in the response or the matched text is longer than current max html parameter size of 256 bytes. The total length of the response is 0 bytes. You can use "web_set_max_html_param_len" to increase the max parameter size."	[MsgId: MMSG-16819]
..\\lib\\transaction.h(13): Notify: The 3rd error message associated with transaction "open_home_page" is "Error -26366: "Text=Welcome to the Web Tours site." not found for web_reg_find"	[MsgId: MMSG-16819]
..\\lib\\transaction.h(13): Notify: The 4th error message associated with transaction "open_home_page" is "Error -26374: The above "not found" error(s) may be explained by header and body byte counts being 0 and 0, respectively."	[MsgId: MMSG-16819]
..\\lib\\transaction.h(13): Notify: Transaction "UC06_Registration" ended with a "Fail" status (Duration: 2,0531).	[MsgId: MMSG-16873]
..\\lib\\transaction.h(13): Notify: Transaction "UC06_Registration" has 4 error message(s).	[MsgId: MMSG-16818]
..\\lib\\transaction.h(13): Notify: The 1st error message associated with transaction "UC06_Registration" is "Error -27792: Failed to connect to server "localhost:1080": [10061] Connection refused"	[MsgId: MMSG-16819]
..\\lib\\transaction.h(13): Notify: The 2nd error message associated with transaction "UC06_Registration" is "Error -26377: No match found for the requested parameter "userSession". Either the specified boundaries were not found in the response or the matched text is longer than current max html parameter size of 256 bytes. The total length of the response is 0 bytes. You can use "web_set_max_html_param_len" to increase the max parameter size."	[MsgId: MMSG-16819]
..\\lib\\transaction.h(13): Notify: The 3rd error message associated with transaction "UC06_Registration" is "Error -26366: "Text=Welcome to the Web Tours site." not found for web_reg_find"	[MsgId: MMSG-16819]
..\\lib\\transaction.h(13): Notify: The 4th error message associated with transaction "UC06_Registration" is "Error -26374: The above "not found" error(s) may be explained by header and body byte counts being 0 and 0, respectively."	[MsgId: MMSG-16819]
Ending action Action.	[MsgId: MMSG-15918]
Action was aborted.	[MsgId: MMSG-10694]
Ending Vuser...	[MsgId: MMSG-15966]
Starting action vuser_end.	[MsgId: MMSG-15919]
Ending action vuser_end.	[MsgId: MMSG-15918]
Vuser Terminated.	[MsgId: MMSG-15963]
HTML-Mode memory management statistics: Reusable=5, NonReusable=0, CsMemBlockSize=4096, checks disabled  	[MsgId: MMSG-26000]
Vuser 1 (thread 21012), ended OK."	[MsgId: MMSG-10695]
Starting iteration 52.	[MsgId: MMSG-15968]
..\\lib\\transaction.h(13): Resetting all proxy auto-configuration information  	[MsgId: MMSG-26000]
Starting action Action.	[MsgId: MMSG-15919]
Action.c(10): Notify: Transaction "UC06_Registration" started.	[MsgId: MMSG-16999]
Action.c(12): Notify: Transaction "open_home_page" started.	[MsgId: MMSG-16999]
..\\lib\\transaction.h(5): web_reg_save_param started  	[MsgId: MMSG-26355]
..\\lib\\transaction.h(5): Registering web_reg_save_param was successful  	[MsgId: MMSG-26390]
..\\lib\\transaction.h(10): web_reg_find started  	[MsgId: MMSG-26355]
..\\lib\\transaction.h(10): Registering web_reg_find was successful  	[MsgId: MMSG-26390]
..\\lib\\transaction.h(13): web_url("WebTours") started  	[MsgId: MMSG-26355]
..\\lib\\transaction.h(13): t=6961454ms: Connecting [0] to host 127.0.0.1:1080  	[MsgId: MMSG-26000]
..\\lib\\transaction.h(13): Error -27792: Failed to connect to server "localhost:1080": [10061] Connection refused  	[MsgId: MERR-27792]
..\\lib\\transaction.h(13): t=6963502ms: Closed connection [0] to localhost:1080 after completing 0 request(s)  	[MsgId: MMSG-26000]
..\\lib\\transaction.h(13): Error -26377: No match found for the requested parameter "userSession". Either the specified boundaries were not found in the response or the matched text is longer than current max html parameter size of 256 bytes. The total length of the response is 0 bytes. You can use "web_set_max_html_param_len" to increase the max parameter size.  	[MsgId: MERR-26377]
..\\lib\\transaction.h(13): Notify: Saving Parameter "userSession = ".	[MsgId: MMSG-13798]
..\\lib\\transaction.h(13): Error -26366: "Text=Welcome to the Web Tours site." not found for web_reg_find  	[MsgId: MERR-26366]
..\\lib\\transaction.h(13): Error -26374: The above "not found" error(s) may be explained by header and body byte counts being 0 and 0, respectively.  	[MsgId: MERR-26374]
..\\lib\\transaction.h(13): web_url("WebTours") highest severity level was "ERROR", 0 body bytes, 0 header bytes  	[MsgId: MMSG-26388]
..\\lib\\transaction.h(13): Notify: Transaction "open_home_page" ended with a "Fail" status (Duration: 2,0495).	[MsgId: MMSG-16873]
..\\lib\\transaction.h(13): Notify: Transaction "open_home_page" has 4 error message(s).	[MsgId: MMSG-16818]
..\\lib\\transaction.h(13): Notify: The 1st error message associated with transaction "open_home_page" is "Error -27792: Failed to connect to server "localhost:1080": [10061] Connection refused"	[MsgId: MMSG-16819]
..\\lib\\transaction.h(13): Notify: The 2nd error message associated with transaction "open_home_page" is "Error -26377: No match found for the requested parameter "userSession". Either the specified boundaries were not found in the response or the matched text is longer than current max html parameter size of 256 bytes. The total length of the response is 0 bytes. You can use "web_set_max_html_param_len" to increase the max parameter size."	[MsgId: MMSG-16819]
..\\lib\\transaction.h(13): Notify: The 3rd error message associated with transaction "open_home_page" is "Error -26366: "Text=Welcome to the Web Tours site." not found for web_reg_find"	[MsgId: MMSG-16819]
..\\lib\\transaction.h(13): Notify: The 4th error message associated with transaction "open_home_page" is "Error -26374: The above "not found" error(s) may be explained by header and body byte counts being 0 and 0, respectively."	[MsgId: MMSG-16819]
..\\lib\\transaction.h(13): Notify: Transaction "UC06_Registration" ended with a "Fail" status (Duration: 2,0495).	[MsgId: MMSG-16873]
..\\lib\\transaction.h(13): Notify: Transaction "UC06_Registration" has 4 error message(s).	[MsgId: MMSG-16818]
..\\lib\\transaction.h(13): Notify: The 1st error message associated with transaction "UC06_Registration" is "Error -27792: Failed to connect to server "localhost:1080": [10061] Connection refused"	[MsgId: MMSG-16819]
..\\lib\\transaction.h(13): Notify: The 2nd error message associated with transaction "UC06_Registration" is "Error -26377: No match found for the requested parameter "userSession". Either the specified boundaries were not found in the response or the matched text is longer than current max html parameter size of 256 bytes. The total length of the response is 0 bytes. You can use "web_set_max_html_param_len" to increase the max parameter size."	[MsgId: MMSG-16819]
..\\lib\\transaction.h(13): Notify: The 3rd error message associated with transaction "UC06_Registration" is "Error -26366: "Text=Welcome to the Web Tours site." not found for web_reg_find"	[MsgId: MMSG-16819]
..\\lib\\transaction.h(13): Notify: The 4th error message associated with transaction "UC06_Registration" is "Error -26374: The above "not found" error(s) may be explained by header and body byte counts being 0 and 0, respectively."	[MsgId: MMSG-16819]
Ending action Action.	[MsgId: MMSG-15918]
Action was aborted.	[MsgId: MMSG-10694]
Ending Vuser...	[MsgId: MMSG-15966]
Starting action vuser_end.	[MsgId: MMSG-15919]
Ending action vuser_end.	[MsgId: MMSG-15918]
Vuser Terminated.	[MsgId: MMSG-15963]
HTML-Mode memory management statistics: Reusable=5, NonReusable=0, CsMemBlockSize=4096, checks disabled  	[MsgId: MMSG-26000]
Vuser 5 (thread 17540), ended OK."	[MsgId: MMSG-10695]
Starting iteration 18.	[MsgId: MMSG-15968]
..\\lib\\transaction.h(13): Resetting all proxy auto-configuration information  	[MsgId: MMSG-26000]
Starting action Action.	[MsgId: MMSG-15919]
Action.c(10): Notify: Transaction "UC06_Registration" started.	[MsgId: MMSG-16999]
Action.c(12): Notify: Transaction "open_home_page" started.	[MsgId: MMSG-16999]
..\\lib\\transaction.h(5): web_reg_save_param started  	[MsgId: MMSG-26355]
..\\lib\\transaction.h(5): Registering web_reg_save_param was successful  	[MsgId: MMSG-26390]
..\\lib\\transaction.h(10): web_reg_find started  	[MsgId: MMSG-26355]
..\\lib\\transaction.h(10): Registering web_reg_find was successful  	[MsgId: MMSG-26390]
..\\lib\\transaction.h(13): web_url("WebTours") started  	[MsgId: MMSG-26355]
..\\lib\\transaction.h(13): t=6980636ms: Connecting [0] to host 127.0.0.1:1080  	[MsgId: MMSG-26000]
..\\lib\\transaction.h(13): Error -27792: Failed to connect to server "localhost:1080": [10061] Connection refused  	[MsgId: MERR-27792]
..\\lib\\transaction.h(13): t=6982692ms: Closed connection [0] to localhost:1080 after completing 0 request(s)  	[MsgId: MMSG-26000]
..\\lib\\transaction.h(13): Error -26377: No match found for the requested parameter "userSession". Either the specified boundaries were not found in the response or the matched text is longer than current max html parameter size of 256 bytes. The total length of the response is 0 bytes. You can use "web_set_max_html_param_len" to increase the max parameter size.  	[MsgId: MERR-26377]
..\\lib\\transaction.h(13): Notify: Saving Parameter "userSession = ".	[MsgId: MMSG-13798]
..\\lib\\transaction.h(13): Error -26366: "Text=Welcome to the Web Tours site." not found for web_reg_find  	[MsgId: MERR-26366]
..\\lib\\transaction.h(13): Error -26374: The above "not found" error(s) may be explained by header and body byte counts being 0 and 0, respectively.  	[MsgId: MERR-26374]
..\\lib\\transaction.h(13): web_url("WebTours") highest severity level was "ERROR", 0 body bytes, 0 header bytes  	[MsgId: MMSG-26388]
..\\lib\\transaction.h(13): Notify: Transaction "open_home_page" ended with a "Fail" status (Duration: 2,0579).	[MsgId: MMSG-16873]
..\\lib\\transaction.h(13): Notify: Transaction "open_home_page" has 4 error message(s).	[MsgId: MMSG-16818]
..\\lib\\transaction.h(13): Notify: The 1st error message associated with transaction "open_home_page" is "Error -27792: Failed to connect to server "localhost:1080": [10061] Connection refused"	[MsgId: MMSG-16819]
..\\lib\\transaction.h(13): Notify: The 2nd error message associated with transaction "open_home_page" is "Error -26377: No match found for the requested parameter "userSession". Either the specified boundaries were not found in the response or the matched text is longer than current max html parameter size of 256 bytes. The total length of the response is 0 bytes. You can use "web_set_max_html_param_len" to increase the max parameter size."	[MsgId: MMSG-16819]
..\\lib\\transaction.h(13): Notify: The 3rd error message associated with transaction "open_home_page" is "Error -26366: "Text=Welcome to the Web Tours site." not found for web_reg_find"	[MsgId: MMSG-16819]
..\\lib\\transaction.h(13): Notify: The 4th error message associated with transaction "open_home_page" is "Error -26374: The above "not found" error(s) may be explained by header and body byte counts being 0 and 0, respectively."	[MsgId: MMSG-16819]
..\\lib\\transaction.h(13): Notify: Transaction "UC06_Registration" ended with a "Fail" status (Duration: 2,0580).	[MsgId: MMSG-16873]
..\\lib\\transaction.h(13): Notify: Transaction "UC06_Registration" has 4 error message(s).	[MsgId: MMSG-16818]
..\\lib\\transaction.h(13): Notify: The 1st error message associated with transaction "UC06_Registration" is "Error -27792: Failed to connect to server "localhost:1080": [10061] Connection refused"	[MsgId: MMSG-16819]
..\\lib\\transaction.h(13): Notify: The 2nd error message associated with transaction "UC06_Registration" is "Error -26377: No match found for the requested parameter "userSession". Either the specified boundaries were not found in the response or the matched text is longer than current max html parameter size of 256 bytes. The total length of the response is 0 bytes. You can use "web_set_max_html_param_len" to increase the max parameter size."	[MsgId: MMSG-16819]
..\\lib\\transaction.h(13): Notify: The 3rd error message associated with transaction "UC06_Registration" is "Error -26366: "Text=Welcome to the Web Tours site." not found for web_reg_find"	[MsgId: MMSG-16819]
..\\lib\\transaction.h(13): Notify: The 4th error message associated with transaction "UC06_Registration" is "Error -26374: The above "not found" error(s) may be explained by header and body byte counts being 0 and 0, respectively."	[MsgId: MMSG-16819]
Ending action Action.	[MsgId: MMSG-15918]
Action was aborted.	[MsgId: MMSG-10694]
Ending Vuser...	[MsgId: MMSG-15966]
Starting action vuser_end.	[MsgId: MMSG-15919]
Ending action vuser_end.	[MsgId: MMSG-15918]
Vuser Terminated.	[MsgId: MMSG-15963]
HTML-Mode memory management statistics: Reusable=2, NonReusable=0, CsMemBlockSize=4096, checks disabled  	[MsgId: MMSG-26000]
Vuser 9 (thread 24232), ended OK."	[MsgId: MMSG-10695]
Starting iteration 36.	[MsgId: MMSG-15968]
..\\lib\\transaction.h(13): Resetting all proxy auto-configuration information  	[MsgId: MMSG-26000]
Starting action Action.	[MsgId: MMSG-15919]
Action.c(10): Notify: Transaction "UC06_Registration" started.	[MsgId: MMSG-16999]
Action.c(12): Notify: Transaction "open_home_page" started.	[MsgId: MMSG-16999]
..\\lib\\transaction.h(5): web_reg_save_param started  	[MsgId: MMSG-26355]
..\\lib\\transaction.h(5): Registering web_reg_save_param was successful  	[MsgId: MMSG-26390]
..\\lib\\transaction.h(10): web_reg_find started  	[MsgId: MMSG-26355]
..\\lib\\transaction.h(10): Registering web_reg_find was successful  	[MsgId: MMSG-26390]
..\\lib\\transaction.h(13): web_url("WebTours") started  	[MsgId: MMSG-26355]
..\\lib\\transaction.h(13): t=7009408ms: Connecting [0] to host 127.0.0.1:1080  	[MsgId: MMSG-26000]
..\\lib\\transaction.h(13): Error -27792: Failed to connect to server "localhost:1080": [10061] Connection refused  	[MsgId: MERR-27792]
..\\lib\\transaction.h(13): t=7011450ms: Closed connection [0] to localhost:1080 after completing 0 request(s)  	[MsgId: MMSG-26000]
..\\lib\\transaction.h(13): Error -26377: No match found for the requested parameter "userSession". Either the specified boundaries were not found in the response or the matched text is longer than current max html parameter size of 256 bytes. The total length of the response is 0 bytes. You can use "web_set_max_html_param_len" to increase the max parameter size.  	[MsgId: MERR-26377]
..\\lib\\transaction.h(13): Notify: Saving Parameter "userSession = ".	[MsgId: MMSG-13798]
..\\lib\\transaction.h(13): Error -26366: "Text=Welcome to the Web Tours site." not found for web_reg_find  	[MsgId: MERR-26366]
..\\lib\\transaction.h(13): Error -26374: The above "not found" error(s) may be explained by header and body byte counts being 0 and 0, respectively.  	[MsgId: MERR-26374]
..\\lib\\transaction.h(13): web_url("WebTours") highest severity level was "ERROR", 0 body bytes, 0 header bytes  	[MsgId: MMSG-26388]
..\\lib\\transaction.h(13): Notify: Transaction "open_home_page" ended with a "Fail" status (Duration: 2,0427).	[MsgId: MMSG-16873]
..\\lib\\transaction.h(13): Notify: Transaction "open_home_page" has 4 error message(s).	[MsgId: MMSG-16818]
..\\lib\\transaction.h(13): Notify: The 1st error message associated with transaction "open_home_page" is "Error -27792: Failed to connect to server "localhost:1080": [10061] Connection refused"	[MsgId: MMSG-16819]
..\\lib\\transaction.h(13): Notify: The 2nd error message associated with transaction "open_home_page" is "Error -26377: No match found for the requested parameter "userSession". Either the specified boundaries were not found in the response or the matched text is longer than current max html parameter size of 256 bytes. The total length of the response is 0 bytes. You can use "web_set_max_html_param_len" to increase the max parameter size."	[MsgId: MMSG-16819]
..\\lib\\transaction.h(13): Notify: The 3rd error message associated with transaction "open_home_page" is "Error -26366: "Text=Welcome to the Web Tours site." not found for web_reg_find"	[MsgId: MMSG-16819]
..\\lib\\transaction.h(13): Notify: The 4th error message associated with transaction "open_home_page" is "Error -26374: The above "not found" error(s) may be explained by header and body byte counts being 0 and 0, respectively."	[MsgId: MMSG-16819]
..\\lib\\transaction.h(13): Notify: Transaction "UC06_Registration" ended with a "Fail" status (Duration: 2,0428).	[MsgId: MMSG-16873]
..\\lib\\transaction.h(13): Notify: Transaction "UC06_Registration" has 4 error message(s).	[MsgId: MMSG-16818]
..\\lib\\transaction.h(13): Notify: The 1st error message associated with transaction "UC06_Registration" is "Error -27792: Failed to connect to server "localhost:1080": [10061] Connection refused"	[MsgId: MMSG-16819]
..\\lib\\transaction.h(13): Notify: The 2nd error message associated with transaction "UC06_Registration" is "Error -26377: No match found for the requested parameter "userSession". Either the specified boundaries were not found in the response or the matched text is longer than current max html parameter size of 256 bytes. The total length of the response is 0 bytes. You can use "web_set_max_html_param_len" to increase the max parameter size."	[MsgId: MMSG-16819]
..\\lib\\transaction.h(13): Notify: The 3rd error message associated with transaction "UC06_Registration" is "Error -26366: "Text=Welcome to the Web Tours site." not found for web_reg_find"	[MsgId: MMSG-16819]
..\\lib\\transaction.h(13): Notify: The 4th error message associated with transaction "UC06_Registration" is "Error -26374: The above "not found" error(s) may be explained by header and body byte counts being 0 and 0, respectively."	[MsgId: MMSG-16819]
Ending action Action.	[MsgId: MMSG-15918]
Action was aborted.	[MsgId: MMSG-10694]
Ending Vuser...	[MsgId: MMSG-15966]
Starting action vuser_end.	[MsgId: MMSG-15919]
Ending action vuser_end.	[MsgId: MMSG-15918]
Vuser Terminated.	[MsgId: MMSG-15963]
HTML-Mode memory management statistics: Reusable=5, NonReusable=0, CsMemBlockSize=4096, checks disabled  	[MsgId: MMSG-26000]
Vuser 7 (thread 31948), ended OK."	[MsgId: MMSG-10695]
