Virtual User Script started at: 10.12.2024 14:48:31	[MsgId: MMSG-15967]
Starting action vuser_init.	[MsgId: MMSG-15919]
Web Turbo Replay of LoadRunner 12.55.0 for Windows 10; build 911 (èþë 24 2017 19:46:00)  	[MsgId: MMSG-26983]
Run mode: HTML  	[MsgId: MMSG-26993]
Replay user agent: Mozilla/5.0 (Windows NT 10.0; Win64; x64; rv:133.0) Gecko/20100101 Firefox/133.0  	[MsgId: MMSG-26988]
Run-Time Settings file: "C:\Users\nikit\AppData\Local\Temp\lr5tmpdirFFm.140\lrcfgqEu.169\cfg11Z.200"  	[MsgId: MMSG-27141]
Ending action vuser_init.	[MsgId: MMSG-15918]
Running Vuser...	[MsgId: MMSG-15964]
Starting iteration 1.	[MsgId: MMSG-15968]
Maximum number of concurrent connections per server: 6  	[MsgId: MMSG-26989]
Starting action Action.	[MsgId: MMSG-15919]
Action.c(3): Notify: Transaction "UC01_Autorization" started.	[MsgId: MMSG-16999]
Action.c(5): Notify: Transaction "open_home_page" started.	[MsgId: MMSG-16999]
..\\lib\\transaction.h(5): web_reg_save_param started  	[MsgId: MMSG-26355]
..\\lib\\transaction.h(5): Registering web_reg_save_param was successful  	[MsgId: MMSG-26390]
..\\lib\\transaction.h(10): web_reg_find started  	[MsgId: MMSG-26355]
..\\lib\\transaction.h(10): Registering web_reg_find was successful  	[MsgId: MMSG-26390]
..\\lib\\transaction.h(13): web_url("WebTours") started  	[MsgId: MMSG-26355]
..\\lib\\transaction.h(13): Detected non-resource "http://localhost:1080/WebTours/header.html" in "http://localhost:1080/WebTours/"  	[MsgId: MMSG-26574]
..\\lib\\transaction.h(13): Detected non-resource "http://localhost:1080/cgi-bin/welcome.pl?signOff=true" in "http://localhost:1080/WebTours/"  	[MsgId: MMSG-26574]
..\\lib\\transaction.h(13): Found resource "http://localhost:1080/WebTours/images/hp_logo.png" in HTML "http://localhost:1080/WebTours/header.html"  	[MsgId: MMSG-26659]
..\\lib\\transaction.h(13): Found resource "http://localhost:1080/WebTours/images/webtours.png" in HTML "http://localhost:1080/WebTours/header.html"  	[MsgId: MMSG-26659]
..\\lib\\transaction.h(13): Detected non-resource "http://localhost:1080/cgi-bin/nav.pl?in=home" in "http://localhost:1080/cgi-bin/welcome.pl?signOff=true"  	[MsgId: MMSG-26574]
..\\lib\\transaction.h(13): Detected non-resource "http://localhost:1080/WebTours/home.html" in "http://localhost:1080/cgi-bin/welcome.pl?signOff=true"  	[MsgId: MMSG-26574]
..\\lib\\transaction.h(13): Found resource "http://localhost:1080/WebTours/images/mer_login.gif" in HTML "http://localhost:1080/cgi-bin/nav.pl?in=home"  	[MsgId: MMSG-26659]
..\\lib\\transaction.h(13): Registered web_reg_find successful for "Text=Welcome to the Web Tours site." (count=1)  	[MsgId: MMSG-26364]
..\\lib\\transaction.h(13): web_url("WebTours") was successful, 10080 body bytes, 2371 header bytes, 24 chunking overhead bytes  	[MsgId: MMSG-26385]
Action.c(9): lr_think_time: 3,00 seconds.	[MsgId: MMSG-15948]
Action.c(11): Notify: Transaction "open_home_page" ended with a "Pass" status (Duration: 3,0755 Think Time: 3,0080 Wasted Time: 0,0001).	[MsgId: MMSG-16870]
Action.c(13): Notify: Transaction "login" started.	[MsgId: MMSG-16999]
..\\lib\\transaction.h(26): web_reg_find started  	[MsgId: MMSG-26355]
..\\lib\\transaction.h(26): Registering web_reg_find was successful  	[MsgId: MMSG-26390]
..\\lib\\transaction.h(28): web_reg_find started  	[MsgId: MMSG-26355]
..\\lib\\transaction.h(28): Registering web_reg_find was successful  	[MsgId: MMSG-26390]
..\\lib\\transaction.h(30): web_submit_data("login.pl") started  	[MsgId: MMSG-26355]
..\\lib\\transaction.h(30): Detected non-resource "http://localhost:1080/cgi-bin/nav.pl?page=menu&in=home" in "http://localhost:1080/cgi-bin/login.pl"  	[MsgId: MMSG-26574]
..\\lib\\transaction.h(30): Detected non-resource "http://localhost:1080/cgi-bin/login.pl?intro=true" in "http://localhost:1080/cgi-bin/login.pl"  	[MsgId: MMSG-26574]
..\\lib\\transaction.h(30): Found resource "http://localhost:1080/WebTours/images/flights.gif" in HTML "http://localhost:1080/cgi-bin/nav.pl?page=menu&in=home"  	[MsgId: MMSG-26659]
..\\lib\\transaction.h(30): Found resource "http://localhost:1080/WebTours/images/itinerary.gif" in HTML "http://localhost:1080/cgi-bin/nav.pl?page=menu&in=home"  	[MsgId: MMSG-26659]
..\\lib\\transaction.h(30): Found resource "http://localhost:1080/WebTours/images/in_home.gif" in HTML "http://localhost:1080/cgi-bin/nav.pl?page=menu&in=home"  	[MsgId: MMSG-26659]
..\\lib\\transaction.h(30): Found resource "http://localhost:1080/WebTours/images/signoff.gif" in HTML "http://localhost:1080/cgi-bin/nav.pl?page=menu&in=home"  	[MsgId: MMSG-26659]
..\\lib\\transaction.h(30): Registered web_reg_find successful for "Text=User password was correct" (count=1)  	[MsgId: MMSG-26364]
..\\lib\\transaction.h(30): Registered web_reg_find successful for "Text=<blockquote>Welcome, <b>Geralt</b>, to the Web Tours" (count=1)  	[MsgId: MMSG-26364]
..\\lib\\transaction.h(30): web_submit_data("login.pl") was successful, 5781 body bytes, 2059 header bytes, 36 chunking overhead bytes  	[MsgId: MMSG-26385]
Action.c(16): lr_think_time: 5,00 seconds.	[MsgId: MMSG-15948]
Action.c(18): Notify: Transaction "login" ended with a "Pass" status (Duration: 5,1072 Think Time: 5,0147 Wasted Time: 0,0000).	[MsgId: MMSG-16870]
Action.c(20): Notify: Transaction "sign_off" started.	[MsgId: MMSG-16999]
..\\lib\\transaction.h(158): web_url("welcome.pl_2") started  	[MsgId: MMSG-26355]
..\\lib\\transaction.h(158): Detected non-resource "http://localhost:1080/cgi-bin/nav.pl?in=home" in "http://localhost:1080/cgi-bin/welcome.pl?signOff=1"  	[MsgId: MMSG-26574]
..\\lib\\transaction.h(158): Detected non-resource "http://localhost:1080/WebTours/home.html" in "http://localhost:1080/cgi-bin/welcome.pl?signOff=1"  	[MsgId: MMSG-26574]
..\\lib\\transaction.h(158): Retrieving data from cache for "http://localhost:1080/WebTours/home.html"  	[MsgId: MMSG-26558]
..\\lib\\transaction.h(158): Resource "http://localhost:1080/WebTours/images/mer_login.gif" is in the cache already and will not be downloaded again  	[MsgId: MMSG-26655]
..\\lib\\transaction.h(158): web_url("welcome.pl_2") was successful, 2172 body bytes, 584 header bytes, 24 chunking overhead bytes  	[MsgId: MMSG-26385]
Action.c(24): Notify: Transaction "sign_off" ended with a "Pass" status (Duration: 0,0707).	[MsgId: MMSG-16873]
Action.c(26): Notify: Transaction "UC01_Autorization" ended with a "Pass" status (Duration: 8,2541 Think Time: 8,0226 Wasted Time: 0,0001).	[MsgId: MMSG-16870]
Ending action Action.	[MsgId: MMSG-15918]
Ending iteration 1.	[MsgId: MMSG-15965]
Waiting 256,7450 seconds for iteration pacing.	[MsgId: MMSG-15996]
Starting iteration 2.	[MsgId: MMSG-15968]
Starting action Action.	[MsgId: MMSG-15919]
Action.c(3): Notify: Transaction "UC01_Autorization" started.	[MsgId: MMSG-16999]
Action.c(5): Notify: Transaction "open_home_page" started.	[MsgId: MMSG-16999]
..\\lib\\transaction.h(5): web_reg_save_param started  	[MsgId: MMSG-26355]
..\\lib\\transaction.h(5): Registering web_reg_save_param was successful  	[MsgId: MMSG-26390]
..\\lib\\transaction.h(10): web_reg_find started  	[MsgId: MMSG-26355]
..\\lib\\transaction.h(10): Registering web_reg_find was successful  	[MsgId: MMSG-26390]
..\\lib\\transaction.h(13): web_url("WebTours") started  	[MsgId: MMSG-26355]
..\\lib\\transaction.h(13): Detected non-resource "http://localhost:1080/WebTours/header.html" in "http://localhost:1080/WebTours/"  	[MsgId: MMSG-26574]
..\\lib\\transaction.h(13): Detected non-resource "http://localhost:1080/cgi-bin/welcome.pl?signOff=true" in "http://localhost:1080/WebTours/"  	[MsgId: MMSG-26574]
..\\lib\\transaction.h(13): Found resource "http://localhost:1080/WebTours/images/hp_logo.png" in HTML "http://localhost:1080/WebTours/header.html"  	[MsgId: MMSG-26659]
..\\lib\\transaction.h(13): Found resource "http://localhost:1080/WebTours/images/webtours.png" in HTML "http://localhost:1080/WebTours/header.html"  	[MsgId: MMSG-26659]
..\\lib\\transaction.h(13): Detected non-resource "http://localhost:1080/cgi-bin/nav.pl?in=home" in "http://localhost:1080/cgi-bin/welcome.pl?signOff=true"  	[MsgId: MMSG-26574]
..\\lib\\transaction.h(13): Detected non-resource "http://localhost:1080/WebTours/home.html" in "http://localhost:1080/cgi-bin/welcome.pl?signOff=true"  	[MsgId: MMSG-26574]
..\\lib\\transaction.h(13): Found resource "http://localhost:1080/WebTours/images/mer_login.gif" in HTML "http://localhost:1080/cgi-bin/nav.pl?in=home"  	[MsgId: MMSG-26659]
..\\lib\\transaction.h(13): Registered web_reg_find successful for "Text=Welcome to the Web Tours site." (count=1)  	[MsgId: MMSG-26364]
..\\lib\\transaction.h(13): web_url("WebTours") was successful, 10078 body bytes, 2371 header bytes, 24 chunking overhead bytes  	[MsgId: MMSG-26385]
Action.c(9): lr_think_time: 3,00 seconds.	[MsgId: MMSG-15948]
Action.c(11): Notify: Transaction "open_home_page" ended with a "Pass" status (Duration: 3,0724 Think Time: 3,0068 Wasted Time: 0,0000).	[MsgId: MMSG-16870]
Action.c(13): Notify: Transaction "login" started.	[MsgId: MMSG-16999]
..\\lib\\transaction.h(26): web_reg_find started  	[MsgId: MMSG-26355]
..\\lib\\transaction.h(26): Registering web_reg_find was successful  	[MsgId: MMSG-26390]
..\\lib\\transaction.h(28): web_reg_find started  	[MsgId: MMSG-26355]
..\\lib\\transaction.h(28): Registering web_reg_find was successful  	[MsgId: MMSG-26390]
..\\lib\\transaction.h(30): web_submit_data("login.pl") started  	[MsgId: MMSG-26355]
..\\lib\\transaction.h(30): Detected non-resource "http://localhost:1080/cgi-bin/nav.pl?page=menu&in=home" in "http://localhost:1080/cgi-bin/login.pl"  	[MsgId: MMSG-26574]
..\\lib\\transaction.h(30): Detected non-resource "http://localhost:1080/cgi-bin/login.pl?intro=true" in "http://localhost:1080/cgi-bin/login.pl"  	[MsgId: MMSG-26574]
..\\lib\\transaction.h(30): Found resource "http://localhost:1080/WebTours/images/flights.gif" in HTML "http://localhost:1080/cgi-bin/nav.pl?page=menu&in=home"  	[MsgId: MMSG-26659]
..\\lib\\transaction.h(30): Found resource "http://localhost:1080/WebTours/images/itinerary.gif" in HTML "http://localhost:1080/cgi-bin/nav.pl?page=menu&in=home"  	[MsgId: MMSG-26659]
..\\lib\\transaction.h(30): Found resource "http://localhost:1080/WebTours/images/in_home.gif" in HTML "http://localhost:1080/cgi-bin/nav.pl?page=menu&in=home"  	[MsgId: MMSG-26659]
..\\lib\\transaction.h(30): Found resource "http://localhost:1080/WebTours/images/signoff.gif" in HTML "http://localhost:1080/cgi-bin/nav.pl?page=menu&in=home"  	[MsgId: MMSG-26659]
..\\lib\\transaction.h(30): Registered web_reg_find successful for "Text=User password was correct" (count=1)  	[MsgId: MMSG-26364]
..\\lib\\transaction.h(30): Registered web_reg_find successful for "Text=<blockquote>Welcome, <b>Yennefer</b>, to the Web Tours" (count=1)  	[MsgId: MMSG-26364]
..\\lib\\transaction.h(30): web_submit_data("login.pl") was successful, 5783 body bytes, 2080 header bytes, 36 chunking overhead bytes  	[MsgId: MMSG-26385]
Action.c(16): lr_think_time: 5,00 seconds.	[MsgId: MMSG-15948]
Action.c(18): Notify: Transaction "login" ended with a "Pass" status (Duration: 5,1289 Think Time: 5,0030 Wasted Time: 0,0000).	[MsgId: MMSG-16870]
Action.c(20): Notify: Transaction "sign_off" started.	[MsgId: MMSG-16999]
..\\lib\\transaction.h(158): web_url("welcome.pl_2") started  	[MsgId: MMSG-26355]
..\\lib\\transaction.h(158): Detected non-resource "http://localhost:1080/cgi-bin/nav.pl?in=home" in "http://localhost:1080/cgi-bin/welcome.pl?signOff=1"  	[MsgId: MMSG-26574]
..\\lib\\transaction.h(158): Detected non-resource "http://localhost:1080/WebTours/home.html" in "http://localhost:1080/cgi-bin/welcome.pl?signOff=1"  	[MsgId: MMSG-26574]
..\\lib\\transaction.h(158): Retrieving data from cache for "http://localhost:1080/WebTours/home.html"  	[MsgId: MMSG-26558]
..\\lib\\transaction.h(158): Resource "http://localhost:1080/WebTours/images/mer_login.gif" is in the cache already and will not be downloaded again  	[MsgId: MMSG-26655]
..\\lib\\transaction.h(158): web_url("welcome.pl_2") was successful, 2174 body bytes, 584 header bytes, 24 chunking overhead bytes  	[MsgId: MMSG-26385]
Action.c(24): Notify: Transaction "sign_off" ended with a "Pass" status (Duration: 0,0632).	[MsgId: MMSG-16873]
Action.c(26): Notify: Transaction "UC01_Autorization" ended with a "Pass" status (Duration: 8,2648 Think Time: 8,0098 Wasted Time: 0,0001).	[MsgId: MMSG-16870]
Ending action Action.	[MsgId: MMSG-15918]
Ending iteration 2.	[MsgId: MMSG-15965]
Waiting 256,7350 seconds for iteration pacing.	[MsgId: MMSG-15996]
Starting iteration 3.	[MsgId: MMSG-15968]
Starting action Action.	[MsgId: MMSG-15919]
Action.c(3): Notify: Transaction "UC01_Autorization" started.	[MsgId: MMSG-16999]
Action.c(5): Notify: Transaction "open_home_page" started.	[MsgId: MMSG-16999]
..\\lib\\transaction.h(5): web_reg_save_param started  	[MsgId: MMSG-26355]
..\\lib\\transaction.h(5): Registering web_reg_save_param was successful  	[MsgId: MMSG-26390]
..\\lib\\transaction.h(10): web_reg_find started  	[MsgId: MMSG-26355]
..\\lib\\transaction.h(10): Registering web_reg_find was successful  	[MsgId: MMSG-26390]
..\\lib\\transaction.h(13): web_url("WebTours") started  	[MsgId: MMSG-26355]
..\\lib\\transaction.h(13): Detected non-resource "http://localhost:1080/WebTours/header.html" in "http://localhost:1080/WebTours/"  	[MsgId: MMSG-26574]
..\\lib\\transaction.h(13): Detected non-resource "http://localhost:1080/cgi-bin/welcome.pl?signOff=true" in "http://localhost:1080/WebTours/"  	[MsgId: MMSG-26574]
..\\lib\\transaction.h(13): Found resource "http://localhost:1080/WebTours/images/hp_logo.png" in HTML "http://localhost:1080/WebTours/header.html"  	[MsgId: MMSG-26659]
..\\lib\\transaction.h(13): Found resource "http://localhost:1080/WebTours/images/webtours.png" in HTML "http://localhost:1080/WebTours/header.html"  	[MsgId: MMSG-26659]
..\\lib\\transaction.h(13): Detected non-resource "http://localhost:1080/cgi-bin/nav.pl?in=home" in "http://localhost:1080/cgi-bin/welcome.pl?signOff=true"  	[MsgId: MMSG-26574]
..\\lib\\transaction.h(13): Detected non-resource "http://localhost:1080/WebTours/home.html" in "http://localhost:1080/cgi-bin/welcome.pl?signOff=true"  	[MsgId: MMSG-26574]
..\\lib\\transaction.h(13): Found resource "http://localhost:1080/WebTours/images/mer_login.gif" in HTML "http://localhost:1080/cgi-bin/nav.pl?in=home"  	[MsgId: MMSG-26659]
..\\lib\\transaction.h(13): Registered web_reg_find successful for "Text=Welcome to the Web Tours site." (count=1)  	[MsgId: MMSG-26364]
..\\lib\\transaction.h(13): web_url("WebTours") was successful, 10076 body bytes, 2371 header bytes, 24 chunking overhead bytes  	[MsgId: MMSG-26385]
Action.c(9): lr_think_time: 3,00 seconds.	[MsgId: MMSG-15948]
Action.c(11): Notify: Transaction "open_home_page" ended with a "Pass" status (Duration: 3,1054 Think Time: 3,0104 Wasted Time: 0,0001).	[MsgId: MMSG-16870]
Action.c(13): Notify: Transaction "login" started.	[MsgId: MMSG-16999]
..\\lib\\transaction.h(26): web_reg_find started  	[MsgId: MMSG-26355]
..\\lib\\transaction.h(26): Registering web_reg_find was successful  	[MsgId: MMSG-26390]
..\\lib\\transaction.h(28): web_reg_find started  	[MsgId: MMSG-26355]
..\\lib\\transaction.h(28): Registering web_reg_find was successful  	[MsgId: MMSG-26390]
..\\lib\\transaction.h(30): web_submit_data("login.pl") started  	[MsgId: MMSG-26355]
..\\lib\\transaction.h(30): Detected non-resource "http://localhost:1080/cgi-bin/nav.pl?page=menu&in=home" in "http://localhost:1080/cgi-bin/login.pl"  	[MsgId: MMSG-26574]
..\\lib\\transaction.h(30): Detected non-resource "http://localhost:1080/cgi-bin/login.pl?intro=true" in "http://localhost:1080/cgi-bin/login.pl"  	[MsgId: MMSG-26574]
..\\lib\\transaction.h(30): Found resource "http://localhost:1080/WebTours/images/flights.gif" in HTML "http://localhost:1080/cgi-bin/nav.pl?page=menu&in=home"  	[MsgId: MMSG-26659]
..\\lib\\transaction.h(30): Found resource "http://localhost:1080/WebTours/images/itinerary.gif" in HTML "http://localhost:1080/cgi-bin/nav.pl?page=menu&in=home"  	[MsgId: MMSG-26659]
..\\lib\\transaction.h(30): Found resource "http://localhost:1080/WebTours/images/in_home.gif" in HTML "http://localhost:1080/cgi-bin/nav.pl?page=menu&in=home"  	[MsgId: MMSG-26659]
..\\lib\\transaction.h(30): Found resource "http://localhost:1080/WebTours/images/signoff.gif" in HTML "http://localhost:1080/cgi-bin/nav.pl?page=menu&in=home"  	[MsgId: MMSG-26659]
..\\lib\\transaction.h(30): Registered web_reg_find successful for "Text=User password was correct" (count=1)  	[MsgId: MMSG-26364]
..\\lib\\transaction.h(30): Registered web_reg_find successful for "Text=<blockquote>Welcome, <b>Triss</b>, to the Web Tours" (count=1)  	[MsgId: MMSG-26364]
..\\lib\\transaction.h(30): web_submit_data("login.pl") was successful, 5780 body bytes, 2059 header bytes, 36 chunking overhead bytes  	[MsgId: MMSG-26385]
Action.c(16): lr_think_time: 5,00 seconds.	[MsgId: MMSG-15948]
Action.c(18): Notify: Transaction "login" ended with a "Pass" status (Duration: 5,1390 Think Time: 5,0155 Wasted Time: 0,0000).	[MsgId: MMSG-16870]
Action.c(20): Notify: Transaction "sign_off" started.	[MsgId: MMSG-16999]
..\\lib\\transaction.h(158): web_url("welcome.pl_2") started  	[MsgId: MMSG-26355]
..\\lib\\transaction.h(158): Detected non-resource "http://localhost:1080/cgi-bin/nav.pl?in=home" in "http://localhost:1080/cgi-bin/welcome.pl?signOff=1"  	[MsgId: MMSG-26574]
..\\lib\\transaction.h(158): Detected non-resource "http://localhost:1080/WebTours/home.html" in "http://localhost:1080/cgi-bin/welcome.pl?signOff=1"  	[MsgId: MMSG-26574]
..\\lib\\transaction.h(158): Retrieving data from cache for "http://localhost:1080/WebTours/home.html"  	[MsgId: MMSG-26558]
..\\lib\\transaction.h(158): Resource "http://localhost:1080/WebTours/images/mer_login.gif" is in the cache already and will not be downloaded again  	[MsgId: MMSG-26655]
..\\lib\\transaction.h(158): web_url("welcome.pl_2") was successful, 2176 body bytes, 584 header bytes, 24 chunking overhead bytes  	[MsgId: MMSG-26385]
Action.c(24): Notify: Transaction "sign_off" ended with a "Pass" status (Duration: 0,0856).	[MsgId: MMSG-16873]
Action.c(26): Notify: Transaction "UC01_Autorization" ended with a "Pass" status (Duration: 8,3309 Think Time: 8,0259 Wasted Time: 0,0001).	[MsgId: MMSG-16870]
Ending action Action.	[MsgId: MMSG-15918]
Ending iteration 3.	[MsgId: MMSG-15965]
Waiting 256,6670 seconds for iteration pacing.	[MsgId: MMSG-15996]
Starting iteration 4.	[MsgId: MMSG-15968]
Starting action Action.	[MsgId: MMSG-15919]
Action.c(3): Notify: Transaction "UC01_Autorization" started.	[MsgId: MMSG-16999]
Action.c(5): Notify: Transaction "open_home_page" started.	[MsgId: MMSG-16999]
..\\lib\\transaction.h(5): web_reg_save_param started  	[MsgId: MMSG-26355]
..\\lib\\transaction.h(5): Registering web_reg_save_param was successful  	[MsgId: MMSG-26390]
..\\lib\\transaction.h(10): web_reg_find started  	[MsgId: MMSG-26355]
..\\lib\\transaction.h(10): Registering web_reg_find was successful  	[MsgId: MMSG-26390]
..\\lib\\transaction.h(13): web_url("WebTours") started  	[MsgId: MMSG-26355]
..\\lib\\transaction.h(13): Detected non-resource "http://localhost:1080/WebTours/header.html" in "http://localhost:1080/WebTours/"  	[MsgId: MMSG-26574]
..\\lib\\transaction.h(13): Detected non-resource "http://localhost:1080/cgi-bin/welcome.pl?signOff=true" in "http://localhost:1080/WebTours/"  	[MsgId: MMSG-26574]
..\\lib\\transaction.h(13): Found resource "http://localhost:1080/WebTours/images/hp_logo.png" in HTML "http://localhost:1080/WebTours/header.html"  	[MsgId: MMSG-26659]
..\\lib\\transaction.h(13): Found resource "http://localhost:1080/WebTours/images/webtours.png" in HTML "http://localhost:1080/WebTours/header.html"  	[MsgId: MMSG-26659]
..\\lib\\transaction.h(13): Detected non-resource "http://localhost:1080/cgi-bin/nav.pl?in=home" in "http://localhost:1080/cgi-bin/welcome.pl?signOff=true"  	[MsgId: MMSG-26574]
..\\lib\\transaction.h(13): Detected non-resource "http://localhost:1080/WebTours/home.html" in "http://localhost:1080/cgi-bin/welcome.pl?signOff=true"  	[MsgId: MMSG-26574]
..\\lib\\transaction.h(13): Found resource "http://localhost:1080/WebTours/images/mer_login.gif" in HTML "http://localhost:1080/cgi-bin/nav.pl?in=home"  	[MsgId: MMSG-26659]
..\\lib\\transaction.h(13): Registered web_reg_find successful for "Text=Welcome to the Web Tours site." (count=1)  	[MsgId: MMSG-26364]
..\\lib\\transaction.h(13): web_url("WebTours") was successful, 10078 body bytes, 2371 header bytes, 24 chunking overhead bytes  	[MsgId: MMSG-26385]
Action.c(9): lr_think_time: 3,00 seconds.	[MsgId: MMSG-15948]
Action.c(11): Notify: Transaction "open_home_page" ended with a "Pass" status (Duration: 3,1002 Think Time: 3,0098 Wasted Time: 0,0001).	[MsgId: MMSG-16870]
Action.c(13): Notify: Transaction "login" started.	[MsgId: MMSG-16999]
..\\lib\\transaction.h(26): web_reg_find started  	[MsgId: MMSG-26355]
..\\lib\\transaction.h(26): Registering web_reg_find was successful  	[MsgId: MMSG-26390]
..\\lib\\transaction.h(28): web_reg_find started  	[MsgId: MMSG-26355]
..\\lib\\transaction.h(28): Registering web_reg_find was successful  	[MsgId: MMSG-26390]
..\\lib\\transaction.h(30): web_submit_data("login.pl") started  	[MsgId: MMSG-26355]
..\\lib\\transaction.h(30): Detected non-resource "http://localhost:1080/cgi-bin/nav.pl?page=menu&in=home" in "http://localhost:1080/cgi-bin/login.pl"  	[MsgId: MMSG-26574]
..\\lib\\transaction.h(30): Detected non-resource "http://localhost:1080/cgi-bin/login.pl?intro=true" in "http://localhost:1080/cgi-bin/login.pl"  	[MsgId: MMSG-26574]
..\\lib\\transaction.h(30): Found resource "http://localhost:1080/WebTours/images/flights.gif" in HTML "http://localhost:1080/cgi-bin/nav.pl?page=menu&in=home"  	[MsgId: MMSG-26659]
..\\lib\\transaction.h(30): Found resource "http://localhost:1080/WebTours/images/itinerary.gif" in HTML "http://localhost:1080/cgi-bin/nav.pl?page=menu&in=home"  	[MsgId: MMSG-26659]
..\\lib\\transaction.h(30): Found resource "http://localhost:1080/WebTours/images/in_home.gif" in HTML "http://localhost:1080/cgi-bin/nav.pl?page=menu&in=home"  	[MsgId: MMSG-26659]
..\\lib\\transaction.h(30): Found resource "http://localhost:1080/WebTours/images/signoff.gif" in HTML "http://localhost:1080/cgi-bin/nav.pl?page=menu&in=home"  	[MsgId: MMSG-26659]
..\\lib\\transaction.h(30): Registered web_reg_find successful for "Text=User password was correct" (count=1)  	[MsgId: MMSG-26364]
..\\lib\\transaction.h(30): Registered web_reg_find successful for "Text=<blockquote>Welcome, <b>Ciri</b>, to the Web Tours" (count=1)  	[MsgId: MMSG-26364]
..\\lib\\transaction.h(30): web_submit_data("login.pl") was successful, 5779 body bytes, 2067 header bytes, 36 chunking overhead bytes  	[MsgId: MMSG-26385]
Action.c(16): lr_think_time: 5,00 seconds.	[MsgId: MMSG-15948]
Action.c(18): Notify: Transaction "login" ended with a "Pass" status (Duration: 5,0950 Think Time: 5,0022 Wasted Time: 0,0000).	[MsgId: MMSG-16870]
Action.c(20): Notify: Transaction "sign_off" started.	[MsgId: MMSG-16999]
..\\lib\\transaction.h(158): web_url("welcome.pl_2") started  	[MsgId: MMSG-26355]
..\\lib\\transaction.h(158): Detected non-resource "http://localhost:1080/cgi-bin/nav.pl?in=home" in "http://localhost:1080/cgi-bin/welcome.pl?signOff=1"  	[MsgId: MMSG-26574]
..\\lib\\transaction.h(158): Detected non-resource "http://localhost:1080/WebTours/home.html" in "http://localhost:1080/cgi-bin/welcome.pl?signOff=1"  	[MsgId: MMSG-26574]
..\\lib\\transaction.h(158): Retrieving data from cache for "http://localhost:1080/WebTours/home.html"  	[MsgId: MMSG-26558]
..\\lib\\transaction.h(158): Resource "http://localhost:1080/WebTours/images/mer_login.gif" is in the cache already and will not be downloaded again  	[MsgId: MMSG-26655]
..\\lib\\transaction.h(158): web_url("welcome.pl_2") was successful, 2170 body bytes, 584 header bytes, 24 chunking overhead bytes  	[MsgId: MMSG-26385]
Action.c(24): Notify: Transaction "sign_off" ended with a "Pass" status (Duration: 0,0930).	[MsgId: MMSG-16873]
Action.c(26): Notify: Transaction "UC01_Autorization" ended with a "Pass" status (Duration: 8,2890 Think Time: 8,0120 Wasted Time: 0,0001).	[MsgId: MMSG-16870]
Ending action Action.	[MsgId: MMSG-15918]
Ending iteration 4.	[MsgId: MMSG-15965]
Waiting 256,7090 seconds for iteration pacing.	[MsgId: MMSG-15996]
Starting iteration 5.	[MsgId: MMSG-15968]
Starting action Action.	[MsgId: MMSG-15919]
Action.c(3): Notify: Transaction "UC01_Autorization" started.	[MsgId: MMSG-16999]
Action.c(5): Notify: Transaction "open_home_page" started.	[MsgId: MMSG-16999]
..\\lib\\transaction.h(5): web_reg_save_param started  	[MsgId: MMSG-26355]
..\\lib\\transaction.h(5): Registering web_reg_save_param was successful  	[MsgId: MMSG-26390]
..\\lib\\transaction.h(10): web_reg_find started  	[MsgId: MMSG-26355]
..\\lib\\transaction.h(10): Registering web_reg_find was successful  	[MsgId: MMSG-26390]
..\\lib\\transaction.h(13): web_url("WebTours") started  	[MsgId: MMSG-26355]
..\\lib\\transaction.h(13): Detected non-resource "http://localhost:1080/WebTours/header.html" in "http://localhost:1080/WebTours/"  	[MsgId: MMSG-26574]
..\\lib\\transaction.h(13): Detected non-resource "http://localhost:1080/cgi-bin/welcome.pl?signOff=true" in "http://localhost:1080/WebTours/"  	[MsgId: MMSG-26574]
..\\lib\\transaction.h(13): Found resource "http://localhost:1080/WebTours/images/hp_logo.png" in HTML "http://localhost:1080/WebTours/header.html"  	[MsgId: MMSG-26659]
..\\lib\\transaction.h(13): Found resource "http://localhost:1080/WebTours/images/webtours.png" in HTML "http://localhost:1080/WebTours/header.html"  	[MsgId: MMSG-26659]
..\\lib\\transaction.h(13): Detected non-resource "http://localhost:1080/cgi-bin/nav.pl?in=home" in "http://localhost:1080/cgi-bin/welcome.pl?signOff=true"  	[MsgId: MMSG-26574]
..\\lib\\transaction.h(13): Detected non-resource "http://localhost:1080/WebTours/home.html" in "http://localhost:1080/cgi-bin/welcome.pl?signOff=true"  	[MsgId: MMSG-26574]
..\\lib\\transaction.h(13): Found resource "http://localhost:1080/WebTours/images/mer_login.gif" in HTML "http://localhost:1080/cgi-bin/nav.pl?in=home"  	[MsgId: MMSG-26659]
..\\lib\\transaction.h(13): Registered web_reg_find successful for "Text=Welcome to the Web Tours site." (count=1)  	[MsgId: MMSG-26364]
..\\lib\\transaction.h(13): web_url("WebTours") was successful, 10080 body bytes, 2371 header bytes, 24 chunking overhead bytes  	[MsgId: MMSG-26385]
Action.c(9): lr_think_time: 3,00 seconds.	[MsgId: MMSG-15948]
Action.c(11): Notify: Transaction "open_home_page" ended with a "Pass" status (Duration: 3,0767 Think Time: 3,0094 Wasted Time: 0,0001).	[MsgId: MMSG-16870]
Action.c(13): Notify: Transaction "login" started.	[MsgId: MMSG-16999]
..\\lib\\transaction.h(26): web_reg_find started  	[MsgId: MMSG-26355]
..\\lib\\transaction.h(26): Registering web_reg_find was successful  	[MsgId: MMSG-26390]
..\\lib\\transaction.h(28): web_reg_find started  	[MsgId: MMSG-26355]
..\\lib\\transaction.h(28): Registering web_reg_find was successful  	[MsgId: MMSG-26390]
..\\lib\\transaction.h(30): web_submit_data("login.pl") started  	[MsgId: MMSG-26355]
..\\lib\\transaction.h(30): Detected non-resource "http://localhost:1080/cgi-bin/nav.pl?page=menu&in=home" in "http://localhost:1080/cgi-bin/login.pl"  	[MsgId: MMSG-26574]
..\\lib\\transaction.h(30): Detected non-resource "http://localhost:1080/cgi-bin/login.pl?intro=true" in "http://localhost:1080/cgi-bin/login.pl"  	[MsgId: MMSG-26574]
..\\lib\\transaction.h(30): Found resource "http://localhost:1080/WebTours/images/flights.gif" in HTML "http://localhost:1080/cgi-bin/nav.pl?page=menu&in=home"  	[MsgId: MMSG-26659]
..\\lib\\transaction.h(30): Found resource "http://localhost:1080/WebTours/images/itinerary.gif" in HTML "http://localhost:1080/cgi-bin/nav.pl?page=menu&in=home"  	[MsgId: MMSG-26659]
..\\lib\\transaction.h(30): Found resource "http://localhost:1080/WebTours/images/in_home.gif" in HTML "http://localhost:1080/cgi-bin/nav.pl?page=menu&in=home"  	[MsgId: MMSG-26659]
..\\lib\\transaction.h(30): Found resource "http://localhost:1080/WebTours/images/signoff.gif" in HTML "http://localhost:1080/cgi-bin/nav.pl?page=menu&in=home"  	[MsgId: MMSG-26659]
..\\lib\\transaction.h(30): Registered web_reg_find successful for "Text=User password was correct" (count=1)  	[MsgId: MMSG-26364]
..\\lib\\transaction.h(30): Registered web_reg_find successful for "Text=<blockquote>Welcome, <b>Dandelion</b>, to the Web Tours" (count=1)  	[MsgId: MMSG-26364]
..\\lib\\transaction.h(30): web_submit_data("login.pl") was successful, 5784 body bytes, 2077 header bytes, 36 chunking overhead bytes  	[MsgId: MMSG-26385]
Action.c(16): lr_think_time: 5,00 seconds.	[MsgId: MMSG-15948]
Action.c(18): Notify: Transaction "login" ended with a "Pass" status (Duration: 5,0995 Think Time: 5,0043 Wasted Time: 0,0000).	[MsgId: MMSG-16870]
Action.c(20): Notify: Transaction "sign_off" started.	[MsgId: MMSG-16999]
..\\lib\\transaction.h(158): web_url("welcome.pl_2") started  	[MsgId: MMSG-26355]
..\\lib\\transaction.h(158): Detected non-resource "http://localhost:1080/cgi-bin/nav.pl?in=home" in "http://localhost:1080/cgi-bin/welcome.pl?signOff=1"  	[MsgId: MMSG-26574]
..\\lib\\transaction.h(158): Detected non-resource "http://localhost:1080/WebTours/home.html" in "http://localhost:1080/cgi-bin/welcome.pl?signOff=1"  	[MsgId: MMSG-26574]
..\\lib\\transaction.h(158): Retrieving data from cache for "http://localhost:1080/WebTours/home.html"  	[MsgId: MMSG-26558]
..\\lib\\transaction.h(158): Resource "http://localhost:1080/WebTours/images/mer_login.gif" is in the cache already and will not be downloaded again  	[MsgId: MMSG-26655]
..\\lib\\transaction.h(158): web_url("welcome.pl_2") was successful, 2176 body bytes, 584 header bytes, 24 chunking overhead bytes  	[MsgId: MMSG-26385]
Action.c(24): Notify: Transaction "sign_off" ended with a "Pass" status (Duration: 0,0862).	[MsgId: MMSG-16873]
Action.c(26): Notify: Transaction "UC01_Autorization" ended with a "Pass" status (Duration: 8,2631 Think Time: 8,0136 Wasted Time: 0,0001).	[MsgId: MMSG-16870]
Ending action Action.	[MsgId: MMSG-15918]
Ending iteration 5.	[MsgId: MMSG-15965]
Waiting 256,7360 seconds for iteration pacing.	[MsgId: MMSG-15996]
Starting iteration 6.	[MsgId: MMSG-15968]
Starting action Action.	[MsgId: MMSG-15919]
Action.c(3): Notify: Transaction "UC01_Autorization" started.	[MsgId: MMSG-16999]
Action.c(5): Notify: Transaction "open_home_page" started.	[MsgId: MMSG-16999]
..\\lib\\transaction.h(5): web_reg_save_param started  	[MsgId: MMSG-26355]
..\\lib\\transaction.h(5): Registering web_reg_save_param was successful  	[MsgId: MMSG-26390]
..\\lib\\transaction.h(10): web_reg_find started  	[MsgId: MMSG-26355]
..\\lib\\transaction.h(10): Registering web_reg_find was successful  	[MsgId: MMSG-26390]
..\\lib\\transaction.h(13): web_url("WebTours") started  	[MsgId: MMSG-26355]
..\\lib\\transaction.h(13): Detected non-resource "http://localhost:1080/WebTours/header.html" in "http://localhost:1080/WebTours/"  	[MsgId: MMSG-26574]
..\\lib\\transaction.h(13): Detected non-resource "http://localhost:1080/cgi-bin/welcome.pl?signOff=true" in "http://localhost:1080/WebTours/"  	[MsgId: MMSG-26574]
..\\lib\\transaction.h(13): Found resource "http://localhost:1080/WebTours/images/hp_logo.png" in HTML "http://localhost:1080/WebTours/header.html"  	[MsgId: MMSG-26659]
..\\lib\\transaction.h(13): Found resource "http://localhost:1080/WebTours/images/webtours.png" in HTML "http://localhost:1080/WebTours/header.html"  	[MsgId: MMSG-26659]
..\\lib\\transaction.h(13): Detected non-resource "http://localhost:1080/cgi-bin/nav.pl?in=home" in "http://localhost:1080/cgi-bin/welcome.pl?signOff=true"  	[MsgId: MMSG-26574]
..\\lib\\transaction.h(13): Detected non-resource "http://localhost:1080/WebTours/home.html" in "http://localhost:1080/cgi-bin/welcome.pl?signOff=true"  	[MsgId: MMSG-26574]
..\\lib\\transaction.h(13): Found resource "http://localhost:1080/WebTours/images/mer_login.gif" in HTML "http://localhost:1080/cgi-bin/nav.pl?in=home"  	[MsgId: MMSG-26659]
..\\lib\\transaction.h(13): Registered web_reg_find successful for "Text=Welcome to the Web Tours site." (count=1)  	[MsgId: MMSG-26364]
..\\lib\\transaction.h(13): web_url("WebTours") was successful, 10072 body bytes, 2371 header bytes, 24 chunking overhead bytes  	[MsgId: MMSG-26385]
Action.c(9): lr_think_time: 3,00 seconds.	[MsgId: MMSG-15948]
Action.c(11): Notify: Transaction "open_home_page" ended with a "Pass" status (Duration: 3,1007 Think Time: 3,0086 Wasted Time: 0,0001).	[MsgId: MMSG-16870]
Action.c(13): Notify: Transaction "login" started.	[MsgId: MMSG-16999]
..\\lib\\transaction.h(26): web_reg_find started  	[MsgId: MMSG-26355]
..\\lib\\transaction.h(26): Registering web_reg_find was successful  	[MsgId: MMSG-26390]
..\\lib\\transaction.h(28): web_reg_find started  	[MsgId: MMSG-26355]
..\\lib\\transaction.h(28): Registering web_reg_find was successful  	[MsgId: MMSG-26390]
..\\lib\\transaction.h(30): web_submit_data("login.pl") started  	[MsgId: MMSG-26355]
..\\lib\\transaction.h(30): Detected non-resource "http://localhost:1080/cgi-bin/nav.pl?page=menu&in=home" in "http://localhost:1080/cgi-bin/login.pl"  	[MsgId: MMSG-26574]
..\\lib\\transaction.h(30): Detected non-resource "http://localhost:1080/cgi-bin/login.pl?intro=true" in "http://localhost:1080/cgi-bin/login.pl"  	[MsgId: MMSG-26574]
..\\lib\\transaction.h(30): Found resource "http://localhost:1080/WebTours/images/flights.gif" in HTML "http://localhost:1080/cgi-bin/nav.pl?page=menu&in=home"  	[MsgId: MMSG-26659]
..\\lib\\transaction.h(30): Found resource "http://localhost:1080/WebTours/images/itinerary.gif" in HTML "http://localhost:1080/cgi-bin/nav.pl?page=menu&in=home"  	[MsgId: MMSG-26659]
..\\lib\\transaction.h(30): Found resource "http://localhost:1080/WebTours/images/in_home.gif" in HTML "http://localhost:1080/cgi-bin/nav.pl?page=menu&in=home"  	[MsgId: MMSG-26659]
..\\lib\\transaction.h(30): Found resource "http://localhost:1080/WebTours/images/signoff.gif" in HTML "http://localhost:1080/cgi-bin/nav.pl?page=menu&in=home"  	[MsgId: MMSG-26659]
..\\lib\\transaction.h(30): Registered web_reg_find successful for "Text=User password was correct" (count=1)  	[MsgId: MMSG-26364]
..\\lib\\transaction.h(30): Registered web_reg_find successful for "Text=<blockquote>Welcome, <b>Zoltan</b>, to the Web Tours" (count=1)  	[MsgId: MMSG-26364]
..\\lib\\transaction.h(30): web_submit_data("login.pl") was successful, 5781 body bytes, 2061 header bytes, 36 chunking overhead bytes  	[MsgId: MMSG-26385]
Action.c(16): lr_think_time: 5,00 seconds.	[MsgId: MMSG-15948]
Action.c(18): Notify: Transaction "login" ended with a "Pass" status (Duration: 5,1234 Think Time: 5,0053 Wasted Time: 0,0000).	[MsgId: MMSG-16870]
Action.c(20): Notify: Transaction "sign_off" started.	[MsgId: MMSG-16999]
..\\lib\\transaction.h(158): web_url("welcome.pl_2") started  	[MsgId: MMSG-26355]
..\\lib\\transaction.h(158): Detected non-resource "http://localhost:1080/cgi-bin/nav.pl?in=home" in "http://localhost:1080/cgi-bin/welcome.pl?signOff=1"  	[MsgId: MMSG-26574]
..\\lib\\transaction.h(158): Detected non-resource "http://localhost:1080/WebTours/home.html" in "http://localhost:1080/cgi-bin/welcome.pl?signOff=1"  	[MsgId: MMSG-26574]
..\\lib\\transaction.h(158): Retrieving data from cache for "http://localhost:1080/WebTours/home.html"  	[MsgId: MMSG-26558]
..\\lib\\transaction.h(158): Resource "http://localhost:1080/WebTours/images/mer_login.gif" is in the cache already and will not be downloaded again  	[MsgId: MMSG-26655]
..\\lib\\transaction.h(158): web_url("welcome.pl_2") was successful, 2174 body bytes, 584 header bytes, 24 chunking overhead bytes  	[MsgId: MMSG-26385]
Action.c(24): Notify: Transaction "sign_off" ended with a "Pass" status (Duration: 0,0900).	[MsgId: MMSG-16873]
Action.c(26): Notify: Transaction "UC01_Autorization" ended with a "Pass" status (Duration: 8,3151 Think Time: 8,0139 Wasted Time: 0,0001).	[MsgId: MMSG-16870]
Ending action Action.	[MsgId: MMSG-15918]
Ending Vuser...	[MsgId: MMSG-15966]
Starting action vuser_end.	[MsgId: MMSG-15919]
Ending action vuser_end.	[MsgId: MMSG-15918]
Vuser Terminated.	[MsgId: MMSG-15963]
