Virtual User Script started at: 12.12.2024 14:40:19	[MsgId: MMSG-15967]
Starting action vuser_init.	[MsgId: MMSG-15919]
Web Turbo Replay of LoadRunner 12.55.0 for Windows 10; build 911 (èþë 24 2017 19:46:00)  	[MsgId: MMSG-26983]
Run mode: HTML  	[MsgId: MMSG-26993]
Replay user agent: Mozilla/5.0 (Windows NT 10.0; Win64; x64; rv:133.0) Gecko/20100101 Firefox/133.0  	[MsgId: MMSG-26988]
Run-Time Settings file: "C:\Users\nikit\AppData\Local\Temp\lr5tmpdirJ8A.230\lrcfggvX.231\cfg0O7.242"  	[MsgId: MMSG-27141]
Ending action vuser_init.	[MsgId: MMSG-15918]
Running Vuser...	[MsgId: MMSG-15964]
Starting iteration 1.	[MsgId: MMSG-15968]
Maximum number of concurrent connections per server: 6  	[MsgId: MMSG-26989]
Starting action Action.	[MsgId: MMSG-15919]
Action.c(3): Notify: Transaction "UC01_Autorization" started.	[MsgId: MMSG-16999]
Action.c(5): Notify: Transaction "open_home_page" started.	[MsgId: MMSG-16999]
..\\lib\\transaction.h(5): web_reg_save_param started  	[MsgId: MMSG-26355]
..\\lib\\transaction.h(5): Registering web_reg_save_param was successful  	[MsgId: MMSG-26390]
..\\lib\\transaction.h(10): web_reg_find started  	[MsgId: MMSG-26355]
..\\lib\\transaction.h(10): Registering web_reg_find was successful  	[MsgId: MMSG-26390]
..\\lib\\transaction.h(13): web_url("WebTours") started  	[MsgId: MMSG-26355]
..\\lib\\transaction.h(13): Detected non-resource "http://localhost:1080/WebTours/header.html" in "http://localhost:1080/WebTours/"  	[MsgId: MMSG-26574]
..\\lib\\transaction.h(13): Detected non-resource "http://localhost:1080/cgi-bin/welcome.pl?signOff=true" in "http://localhost:1080/WebTours/"  	[MsgId: MMSG-26574]
..\\lib\\transaction.h(13): Found resource "http://localhost:1080/WebTours/images/hp_logo.png" in HTML "http://localhost:1080/WebTours/header.html"  	[MsgId: MMSG-26659]
..\\lib\\transaction.h(13): Found resource "http://localhost:1080/WebTours/images/webtours.png" in HTML "http://localhost:1080/WebTours/header.html"  	[MsgId: MMSG-26659]
..\\lib\\transaction.h(13): Detected non-resource "http://localhost:1080/cgi-bin/nav.pl?in=home" in "http://localhost:1080/cgi-bin/welcome.pl?signOff=true"  	[MsgId: MMSG-26574]
..\\lib\\transaction.h(13): Detected non-resource "http://localhost:1080/WebTours/home.html" in "http://localhost:1080/cgi-bin/welcome.pl?signOff=true"  	[MsgId: MMSG-26574]
..\\lib\\transaction.h(13): Found resource "http://localhost:1080/WebTours/images/mer_login.gif" in HTML "http://localhost:1080/cgi-bin/nav.pl?in=home"  	[MsgId: MMSG-26659]
..\\lib\\transaction.h(13): Registered web_reg_find successful for "Text=Welcome to the Web Tours site." (count=1)  	[MsgId: MMSG-26364]
..\\lib\\transaction.h(13): web_url("WebTours") was successful, 10080 body bytes, 2371 header bytes, 24 chunking overhead bytes  	[MsgId: MMSG-26385]
Action.c(9): lr_think_time: 3,00 seconds.	[MsgId: MMSG-15948]
Action.c(11): Notify: Transaction "open_home_page" ended with a "Pass" status (Duration: 3,0838 Think Time: 3,0153 Wasted Time: 0,0001).	[MsgId: MMSG-16870]
Action.c(13): Notify: Transaction "login" started.	[MsgId: MMSG-16999]
..\\lib\\transaction.h(26): web_reg_find started  	[MsgId: MMSG-26355]
..\\lib\\transaction.h(26): Registering web_reg_find was successful  	[MsgId: MMSG-26390]
..\\lib\\transaction.h(28): web_reg_find started  	[MsgId: MMSG-26355]
..\\lib\\transaction.h(28): Registering web_reg_find was successful  	[MsgId: MMSG-26390]
..\\lib\\transaction.h(30): web_submit_data("login.pl") started  	[MsgId: MMSG-26355]
..\\lib\\transaction.h(30): Detected non-resource "http://localhost:1080/cgi-bin/nav.pl?page=menu&in=home" in "http://localhost:1080/cgi-bin/login.pl"  	[MsgId: MMSG-26574]
..\\lib\\transaction.h(30): Detected non-resource "http://localhost:1080/cgi-bin/login.pl?intro=true" in "http://localhost:1080/cgi-bin/login.pl"  	[MsgId: MMSG-26574]
..\\lib\\transaction.h(30): Found resource "http://localhost:1080/WebTours/images/flights.gif" in HTML "http://localhost:1080/cgi-bin/nav.pl?page=menu&in=home"  	[MsgId: MMSG-26659]
..\\lib\\transaction.h(30): Found resource "http://localhost:1080/WebTours/images/itinerary.gif" in HTML "http://localhost:1080/cgi-bin/nav.pl?page=menu&in=home"  	[MsgId: MMSG-26659]
..\\lib\\transaction.h(30): Found resource "http://localhost:1080/WebTours/images/in_home.gif" in HTML "http://localhost:1080/cgi-bin/nav.pl?page=menu&in=home"  	[MsgId: MMSG-26659]
..\\lib\\transaction.h(30): Found resource "http://localhost:1080/WebTours/images/signoff.gif" in HTML "http://localhost:1080/cgi-bin/nav.pl?page=menu&in=home"  	[MsgId: MMSG-26659]
..\\lib\\transaction.h(30): Registered web_reg_find successful for "Text=User password was correct" (count=1)  	[MsgId: MMSG-26364]
..\\lib\\transaction.h(30): Registered web_reg_find successful for "Text=<blockquote>Welcome, <b>Geralt</b>, to the Web Tours" (count=1)  	[MsgId: MMSG-26364]
..\\lib\\transaction.h(30): web_submit_data("login.pl") was successful, 5781 body bytes, 2059 header bytes, 36 chunking overhead bytes  	[MsgId: MMSG-26385]
Action.c(16): lr_think_time: 5,00 seconds.	[MsgId: MMSG-15948]
Action.c(18): Notify: Transaction "login" ended with a "Pass" status (Duration: 5,1151 Think Time: 5,0044 Wasted Time: 0,0000).	[MsgId: MMSG-16870]
Action.c(20): Notify: Transaction "flights_page" started.	[MsgId: MMSG-16999]
..\\lib\\transaction.h(49): web_reg_find started  	[MsgId: MMSG-26355]
..\\lib\\transaction.h(49): Registering web_reg_find was successful  	[MsgId: MMSG-26390]
..\\lib\\transaction.h(54): web_reg_save_param started  	[MsgId: MMSG-26355]
..\\lib\\transaction.h(54): Registering web_reg_save_param was successful  	[MsgId: MMSG-26390]
..\\lib\\transaction.h(60): web_reg_save_param started  	[MsgId: MMSG-26355]
..\\lib\\transaction.h(60): Registering web_reg_save_param was successful  	[MsgId: MMSG-26390]
..\\lib\\transaction.h(68): web_url("Search Flights Button") started  	[MsgId: MMSG-26355]
..\\lib\\transaction.h(68): Detected non-resource "http://localhost:1080/cgi-bin/nav.pl?page=menu&in=flights" in "http://localhost:1080/cgi-bin/welcome.pl?page=search"  	[MsgId: MMSG-26574]
..\\lib\\transaction.h(68): Detected non-resource "http://localhost:1080/cgi-bin/reservations.pl?page=welcome" in "http://localhost:1080/cgi-bin/welcome.pl?page=search"  	[MsgId: MMSG-26574]
..\\lib\\transaction.h(68): Found resource "http://localhost:1080/WebTours/images/in_flights.gif" in HTML "http://localhost:1080/cgi-bin/nav.pl?page=menu&in=flights"  	[MsgId: MMSG-26659]
..\\lib\\transaction.h(68): Resource "http://localhost:1080/WebTours/images/itinerary.gif" is in the cache already and will not be downloaded again  	[MsgId: MMSG-26655]
..\\lib\\transaction.h(68): Found resource "http://localhost:1080/WebTours/images/home.gif" in HTML "http://localhost:1080/cgi-bin/nav.pl?page=menu&in=flights"  	[MsgId: MMSG-26659]
..\\lib\\transaction.h(68): Resource "http://localhost:1080/WebTours/images/signoff.gif" is in the cache already and will not be downloaded again  	[MsgId: MMSG-26655]
..\\lib\\transaction.h(68): Found resource "http://localhost:1080/WebTours/images/button_next.gif" in HTML "http://localhost:1080/cgi-bin/reservations.pl?page=welcome"  	[MsgId: MMSG-26659]
..\\lib\\transaction.h(68): Registered web_reg_find successful for "Text=Find Flight" (count=1)  	[MsgId: MMSG-26364]
..\\lib\\transaction.h(68): web_url("Search Flights Button") was successful, 8516 body bytes, 1618 header bytes, 43 chunking overhead bytes  	[MsgId: MMSG-26385]
Action.c(23): lr_think_time: 3,00 seconds.	[MsgId: MMSG-15948]
Action.c(25): Notify: Transaction "flights_page" ended with a "Pass" status (Duration: 3,1280 Think Time: 3,0061 Wasted Time: 0,0001).	[MsgId: MMSG-16870]
Action.c(27): Notify: Transaction "find_flight" started.	[MsgId: MMSG-16999]
..\\lib\\transaction.h(83): web_reg_find started  	[MsgId: MMSG-26355]
..\\lib\\transaction.h(83): Registering web_reg_find was successful  	[MsgId: MMSG-26390]
..\\lib\\transaction.h(85): web_reg_save_param started  	[MsgId: MMSG-26355]
..\\lib\\transaction.h(85): Registering web_reg_save_param was successful  	[MsgId: MMSG-26390]
..\\lib\\transaction.h(91): web_submit_data("reservations.pl") started  	[MsgId: MMSG-26355]
..\\lib\\transaction.h(91): Resource "http://localhost:1080/WebTours/images/button_next.gif" is in the cache already and will not be downloaded again  	[MsgId: MMSG-26655]
..\\lib\\transaction.h(91): Registered web_reg_find successful for "Text=<B>Paris</B> to <B>Sydney</B>" (count=1)  	[MsgId: MMSG-26364]
..\\lib\\transaction.h(91): web_submit_data("reservations.pl") was successful, 2453 body bytes, 255 header bytes, 12 chunking overhead bytes  	[MsgId: MMSG-26385]
Action.c(30): lr_think_time: 5,00 seconds.	[MsgId: MMSG-15948]
Action.c(32): Notify: Transaction "find_flight" ended with a "Pass" status (Duration: 5,0429 Think Time: 5,0019 Wasted Time: 0,0000).	[MsgId: MMSG-16870]
Action.c(35): Notify: Transaction "sign_off" started.	[MsgId: MMSG-16999]
..\\lib\\transaction.h(158): web_url("welcome.pl_2") started  	[MsgId: MMSG-26355]
..\\lib\\transaction.h(158): Detected non-resource "http://localhost:1080/cgi-bin/nav.pl?in=home" in "http://localhost:1080/cgi-bin/welcome.pl?signOff=1"  	[MsgId: MMSG-26574]
..\\lib\\transaction.h(158): Detected non-resource "http://localhost:1080/WebTours/home.html" in "http://localhost:1080/cgi-bin/welcome.pl?signOff=1"  	[MsgId: MMSG-26574]
..\\lib\\transaction.h(158): Retrieving data from cache for "http://localhost:1080/WebTours/home.html"  	[MsgId: MMSG-26558]
..\\lib\\transaction.h(158): Resource "http://localhost:1080/WebTours/images/mer_login.gif" is in the cache already and will not be downloaded again  	[MsgId: MMSG-26655]
..\\lib\\transaction.h(158): web_url("welcome.pl_2") was successful, 2176 body bytes, 583 header bytes, 24 chunking overhead bytes  	[MsgId: MMSG-26385]
Action.c(39): Notify: Transaction "sign_off" ended with a "Pass" status (Duration: 0,0646).	[MsgId: MMSG-16873]
Action.c(41): Notify: Transaction "UC01_Autorization" ended with a "Pass" status (Duration: 16,4350 Think Time: 16,0277 Wasted Time: 0,0003).	[MsgId: MMSG-16870]
Ending action Action.	[MsgId: MMSG-15918]
Ending iteration 1.	[MsgId: MMSG-15965]
Waiting 248,5650 seconds for iteration pacing.	[MsgId: MMSG-15996]
Starting iteration 2.	[MsgId: MMSG-15968]
Starting action Action.	[MsgId: MMSG-15919]
Action.c(3): Notify: Transaction "UC01_Autorization" started.	[MsgId: MMSG-16999]
Action.c(5): Notify: Transaction "open_home_page" started.	[MsgId: MMSG-16999]
..\\lib\\transaction.h(5): web_reg_save_param started  	[MsgId: MMSG-26355]
..\\lib\\transaction.h(5): Registering web_reg_save_param was successful  	[MsgId: MMSG-26390]
..\\lib\\transaction.h(10): web_reg_find started  	[MsgId: MMSG-26355]
..\\lib\\transaction.h(10): Registering web_reg_find was successful  	[MsgId: MMSG-26390]
..\\lib\\transaction.h(13): web_url("WebTours") started  	[MsgId: MMSG-26355]
..\\lib\\transaction.h(13): Detected non-resource "http://localhost:1080/WebTours/header.html" in "http://localhost:1080/WebTours/"  	[MsgId: MMSG-26574]
..\\lib\\transaction.h(13): Detected non-resource "http://localhost:1080/cgi-bin/welcome.pl?signOff=true" in "http://localhost:1080/WebTours/"  	[MsgId: MMSG-26574]
..\\lib\\transaction.h(13): Found resource "http://localhost:1080/WebTours/images/hp_logo.png" in HTML "http://localhost:1080/WebTours/header.html"  	[MsgId: MMSG-26659]
..\\lib\\transaction.h(13): Found resource "http://localhost:1080/WebTours/images/webtours.png" in HTML "http://localhost:1080/WebTours/header.html"  	[MsgId: MMSG-26659]
..\\lib\\transaction.h(13): Detected non-resource "http://localhost:1080/cgi-bin/nav.pl?in=home" in "http://localhost:1080/cgi-bin/welcome.pl?signOff=true"  	[MsgId: MMSG-26574]
..\\lib\\transaction.h(13): Detected non-resource "http://localhost:1080/WebTours/home.html" in "http://localhost:1080/cgi-bin/welcome.pl?signOff=true"  	[MsgId: MMSG-26574]
..\\lib\\transaction.h(13): Found resource "http://localhost:1080/WebTours/images/mer_login.gif" in HTML "http://localhost:1080/cgi-bin/nav.pl?in=home"  	[MsgId: MMSG-26659]
..\\lib\\transaction.h(13): Registered web_reg_find successful for "Text=Welcome to the Web Tours site." (count=1)  	[MsgId: MMSG-26364]
..\\lib\\transaction.h(13): web_url("WebTours") was successful, 10078 body bytes, 2371 header bytes, 24 chunking overhead bytes  	[MsgId: MMSG-26385]
Action.c(9): lr_think_time: 3,00 seconds.	[MsgId: MMSG-15948]
Action.c(11): Notify: Transaction "open_home_page" ended with a "Pass" status (Duration: 3,0838 Think Time: 3,0142 Wasted Time: 0,0001).	[MsgId: MMSG-16870]
Action.c(13): Notify: Transaction "login" started.	[MsgId: MMSG-16999]
..\\lib\\transaction.h(26): web_reg_find started  	[MsgId: MMSG-26355]
..\\lib\\transaction.h(26): Registering web_reg_find was successful  	[MsgId: MMSG-26390]
..\\lib\\transaction.h(28): web_reg_find started  	[MsgId: MMSG-26355]
..\\lib\\transaction.h(28): Registering web_reg_find was successful  	[MsgId: MMSG-26390]
..\\lib\\transaction.h(30): web_submit_data("login.pl") started  	[MsgId: MMSG-26355]
..\\lib\\transaction.h(30): Detected non-resource "http://localhost:1080/cgi-bin/nav.pl?page=menu&in=home" in "http://localhost:1080/cgi-bin/login.pl"  	[MsgId: MMSG-26574]
..\\lib\\transaction.h(30): Detected non-resource "http://localhost:1080/cgi-bin/login.pl?intro=true" in "http://localhost:1080/cgi-bin/login.pl"  	[MsgId: MMSG-26574]
..\\lib\\transaction.h(30): Found resource "http://localhost:1080/WebTours/images/flights.gif" in HTML "http://localhost:1080/cgi-bin/nav.pl?page=menu&in=home"  	[MsgId: MMSG-26659]
..\\lib\\transaction.h(30): Found resource "http://localhost:1080/WebTours/images/itinerary.gif" in HTML "http://localhost:1080/cgi-bin/nav.pl?page=menu&in=home"  	[MsgId: MMSG-26659]
..\\lib\\transaction.h(30): Found resource "http://localhost:1080/WebTours/images/in_home.gif" in HTML "http://localhost:1080/cgi-bin/nav.pl?page=menu&in=home"  	[MsgId: MMSG-26659]
..\\lib\\transaction.h(30): Found resource "http://localhost:1080/WebTours/images/signoff.gif" in HTML "http://localhost:1080/cgi-bin/nav.pl?page=menu&in=home"  	[MsgId: MMSG-26659]
..\\lib\\transaction.h(30): Registered web_reg_find successful for "Text=User password was correct" (count=1)  	[MsgId: MMSG-26364]
..\\lib\\transaction.h(30): Registered web_reg_find successful for "Text=<blockquote>Welcome, <b>Yennefer</b>, to the Web Tours" (count=1)  	[MsgId: MMSG-26364]
..\\lib\\transaction.h(30): web_submit_data("login.pl") was successful, 5783 body bytes, 2081 header bytes, 36 chunking overhead bytes  	[MsgId: MMSG-26385]
Action.c(16): lr_think_time: 5,00 seconds.	[MsgId: MMSG-15948]
Action.c(18): Notify: Transaction "login" ended with a "Pass" status (Duration: 5,0958 Think Time: 5,0006 Wasted Time: 0,0000).	[MsgId: MMSG-16870]
Action.c(20): Notify: Transaction "flights_page" started.	[MsgId: MMSG-16999]
..\\lib\\transaction.h(49): web_reg_find started  	[MsgId: MMSG-26355]
..\\lib\\transaction.h(49): Registering web_reg_find was successful  	[MsgId: MMSG-26390]
..\\lib\\transaction.h(54): web_reg_save_param started  	[MsgId: MMSG-26355]
..\\lib\\transaction.h(54): Registering web_reg_save_param was successful  	[MsgId: MMSG-26390]
..\\lib\\transaction.h(60): web_reg_save_param started  	[MsgId: MMSG-26355]
..\\lib\\transaction.h(60): Registering web_reg_save_param was successful  	[MsgId: MMSG-26390]
..\\lib\\transaction.h(68): web_url("Search Flights Button") started  	[MsgId: MMSG-26355]
..\\lib\\transaction.h(68): Detected non-resource "http://localhost:1080/cgi-bin/nav.pl?page=menu&in=flights" in "http://localhost:1080/cgi-bin/welcome.pl?page=search"  	[MsgId: MMSG-26574]
..\\lib\\transaction.h(68): Detected non-resource "http://localhost:1080/cgi-bin/reservations.pl?page=welcome" in "http://localhost:1080/cgi-bin/welcome.pl?page=search"  	[MsgId: MMSG-26574]
..\\lib\\transaction.h(68): Found resource "http://localhost:1080/WebTours/images/in_flights.gif" in HTML "http://localhost:1080/cgi-bin/nav.pl?page=menu&in=flights"  	[MsgId: MMSG-26659]
..\\lib\\transaction.h(68): Resource "http://localhost:1080/WebTours/images/itinerary.gif" is in the cache already and will not be downloaded again  	[MsgId: MMSG-26655]
..\\lib\\transaction.h(68): Found resource "http://localhost:1080/WebTours/images/home.gif" in HTML "http://localhost:1080/cgi-bin/nav.pl?page=menu&in=flights"  	[MsgId: MMSG-26659]
..\\lib\\transaction.h(68): Resource "http://localhost:1080/WebTours/images/signoff.gif" is in the cache already and will not be downloaded again  	[MsgId: MMSG-26655]
..\\lib\\transaction.h(68): Found resource "http://localhost:1080/WebTours/images/button_next.gif" in HTML "http://localhost:1080/cgi-bin/reservations.pl?page=welcome"  	[MsgId: MMSG-26659]
..\\lib\\transaction.h(68): Registered web_reg_find successful for "Text=Find Flight" (count=1)  	[MsgId: MMSG-26364]
..\\lib\\transaction.h(68): web_url("Search Flights Button") was successful, 8516 body bytes, 1618 header bytes, 43 chunking overhead bytes  	[MsgId: MMSG-26385]
Action.c(23): lr_think_time: 3,00 seconds.	[MsgId: MMSG-15948]
Action.c(25): Notify: Transaction "flights_page" ended with a "Pass" status (Duration: 3,1123 Think Time: 3,0015 Wasted Time: 0,0001).	[MsgId: MMSG-16870]
Action.c(27): Notify: Transaction "find_flight" started.	[MsgId: MMSG-16999]
..\\lib\\transaction.h(83): web_reg_find started  	[MsgId: MMSG-26355]
..\\lib\\transaction.h(83): Registering web_reg_find was successful  	[MsgId: MMSG-26390]
..\\lib\\transaction.h(85): web_reg_save_param started  	[MsgId: MMSG-26355]
..\\lib\\transaction.h(85): Registering web_reg_save_param was successful  	[MsgId: MMSG-26390]
..\\lib\\transaction.h(91): web_submit_data("reservations.pl") started  	[MsgId: MMSG-26355]
..\\lib\\transaction.h(91): Resource "http://localhost:1080/WebTours/images/button_next.gif" is in the cache already and will not be downloaded again  	[MsgId: MMSG-26655]
..\\lib\\transaction.h(91): Registered web_reg_find successful for "Text=<B>Los Angeles</B> to <B>Zurich</B>" (count=1)  	[MsgId: MMSG-26364]
..\\lib\\transaction.h(91): web_submit_data("reservations.pl") was successful, 2457 body bytes, 255 header bytes, 12 chunking overhead bytes  	[MsgId: MMSG-26385]
Action.c(30): lr_think_time: 5,00 seconds.	[MsgId: MMSG-15948]
Action.c(32): Notify: Transaction "find_flight" ended with a "Pass" status (Duration: 5,0645 Think Time: 5,0152 Wasted Time: 0,0000).	[MsgId: MMSG-16870]
Action.c(35): Notify: Transaction "sign_off" started.	[MsgId: MMSG-16999]
..\\lib\\transaction.h(158): web_url("welcome.pl_2") started  	[MsgId: MMSG-26355]
..\\lib\\transaction.h(158): Detected non-resource "http://localhost:1080/cgi-bin/nav.pl?in=home" in "http://localhost:1080/cgi-bin/welcome.pl?signOff=1"  	[MsgId: MMSG-26574]
..\\lib\\transaction.h(158): Detected non-resource "http://localhost:1080/WebTours/home.html" in "http://localhost:1080/cgi-bin/welcome.pl?signOff=1"  	[MsgId: MMSG-26574]
..\\lib\\transaction.h(158): Retrieving data from cache for "http://localhost:1080/WebTours/home.html"  	[MsgId: MMSG-26558]
..\\lib\\transaction.h(158): Resource "http://localhost:1080/WebTours/images/mer_login.gif" is in the cache already and will not be downloaded again  	[MsgId: MMSG-26655]
..\\lib\\transaction.h(158): web_url("welcome.pl_2") was successful, 2168 body bytes, 583 header bytes, 24 chunking overhead bytes  	[MsgId: MMSG-26385]
Action.c(39): Notify: Transaction "sign_off" ended with a "Pass" status (Duration: 0,0621).	[MsgId: MMSG-16873]
Action.c(41): Notify: Transaction "UC01_Autorization" ended with a "Pass" status (Duration: 16,4193 Think Time: 16,0315 Wasted Time: 0,0002).	[MsgId: MMSG-16870]
Ending action Action.	[MsgId: MMSG-15918]
Ending iteration 2.	[MsgId: MMSG-15965]
Waiting 248,5800 seconds for iteration pacing.	[MsgId: MMSG-15996]
Starting iteration 3.	[MsgId: MMSG-15968]
Starting action Action.	[MsgId: MMSG-15919]
Action.c(3): Notify: Transaction "UC01_Autorization" started.	[MsgId: MMSG-16999]
Action.c(5): Notify: Transaction "open_home_page" started.	[MsgId: MMSG-16999]
..\\lib\\transaction.h(5): web_reg_save_param started  	[MsgId: MMSG-26355]
..\\lib\\transaction.h(5): Registering web_reg_save_param was successful  	[MsgId: MMSG-26390]
..\\lib\\transaction.h(10): web_reg_find started  	[MsgId: MMSG-26355]
..\\lib\\transaction.h(10): Registering web_reg_find was successful  	[MsgId: MMSG-26390]
..\\lib\\transaction.h(13): web_url("WebTours") started  	[MsgId: MMSG-26355]
..\\lib\\transaction.h(13): Detected non-resource "http://localhost:1080/WebTours/header.html" in "http://localhost:1080/WebTours/"  	[MsgId: MMSG-26574]
..\\lib\\transaction.h(13): Detected non-resource "http://localhost:1080/cgi-bin/welcome.pl?signOff=true" in "http://localhost:1080/WebTours/"  	[MsgId: MMSG-26574]
..\\lib\\transaction.h(13): Found resource "http://localhost:1080/WebTours/images/hp_logo.png" in HTML "http://localhost:1080/WebTours/header.html"  	[MsgId: MMSG-26659]
..\\lib\\transaction.h(13): Found resource "http://localhost:1080/WebTours/images/webtours.png" in HTML "http://localhost:1080/WebTours/header.html"  	[MsgId: MMSG-26659]
..\\lib\\transaction.h(13): Detected non-resource "http://localhost:1080/cgi-bin/nav.pl?in=home" in "http://localhost:1080/cgi-bin/welcome.pl?signOff=true"  	[MsgId: MMSG-26574]
..\\lib\\transaction.h(13): Detected non-resource "http://localhost:1080/WebTours/home.html" in "http://localhost:1080/cgi-bin/welcome.pl?signOff=true"  	[MsgId: MMSG-26574]
..\\lib\\transaction.h(13): Found resource "http://localhost:1080/WebTours/images/mer_login.gif" in HTML "http://localhost:1080/cgi-bin/nav.pl?in=home"  	[MsgId: MMSG-26659]
..\\lib\\transaction.h(13): Registered web_reg_find successful for "Text=Welcome to the Web Tours site." (count=1)  	[MsgId: MMSG-26364]
..\\lib\\transaction.h(13): web_url("WebTours") was successful, 10076 body bytes, 2371 header bytes, 24 chunking overhead bytes  	[MsgId: MMSG-26385]
Action.c(9): lr_think_time: 3,00 seconds.	[MsgId: MMSG-15948]
Action.c(11): Notify: Transaction "open_home_page" ended with a "Pass" status (Duration: 3,0919 Think Time: 3,0102 Wasted Time: 0,0001).	[MsgId: MMSG-16870]
Action.c(13): Notify: Transaction "login" started.	[MsgId: MMSG-16999]
..\\lib\\transaction.h(26): web_reg_find started  	[MsgId: MMSG-26355]
..\\lib\\transaction.h(26): Registering web_reg_find was successful  	[MsgId: MMSG-26390]
..\\lib\\transaction.h(28): web_reg_find started  	[MsgId: MMSG-26355]
..\\lib\\transaction.h(28): Registering web_reg_find was successful  	[MsgId: MMSG-26390]
..\\lib\\transaction.h(30): web_submit_data("login.pl") started  	[MsgId: MMSG-26355]
..\\lib\\transaction.h(30): Detected non-resource "http://localhost:1080/cgi-bin/nav.pl?page=menu&in=home" in "http://localhost:1080/cgi-bin/login.pl"  	[MsgId: MMSG-26574]
..\\lib\\transaction.h(30): Detected non-resource "http://localhost:1080/cgi-bin/login.pl?intro=true" in "http://localhost:1080/cgi-bin/login.pl"  	[MsgId: MMSG-26574]
..\\lib\\transaction.h(30): Found resource "http://localhost:1080/WebTours/images/flights.gif" in HTML "http://localhost:1080/cgi-bin/nav.pl?page=menu&in=home"  	[MsgId: MMSG-26659]
..\\lib\\transaction.h(30): Found resource "http://localhost:1080/WebTours/images/itinerary.gif" in HTML "http://localhost:1080/cgi-bin/nav.pl?page=menu&in=home"  	[MsgId: MMSG-26659]
..\\lib\\transaction.h(30): Found resource "http://localhost:1080/WebTours/images/in_home.gif" in HTML "http://localhost:1080/cgi-bin/nav.pl?page=menu&in=home"  	[MsgId: MMSG-26659]
..\\lib\\transaction.h(30): Found resource "http://localhost:1080/WebTours/images/signoff.gif" in HTML "http://localhost:1080/cgi-bin/nav.pl?page=menu&in=home"  	[MsgId: MMSG-26659]
..\\lib\\transaction.h(30): Registered web_reg_find successful for "Text=User password was correct" (count=1)  	[MsgId: MMSG-26364]
..\\lib\\transaction.h(30): Registered web_reg_find successful for "Text=<blockquote>Welcome, <b>Triss</b>, to the Web Tours" (count=1)  	[MsgId: MMSG-26364]
..\\lib\\transaction.h(30): web_submit_data("login.pl") was successful, 5780 body bytes, 2059 header bytes, 36 chunking overhead bytes  	[MsgId: MMSG-26385]
Action.c(16): lr_think_time: 5,00 seconds.	[MsgId: MMSG-15948]
Action.c(18): Notify: Transaction "login" ended with a "Pass" status (Duration: 5,1023 Think Time: 5,0076 Wasted Time: 0,0000).	[MsgId: MMSG-16870]
Action.c(20): Notify: Transaction "flights_page" started.	[MsgId: MMSG-16999]
..\\lib\\transaction.h(49): web_reg_find started  	[MsgId: MMSG-26355]
..\\lib\\transaction.h(49): Registering web_reg_find was successful  	[MsgId: MMSG-26390]
..\\lib\\transaction.h(54): web_reg_save_param started  	[MsgId: MMSG-26355]
..\\lib\\transaction.h(54): Registering web_reg_save_param was successful  	[MsgId: MMSG-26390]
..\\lib\\transaction.h(60): web_reg_save_param started  	[MsgId: MMSG-26355]
..\\lib\\transaction.h(60): Registering web_reg_save_param was successful  	[MsgId: MMSG-26390]
..\\lib\\transaction.h(68): web_url("Search Flights Button") started  	[MsgId: MMSG-26355]
..\\lib\\transaction.h(68): Detected non-resource "http://localhost:1080/cgi-bin/nav.pl?page=menu&in=flights" in "http://localhost:1080/cgi-bin/welcome.pl?page=search"  	[MsgId: MMSG-26574]
..\\lib\\transaction.h(68): Detected non-resource "http://localhost:1080/cgi-bin/reservations.pl?page=welcome" in "http://localhost:1080/cgi-bin/welcome.pl?page=search"  	[MsgId: MMSG-26574]
..\\lib\\transaction.h(68): Found resource "http://localhost:1080/WebTours/images/in_flights.gif" in HTML "http://localhost:1080/cgi-bin/nav.pl?page=menu&in=flights"  	[MsgId: MMSG-26659]
..\\lib\\transaction.h(68): Resource "http://localhost:1080/WebTours/images/itinerary.gif" is in the cache already and will not be downloaded again  	[MsgId: MMSG-26655]
..\\lib\\transaction.h(68): Found resource "http://localhost:1080/WebTours/images/home.gif" in HTML "http://localhost:1080/cgi-bin/nav.pl?page=menu&in=flights"  	[MsgId: MMSG-26659]
..\\lib\\transaction.h(68): Resource "http://localhost:1080/WebTours/images/signoff.gif" is in the cache already and will not be downloaded again  	[MsgId: MMSG-26655]
..\\lib\\transaction.h(68): Found resource "http://localhost:1080/WebTours/images/button_next.gif" in HTML "http://localhost:1080/cgi-bin/reservations.pl?page=welcome"  	[MsgId: MMSG-26659]
..\\lib\\transaction.h(68): Registered web_reg_find successful for "Text=Find Flight" (count=1)  	[MsgId: MMSG-26364]
..\\lib\\transaction.h(68): web_url("Search Flights Button") was successful, 8516 body bytes, 1618 header bytes, 43 chunking overhead bytes  	[MsgId: MMSG-26385]
Action.c(23): lr_think_time: 3,00 seconds.	[MsgId: MMSG-15948]
Action.c(25): Notify: Transaction "flights_page" ended with a "Pass" status (Duration: 3,1339 Think Time: 3,0087 Wasted Time: 0,0001).	[MsgId: MMSG-16870]
Action.c(27): Notify: Transaction "find_flight" started.	[MsgId: MMSG-16999]
..\\lib\\transaction.h(83): web_reg_find started  	[MsgId: MMSG-26355]
..\\lib\\transaction.h(83): Registering web_reg_find was successful  	[MsgId: MMSG-26390]
..\\lib\\transaction.h(85): web_reg_save_param started  	[MsgId: MMSG-26355]
..\\lib\\transaction.h(85): Registering web_reg_save_param was successful  	[MsgId: MMSG-26390]
..\\lib\\transaction.h(91): web_submit_data("reservations.pl") started  	[MsgId: MMSG-26355]
..\\lib\\transaction.h(91): Resource "http://localhost:1080/WebTours/images/button_next.gif" is in the cache already and will not be downloaded again  	[MsgId: MMSG-26655]
..\\lib\\transaction.h(91): Registered web_reg_find successful for "Text=<B>Seattle</B> to <B>Paris</B>" (count=1)  	[MsgId: MMSG-26364]
..\\lib\\transaction.h(91): web_submit_data("reservations.pl") was successful, 2451 body bytes, 255 header bytes, 12 chunking overhead bytes  	[MsgId: MMSG-26385]
Action.c(30): lr_think_time: 5,00 seconds.	[MsgId: MMSG-15948]
Action.c(32): Notify: Transaction "find_flight" ended with a "Pass" status (Duration: 5,0610 Think Time: 5,0083 Wasted Time: 0,0000).	[MsgId: MMSG-16870]
Action.c(35): Notify: Transaction "sign_off" started.	[MsgId: MMSG-16999]
..\\lib\\transaction.h(158): web_url("welcome.pl_2") started  	[MsgId: MMSG-26355]
..\\lib\\transaction.h(158): Detected non-resource "http://localhost:1080/cgi-bin/nav.pl?in=home" in "http://localhost:1080/cgi-bin/welcome.pl?signOff=1"  	[MsgId: MMSG-26574]
..\\lib\\transaction.h(158): Detected non-resource "http://localhost:1080/WebTours/home.html" in "http://localhost:1080/cgi-bin/welcome.pl?signOff=1"  	[MsgId: MMSG-26574]
..\\lib\\transaction.h(158): Retrieving data from cache for "http://localhost:1080/WebTours/home.html"  	[MsgId: MMSG-26558]
..\\lib\\transaction.h(158): Resource "http://localhost:1080/WebTours/images/mer_login.gif" is in the cache already and will not be downloaded again  	[MsgId: MMSG-26655]
..\\lib\\transaction.h(158): web_url("welcome.pl_2") was successful, 2174 body bytes, 583 header bytes, 24 chunking overhead bytes  	[MsgId: MMSG-26385]
Action.c(39): Notify: Transaction "sign_off" ended with a "Pass" status (Duration: 0,0894).	[MsgId: MMSG-16873]
Action.c(41): Notify: Transaction "UC01_Autorization" ended with a "Pass" status (Duration: 16,4797 Think Time: 16,0348 Wasted Time: 0,0002).	[MsgId: MMSG-16870]
Ending action Action.	[MsgId: MMSG-15918]
Ending iteration 3.	[MsgId: MMSG-15965]
Waiting 248,5200 seconds for iteration pacing.	[MsgId: MMSG-15996]
Starting iteration 4.	[MsgId: MMSG-15968]
Starting action Action.	[MsgId: MMSG-15919]
Action.c(3): Notify: Transaction "UC01_Autorization" started.	[MsgId: MMSG-16999]
Action.c(5): Notify: Transaction "open_home_page" started.	[MsgId: MMSG-16999]
..\\lib\\transaction.h(5): web_reg_save_param started  	[MsgId: MMSG-26355]
..\\lib\\transaction.h(5): Registering web_reg_save_param was successful  	[MsgId: MMSG-26390]
..\\lib\\transaction.h(10): web_reg_find started  	[MsgId: MMSG-26355]
..\\lib\\transaction.h(10): Registering web_reg_find was successful  	[MsgId: MMSG-26390]
..\\lib\\transaction.h(13): web_url("WebTours") started  	[MsgId: MMSG-26355]
..\\lib\\transaction.h(13): Detected non-resource "http://localhost:1080/WebTours/header.html" in "http://localhost:1080/WebTours/"  	[MsgId: MMSG-26574]
..\\lib\\transaction.h(13): Detected non-resource "http://localhost:1080/cgi-bin/welcome.pl?signOff=true" in "http://localhost:1080/WebTours/"  	[MsgId: MMSG-26574]
..\\lib\\transaction.h(13): Found resource "http://localhost:1080/WebTours/images/hp_logo.png" in HTML "http://localhost:1080/WebTours/header.html"  	[MsgId: MMSG-26659]
..\\lib\\transaction.h(13): Found resource "http://localhost:1080/WebTours/images/webtours.png" in HTML "http://localhost:1080/WebTours/header.html"  	[MsgId: MMSG-26659]
..\\lib\\transaction.h(13): Detected non-resource "http://localhost:1080/cgi-bin/nav.pl?in=home" in "http://localhost:1080/cgi-bin/welcome.pl?signOff=true"  	[MsgId: MMSG-26574]
..\\lib\\transaction.h(13): Detected non-resource "http://localhost:1080/WebTours/home.html" in "http://localhost:1080/cgi-bin/welcome.pl?signOff=true"  	[MsgId: MMSG-26574]
..\\lib\\transaction.h(13): Found resource "http://localhost:1080/WebTours/images/mer_login.gif" in HTML "http://localhost:1080/cgi-bin/nav.pl?in=home"  	[MsgId: MMSG-26659]
..\\lib\\transaction.h(13): Registered web_reg_find successful for "Text=Welcome to the Web Tours site." (count=1)  	[MsgId: MMSG-26364]
..\\lib\\transaction.h(13): web_url("WebTours") was successful, 10079 body bytes, 2371 header bytes, 24 chunking overhead bytes  	[MsgId: MMSG-26385]
Action.c(9): lr_think_time: 3,00 seconds.	[MsgId: MMSG-15948]
Action.c(11): Notify: Transaction "open_home_page" ended with a "Pass" status (Duration: 3,0906 Think Time: 3,0045 Wasted Time: 0,0001).	[MsgId: MMSG-16870]
Action.c(13): Notify: Transaction "login" started.	[MsgId: MMSG-16999]
..\\lib\\transaction.h(26): web_reg_find started  	[MsgId: MMSG-26355]
..\\lib\\transaction.h(26): Registering web_reg_find was successful  	[MsgId: MMSG-26390]
..\\lib\\transaction.h(28): web_reg_find started  	[MsgId: MMSG-26355]
..\\lib\\transaction.h(28): Registering web_reg_find was successful  	[MsgId: MMSG-26390]
..\\lib\\transaction.h(30): web_submit_data("login.pl") started  	[MsgId: MMSG-26355]
..\\lib\\transaction.h(30): Detected non-resource "http://localhost:1080/cgi-bin/nav.pl?page=menu&in=home" in "http://localhost:1080/cgi-bin/login.pl"  	[MsgId: MMSG-26574]
..\\lib\\transaction.h(30): Detected non-resource "http://localhost:1080/cgi-bin/login.pl?intro=true" in "http://localhost:1080/cgi-bin/login.pl"  	[MsgId: MMSG-26574]
..\\lib\\transaction.h(30): Found resource "http://localhost:1080/WebTours/images/flights.gif" in HTML "http://localhost:1080/cgi-bin/nav.pl?page=menu&in=home"  	[MsgId: MMSG-26659]
..\\lib\\transaction.h(30): Found resource "http://localhost:1080/WebTours/images/itinerary.gif" in HTML "http://localhost:1080/cgi-bin/nav.pl?page=menu&in=home"  	[MsgId: MMSG-26659]
..\\lib\\transaction.h(30): Found resource "http://localhost:1080/WebTours/images/in_home.gif" in HTML "http://localhost:1080/cgi-bin/nav.pl?page=menu&in=home"  	[MsgId: MMSG-26659]
..\\lib\\transaction.h(30): Found resource "http://localhost:1080/WebTours/images/signoff.gif" in HTML "http://localhost:1080/cgi-bin/nav.pl?page=menu&in=home"  	[MsgId: MMSG-26659]
..\\lib\\transaction.h(30): Registered web_reg_find successful for "Text=User password was correct" (count=1)  	[MsgId: MMSG-26364]
..\\lib\\transaction.h(30): Registered web_reg_find successful for "Text=<blockquote>Welcome, <b>Ciri</b>, to the Web Tours" (count=1)  	[MsgId: MMSG-26364]
..\\lib\\transaction.h(30): web_submit_data("login.pl") was successful, 5779 body bytes, 2067 header bytes, 36 chunking overhead bytes  	[MsgId: MMSG-26385]
Action.c(16): lr_think_time: 5,00 seconds.	[MsgId: MMSG-15948]
Action.c(18): Notify: Transaction "login" ended with a "Pass" status (Duration: 5,1211 Think Time: 5,0101 Wasted Time: 0,0000).	[MsgId: MMSG-16870]
Action.c(20): Notify: Transaction "flights_page" started.	[MsgId: MMSG-16999]
..\\lib\\transaction.h(49): web_reg_find started  	[MsgId: MMSG-26355]
..\\lib\\transaction.h(49): Registering web_reg_find was successful  	[MsgId: MMSG-26390]
..\\lib\\transaction.h(54): web_reg_save_param started  	[MsgId: MMSG-26355]
..\\lib\\transaction.h(54): Registering web_reg_save_param was successful  	[MsgId: MMSG-26390]
..\\lib\\transaction.h(60): web_reg_save_param started  	[MsgId: MMSG-26355]
..\\lib\\transaction.h(60): Registering web_reg_save_param was successful  	[MsgId: MMSG-26390]
..\\lib\\transaction.h(68): web_url("Search Flights Button") started  	[MsgId: MMSG-26355]
..\\lib\\transaction.h(68): Detected non-resource "http://localhost:1080/cgi-bin/nav.pl?page=menu&in=flights" in "http://localhost:1080/cgi-bin/welcome.pl?page=search"  	[MsgId: MMSG-26574]
..\\lib\\transaction.h(68): Detected non-resource "http://localhost:1080/cgi-bin/reservations.pl?page=welcome" in "http://localhost:1080/cgi-bin/welcome.pl?page=search"  	[MsgId: MMSG-26574]
..\\lib\\transaction.h(68): Found resource "http://localhost:1080/WebTours/images/in_flights.gif" in HTML "http://localhost:1080/cgi-bin/nav.pl?page=menu&in=flights"  	[MsgId: MMSG-26659]
..\\lib\\transaction.h(68): Resource "http://localhost:1080/WebTours/images/itinerary.gif" is in the cache already and will not be downloaded again  	[MsgId: MMSG-26655]
..\\lib\\transaction.h(68): Found resource "http://localhost:1080/WebTours/images/home.gif" in HTML "http://localhost:1080/cgi-bin/nav.pl?page=menu&in=flights"  	[MsgId: MMSG-26659]
..\\lib\\transaction.h(68): Resource "http://localhost:1080/WebTours/images/signoff.gif" is in the cache already and will not be downloaded again  	[MsgId: MMSG-26655]
..\\lib\\transaction.h(68): Found resource "http://localhost:1080/WebTours/images/button_next.gif" in HTML "http://localhost:1080/cgi-bin/reservations.pl?page=welcome"  	[MsgId: MMSG-26659]
..\\lib\\transaction.h(68): Registered web_reg_find successful for "Text=Find Flight" (count=1)  	[MsgId: MMSG-26364]
..\\lib\\transaction.h(68): web_url("Search Flights Button") was successful, 8516 body bytes, 1620 header bytes, 43 chunking overhead bytes  	[MsgId: MMSG-26385]
Action.c(23): lr_think_time: 3,00 seconds.	[MsgId: MMSG-15948]
Action.c(25): Notify: Transaction "flights_page" ended with a "Pass" status (Duration: 3,1288 Think Time: 3,0049 Wasted Time: 0,0001).	[MsgId: MMSG-16870]
Action.c(27): Notify: Transaction "find_flight" started.	[MsgId: MMSG-16999]
..\\lib\\transaction.h(83): web_reg_find started  	[MsgId: MMSG-26355]
..\\lib\\transaction.h(83): Registering web_reg_find was successful  	[MsgId: MMSG-26390]
..\\lib\\transaction.h(85): web_reg_save_param started  	[MsgId: MMSG-26355]
..\\lib\\transaction.h(85): Registering web_reg_save_param was successful  	[MsgId: MMSG-26390]
..\\lib\\transaction.h(91): web_submit_data("reservations.pl") started  	[MsgId: MMSG-26355]
..\\lib\\transaction.h(91): Resource "http://localhost:1080/WebTours/images/button_next.gif" is in the cache already and will not be downloaded again  	[MsgId: MMSG-26655]
..\\lib\\transaction.h(91): Registered web_reg_find successful for "Text=<B>Seattle</B> to <B>Paris</B>" (count=1)  	[MsgId: MMSG-26364]
..\\lib\\transaction.h(91): web_submit_data("reservations.pl") was successful, 2451 body bytes, 255 header bytes, 12 chunking overhead bytes  	[MsgId: MMSG-26385]
Action.c(30): lr_think_time: 5,00 seconds.	[MsgId: MMSG-15948]
Action.c(32): Notify: Transaction "find_flight" ended with a "Pass" status (Duration: 5,0570 Think Time: 5,0118 Wasted Time: 0,0000).	[MsgId: MMSG-16870]
Action.c(35): Notify: Transaction "sign_off" started.	[MsgId: MMSG-16999]
..\\lib\\transaction.h(158): web_url("welcome.pl_2") started  	[MsgId: MMSG-26355]
..\\lib\\transaction.h(158): Detected non-resource "http://localhost:1080/cgi-bin/nav.pl?in=home" in "http://localhost:1080/cgi-bin/welcome.pl?signOff=1"  	[MsgId: MMSG-26574]
..\\lib\\transaction.h(158): Detected non-resource "http://localhost:1080/WebTours/home.html" in "http://localhost:1080/cgi-bin/welcome.pl?signOff=1"  	[MsgId: MMSG-26574]
..\\lib\\transaction.h(158): Retrieving data from cache for "http://localhost:1080/WebTours/home.html"  	[MsgId: MMSG-26558]
..\\lib\\transaction.h(158): Resource "http://localhost:1080/WebTours/images/mer_login.gif" is in the cache already and will not be downloaded again  	[MsgId: MMSG-26655]
..\\lib\\transaction.h(158): web_url("welcome.pl_2") was successful, 2171 body bytes, 583 header bytes, 24 chunking overhead bytes  	[MsgId: MMSG-26385]
Action.c(39): Notify: Transaction "sign_off" ended with a "Pass" status (Duration: 0,0715).	[MsgId: MMSG-16873]
Action.c(41): Notify: Transaction "UC01_Autorization" ended with a "Pass" status (Duration: 16,4698 Think Time: 16,0313 Wasted Time: 0,0002).	[MsgId: MMSG-16870]
Ending action Action.	[MsgId: MMSG-15918]
Ending iteration 4.	[MsgId: MMSG-15965]
Waiting 248,5280 seconds for iteration pacing.	[MsgId: MMSG-15996]
Starting iteration 5.	[MsgId: MMSG-15968]
Starting action Action.	[MsgId: MMSG-15919]
Action.c(3): Notify: Transaction "UC01_Autorization" started.	[MsgId: MMSG-16999]
Action.c(5): Notify: Transaction "open_home_page" started.	[MsgId: MMSG-16999]
..\\lib\\transaction.h(5): web_reg_save_param started  	[MsgId: MMSG-26355]
..\\lib\\transaction.h(5): Registering web_reg_save_param was successful  	[MsgId: MMSG-26390]
..\\lib\\transaction.h(10): web_reg_find started  	[MsgId: MMSG-26355]
..\\lib\\transaction.h(10): Registering web_reg_find was successful  	[MsgId: MMSG-26390]
..\\lib\\transaction.h(13): web_url("WebTours") started  	[MsgId: MMSG-26355]
..\\lib\\transaction.h(13): Detected non-resource "http://localhost:1080/WebTours/header.html" in "http://localhost:1080/WebTours/"  	[MsgId: MMSG-26574]
..\\lib\\transaction.h(13): Detected non-resource "http://localhost:1080/cgi-bin/welcome.pl?signOff=true" in "http://localhost:1080/WebTours/"  	[MsgId: MMSG-26574]
..\\lib\\transaction.h(13): Found resource "http://localhost:1080/WebTours/images/hp_logo.png" in HTML "http://localhost:1080/WebTours/header.html"  	[MsgId: MMSG-26659]
..\\lib\\transaction.h(13): Found resource "http://localhost:1080/WebTours/images/webtours.png" in HTML "http://localhost:1080/WebTours/header.html"  	[MsgId: MMSG-26659]
..\\lib\\transaction.h(13): Detected non-resource "http://localhost:1080/cgi-bin/nav.pl?in=home" in "http://localhost:1080/cgi-bin/welcome.pl?signOff=true"  	[MsgId: MMSG-26574]
..\\lib\\transaction.h(13): Detected non-resource "http://localhost:1080/WebTours/home.html" in "http://localhost:1080/cgi-bin/welcome.pl?signOff=true"  	[MsgId: MMSG-26574]
..\\lib\\transaction.h(13): Found resource "http://localhost:1080/WebTours/images/mer_login.gif" in HTML "http://localhost:1080/cgi-bin/nav.pl?in=home"  	[MsgId: MMSG-26659]
..\\lib\\transaction.h(13): Registered web_reg_find successful for "Text=Welcome to the Web Tours site." (count=1)  	[MsgId: MMSG-26364]
..\\lib\\transaction.h(13): web_url("WebTours") was successful, 10080 body bytes, 2371 header bytes, 24 chunking overhead bytes  	[MsgId: MMSG-26385]
Action.c(9): lr_think_time: 3,00 seconds.	[MsgId: MMSG-15948]
Action.c(11): Notify: Transaction "open_home_page" ended with a "Pass" status (Duration: 3,0833 Think Time: 3,0142 Wasted Time: 0,0001).	[MsgId: MMSG-16870]
Action.c(13): Notify: Transaction "login" started.	[MsgId: MMSG-16999]
..\\lib\\transaction.h(26): web_reg_find started  	[MsgId: MMSG-26355]
..\\lib\\transaction.h(26): Registering web_reg_find was successful  	[MsgId: MMSG-26390]
..\\lib\\transaction.h(28): web_reg_find started  	[MsgId: MMSG-26355]
..\\lib\\transaction.h(28): Registering web_reg_find was successful  	[MsgId: MMSG-26390]
..\\lib\\transaction.h(30): web_submit_data("login.pl") started  	[MsgId: MMSG-26355]
..\\lib\\transaction.h(30): Detected non-resource "http://localhost:1080/cgi-bin/nav.pl?page=menu&in=home" in "http://localhost:1080/cgi-bin/login.pl"  	[MsgId: MMSG-26574]
..\\lib\\transaction.h(30): Detected non-resource "http://localhost:1080/cgi-bin/login.pl?intro=true" in "http://localhost:1080/cgi-bin/login.pl"  	[MsgId: MMSG-26574]
..\\lib\\transaction.h(30): Found resource "http://localhost:1080/WebTours/images/flights.gif" in HTML "http://localhost:1080/cgi-bin/nav.pl?page=menu&in=home"  	[MsgId: MMSG-26659]
..\\lib\\transaction.h(30): Found resource "http://localhost:1080/WebTours/images/itinerary.gif" in HTML "http://localhost:1080/cgi-bin/nav.pl?page=menu&in=home"  	[MsgId: MMSG-26659]
..\\lib\\transaction.h(30): Found resource "http://localhost:1080/WebTours/images/in_home.gif" in HTML "http://localhost:1080/cgi-bin/nav.pl?page=menu&in=home"  	[MsgId: MMSG-26659]
..\\lib\\transaction.h(30): Found resource "http://localhost:1080/WebTours/images/signoff.gif" in HTML "http://localhost:1080/cgi-bin/nav.pl?page=menu&in=home"  	[MsgId: MMSG-26659]
..\\lib\\transaction.h(30): Registered web_reg_find successful for "Text=User password was correct" (count=1)  	[MsgId: MMSG-26364]
..\\lib\\transaction.h(30): Registered web_reg_find successful for "Text=<blockquote>Welcome, <b>Dandelion</b>, to the Web Tours" (count=1)  	[MsgId: MMSG-26364]
..\\lib\\transaction.h(30): web_submit_data("login.pl") was successful, 5784 body bytes, 2077 header bytes, 36 chunking overhead bytes  	[MsgId: MMSG-26385]
Action.c(16): lr_think_time: 5,00 seconds.	[MsgId: MMSG-15948]
Action.c(18): Notify: Transaction "login" ended with a "Pass" status (Duration: 5,1085 Think Time: 5,0138 Wasted Time: 0,0000).	[MsgId: MMSG-16870]
Action.c(20): Notify: Transaction "flights_page" started.	[MsgId: MMSG-16999]
..\\lib\\transaction.h(49): web_reg_find started  	[MsgId: MMSG-26355]
..\\lib\\transaction.h(49): Registering web_reg_find was successful  	[MsgId: MMSG-26390]
..\\lib\\transaction.h(54): web_reg_save_param started  	[MsgId: MMSG-26355]
..\\lib\\transaction.h(54): Registering web_reg_save_param was successful  	[MsgId: MMSG-26390]
..\\lib\\transaction.h(60): web_reg_save_param started  	[MsgId: MMSG-26355]
..\\lib\\transaction.h(60): Registering web_reg_save_param was successful  	[MsgId: MMSG-26390]
..\\lib\\transaction.h(68): web_url("Search Flights Button") started  	[MsgId: MMSG-26355]
..\\lib\\transaction.h(68): Detected non-resource "http://localhost:1080/cgi-bin/nav.pl?page=menu&in=flights" in "http://localhost:1080/cgi-bin/welcome.pl?page=search"  	[MsgId: MMSG-26574]
..\\lib\\transaction.h(68): Detected non-resource "http://localhost:1080/cgi-bin/reservations.pl?page=welcome" in "http://localhost:1080/cgi-bin/welcome.pl?page=search"  	[MsgId: MMSG-26574]
..\\lib\\transaction.h(68): Found resource "http://localhost:1080/WebTours/images/in_flights.gif" in HTML "http://localhost:1080/cgi-bin/nav.pl?page=menu&in=flights"  	[MsgId: MMSG-26659]
..\\lib\\transaction.h(68): Resource "http://localhost:1080/WebTours/images/itinerary.gif" is in the cache already and will not be downloaded again  	[MsgId: MMSG-26655]
..\\lib\\transaction.h(68): Found resource "http://localhost:1080/WebTours/images/home.gif" in HTML "http://localhost:1080/cgi-bin/nav.pl?page=menu&in=flights"  	[MsgId: MMSG-26659]
..\\lib\\transaction.h(68): Resource "http://localhost:1080/WebTours/images/signoff.gif" is in the cache already and will not be downloaded again  	[MsgId: MMSG-26655]
..\\lib\\transaction.h(68): Found resource "http://localhost:1080/WebTours/images/button_next.gif" in HTML "http://localhost:1080/cgi-bin/reservations.pl?page=welcome"  	[MsgId: MMSG-26659]
..\\lib\\transaction.h(68): Registered web_reg_find successful for "Text=Find Flight" (count=1)  	[MsgId: MMSG-26364]
..\\lib\\transaction.h(68): web_url("Search Flights Button") was successful, 8516 body bytes, 1620 header bytes, 43 chunking overhead bytes  	[MsgId: MMSG-26385]
Action.c(23): lr_think_time: 3,00 seconds.	[MsgId: MMSG-15948]
Action.c(25): Notify: Transaction "flights_page" ended with a "Pass" status (Duration: 3,1134 Think Time: 3,0046 Wasted Time: 0,0001).	[MsgId: MMSG-16870]
Action.c(27): Notify: Transaction "find_flight" started.	[MsgId: MMSG-16999]
..\\lib\\transaction.h(83): web_reg_find started  	[MsgId: MMSG-26355]
..\\lib\\transaction.h(83): Registering web_reg_find was successful  	[MsgId: MMSG-26390]
..\\lib\\transaction.h(85): web_reg_save_param started  	[MsgId: MMSG-26355]
..\\lib\\transaction.h(85): Registering web_reg_save_param was successful  	[MsgId: MMSG-26390]
..\\lib\\transaction.h(91): web_submit_data("reservations.pl") started  	[MsgId: MMSG-26355]
..\\lib\\transaction.h(91): Resource "http://localhost:1080/WebTours/images/button_next.gif" is in the cache already and will not be downloaded again  	[MsgId: MMSG-26655]
..\\lib\\transaction.h(91): Registered web_reg_find successful for "Text=<B>Denver</B> to <B>Paris</B>" (count=1)  	[MsgId: MMSG-26364]
..\\lib\\transaction.h(91): web_submit_data("reservations.pl") was successful, 2445 body bytes, 255 header bytes, 12 chunking overhead bytes  	[MsgId: MMSG-26385]
Action.c(30): lr_think_time: 5,00 seconds.	[MsgId: MMSG-15948]
Action.c(32): Notify: Transaction "find_flight" ended with a "Pass" status (Duration: 5,0574 Think Time: 5,0138 Wasted Time: 0,0000).	[MsgId: MMSG-16870]
Action.c(35): Notify: Transaction "sign_off" started.	[MsgId: MMSG-16999]
..\\lib\\transaction.h(158): web_url("welcome.pl_2") started  	[MsgId: MMSG-26355]
..\\lib\\transaction.h(158): Detected non-resource "http://localhost:1080/cgi-bin/nav.pl?in=home" in "http://localhost:1080/cgi-bin/welcome.pl?signOff=1"  	[MsgId: MMSG-26574]
..\\lib\\transaction.h(158): Detected non-resource "http://localhost:1080/WebTours/home.html" in "http://localhost:1080/cgi-bin/welcome.pl?signOff=1"  	[MsgId: MMSG-26574]
..\\lib\\transaction.h(158): Retrieving data from cache for "http://localhost:1080/WebTours/home.html"  	[MsgId: MMSG-26558]
..\\lib\\transaction.h(158): Resource "http://localhost:1080/WebTours/images/mer_login.gif" is in the cache already and will not be downloaded again  	[MsgId: MMSG-26655]
..\\lib\\transaction.h(158): web_url("welcome.pl_2") was successful, 2172 body bytes, 583 header bytes, 24 chunking overhead bytes  	[MsgId: MMSG-26385]
Action.c(39): Notify: Transaction "sign_off" ended with a "Pass" status (Duration: 0,0657).	[MsgId: MMSG-16873]
Action.c(41): Notify: Transaction "UC01_Autorization" ended with a "Pass" status (Duration: 16,4294 Think Time: 16,0463 Wasted Time: 0,0002).	[MsgId: MMSG-16870]
Ending action Action.	[MsgId: MMSG-15918]
Ending iteration 5.	[MsgId: MMSG-15965]
Waiting 248,5700 seconds for iteration pacing.	[MsgId: MMSG-15996]
Starting iteration 6.	[MsgId: MMSG-15968]
Starting action Action.	[MsgId: MMSG-15919]
Action.c(3): Notify: Transaction "UC01_Autorization" started.	[MsgId: MMSG-16999]
Action.c(5): Notify: Transaction "open_home_page" started.	[MsgId: MMSG-16999]
..\\lib\\transaction.h(5): web_reg_save_param started  	[MsgId: MMSG-26355]
..\\lib\\transaction.h(5): Registering web_reg_save_param was successful  	[MsgId: MMSG-26390]
..\\lib\\transaction.h(10): web_reg_find started  	[MsgId: MMSG-26355]
..\\lib\\transaction.h(10): Registering web_reg_find was successful  	[MsgId: MMSG-26390]
..\\lib\\transaction.h(13): web_url("WebTours") started  	[MsgId: MMSG-26355]
..\\lib\\transaction.h(13): Detected non-resource "http://localhost:1080/WebTours/header.html" in "http://localhost:1080/WebTours/"  	[MsgId: MMSG-26574]
..\\lib\\transaction.h(13): Detected non-resource "http://localhost:1080/cgi-bin/welcome.pl?signOff=true" in "http://localhost:1080/WebTours/"  	[MsgId: MMSG-26574]
..\\lib\\transaction.h(13): Found resource "http://localhost:1080/WebTours/images/hp_logo.png" in HTML "http://localhost:1080/WebTours/header.html"  	[MsgId: MMSG-26659]
..\\lib\\transaction.h(13): Found resource "http://localhost:1080/WebTours/images/webtours.png" in HTML "http://localhost:1080/WebTours/header.html"  	[MsgId: MMSG-26659]
..\\lib\\transaction.h(13): Detected non-resource "http://localhost:1080/cgi-bin/nav.pl?in=home" in "http://localhost:1080/cgi-bin/welcome.pl?signOff=true"  	[MsgId: MMSG-26574]
..\\lib\\transaction.h(13): Detected non-resource "http://localhost:1080/WebTours/home.html" in "http://localhost:1080/cgi-bin/welcome.pl?signOff=true"  	[MsgId: MMSG-26574]
..\\lib\\transaction.h(13): Found resource "http://localhost:1080/WebTours/images/mer_login.gif" in HTML "http://localhost:1080/cgi-bin/nav.pl?in=home"  	[MsgId: MMSG-26659]
..\\lib\\transaction.h(13): Registered web_reg_find successful for "Text=Welcome to the Web Tours site." (count=1)  	[MsgId: MMSG-26364]
..\\lib\\transaction.h(13): web_url("WebTours") was successful, 10071 body bytes, 2371 header bytes, 24 chunking overhead bytes  	[MsgId: MMSG-26385]
Action.c(9): lr_think_time: 3,00 seconds.	[MsgId: MMSG-15948]
Action.c(11): Notify: Transaction "open_home_page" ended with a "Pass" status (Duration: 3,0739 Think Time: 3,0091 Wasted Time: 0,0001).	[MsgId: MMSG-16870]
Action.c(13): Notify: Transaction "login" started.	[MsgId: MMSG-16999]
..\\lib\\transaction.h(26): web_reg_find started  	[MsgId: MMSG-26355]
..\\lib\\transaction.h(26): Registering web_reg_find was successful  	[MsgId: MMSG-26390]
..\\lib\\transaction.h(28): web_reg_find started  	[MsgId: MMSG-26355]
..\\lib\\transaction.h(28): Registering web_reg_find was successful  	[MsgId: MMSG-26390]
..\\lib\\transaction.h(30): web_submit_data("login.pl") started  	[MsgId: MMSG-26355]
..\\lib\\transaction.h(30): Detected non-resource "http://localhost:1080/cgi-bin/nav.pl?page=menu&in=home" in "http://localhost:1080/cgi-bin/login.pl"  	[MsgId: MMSG-26574]
..\\lib\\transaction.h(30): Detected non-resource "http://localhost:1080/cgi-bin/login.pl?intro=true" in "http://localhost:1080/cgi-bin/login.pl"  	[MsgId: MMSG-26574]
..\\lib\\transaction.h(30): Found resource "http://localhost:1080/WebTours/images/flights.gif" in HTML "http://localhost:1080/cgi-bin/nav.pl?page=menu&in=home"  	[MsgId: MMSG-26659]
..\\lib\\transaction.h(30): Found resource "http://localhost:1080/WebTours/images/itinerary.gif" in HTML "http://localhost:1080/cgi-bin/nav.pl?page=menu&in=home"  	[MsgId: MMSG-26659]
..\\lib\\transaction.h(30): Found resource "http://localhost:1080/WebTours/images/in_home.gif" in HTML "http://localhost:1080/cgi-bin/nav.pl?page=menu&in=home"  	[MsgId: MMSG-26659]
..\\lib\\transaction.h(30): Found resource "http://localhost:1080/WebTours/images/signoff.gif" in HTML "http://localhost:1080/cgi-bin/nav.pl?page=menu&in=home"  	[MsgId: MMSG-26659]
..\\lib\\transaction.h(30): Registered web_reg_find successful for "Text=User password was correct" (count=1)  	[MsgId: MMSG-26364]
..\\lib\\transaction.h(30): Registered web_reg_find successful for "Text=<blockquote>Welcome, <b>Zoltan</b>, to the Web Tours" (count=1)  	[MsgId: MMSG-26364]
..\\lib\\transaction.h(30): web_submit_data("login.pl") was successful, 5781 body bytes, 2061 header bytes, 36 chunking overhead bytes  	[MsgId: MMSG-26385]
Action.c(16): lr_think_time: 5,00 seconds.	[MsgId: MMSG-15948]
Action.c(18): Notify: Transaction "login" ended with a "Pass" status (Duration: 5,0987 Think Time: 5,0037 Wasted Time: 0,0000).	[MsgId: MMSG-16870]
Action.c(20): Notify: Transaction "flights_page" started.	[MsgId: MMSG-16999]
..\\lib\\transaction.h(49): web_reg_find started  	[MsgId: MMSG-26355]
..\\lib\\transaction.h(49): Registering web_reg_find was successful  	[MsgId: MMSG-26390]
..\\lib\\transaction.h(54): web_reg_save_param started  	[MsgId: MMSG-26355]
..\\lib\\transaction.h(54): Registering web_reg_save_param was successful  	[MsgId: MMSG-26390]
..\\lib\\transaction.h(60): web_reg_save_param started  	[MsgId: MMSG-26355]
..\\lib\\transaction.h(60): Registering web_reg_save_param was successful  	[MsgId: MMSG-26390]
..\\lib\\transaction.h(68): web_url("Search Flights Button") started  	[MsgId: MMSG-26355]
..\\lib\\transaction.h(68): Detected non-resource "http://localhost:1080/cgi-bin/nav.pl?page=menu&in=flights" in "http://localhost:1080/cgi-bin/welcome.pl?page=search"  	[MsgId: MMSG-26574]
..\\lib\\transaction.h(68): Detected non-resource "http://localhost:1080/cgi-bin/reservations.pl?page=welcome" in "http://localhost:1080/cgi-bin/welcome.pl?page=search"  	[MsgId: MMSG-26574]
..\\lib\\transaction.h(68): Found resource "http://localhost:1080/WebTours/images/in_flights.gif" in HTML "http://localhost:1080/cgi-bin/nav.pl?page=menu&in=flights"  	[MsgId: MMSG-26659]
..\\lib\\transaction.h(68): Resource "http://localhost:1080/WebTours/images/itinerary.gif" is in the cache already and will not be downloaded again  	[MsgId: MMSG-26655]
..\\lib\\transaction.h(68): Found resource "http://localhost:1080/WebTours/images/home.gif" in HTML "http://localhost:1080/cgi-bin/nav.pl?page=menu&in=flights"  	[MsgId: MMSG-26659]
..\\lib\\transaction.h(68): Resource "http://localhost:1080/WebTours/images/signoff.gif" is in the cache already and will not be downloaded again  	[MsgId: MMSG-26655]
..\\lib\\transaction.h(68): Found resource "http://localhost:1080/WebTours/images/button_next.gif" in HTML "http://localhost:1080/cgi-bin/reservations.pl?page=welcome"  	[MsgId: MMSG-26659]
..\\lib\\transaction.h(68): Registered web_reg_find successful for "Text=Find Flight" (count=1)  	[MsgId: MMSG-26364]
..\\lib\\transaction.h(68): web_url("Search Flights Button") was successful, 8516 body bytes, 1619 header bytes, 43 chunking overhead bytes  	[MsgId: MMSG-26385]
Action.c(23): lr_think_time: 3,00 seconds.	[MsgId: MMSG-15948]
Action.c(25): Notify: Transaction "flights_page" ended with a "Pass" status (Duration: 3,1437 Think Time: 3,0039 Wasted Time: 0,0001).	[MsgId: MMSG-16870]
Action.c(27): Notify: Transaction "find_flight" started.	[MsgId: MMSG-16999]
..\\lib\\transaction.h(83): web_reg_find started  	[MsgId: MMSG-26355]
..\\lib\\transaction.h(83): Registering web_reg_find was successful  	[MsgId: MMSG-26390]
..\\lib\\transaction.h(85): web_reg_save_param started  	[MsgId: MMSG-26355]
..\\lib\\transaction.h(85): Registering web_reg_save_param was successful  	[MsgId: MMSG-26390]
..\\lib\\transaction.h(91): web_submit_data("reservations.pl") started  	[MsgId: MMSG-26355]
..\\lib\\transaction.h(91): Resource "http://localhost:1080/WebTours/images/button_next.gif" is in the cache already and will not be downloaded again  	[MsgId: MMSG-26655]
..\\lib\\transaction.h(91): Registered web_reg_find successful for "Text=<B>Denver</B> to <B>San Francisco</B>" (count=1)  	[MsgId: MMSG-26364]
..\\lib\\transaction.h(91): web_submit_data("reservations.pl") was successful, 2461 body bytes, 255 header bytes, 12 chunking overhead bytes  	[MsgId: MMSG-26385]
Action.c(30): lr_think_time: 5,00 seconds.	[MsgId: MMSG-15948]
Action.c(32): Notify: Transaction "find_flight" ended with a "Pass" status (Duration: 5,0566 Think Time: 5,0108 Wasted Time: 0,0000).	[MsgId: MMSG-16870]
Action.c(35): Notify: Transaction "sign_off" started.	[MsgId: MMSG-16999]
..\\lib\\transaction.h(158): web_url("welcome.pl_2") started  	[MsgId: MMSG-26355]
..\\lib\\transaction.h(158): Detected non-resource "http://localhost:1080/cgi-bin/nav.pl?in=home" in "http://localhost:1080/cgi-bin/welcome.pl?signOff=1"  	[MsgId: MMSG-26574]
..\\lib\\transaction.h(158): Detected non-resource "http://localhost:1080/WebTours/home.html" in "http://localhost:1080/cgi-bin/welcome.pl?signOff=1"  	[MsgId: MMSG-26574]
..\\lib\\transaction.h(158): Retrieving data from cache for "http://localhost:1080/WebTours/home.html"  	[MsgId: MMSG-26558]
..\\lib\\transaction.h(158): Resource "http://localhost:1080/WebTours/images/mer_login.gif" is in the cache already and will not be downloaded again  	[MsgId: MMSG-26655]
..\\lib\\transaction.h(158): web_url("welcome.pl_2") was successful, 2176 body bytes, 583 header bytes, 24 chunking overhead bytes  	[MsgId: MMSG-26385]
Action.c(39): Notify: Transaction "sign_off" ended with a "Pass" status (Duration: 0,0628).	[MsgId: MMSG-16873]
Action.c(41): Notify: Transaction "UC01_Autorization" ended with a "Pass" status (Duration: 16,4370 Think Time: 16,0275 Wasted Time: 0,0002).	[MsgId: MMSG-16870]
Ending action Action.	[MsgId: MMSG-15918]
Ending Vuser...	[MsgId: MMSG-15966]
Starting action vuser_end.	[MsgId: MMSG-15919]
Ending action vuser_end.	[MsgId: MMSG-15918]
Vuser Terminated.	[MsgId: MMSG-15963]
