Virtual User Script started at: 18.12.2024 12:32:40	[MsgId: MMSG-15967]
Starting action vuser_init.	[MsgId: MMSG-15919]
Web Turbo Replay of LoadRunner 12.55.0 for Windows 10; build 911 (èþë 24 2017 19:46:00)  	[MsgId: MMSG-26983]
Run mode: HTML  	[MsgId: MMSG-26993]
Replay user agent: Mozilla/5.0 (Windows NT 10.0; Win64; x64; rv:133.0) Gecko/20100101 Firefox/133.0  	[MsgId: MMSG-26988]
Run-Time Settings file: "C:\Users\nikit\AppData\Local\Temp\lr5tmpdirtPd.218\lrcfgLh5.219\cfg5Gc.230"  	[MsgId: MMSG-27141]
Ending action vuser_init.	[MsgId: MMSG-15918]
Running Vuser...	[MsgId: MMSG-15964]
Starting iteration 1.	[MsgId: MMSG-15968]
Maximum number of concurrent connections per server: 6  	[MsgId: MMSG-26989]
Starting action Action.	[MsgId: MMSG-15919]
Action.c(3): Notify: Transaction "UC01_Autorization" started.	[MsgId: MMSG-16999]
Action.c(5): Notify: Transaction "open_home_page" started.	[MsgId: MMSG-16999]
..\\lib\\transaction.h(5): web_reg_save_param started  	[MsgId: MMSG-26355]
..\\lib\\transaction.h(5): Registering web_reg_save_param was successful  	[MsgId: MMSG-26390]
..\\lib\\transaction.h(10): web_reg_find started  	[MsgId: MMSG-26355]
..\\lib\\transaction.h(10): Registering web_reg_find was successful  	[MsgId: MMSG-26390]
..\\lib\\transaction.h(13): web_url("WebTours") started  	[MsgId: MMSG-26355]
..\\lib\\transaction.h(13): Detected non-resource "http://localhost:1080/WebTours/header.html" in "http://localhost:1080/WebTours/"  	[MsgId: MMSG-26574]
..\\lib\\transaction.h(13): Detected non-resource "http://localhost:1080/cgi-bin/welcome.pl?signOff=true" in "http://localhost:1080/WebTours/"  	[MsgId: MMSG-26574]
..\\lib\\transaction.h(13): Found resource "http://localhost:1080/WebTours/images/hp_logo.png" in HTML "http://localhost:1080/WebTours/header.html"  	[MsgId: MMSG-26659]
..\\lib\\transaction.h(13): Found resource "http://localhost:1080/WebTours/images/webtours.png" in HTML "http://localhost:1080/WebTours/header.html"  	[MsgId: MMSG-26659]
..\\lib\\transaction.h(13): Detected non-resource "http://localhost:1080/cgi-bin/nav.pl?in=home" in "http://localhost:1080/cgi-bin/welcome.pl?signOff=true"  	[MsgId: MMSG-26574]
..\\lib\\transaction.h(13): Detected non-resource "http://localhost:1080/WebTours/home.html" in "http://localhost:1080/cgi-bin/welcome.pl?signOff=true"  	[MsgId: MMSG-26574]
..\\lib\\transaction.h(13): Found resource "http://localhost:1080/WebTours/images/mer_login.gif" in HTML "http://localhost:1080/cgi-bin/nav.pl?in=home"  	[MsgId: MMSG-26659]
..\\lib\\transaction.h(13): Registered web_reg_find successful for "Text=Welcome to the Web Tours site." (count=1)  	[MsgId: MMSG-26364]
..\\lib\\transaction.h(13): web_url("WebTours") was successful, 10077 body bytes, 2279 header bytes, 24 chunking overhead bytes  	[MsgId: MMSG-26385]
Action.c(9): lr_think_time: 3,00 seconds.	[MsgId: MMSG-15948]
Action.c(11): Notify: Transaction "open_home_page" ended with a "Pass" status (Duration: 3,0727 Think Time: 3,0128 Wasted Time: 0,0001).	[MsgId: MMSG-16870]
Action.c(13): Notify: Transaction "login" started.	[MsgId: MMSG-16999]
..\\lib\\transaction.h(26): web_reg_find started  	[MsgId: MMSG-26355]
..\\lib\\transaction.h(26): Registering web_reg_find was successful  	[MsgId: MMSG-26390]
..\\lib\\transaction.h(28): web_reg_find started  	[MsgId: MMSG-26355]
..\\lib\\transaction.h(28): Registering web_reg_find was successful  	[MsgId: MMSG-26390]
..\\lib\\transaction.h(30): web_submit_data("login.pl") started  	[MsgId: MMSG-26355]
..\\lib\\transaction.h(30): Detected non-resource "http://localhost:1080/cgi-bin/nav.pl?page=menu&in=home" in "http://localhost:1080/cgi-bin/login.pl"  	[MsgId: MMSG-26574]
..\\lib\\transaction.h(30): Detected non-resource "http://localhost:1080/cgi-bin/login.pl?intro=true" in "http://localhost:1080/cgi-bin/login.pl"  	[MsgId: MMSG-26574]
..\\lib\\transaction.h(30): Found resource "http://localhost:1080/WebTours/images/flights.gif" in HTML "http://localhost:1080/cgi-bin/nav.pl?page=menu&in=home"  	[MsgId: MMSG-26659]
..\\lib\\transaction.h(30): Found resource "http://localhost:1080/WebTours/images/itinerary.gif" in HTML "http://localhost:1080/cgi-bin/nav.pl?page=menu&in=home"  	[MsgId: MMSG-26659]
..\\lib\\transaction.h(30): Found resource "http://localhost:1080/WebTours/images/in_home.gif" in HTML "http://localhost:1080/cgi-bin/nav.pl?page=menu&in=home"  	[MsgId: MMSG-26659]
..\\lib\\transaction.h(30): Found resource "http://localhost:1080/WebTours/images/signoff.gif" in HTML "http://localhost:1080/cgi-bin/nav.pl?page=menu&in=home"  	[MsgId: MMSG-26659]
..\\lib\\transaction.h(30): Registered web_reg_find successful for "Text=User password was correct" (count=1)  	[MsgId: MMSG-26364]
..\\lib\\transaction.h(30): Registered web_reg_find successful for "Text=<blockquote>Welcome, <b>Geralt</b>, to the Web Tours" (count=1)  	[MsgId: MMSG-26364]
..\\lib\\transaction.h(30): web_submit_data("login.pl") was successful, 5781 body bytes, 1995 header bytes, 36 chunking overhead bytes  	[MsgId: MMSG-26385]
Action.c(16): lr_think_time: 5,00 seconds.	[MsgId: MMSG-15948]
Action.c(18): Notify: Transaction "login" ended with a "Pass" status (Duration: 5,1953 Think Time: 5,0097 Wasted Time: 0,0000).	[MsgId: MMSG-16870]
Action.c(20): Notify: Transaction "itinerary_page" started.	[MsgId: MMSG-16999]
..\\lib\\transaction.h(143): web_reg_find started  	[MsgId: MMSG-26355]
..\\lib\\transaction.h(143): Registering web_reg_find was successful  	[MsgId: MMSG-26390]
..\\lib\\transaction.h(146): web_url("welcome.pl_2") started  	[MsgId: MMSG-26355]
..\\lib\\transaction.h(146): Detected non-resource "http://localhost:1080/cgi-bin/nav.pl?page=menu&in=itinerary" in "http://localhost:1080/cgi-bin/welcome.pl?page=itinerary"  	[MsgId: MMSG-26574]
..\\lib\\transaction.h(146): Detected non-resource "http://localhost:1080/cgi-bin/itinerary.pl" in "http://localhost:1080/cgi-bin/welcome.pl?page=itinerary"  	[MsgId: MMSG-26574]
..\\lib\\transaction.h(146): Resource "http://localhost:1080/WebTours/images/flights.gif" is in the cache already and will not be downloaded again  	[MsgId: MMSG-26655]
..\\lib\\transaction.h(146): Found resource "http://localhost:1080/WebTours/images/in_itinerary.gif" in HTML "http://localhost:1080/cgi-bin/nav.pl?page=menu&in=itinerary"  	[MsgId: MMSG-26659]
..\\lib\\transaction.h(146): Found resource "http://localhost:1080/WebTours/images/home.gif" in HTML "http://localhost:1080/cgi-bin/nav.pl?page=menu&in=itinerary"  	[MsgId: MMSG-26659]
..\\lib\\transaction.h(146): Resource "http://localhost:1080/WebTours/images/signoff.gif" is in the cache already and will not be downloaded again  	[MsgId: MMSG-26655]
..\\lib\\transaction.h(146): Found resource "http://localhost:1080/WebTours/images/cancelreservation.gif" in HTML "http://localhost:1080/cgi-bin/itinerary.pl"  	[MsgId: MMSG-26659]
..\\lib\\transaction.h(146): Found resource "http://localhost:1080/WebTours/images/cancelallreservations.gif" in HTML "http://localhost:1080/cgi-bin/itinerary.pl"  	[MsgId: MMSG-26659]
..\\lib\\transaction.h(146): Registered web_reg_find successful for "Text=Itinerary" (count=3)  	[MsgId: MMSG-26364]
..\\lib\\transaction.h(146): web_url("welcome.pl_2") was successful, 7763 body bytes, 1853 header bytes, 36 chunking overhead bytes  	[MsgId: MMSG-26385]
Action.c(22): lr_think_time: 3,00 seconds.	[MsgId: MMSG-15948]
Action.c(24): Notify: Transaction "itinerary_page" ended with a "Pass" status (Duration: 3,2852 Think Time: 3,0021 Wasted Time: 0,0000).	[MsgId: MMSG-16870]
Action.c(26): Notify: Transaction "flights_page" started.	[MsgId: MMSG-16999]
..\\lib\\transaction.h(49): web_reg_find started  	[MsgId: MMSG-26355]
..\\lib\\transaction.h(49): Registering web_reg_find was successful  	[MsgId: MMSG-26390]
..\\lib\\transaction.h(54): web_reg_save_param started  	[MsgId: MMSG-26355]
..\\lib\\transaction.h(54): Registering web_reg_save_param was successful  	[MsgId: MMSG-26390]
..\\lib\\transaction.h(60): web_reg_save_param started  	[MsgId: MMSG-26355]
..\\lib\\transaction.h(60): Registering web_reg_save_param was successful  	[MsgId: MMSG-26390]
..\\lib\\transaction.h(68): web_url("Search Flights Button") started  	[MsgId: MMSG-26355]
..\\lib\\transaction.h(68): Detected non-resource "http://localhost:1080/cgi-bin/nav.pl?page=menu&in=flights" in "http://localhost:1080/cgi-bin/welcome.pl?page=search"  	[MsgId: MMSG-26574]
..\\lib\\transaction.h(68): Detected non-resource "http://localhost:1080/cgi-bin/reservations.pl?page=welcome" in "http://localhost:1080/cgi-bin/welcome.pl?page=search"  	[MsgId: MMSG-26574]
..\\lib\\transaction.h(68): Found resource "http://localhost:1080/WebTours/images/in_flights.gif" in HTML "http://localhost:1080/cgi-bin/nav.pl?page=menu&in=flights"  	[MsgId: MMSG-26659]
..\\lib\\transaction.h(68): Resource "http://localhost:1080/WebTours/images/itinerary.gif" is in the cache already and will not be downloaded again  	[MsgId: MMSG-26655]
..\\lib\\transaction.h(68): Resource "http://localhost:1080/WebTours/images/home.gif" is in the cache already and will not be downloaded again  	[MsgId: MMSG-26655]
..\\lib\\transaction.h(68): Resource "http://localhost:1080/WebTours/images/signoff.gif" is in the cache already and will not be downloaded again  	[MsgId: MMSG-26655]
..\\lib\\transaction.h(68): Found resource "http://localhost:1080/WebTours/images/button_next.gif" in HTML "http://localhost:1080/cgi-bin/reservations.pl?page=welcome"  	[MsgId: MMSG-26659]
..\\lib\\transaction.h(68): Registered web_reg_find successful for "Text=Find Flight" (count=1)  	[MsgId: MMSG-26364]
..\\lib\\transaction.h(68): web_url("Search Flights Button") was successful, 7813 body bytes, 1286 header bytes, 37 chunking overhead bytes  	[MsgId: MMSG-26385]
Action.c(29): lr_think_time: 3,00 seconds.	[MsgId: MMSG-15948]
Action.c(31): Notify: Transaction "flights_page" ended with a "Pass" status (Duration: 3,2940 Think Time: 3,0039 Wasted Time: 0,0002).	[MsgId: MMSG-16870]
Action.c(33): Notify: Transaction "find_flight" started.	[MsgId: MMSG-16999]
..\\lib\\transaction.h(83): web_reg_find started  	[MsgId: MMSG-26355]
..\\lib\\transaction.h(83): Registering web_reg_find was successful  	[MsgId: MMSG-26390]
..\\lib\\transaction.h(85): web_reg_save_param started  	[MsgId: MMSG-26355]
..\\lib\\transaction.h(85): Registering web_reg_save_param was successful  	[MsgId: MMSG-26390]
..\\lib\\transaction.h(91): web_submit_data("reservations.pl") started  	[MsgId: MMSG-26355]
..\\lib\\transaction.h(91): Resource "http://localhost:1080/WebTours/images/button_next.gif" is in the cache already and will not be downloaded again  	[MsgId: MMSG-26655]
..\\lib\\transaction.h(91): Registered web_reg_find successful for "Text=<B>Los Angeles</B> to <B>Zurich</B>" (count=1)  	[MsgId: MMSG-26364]
..\\lib\\transaction.h(91): web_submit_data("reservations.pl") was successful, 2442 body bytes, 254 header bytes, 12 chunking overhead bytes  	[MsgId: MMSG-26385]
Action.c(36): lr_think_time: 5,00 seconds.	[MsgId: MMSG-15948]
Action.c(38): Notify: Transaction "find_flight" ended with a "Pass" status (Duration: 5,0464 Think Time: 5,0070 Wasted Time: 0,0000).	[MsgId: MMSG-16870]
Action.c(41): Notify: Transaction "sign_off" started.	[MsgId: MMSG-16999]
..\\lib\\transaction.h(158): web_url("welcome.pl_2") started  	[MsgId: MMSG-26355]
..\\lib\\transaction.h(158): Detected non-resource "http://localhost:1080/cgi-bin/nav.pl?in=home" in "http://localhost:1080/cgi-bin/welcome.pl?signOff=1"  	[MsgId: MMSG-26574]
..\\lib\\transaction.h(158): Detected non-resource "http://localhost:1080/WebTours/home.html" in "http://localhost:1080/cgi-bin/welcome.pl?signOff=1"  	[MsgId: MMSG-26574]
..\\lib\\transaction.h(158): Retrieving data from cache for "http://localhost:1080/WebTours/home.html"  	[MsgId: MMSG-26558]
..\\lib\\transaction.h(158): Resource "http://localhost:1080/WebTours/images/mer_login.gif" is in the cache already and will not be downloaded again  	[MsgId: MMSG-26655]
..\\lib\\transaction.h(158): web_url("welcome.pl_2") was successful, 2168 body bytes, 581 header bytes, 24 chunking overhead bytes  	[MsgId: MMSG-26385]
Action.c(45): Notify: Transaction "sign_off" ended with a "Pass" status (Duration: 0,1631).	[MsgId: MMSG-16873]
Action.c(47): Notify: Transaction "UC01_Autorization" ended with a "Pass" status (Duration: 20,0582 Think Time: 19,0355 Wasted Time: 0,0004).	[MsgId: MMSG-16870]
Ending action Action.	[MsgId: MMSG-15918]
Ending iteration 1.	[MsgId: MMSG-15965]
Waiting 244,9420 seconds for iteration pacing.	[MsgId: MMSG-15996]
Ending Vuser...	[MsgId: MMSG-15966]
Starting action vuser_end.	[MsgId: MMSG-15919]
Ending action vuser_end.	[MsgId: MMSG-15918]
Vuser Terminated.	[MsgId: MMSG-15963]
