Virtual User Script started at: 12.12.2024 15:45:22	[MsgId: MMSG-15967]
Starting action vuser_init.	[MsgId: MMSG-15919]
Web Turbo Replay of LoadRunner 12.55.0 for Windows 10; build 911 (èþë 24 2017 19:46:00)  	[MsgId: MMSG-26983]
Run mode: HTML  	[MsgId: MMSG-26993]
Replay user agent: Mozilla/5.0 (Windows NT 10.0; Win64; x64; rv:133.0) Gecko/20100101 Firefox/133.0  	[MsgId: MMSG-26988]
Run-Time Settings file: "C:\Users\nikit\AppData\Local\Temp\lr5tmpdirJ8A.230\lrcfggvX.231\cfg0O7.242"  	[MsgId: MMSG-27141]
Ending action vuser_init.	[MsgId: MMSG-15918]
Running Vuser...	[MsgId: MMSG-15964]
Starting iteration 1.	[MsgId: MMSG-15968]
Maximum number of concurrent connections per server: 6  	[MsgId: MMSG-26989]
Starting action Action.	[MsgId: MMSG-15919]
Action.c(3): Notify: Transaction "UC01_Autorization" started.	[MsgId: MMSG-16999]
Action.c(5): Notify: Transaction "open_home_page" started.	[MsgId: MMSG-16999]
..\\lib\\transaction.h(5): web_reg_save_param started  	[MsgId: MMSG-26355]
..\\lib\\transaction.h(5): Registering web_reg_save_param was successful  	[MsgId: MMSG-26390]
..\\lib\\transaction.h(10): web_reg_find started  	[MsgId: MMSG-26355]
..\\lib\\transaction.h(10): Registering web_reg_find was successful  	[MsgId: MMSG-26390]
..\\lib\\transaction.h(13): web_url("WebTours") started  	[MsgId: MMSG-26355]
..\\lib\\transaction.h(13): Detected non-resource "http://localhost:1080/WebTours/header.html" in "http://localhost:1080/WebTours/"  	[MsgId: MMSG-26574]
..\\lib\\transaction.h(13): Detected non-resource "http://localhost:1080/cgi-bin/welcome.pl?signOff=true" in "http://localhost:1080/WebTours/"  	[MsgId: MMSG-26574]
..\\lib\\transaction.h(13): Found resource "http://localhost:1080/WebTours/images/hp_logo.png" in HTML "http://localhost:1080/WebTours/header.html"  	[MsgId: MMSG-26659]
..\\lib\\transaction.h(13): Found resource "http://localhost:1080/WebTours/images/webtours.png" in HTML "http://localhost:1080/WebTours/header.html"  	[MsgId: MMSG-26659]
..\\lib\\transaction.h(13): Detected non-resource "http://localhost:1080/cgi-bin/nav.pl?in=home" in "http://localhost:1080/cgi-bin/welcome.pl?signOff=true"  	[MsgId: MMSG-26574]
..\\lib\\transaction.h(13): Detected non-resource "http://localhost:1080/WebTours/home.html" in "http://localhost:1080/cgi-bin/welcome.pl?signOff=true"  	[MsgId: MMSG-26574]
..\\lib\\transaction.h(13): Found resource "http://localhost:1080/WebTours/images/mer_login.gif" in HTML "http://localhost:1080/cgi-bin/nav.pl?in=home"  	[MsgId: MMSG-26659]
..\\lib\\transaction.h(13): Registered web_reg_find successful for "Text=Welcome to the Web Tours site." (count=1)  	[MsgId: MMSG-26364]
..\\lib\\transaction.h(13): web_url("WebTours") was successful, 10079 body bytes, 2371 header bytes, 24 chunking overhead bytes  	[MsgId: MMSG-26385]
Action.c(9): lr_think_time: 3,00 seconds.	[MsgId: MMSG-15948]
Action.c(11): Notify: Transaction "open_home_page" ended with a "Pass" status (Duration: 3,0706 Think Time: 3,0009 Wasted Time: 0,0001).	[MsgId: MMSG-16870]
Action.c(13): Notify: Transaction "login" started.	[MsgId: MMSG-16999]
..\\lib\\transaction.h(26): web_reg_find started  	[MsgId: MMSG-26355]
..\\lib\\transaction.h(26): Registering web_reg_find was successful  	[MsgId: MMSG-26390]
..\\lib\\transaction.h(28): web_reg_find started  	[MsgId: MMSG-26355]
..\\lib\\transaction.h(28): Registering web_reg_find was successful  	[MsgId: MMSG-26390]
..\\lib\\transaction.h(30): web_submit_data("login.pl") started  	[MsgId: MMSG-26355]
..\\lib\\transaction.h(30): Detected non-resource "http://localhost:1080/cgi-bin/nav.pl?page=menu&in=home" in "http://localhost:1080/cgi-bin/login.pl"  	[MsgId: MMSG-26574]
..\\lib\\transaction.h(30): Detected non-resource "http://localhost:1080/cgi-bin/login.pl?intro=true" in "http://localhost:1080/cgi-bin/login.pl"  	[MsgId: MMSG-26574]
..\\lib\\transaction.h(30): Found resource "http://localhost:1080/WebTours/images/flights.gif" in HTML "http://localhost:1080/cgi-bin/nav.pl?page=menu&in=home"  	[MsgId: MMSG-26659]
..\\lib\\transaction.h(30): Found resource "http://localhost:1080/WebTours/images/itinerary.gif" in HTML "http://localhost:1080/cgi-bin/nav.pl?page=menu&in=home"  	[MsgId: MMSG-26659]
..\\lib\\transaction.h(30): Found resource "http://localhost:1080/WebTours/images/in_home.gif" in HTML "http://localhost:1080/cgi-bin/nav.pl?page=menu&in=home"  	[MsgId: MMSG-26659]
..\\lib\\transaction.h(30): Found resource "http://localhost:1080/WebTours/images/signoff.gif" in HTML "http://localhost:1080/cgi-bin/nav.pl?page=menu&in=home"  	[MsgId: MMSG-26659]
..\\lib\\transaction.h(30): Registered web_reg_find successful for "Text=User password was correct" (count=1)  	[MsgId: MMSG-26364]
..\\lib\\transaction.h(30): Registered web_reg_find successful for "Text=<blockquote>Welcome, <b>Geralt</b>, to the Web Tours" (count=1)  	[MsgId: MMSG-26364]
..\\lib\\transaction.h(30): web_submit_data("login.pl") was successful, 5781 body bytes, 2059 header bytes, 36 chunking overhead bytes  	[MsgId: MMSG-26385]
Action.c(16): lr_think_time: 5,00 seconds.	[MsgId: MMSG-15948]
Action.c(18): Notify: Transaction "login" ended with a "Pass" status (Duration: 5,1032 Think Time: 5,0086 Wasted Time: 0,0000).	[MsgId: MMSG-16870]
Action.c(20): Notify: Transaction "itinerary_page" started.	[MsgId: MMSG-16999]
..\\lib\\transaction.h(143): web_reg_find started  	[MsgId: MMSG-26355]
..\\lib\\transaction.h(143): Registering web_reg_find was successful  	[MsgId: MMSG-26390]
..\\lib\\transaction.h(146): web_url("welcome.pl_2") started  	[MsgId: MMSG-26355]
..\\lib\\transaction.h(146): Detected non-resource "http://localhost:1080/cgi-bin/nav.pl?page=menu&in=itinerary" in "http://localhost:1080/cgi-bin/welcome.pl?page=itinerary"  	[MsgId: MMSG-26574]
..\\lib\\transaction.h(146): Detected non-resource "http://localhost:1080/cgi-bin/itinerary.pl" in "http://localhost:1080/cgi-bin/welcome.pl?page=itinerary"  	[MsgId: MMSG-26574]
..\\lib\\transaction.h(146): Resource "http://localhost:1080/WebTours/images/flights.gif" is in the cache already and will not be downloaded again  	[MsgId: MMSG-26655]
..\\lib\\transaction.h(146): Found resource "http://localhost:1080/WebTours/images/in_itinerary.gif" in HTML "http://localhost:1080/cgi-bin/nav.pl?page=menu&in=itinerary"  	[MsgId: MMSG-26659]
..\\lib\\transaction.h(146): Found resource "http://localhost:1080/WebTours/images/home.gif" in HTML "http://localhost:1080/cgi-bin/nav.pl?page=menu&in=itinerary"  	[MsgId: MMSG-26659]
..\\lib\\transaction.h(146): Resource "http://localhost:1080/WebTours/images/signoff.gif" is in the cache already and will not be downloaded again  	[MsgId: MMSG-26655]
..\\lib\\transaction.h(146): Found resource "http://localhost:1080/WebTours/images/cancelreservation.gif" in HTML "http://localhost:1080/cgi-bin/itinerary.pl"  	[MsgId: MMSG-26659]
..\\lib\\transaction.h(146): Found resource "http://localhost:1080/WebTours/images/cancelallreservations.gif" in HTML "http://localhost:1080/cgi-bin/itinerary.pl"  	[MsgId: MMSG-26659]
..\\lib\\transaction.h(146): Registered web_reg_find successful for "Text=Itinerary" (count=3)  	[MsgId: MMSG-26364]
..\\lib\\transaction.h(146): web_url("welcome.pl_2") was successful, 12634 body bytes, 1915 header bytes, 43 chunking overhead bytes  	[MsgId: MMSG-26385]
Action.c(22): lr_think_time: 3,00 seconds.	[MsgId: MMSG-15948]
Action.c(24): Notify: Transaction "itinerary_page" ended with a "Pass" status (Duration: 3,1256 Think Time: 3,0021 Wasted Time: 0,0000).	[MsgId: MMSG-16870]
Action.c(26): Notify: Transaction "flights_page" started.	[MsgId: MMSG-16999]
..\\lib\\transaction.h(49): web_reg_find started  	[MsgId: MMSG-26355]
..\\lib\\transaction.h(49): Registering web_reg_find was successful  	[MsgId: MMSG-26390]
..\\lib\\transaction.h(54): web_reg_save_param started  	[MsgId: MMSG-26355]
..\\lib\\transaction.h(54): Registering web_reg_save_param was successful  	[MsgId: MMSG-26390]
..\\lib\\transaction.h(60): web_reg_save_param started  	[MsgId: MMSG-26355]
..\\lib\\transaction.h(60): Registering web_reg_save_param was successful  	[MsgId: MMSG-26390]
..\\lib\\transaction.h(68): web_url("Search Flights Button") started  	[MsgId: MMSG-26355]
..\\lib\\transaction.h(68): Detected non-resource "http://localhost:1080/cgi-bin/nav.pl?page=menu&in=flights" in "http://localhost:1080/cgi-bin/welcome.pl?page=search"  	[MsgId: MMSG-26574]
..\\lib\\transaction.h(68): Detected non-resource "http://localhost:1080/cgi-bin/reservations.pl?page=welcome" in "http://localhost:1080/cgi-bin/welcome.pl?page=search"  	[MsgId: MMSG-26574]
..\\lib\\transaction.h(68): Found resource "http://localhost:1080/WebTours/images/in_flights.gif" in HTML "http://localhost:1080/cgi-bin/nav.pl?page=menu&in=flights"  	[MsgId: MMSG-26659]
..\\lib\\transaction.h(68): Resource "http://localhost:1080/WebTours/images/itinerary.gif" is in the cache already and will not be downloaded again  	[MsgId: MMSG-26655]
..\\lib\\transaction.h(68): Resource "http://localhost:1080/WebTours/images/home.gif" is in the cache already and will not be downloaded again  	[MsgId: MMSG-26655]
..\\lib\\transaction.h(68): Resource "http://localhost:1080/WebTours/images/signoff.gif" is in the cache already and will not be downloaded again  	[MsgId: MMSG-26655]
..\\lib\\transaction.h(68): Found resource "http://localhost:1080/WebTours/images/button_next.gif" in HTML "http://localhost:1080/cgi-bin/reservations.pl?page=welcome"  	[MsgId: MMSG-26659]
..\\lib\\transaction.h(68): Registered web_reg_find successful for "Text=Find Flight" (count=1)  	[MsgId: MMSG-26364]
..\\lib\\transaction.h(68): web_url("Search Flights Button") was successful, 7828 body bytes, 1319 header bytes, 43 chunking overhead bytes  	[MsgId: MMSG-26385]
Action.c(29): lr_think_time: 3,00 seconds.	[MsgId: MMSG-15948]
Action.c(31): Notify: Transaction "flights_page" ended with a "Pass" status (Duration: 3,1242 Think Time: 3,0127 Wasted Time: 0,0001).	[MsgId: MMSG-16870]
Action.c(33): Notify: Transaction "find_flight" started.	[MsgId: MMSG-16999]
..\\lib\\transaction.h(83): web_reg_find started  	[MsgId: MMSG-26355]
..\\lib\\transaction.h(83): Registering web_reg_find was successful  	[MsgId: MMSG-26390]
..\\lib\\transaction.h(85): web_reg_save_param started  	[MsgId: MMSG-26355]
..\\lib\\transaction.h(85): Registering web_reg_save_param was successful  	[MsgId: MMSG-26390]
..\\lib\\transaction.h(91): web_submit_data("reservations.pl") started  	[MsgId: MMSG-26355]
..\\lib\\transaction.h(91): Resource "http://localhost:1080/WebTours/images/button_next.gif" is in the cache already and will not be downloaded again  	[MsgId: MMSG-26655]
..\\lib\\transaction.h(91): Registered web_reg_find successful for "Text=<B>Portland</B> to <B>Paris</B>" (count=1)  	[MsgId: MMSG-26364]
..\\lib\\transaction.h(91): web_submit_data("reservations.pl") was successful, 2455 body bytes, 255 header bytes, 12 chunking overhead bytes  	[MsgId: MMSG-26385]
Action.c(36): lr_think_time: 5,00 seconds.	[MsgId: MMSG-15948]
Action.c(38): Notify: Transaction "find_flight" ended with a "Pass" status (Duration: 5,0530 Think Time: 5,0027 Wasted Time: 0,0000).	[MsgId: MMSG-16870]
Action.c(41): Notify: Transaction "sign_off" started.	[MsgId: MMSG-16999]
..\\lib\\transaction.h(158): web_url("welcome.pl_2") started  	[MsgId: MMSG-26355]
..\\lib\\transaction.h(158): Detected non-resource "http://localhost:1080/cgi-bin/nav.pl?in=home" in "http://localhost:1080/cgi-bin/welcome.pl?signOff=1"  	[MsgId: MMSG-26574]
..\\lib\\transaction.h(158): Detected non-resource "http://localhost:1080/WebTours/home.html" in "http://localhost:1080/cgi-bin/welcome.pl?signOff=1"  	[MsgId: MMSG-26574]
..\\lib\\transaction.h(158): Retrieving data from cache for "http://localhost:1080/WebTours/home.html"  	[MsgId: MMSG-26558]
..\\lib\\transaction.h(158): Resource "http://localhost:1080/WebTours/images/mer_login.gif" is in the cache already and will not be downloaded again  	[MsgId: MMSG-26655]
..\\lib\\transaction.h(158): web_url("welcome.pl_2") was successful, 2176 body bytes, 583 header bytes, 24 chunking overhead bytes  	[MsgId: MMSG-26385]
Action.c(45): Notify: Transaction "sign_off" ended with a "Pass" status (Duration: 0,0667).	[MsgId: MMSG-16873]
Action.c(47): Notify: Transaction "UC01_Autorization" ended with a "Pass" status (Duration: 19,5443 Think Time: 19,0270 Wasted Time: 0,0003).	[MsgId: MMSG-16870]
Ending action Action.	[MsgId: MMSG-15918]
Ending iteration 1.	[MsgId: MMSG-15965]
Waiting 245,4560 seconds for iteration pacing.	[MsgId: MMSG-15996]
Starting iteration 2.	[MsgId: MMSG-15968]
Starting action Action.	[MsgId: MMSG-15919]
Action.c(3): Notify: Transaction "UC01_Autorization" started.	[MsgId: MMSG-16999]
Action.c(5): Notify: Transaction "open_home_page" started.	[MsgId: MMSG-16999]
..\\lib\\transaction.h(5): web_reg_save_param started  	[MsgId: MMSG-26355]
..\\lib\\transaction.h(5): Registering web_reg_save_param was successful  	[MsgId: MMSG-26390]
..\\lib\\transaction.h(10): web_reg_find started  	[MsgId: MMSG-26355]
..\\lib\\transaction.h(10): Registering web_reg_find was successful  	[MsgId: MMSG-26390]
..\\lib\\transaction.h(13): web_url("WebTours") started  	[MsgId: MMSG-26355]
..\\lib\\transaction.h(13): Detected non-resource "http://localhost:1080/WebTours/header.html" in "http://localhost:1080/WebTours/"  	[MsgId: MMSG-26574]
..\\lib\\transaction.h(13): Detected non-resource "http://localhost:1080/cgi-bin/welcome.pl?signOff=true" in "http://localhost:1080/WebTours/"  	[MsgId: MMSG-26574]
..\\lib\\transaction.h(13): Found resource "http://localhost:1080/WebTours/images/hp_logo.png" in HTML "http://localhost:1080/WebTours/header.html"  	[MsgId: MMSG-26659]
..\\lib\\transaction.h(13): Found resource "http://localhost:1080/WebTours/images/webtours.png" in HTML "http://localhost:1080/WebTours/header.html"  	[MsgId: MMSG-26659]
..\\lib\\transaction.h(13): Detected non-resource "http://localhost:1080/cgi-bin/nav.pl?in=home" in "http://localhost:1080/cgi-bin/welcome.pl?signOff=true"  	[MsgId: MMSG-26574]
..\\lib\\transaction.h(13): Detected non-resource "http://localhost:1080/WebTours/home.html" in "http://localhost:1080/cgi-bin/welcome.pl?signOff=true"  	[MsgId: MMSG-26574]
..\\lib\\transaction.h(13): Found resource "http://localhost:1080/WebTours/images/mer_login.gif" in HTML "http://localhost:1080/cgi-bin/nav.pl?in=home"  	[MsgId: MMSG-26659]
..\\lib\\transaction.h(13): Registered web_reg_find successful for "Text=Welcome to the Web Tours site." (count=1)  	[MsgId: MMSG-26364]
..\\lib\\transaction.h(13): web_url("WebTours") was successful, 10080 body bytes, 2371 header bytes, 24 chunking overhead bytes  	[MsgId: MMSG-26385]
Action.c(9): lr_think_time: 3,00 seconds.	[MsgId: MMSG-15948]
Action.c(11): Notify: Transaction "open_home_page" ended with a "Pass" status (Duration: 3,0849 Think Time: 3,0095 Wasted Time: 0,0001).	[MsgId: MMSG-16870]
Action.c(13): Notify: Transaction "login" started.	[MsgId: MMSG-16999]
..\\lib\\transaction.h(26): web_reg_find started  	[MsgId: MMSG-26355]
..\\lib\\transaction.h(26): Registering web_reg_find was successful  	[MsgId: MMSG-26390]
..\\lib\\transaction.h(28): web_reg_find started  	[MsgId: MMSG-26355]
..\\lib\\transaction.h(28): Registering web_reg_find was successful  	[MsgId: MMSG-26390]
..\\lib\\transaction.h(30): web_submit_data("login.pl") started  	[MsgId: MMSG-26355]
..\\lib\\transaction.h(30): Detected non-resource "http://localhost:1080/cgi-bin/nav.pl?page=menu&in=home" in "http://localhost:1080/cgi-bin/login.pl"  	[MsgId: MMSG-26574]
..\\lib\\transaction.h(30): Detected non-resource "http://localhost:1080/cgi-bin/login.pl?intro=true" in "http://localhost:1080/cgi-bin/login.pl"  	[MsgId: MMSG-26574]
..\\lib\\transaction.h(30): Found resource "http://localhost:1080/WebTours/images/flights.gif" in HTML "http://localhost:1080/cgi-bin/nav.pl?page=menu&in=home"  	[MsgId: MMSG-26659]
..\\lib\\transaction.h(30): Found resource "http://localhost:1080/WebTours/images/itinerary.gif" in HTML "http://localhost:1080/cgi-bin/nav.pl?page=menu&in=home"  	[MsgId: MMSG-26659]
..\\lib\\transaction.h(30): Found resource "http://localhost:1080/WebTours/images/in_home.gif" in HTML "http://localhost:1080/cgi-bin/nav.pl?page=menu&in=home"  	[MsgId: MMSG-26659]
..\\lib\\transaction.h(30): Found resource "http://localhost:1080/WebTours/images/signoff.gif" in HTML "http://localhost:1080/cgi-bin/nav.pl?page=menu&in=home"  	[MsgId: MMSG-26659]
..\\lib\\transaction.h(30): Registered web_reg_find successful for "Text=User password was correct" (count=1)  	[MsgId: MMSG-26364]
..\\lib\\transaction.h(30): Registered web_reg_find successful for "Text=<blockquote>Welcome, <b>Yennefer</b>, to the Web Tours" (count=1)  	[MsgId: MMSG-26364]
..\\lib\\transaction.h(30): web_submit_data("login.pl") was successful, 5783 body bytes, 2081 header bytes, 36 chunking overhead bytes  	[MsgId: MMSG-26385]
Action.c(16): lr_think_time: 5,00 seconds.	[MsgId: MMSG-15948]
Action.c(18): Notify: Transaction "login" ended with a "Pass" status (Duration: 5,1164 Think Time: 5,0065 Wasted Time: 0,0000).	[MsgId: MMSG-16870]
Action.c(20): Notify: Transaction "itinerary_page" started.	[MsgId: MMSG-16999]
..\\lib\\transaction.h(143): web_reg_find started  	[MsgId: MMSG-26355]
..\\lib\\transaction.h(143): Registering web_reg_find was successful  	[MsgId: MMSG-26390]
..\\lib\\transaction.h(146): web_url("welcome.pl_2") started  	[MsgId: MMSG-26355]
..\\lib\\transaction.h(146): Detected non-resource "http://localhost:1080/cgi-bin/nav.pl?page=menu&in=itinerary" in "http://localhost:1080/cgi-bin/welcome.pl?page=itinerary"  	[MsgId: MMSG-26574]
..\\lib\\transaction.h(146): Detected non-resource "http://localhost:1080/cgi-bin/itinerary.pl" in "http://localhost:1080/cgi-bin/welcome.pl?page=itinerary"  	[MsgId: MMSG-26574]
..\\lib\\transaction.h(146): Resource "http://localhost:1080/WebTours/images/flights.gif" is in the cache already and will not be downloaded again  	[MsgId: MMSG-26655]
..\\lib\\transaction.h(146): Found resource "http://localhost:1080/WebTours/images/in_itinerary.gif" in HTML "http://localhost:1080/cgi-bin/nav.pl?page=menu&in=itinerary"  	[MsgId: MMSG-26659]
..\\lib\\transaction.h(146): Found resource "http://localhost:1080/WebTours/images/home.gif" in HTML "http://localhost:1080/cgi-bin/nav.pl?page=menu&in=itinerary"  	[MsgId: MMSG-26659]
..\\lib\\transaction.h(146): Resource "http://localhost:1080/WebTours/images/signoff.gif" is in the cache already and will not be downloaded again  	[MsgId: MMSG-26655]
..\\lib\\transaction.h(146): Found resource "http://localhost:1080/WebTours/images/cancelreservation.gif" in HTML "http://localhost:1080/cgi-bin/itinerary.pl"  	[MsgId: MMSG-26659]
..\\lib\\transaction.h(146): Found resource "http://localhost:1080/WebTours/images/cancelallreservations.gif" in HTML "http://localhost:1080/cgi-bin/itinerary.pl"  	[MsgId: MMSG-26659]
..\\lib\\transaction.h(146): Registered web_reg_find successful for "Text=Itinerary" (count=3)  	[MsgId: MMSG-26364]
..\\lib\\transaction.h(146): web_url("welcome.pl_2") was successful, 9078 body bytes, 1919 header bytes, 42 chunking overhead bytes  	[MsgId: MMSG-26385]
Action.c(22): lr_think_time: 3,00 seconds.	[MsgId: MMSG-15948]
Action.c(24): Notify: Transaction "itinerary_page" ended with a "Pass" status (Duration: 3,0982 Think Time: 3,0044 Wasted Time: 0,0000).	[MsgId: MMSG-16870]
Action.c(26): Notify: Transaction "flights_page" started.	[MsgId: MMSG-16999]
..\\lib\\transaction.h(49): web_reg_find started  	[MsgId: MMSG-26355]
..\\lib\\transaction.h(49): Registering web_reg_find was successful  	[MsgId: MMSG-26390]
..\\lib\\transaction.h(54): web_reg_save_param started  	[MsgId: MMSG-26355]
..\\lib\\transaction.h(54): Registering web_reg_save_param was successful  	[MsgId: MMSG-26390]
..\\lib\\transaction.h(60): web_reg_save_param started  	[MsgId: MMSG-26355]
..\\lib\\transaction.h(60): Registering web_reg_save_param was successful  	[MsgId: MMSG-26390]
..\\lib\\transaction.h(68): web_url("Search Flights Button") started  	[MsgId: MMSG-26355]
..\\lib\\transaction.h(68): Detected non-resource "http://localhost:1080/cgi-bin/nav.pl?page=menu&in=flights" in "http://localhost:1080/cgi-bin/welcome.pl?page=search"  	[MsgId: MMSG-26574]
..\\lib\\transaction.h(68): Detected non-resource "http://localhost:1080/cgi-bin/reservations.pl?page=welcome" in "http://localhost:1080/cgi-bin/welcome.pl?page=search"  	[MsgId: MMSG-26574]
..\\lib\\transaction.h(68): Found resource "http://localhost:1080/WebTours/images/in_flights.gif" in HTML "http://localhost:1080/cgi-bin/nav.pl?page=menu&in=flights"  	[MsgId: MMSG-26659]
..\\lib\\transaction.h(68): Resource "http://localhost:1080/WebTours/images/itinerary.gif" is in the cache already and will not be downloaded again  	[MsgId: MMSG-26655]
..\\lib\\transaction.h(68): Resource "http://localhost:1080/WebTours/images/home.gif" is in the cache already and will not be downloaded again  	[MsgId: MMSG-26655]
..\\lib\\transaction.h(68): Resource "http://localhost:1080/WebTours/images/signoff.gif" is in the cache already and will not be downloaded again  	[MsgId: MMSG-26655]
..\\lib\\transaction.h(68): Found resource "http://localhost:1080/WebTours/images/button_next.gif" in HTML "http://localhost:1080/cgi-bin/reservations.pl?page=welcome"  	[MsgId: MMSG-26659]
..\\lib\\transaction.h(68): Registered web_reg_find successful for "Text=Find Flight" (count=1)  	[MsgId: MMSG-26364]
..\\lib\\transaction.h(68): web_url("Search Flights Button") was successful, 7828 body bytes, 1319 header bytes, 43 chunking overhead bytes  	[MsgId: MMSG-26385]
Action.c(29): lr_think_time: 3,00 seconds.	[MsgId: MMSG-15948]
Action.c(31): Notify: Transaction "flights_page" ended with a "Pass" status (Duration: 3,1466 Think Time: 3,0033 Wasted Time: 0,0001).	[MsgId: MMSG-16870]
Action.c(33): Notify: Transaction "find_flight" started.	[MsgId: MMSG-16999]
..\\lib\\transaction.h(83): web_reg_find started  	[MsgId: MMSG-26355]
..\\lib\\transaction.h(83): Registering web_reg_find was successful  	[MsgId: MMSG-26390]
..\\lib\\transaction.h(85): web_reg_save_param started  	[MsgId: MMSG-26355]
..\\lib\\transaction.h(85): Registering web_reg_save_param was successful  	[MsgId: MMSG-26390]
..\\lib\\transaction.h(91): web_submit_data("reservations.pl") started  	[MsgId: MMSG-26355]
..\\lib\\transaction.h(91): Resource "http://localhost:1080/WebTours/images/button_next.gif" is in the cache already and will not be downloaded again  	[MsgId: MMSG-26655]
..\\lib\\transaction.h(91): Registered web_reg_find successful for "Text=<B>Frankfurt</B> to <B>Seattle</B>" (count=1)  	[MsgId: MMSG-26364]
..\\lib\\transaction.h(91): web_submit_data("reservations.pl") was successful, 2455 body bytes, 255 header bytes, 12 chunking overhead bytes  	[MsgId: MMSG-26385]
Action.c(36): lr_think_time: 5,00 seconds.	[MsgId: MMSG-15948]
Action.c(38): Notify: Transaction "find_flight" ended with a "Pass" status (Duration: 5,0679 Think Time: 5,0024 Wasted Time: 0,0000).	[MsgId: MMSG-16870]
Action.c(41): Notify: Transaction "sign_off" started.	[MsgId: MMSG-16999]
..\\lib\\transaction.h(158): web_url("welcome.pl_2") started  	[MsgId: MMSG-26355]
..\\lib\\transaction.h(158): Detected non-resource "http://localhost:1080/cgi-bin/nav.pl?in=home" in "http://localhost:1080/cgi-bin/welcome.pl?signOff=1"  	[MsgId: MMSG-26574]
..\\lib\\transaction.h(158): Detected non-resource "http://localhost:1080/WebTours/home.html" in "http://localhost:1080/cgi-bin/welcome.pl?signOff=1"  	[MsgId: MMSG-26574]
..\\lib\\transaction.h(158): Retrieving data from cache for "http://localhost:1080/WebTours/home.html"  	[MsgId: MMSG-26558]
..\\lib\\transaction.h(158): Resource "http://localhost:1080/WebTours/images/mer_login.gif" is in the cache already and will not be downloaded again  	[MsgId: MMSG-26655]
..\\lib\\transaction.h(158): web_url("welcome.pl_2") was successful, 2170 body bytes, 583 header bytes, 24 chunking overhead bytes  	[MsgId: MMSG-26385]
Action.c(45): Notify: Transaction "sign_off" ended with a "Pass" status (Duration: 0,0839).	[MsgId: MMSG-16873]
Action.c(47): Notify: Transaction "UC01_Autorization" ended with a "Pass" status (Duration: 19,5996 Think Time: 19,0261 Wasted Time: 0,0002).	[MsgId: MMSG-16870]
Ending action Action.	[MsgId: MMSG-15918]
Ending iteration 2.	[MsgId: MMSG-15965]
Waiting 245,3990 seconds for iteration pacing.	[MsgId: MMSG-15996]
Starting iteration 3.	[MsgId: MMSG-15968]
Starting action Action.	[MsgId: MMSG-15919]
Action.c(3): Notify: Transaction "UC01_Autorization" started.	[MsgId: MMSG-16999]
Action.c(5): Notify: Transaction "open_home_page" started.	[MsgId: MMSG-16999]
..\\lib\\transaction.h(5): web_reg_save_param started  	[MsgId: MMSG-26355]
..\\lib\\transaction.h(5): Registering web_reg_save_param was successful  	[MsgId: MMSG-26390]
..\\lib\\transaction.h(10): web_reg_find started  	[MsgId: MMSG-26355]
..\\lib\\transaction.h(10): Registering web_reg_find was successful  	[MsgId: MMSG-26390]
..\\lib\\transaction.h(13): web_url("WebTours") started  	[MsgId: MMSG-26355]
..\\lib\\transaction.h(13): Detected non-resource "http://localhost:1080/WebTours/header.html" in "http://localhost:1080/WebTours/"  	[MsgId: MMSG-26574]
..\\lib\\transaction.h(13): Detected non-resource "http://localhost:1080/cgi-bin/welcome.pl?signOff=true" in "http://localhost:1080/WebTours/"  	[MsgId: MMSG-26574]
..\\lib\\transaction.h(13): Found resource "http://localhost:1080/WebTours/images/hp_logo.png" in HTML "http://localhost:1080/WebTours/header.html"  	[MsgId: MMSG-26659]
..\\lib\\transaction.h(13): Found resource "http://localhost:1080/WebTours/images/webtours.png" in HTML "http://localhost:1080/WebTours/header.html"  	[MsgId: MMSG-26659]
..\\lib\\transaction.h(13): Detected non-resource "http://localhost:1080/cgi-bin/nav.pl?in=home" in "http://localhost:1080/cgi-bin/welcome.pl?signOff=true"  	[MsgId: MMSG-26574]
..\\lib\\transaction.h(13): Detected non-resource "http://localhost:1080/WebTours/home.html" in "http://localhost:1080/cgi-bin/welcome.pl?signOff=true"  	[MsgId: MMSG-26574]
..\\lib\\transaction.h(13): Found resource "http://localhost:1080/WebTours/images/mer_login.gif" in HTML "http://localhost:1080/cgi-bin/nav.pl?in=home"  	[MsgId: MMSG-26659]
..\\lib\\transaction.h(13): Registered web_reg_find successful for "Text=Welcome to the Web Tours site." (count=1)  	[MsgId: MMSG-26364]
..\\lib\\transaction.h(13): web_url("WebTours") was successful, 10072 body bytes, 2371 header bytes, 24 chunking overhead bytes  	[MsgId: MMSG-26385]
Action.c(9): lr_think_time: 3,00 seconds.	[MsgId: MMSG-15948]
Action.c(11): Notify: Transaction "open_home_page" ended with a "Pass" status (Duration: 3,0701 Think Time: 3,0046 Wasted Time: 0,0000).	[MsgId: MMSG-16870]
Action.c(13): Notify: Transaction "login" started.	[MsgId: MMSG-16999]
..\\lib\\transaction.h(26): web_reg_find started  	[MsgId: MMSG-26355]
..\\lib\\transaction.h(26): Registering web_reg_find was successful  	[MsgId: MMSG-26390]
..\\lib\\transaction.h(28): web_reg_find started  	[MsgId: MMSG-26355]
..\\lib\\transaction.h(28): Registering web_reg_find was successful  	[MsgId: MMSG-26390]
..\\lib\\transaction.h(30): web_submit_data("login.pl") started  	[MsgId: MMSG-26355]
..\\lib\\transaction.h(30): Detected non-resource "http://localhost:1080/cgi-bin/nav.pl?page=menu&in=home" in "http://localhost:1080/cgi-bin/login.pl"  	[MsgId: MMSG-26574]
..\\lib\\transaction.h(30): Detected non-resource "http://localhost:1080/cgi-bin/login.pl?intro=true" in "http://localhost:1080/cgi-bin/login.pl"  	[MsgId: MMSG-26574]
..\\lib\\transaction.h(30): Found resource "http://localhost:1080/WebTours/images/flights.gif" in HTML "http://localhost:1080/cgi-bin/nav.pl?page=menu&in=home"  	[MsgId: MMSG-26659]
..\\lib\\transaction.h(30): Found resource "http://localhost:1080/WebTours/images/itinerary.gif" in HTML "http://localhost:1080/cgi-bin/nav.pl?page=menu&in=home"  	[MsgId: MMSG-26659]
..\\lib\\transaction.h(30): Found resource "http://localhost:1080/WebTours/images/in_home.gif" in HTML "http://localhost:1080/cgi-bin/nav.pl?page=menu&in=home"  	[MsgId: MMSG-26659]
..\\lib\\transaction.h(30): Found resource "http://localhost:1080/WebTours/images/signoff.gif" in HTML "http://localhost:1080/cgi-bin/nav.pl?page=menu&in=home"  	[MsgId: MMSG-26659]
..\\lib\\transaction.h(30): Registered web_reg_find successful for "Text=User password was correct" (count=1)  	[MsgId: MMSG-26364]
..\\lib\\transaction.h(30): Registered web_reg_find successful for "Text=<blockquote>Welcome, <b>Triss</b>, to the Web Tours" (count=1)  	[MsgId: MMSG-26364]
..\\lib\\transaction.h(30): web_submit_data("login.pl") was successful, 5780 body bytes, 2059 header bytes, 36 chunking overhead bytes  	[MsgId: MMSG-26385]
Action.c(16): lr_think_time: 5,00 seconds.	[MsgId: MMSG-15948]
Action.c(18): Notify: Transaction "login" ended with a "Pass" status (Duration: 5,1332 Think Time: 5,0083 Wasted Time: 0,0000).	[MsgId: MMSG-16870]
Action.c(20): Notify: Transaction "itinerary_page" started.	[MsgId: MMSG-16999]
..\\lib\\transaction.h(143): web_reg_find started  	[MsgId: MMSG-26355]
..\\lib\\transaction.h(143): Registering web_reg_find was successful  	[MsgId: MMSG-26390]
..\\lib\\transaction.h(146): web_url("welcome.pl_2") started  	[MsgId: MMSG-26355]
..\\lib\\transaction.h(146): Detected non-resource "http://localhost:1080/cgi-bin/nav.pl?page=menu&in=itinerary" in "http://localhost:1080/cgi-bin/welcome.pl?page=itinerary"  	[MsgId: MMSG-26574]
..\\lib\\transaction.h(146): Detected non-resource "http://localhost:1080/cgi-bin/itinerary.pl" in "http://localhost:1080/cgi-bin/welcome.pl?page=itinerary"  	[MsgId: MMSG-26574]
..\\lib\\transaction.h(146): Resource "http://localhost:1080/WebTours/images/flights.gif" is in the cache already and will not be downloaded again  	[MsgId: MMSG-26655]
..\\lib\\transaction.h(146): Found resource "http://localhost:1080/WebTours/images/in_itinerary.gif" in HTML "http://localhost:1080/cgi-bin/nav.pl?page=menu&in=itinerary"  	[MsgId: MMSG-26659]
..\\lib\\transaction.h(146): Found resource "http://localhost:1080/WebTours/images/home.gif" in HTML "http://localhost:1080/cgi-bin/nav.pl?page=menu&in=itinerary"  	[MsgId: MMSG-26659]
..\\lib\\transaction.h(146): Resource "http://localhost:1080/WebTours/images/signoff.gif" is in the cache already and will not be downloaded again  	[MsgId: MMSG-26655]
..\\lib\\transaction.h(146): Found resource "http://localhost:1080/WebTours/images/cancelreservation.gif" in HTML "http://localhost:1080/cgi-bin/itinerary.pl"  	[MsgId: MMSG-26659]
..\\lib\\transaction.h(146): Found resource "http://localhost:1080/WebTours/images/cancelallreservations.gif" in HTML "http://localhost:1080/cgi-bin/itinerary.pl"  	[MsgId: MMSG-26659]
..\\lib\\transaction.h(146): Registered web_reg_find successful for "Text=Itinerary" (count=3)  	[MsgId: MMSG-26364]
..\\lib\\transaction.h(146): web_url("welcome.pl_2") was successful, 13891 body bytes, 1917 header bytes, 51 chunking overhead bytes  	[MsgId: MMSG-26385]
Action.c(22): lr_think_time: 3,00 seconds.	[MsgId: MMSG-15948]
Action.c(24): Notify: Transaction "itinerary_page" ended with a "Pass" status (Duration: 3,1276 Think Time: 3,0011 Wasted Time: 0,0000).	[MsgId: MMSG-16870]
Action.c(26): Notify: Transaction "flights_page" started.	[MsgId: MMSG-16999]
..\\lib\\transaction.h(49): web_reg_find started  	[MsgId: MMSG-26355]
..\\lib\\transaction.h(49): Registering web_reg_find was successful  	[MsgId: MMSG-26390]
..\\lib\\transaction.h(54): web_reg_save_param started  	[MsgId: MMSG-26355]
..\\lib\\transaction.h(54): Registering web_reg_save_param was successful  	[MsgId: MMSG-26390]
..\\lib\\transaction.h(60): web_reg_save_param started  	[MsgId: MMSG-26355]
..\\lib\\transaction.h(60): Registering web_reg_save_param was successful  	[MsgId: MMSG-26390]
..\\lib\\transaction.h(68): web_url("Search Flights Button") started  	[MsgId: MMSG-26355]
..\\lib\\transaction.h(68): Detected non-resource "http://localhost:1080/cgi-bin/nav.pl?page=menu&in=flights" in "http://localhost:1080/cgi-bin/welcome.pl?page=search"  	[MsgId: MMSG-26574]
..\\lib\\transaction.h(68): Detected non-resource "http://localhost:1080/cgi-bin/reservations.pl?page=welcome" in "http://localhost:1080/cgi-bin/welcome.pl?page=search"  	[MsgId: MMSG-26574]
..\\lib\\transaction.h(68): Found resource "http://localhost:1080/WebTours/images/in_flights.gif" in HTML "http://localhost:1080/cgi-bin/nav.pl?page=menu&in=flights"  	[MsgId: MMSG-26659]
..\\lib\\transaction.h(68): Resource "http://localhost:1080/WebTours/images/itinerary.gif" is in the cache already and will not be downloaded again  	[MsgId: MMSG-26655]
..\\lib\\transaction.h(68): Resource "http://localhost:1080/WebTours/images/home.gif" is in the cache already and will not be downloaded again  	[MsgId: MMSG-26655]
..\\lib\\transaction.h(68): Resource "http://localhost:1080/WebTours/images/signoff.gif" is in the cache already and will not be downloaded again  	[MsgId: MMSG-26655]
..\\lib\\transaction.h(68): Found resource "http://localhost:1080/WebTours/images/button_next.gif" in HTML "http://localhost:1080/cgi-bin/reservations.pl?page=welcome"  	[MsgId: MMSG-26659]
..\\lib\\transaction.h(68): Registered web_reg_find successful for "Text=Find Flight" (count=1)  	[MsgId: MMSG-26364]
..\\lib\\transaction.h(68): web_url("Search Flights Button") was successful, 7828 body bytes, 1319 header bytes, 43 chunking overhead bytes  	[MsgId: MMSG-26385]
Action.c(29): lr_think_time: 3,00 seconds.	[MsgId: MMSG-15948]
Action.c(31): Notify: Transaction "flights_page" ended with a "Pass" status (Duration: 3,1144 Think Time: 3,0052 Wasted Time: 0,0001).	[MsgId: MMSG-16870]
Action.c(33): Notify: Transaction "find_flight" started.	[MsgId: MMSG-16999]
..\\lib\\transaction.h(83): web_reg_find started  	[MsgId: MMSG-26355]
..\\lib\\transaction.h(83): Registering web_reg_find was successful  	[MsgId: MMSG-26390]
..\\lib\\transaction.h(85): web_reg_save_param started  	[MsgId: MMSG-26355]
..\\lib\\transaction.h(85): Registering web_reg_save_param was successful  	[MsgId: MMSG-26390]
..\\lib\\transaction.h(91): web_submit_data("reservations.pl") started  	[MsgId: MMSG-26355]
..\\lib\\transaction.h(91): Resource "http://localhost:1080/WebTours/images/button_next.gif" is in the cache already and will not be downloaded again  	[MsgId: MMSG-26655]
..\\lib\\transaction.h(91): Registered web_reg_find successful for "Text=<B>Los Angeles</B> to <B>Sydney</B>" (count=1)  	[MsgId: MMSG-26364]
..\\lib\\transaction.h(91): web_submit_data("reservations.pl") was successful, 2465 body bytes, 255 header bytes, 12 chunking overhead bytes  	[MsgId: MMSG-26385]
Action.c(36): lr_think_time: 5,00 seconds.	[MsgId: MMSG-15948]
Action.c(38): Notify: Transaction "find_flight" ended with a "Pass" status (Duration: 5,0687 Think Time: 5,0139 Wasted Time: 0,0000).	[MsgId: MMSG-16870]
Action.c(41): Notify: Transaction "sign_off" started.	[MsgId: MMSG-16999]
..\\lib\\transaction.h(158): web_url("welcome.pl_2") started  	[MsgId: MMSG-26355]
..\\lib\\transaction.h(158): Detected non-resource "http://localhost:1080/cgi-bin/nav.pl?in=home" in "http://localhost:1080/cgi-bin/welcome.pl?signOff=1"  	[MsgId: MMSG-26574]
..\\lib\\transaction.h(158): Detected non-resource "http://localhost:1080/WebTours/home.html" in "http://localhost:1080/cgi-bin/welcome.pl?signOff=1"  	[MsgId: MMSG-26574]
..\\lib\\transaction.h(158): Retrieving data from cache for "http://localhost:1080/WebTours/home.html"  	[MsgId: MMSG-26558]
..\\lib\\transaction.h(158): Resource "http://localhost:1080/WebTours/images/mer_login.gif" is in the cache already and will not be downloaded again  	[MsgId: MMSG-26655]
..\\lib\\transaction.h(158): web_url("welcome.pl_2") was successful, 2176 body bytes, 583 header bytes, 24 chunking overhead bytes  	[MsgId: MMSG-26385]
Action.c(45): Notify: Transaction "sign_off" ended with a "Pass" status (Duration: 0,0655).	[MsgId: MMSG-16873]
Action.c(47): Notify: Transaction "UC01_Autorization" ended with a "Pass" status (Duration: 19,5812 Think Time: 19,0330 Wasted Time: 0,0002).	[MsgId: MMSG-16870]
Ending action Action.	[MsgId: MMSG-15918]
Ending iteration 3.	[MsgId: MMSG-15965]
Waiting 245,4180 seconds for iteration pacing.	[MsgId: MMSG-15996]
Starting iteration 4.	[MsgId: MMSG-15968]
Starting action Action.	[MsgId: MMSG-15919]
Action.c(3): Notify: Transaction "UC01_Autorization" started.	[MsgId: MMSG-16999]
Action.c(5): Notify: Transaction "open_home_page" started.	[MsgId: MMSG-16999]
..\\lib\\transaction.h(5): web_reg_save_param started  	[MsgId: MMSG-26355]
..\\lib\\transaction.h(5): Registering web_reg_save_param was successful  	[MsgId: MMSG-26390]
..\\lib\\transaction.h(10): web_reg_find started  	[MsgId: MMSG-26355]
..\\lib\\transaction.h(10): Registering web_reg_find was successful  	[MsgId: MMSG-26390]
..\\lib\\transaction.h(13): web_url("WebTours") started  	[MsgId: MMSG-26355]
..\\lib\\transaction.h(13): Detected non-resource "http://localhost:1080/WebTours/header.html" in "http://localhost:1080/WebTours/"  	[MsgId: MMSG-26574]
..\\lib\\transaction.h(13): Detected non-resource "http://localhost:1080/cgi-bin/welcome.pl?signOff=true" in "http://localhost:1080/WebTours/"  	[MsgId: MMSG-26574]
..\\lib\\transaction.h(13): Found resource "http://localhost:1080/WebTours/images/hp_logo.png" in HTML "http://localhost:1080/WebTours/header.html"  	[MsgId: MMSG-26659]
..\\lib\\transaction.h(13): Found resource "http://localhost:1080/WebTours/images/webtours.png" in HTML "http://localhost:1080/WebTours/header.html"  	[MsgId: MMSG-26659]
..\\lib\\transaction.h(13): Detected non-resource "http://localhost:1080/cgi-bin/nav.pl?in=home" in "http://localhost:1080/cgi-bin/welcome.pl?signOff=true"  	[MsgId: MMSG-26574]
..\\lib\\transaction.h(13): Detected non-resource "http://localhost:1080/WebTours/home.html" in "http://localhost:1080/cgi-bin/welcome.pl?signOff=true"  	[MsgId: MMSG-26574]
..\\lib\\transaction.h(13): Found resource "http://localhost:1080/WebTours/images/mer_login.gif" in HTML "http://localhost:1080/cgi-bin/nav.pl?in=home"  	[MsgId: MMSG-26659]
..\\lib\\transaction.h(13): Registered web_reg_find successful for "Text=Welcome to the Web Tours site." (count=1)  	[MsgId: MMSG-26364]
..\\lib\\transaction.h(13): web_url("WebTours") was successful, 10080 body bytes, 2371 header bytes, 24 chunking overhead bytes  	[MsgId: MMSG-26385]
Action.c(9): lr_think_time: 3,00 seconds.	[MsgId: MMSG-15948]
Action.c(11): Notify: Transaction "open_home_page" ended with a "Pass" status (Duration: 3,0869 Think Time: 3,0099 Wasted Time: 0,0001).	[MsgId: MMSG-16870]
Action.c(13): Notify: Transaction "login" started.	[MsgId: MMSG-16999]
..\\lib\\transaction.h(26): web_reg_find started  	[MsgId: MMSG-26355]
..\\lib\\transaction.h(26): Registering web_reg_find was successful  	[MsgId: MMSG-26390]
..\\lib\\transaction.h(28): web_reg_find started  	[MsgId: MMSG-26355]
..\\lib\\transaction.h(28): Registering web_reg_find was successful  	[MsgId: MMSG-26390]
..\\lib\\transaction.h(30): web_submit_data("login.pl") started  	[MsgId: MMSG-26355]
..\\lib\\transaction.h(30): Detected non-resource "http://localhost:1080/cgi-bin/nav.pl?page=menu&in=home" in "http://localhost:1080/cgi-bin/login.pl"  	[MsgId: MMSG-26574]
..\\lib\\transaction.h(30): Detected non-resource "http://localhost:1080/cgi-bin/login.pl?intro=true" in "http://localhost:1080/cgi-bin/login.pl"  	[MsgId: MMSG-26574]
..\\lib\\transaction.h(30): Found resource "http://localhost:1080/WebTours/images/flights.gif" in HTML "http://localhost:1080/cgi-bin/nav.pl?page=menu&in=home"  	[MsgId: MMSG-26659]
..\\lib\\transaction.h(30): Found resource "http://localhost:1080/WebTours/images/itinerary.gif" in HTML "http://localhost:1080/cgi-bin/nav.pl?page=menu&in=home"  	[MsgId: MMSG-26659]
..\\lib\\transaction.h(30): Found resource "http://localhost:1080/WebTours/images/in_home.gif" in HTML "http://localhost:1080/cgi-bin/nav.pl?page=menu&in=home"  	[MsgId: MMSG-26659]
..\\lib\\transaction.h(30): Found resource "http://localhost:1080/WebTours/images/signoff.gif" in HTML "http://localhost:1080/cgi-bin/nav.pl?page=menu&in=home"  	[MsgId: MMSG-26659]
..\\lib\\transaction.h(30): Registered web_reg_find successful for "Text=User password was correct" (count=1)  	[MsgId: MMSG-26364]
..\\lib\\transaction.h(30): Registered web_reg_find successful for "Text=<blockquote>Welcome, <b>Ciri</b>, to the Web Tours" (count=1)  	[MsgId: MMSG-26364]
..\\lib\\transaction.h(30): web_submit_data("login.pl") was successful, 5779 body bytes, 2067 header bytes, 36 chunking overhead bytes  	[MsgId: MMSG-26385]
Action.c(16): lr_think_time: 5,00 seconds.	[MsgId: MMSG-15948]
Action.c(18): Notify: Transaction "login" ended with a "Pass" status (Duration: 5,1013 Think Time: 5,0077 Wasted Time: 0,0000).	[MsgId: MMSG-16870]
Action.c(20): Notify: Transaction "itinerary_page" started.	[MsgId: MMSG-16999]
..\\lib\\transaction.h(143): web_reg_find started  	[MsgId: MMSG-26355]
..\\lib\\transaction.h(143): Registering web_reg_find was successful  	[MsgId: MMSG-26390]
..\\lib\\transaction.h(146): web_url("welcome.pl_2") started  	[MsgId: MMSG-26355]
..\\lib\\transaction.h(146): Detected non-resource "http://localhost:1080/cgi-bin/nav.pl?page=menu&in=itinerary" in "http://localhost:1080/cgi-bin/welcome.pl?page=itinerary"  	[MsgId: MMSG-26574]
..\\lib\\transaction.h(146): Detected non-resource "http://localhost:1080/cgi-bin/itinerary.pl" in "http://localhost:1080/cgi-bin/welcome.pl?page=itinerary"  	[MsgId: MMSG-26574]
..\\lib\\transaction.h(146): Resource "http://localhost:1080/WebTours/images/flights.gif" is in the cache already and will not be downloaded again  	[MsgId: MMSG-26655]
..\\lib\\transaction.h(146): Found resource "http://localhost:1080/WebTours/images/in_itinerary.gif" in HTML "http://localhost:1080/cgi-bin/nav.pl?page=menu&in=itinerary"  	[MsgId: MMSG-26659]
..\\lib\\transaction.h(146): Found resource "http://localhost:1080/WebTours/images/home.gif" in HTML "http://localhost:1080/cgi-bin/nav.pl?page=menu&in=itinerary"  	[MsgId: MMSG-26659]
..\\lib\\transaction.h(146): Resource "http://localhost:1080/WebTours/images/signoff.gif" is in the cache already and will not be downloaded again  	[MsgId: MMSG-26655]
..\\lib\\transaction.h(146): Found resource "http://localhost:1080/WebTours/images/cancelreservation.gif" in HTML "http://localhost:1080/cgi-bin/itinerary.pl"  	[MsgId: MMSG-26659]
..\\lib\\transaction.h(146): Found resource "http://localhost:1080/WebTours/images/cancelallreservations.gif" in HTML "http://localhost:1080/cgi-bin/itinerary.pl"  	[MsgId: MMSG-26659]
..\\lib\\transaction.h(146): Registered web_reg_find successful for "Text=Itinerary" (count=3)  	[MsgId: MMSG-26364]
..\\lib\\transaction.h(146): web_url("welcome.pl_2") was successful, 11448 body bytes, 1919 header bytes, 43 chunking overhead bytes  	[MsgId: MMSG-26385]
Action.c(22): lr_think_time: 3,00 seconds.	[MsgId: MMSG-15948]
Action.c(24): Notify: Transaction "itinerary_page" ended with a "Pass" status (Duration: 3,0942 Think Time: 3,0020 Wasted Time: 0,0000).	[MsgId: MMSG-16870]
Action.c(26): Notify: Transaction "flights_page" started.	[MsgId: MMSG-16999]
..\\lib\\transaction.h(49): web_reg_find started  	[MsgId: MMSG-26355]
..\\lib\\transaction.h(49): Registering web_reg_find was successful  	[MsgId: MMSG-26390]
..\\lib\\transaction.h(54): web_reg_save_param started  	[MsgId: MMSG-26355]
..\\lib\\transaction.h(54): Registering web_reg_save_param was successful  	[MsgId: MMSG-26390]
..\\lib\\transaction.h(60): web_reg_save_param started  	[MsgId: MMSG-26355]
..\\lib\\transaction.h(60): Registering web_reg_save_param was successful  	[MsgId: MMSG-26390]
..\\lib\\transaction.h(68): web_url("Search Flights Button") started  	[MsgId: MMSG-26355]
..\\lib\\transaction.h(68): Detected non-resource "http://localhost:1080/cgi-bin/nav.pl?page=menu&in=flights" in "http://localhost:1080/cgi-bin/welcome.pl?page=search"  	[MsgId: MMSG-26574]
..\\lib\\transaction.h(68): Detected non-resource "http://localhost:1080/cgi-bin/reservations.pl?page=welcome" in "http://localhost:1080/cgi-bin/welcome.pl?page=search"  	[MsgId: MMSG-26574]
..\\lib\\transaction.h(68): Found resource "http://localhost:1080/WebTours/images/in_flights.gif" in HTML "http://localhost:1080/cgi-bin/nav.pl?page=menu&in=flights"  	[MsgId: MMSG-26659]
..\\lib\\transaction.h(68): Resource "http://localhost:1080/WebTours/images/itinerary.gif" is in the cache already and will not be downloaded again  	[MsgId: MMSG-26655]
..\\lib\\transaction.h(68): Resource "http://localhost:1080/WebTours/images/home.gif" is in the cache already and will not be downloaded again  	[MsgId: MMSG-26655]
..\\lib\\transaction.h(68): Resource "http://localhost:1080/WebTours/images/signoff.gif" is in the cache already and will not be downloaded again  	[MsgId: MMSG-26655]
..\\lib\\transaction.h(68): Found resource "http://localhost:1080/WebTours/images/button_next.gif" in HTML "http://localhost:1080/cgi-bin/reservations.pl?page=welcome"  	[MsgId: MMSG-26659]
..\\lib\\transaction.h(68): Registered web_reg_find successful for "Text=Find Flight" (count=1)  	[MsgId: MMSG-26364]
..\\lib\\transaction.h(68): web_url("Search Flights Button") was successful, 7828 body bytes, 1319 header bytes, 43 chunking overhead bytes  	[MsgId: MMSG-26385]
Action.c(29): lr_think_time: 3,00 seconds.	[MsgId: MMSG-15948]
Action.c(31): Notify: Transaction "flights_page" ended with a "Pass" status (Duration: 3,1484 Think Time: 3,0067 Wasted Time: 0,0001).	[MsgId: MMSG-16870]
Action.c(33): Notify: Transaction "find_flight" started.	[MsgId: MMSG-16999]
..\\lib\\transaction.h(83): web_reg_find started  	[MsgId: MMSG-26355]
..\\lib\\transaction.h(83): Registering web_reg_find was successful  	[MsgId: MMSG-26390]
..\\lib\\transaction.h(85): web_reg_save_param started  	[MsgId: MMSG-26355]
..\\lib\\transaction.h(85): Registering web_reg_save_param was successful  	[MsgId: MMSG-26390]
..\\lib\\transaction.h(91): web_submit_data("reservations.pl") started  	[MsgId: MMSG-26355]
..\\lib\\transaction.h(91): Resource "http://localhost:1080/WebTours/images/button_next.gif" is in the cache already and will not be downloaded again  	[MsgId: MMSG-26655]
..\\lib\\transaction.h(91): Registered web_reg_find successful for "Text=<B>Los Angeles</B> to <B>Portland</B>" (count=1)  	[MsgId: MMSG-26364]
..\\lib\\transaction.h(91): web_submit_data("reservations.pl") was successful, 2461 body bytes, 255 header bytes, 12 chunking overhead bytes  	[MsgId: MMSG-26385]
Action.c(36): lr_think_time: 5,00 seconds.	[MsgId: MMSG-15948]
Action.c(38): Notify: Transaction "find_flight" ended with a "Pass" status (Duration: 5,0650 Think Time: 5,0130 Wasted Time: 0,0000).	[MsgId: MMSG-16870]
Action.c(41): Notify: Transaction "sign_off" started.	[MsgId: MMSG-16999]
..\\lib\\transaction.h(158): web_url("welcome.pl_2") started  	[MsgId: MMSG-26355]
..\\lib\\transaction.h(158): Detected non-resource "http://localhost:1080/cgi-bin/nav.pl?in=home" in "http://localhost:1080/cgi-bin/welcome.pl?signOff=1"  	[MsgId: MMSG-26574]
..\\lib\\transaction.h(158): Detected non-resource "http://localhost:1080/WebTours/home.html" in "http://localhost:1080/cgi-bin/welcome.pl?signOff=1"  	[MsgId: MMSG-26574]
..\\lib\\transaction.h(158): Retrieving data from cache for "http://localhost:1080/WebTours/home.html"  	[MsgId: MMSG-26558]
..\\lib\\transaction.h(158): Resource "http://localhost:1080/WebTours/images/mer_login.gif" is in the cache already and will not be downloaded again  	[MsgId: MMSG-26655]
..\\lib\\transaction.h(158): web_url("welcome.pl_2") was successful, 2174 body bytes, 583 header bytes, 24 chunking overhead bytes  	[MsgId: MMSG-26385]
Action.c(45): Notify: Transaction "sign_off" ended with a "Pass" status (Duration: 0,0609).	[MsgId: MMSG-16873]
Action.c(47): Notify: Transaction "UC01_Autorization" ended with a "Pass" status (Duration: 19,5582 Think Time: 19,0394 Wasted Time: 0,0002).	[MsgId: MMSG-16870]
Ending action Action.	[MsgId: MMSG-15918]
Ending iteration 4.	[MsgId: MMSG-15965]
Waiting 245,4410 seconds for iteration pacing.	[MsgId: MMSG-15996]
Starting iteration 5.	[MsgId: MMSG-15968]
Starting action Action.	[MsgId: MMSG-15919]
Action.c(3): Notify: Transaction "UC01_Autorization" started.	[MsgId: MMSG-16999]
Action.c(5): Notify: Transaction "open_home_page" started.	[MsgId: MMSG-16999]
..\\lib\\transaction.h(5): web_reg_save_param started  	[MsgId: MMSG-26355]
..\\lib\\transaction.h(5): Registering web_reg_save_param was successful  	[MsgId: MMSG-26390]
..\\lib\\transaction.h(10): web_reg_find started  	[MsgId: MMSG-26355]
..\\lib\\transaction.h(10): Registering web_reg_find was successful  	[MsgId: MMSG-26390]
..\\lib\\transaction.h(13): web_url("WebTours") started  	[MsgId: MMSG-26355]
..\\lib\\transaction.h(13): Detected non-resource "http://localhost:1080/WebTours/header.html" in "http://localhost:1080/WebTours/"  	[MsgId: MMSG-26574]
..\\lib\\transaction.h(13): Detected non-resource "http://localhost:1080/cgi-bin/welcome.pl?signOff=true" in "http://localhost:1080/WebTours/"  	[MsgId: MMSG-26574]
..\\lib\\transaction.h(13): Found resource "http://localhost:1080/WebTours/images/hp_logo.png" in HTML "http://localhost:1080/WebTours/header.html"  	[MsgId: MMSG-26659]
..\\lib\\transaction.h(13): Found resource "http://localhost:1080/WebTours/images/webtours.png" in HTML "http://localhost:1080/WebTours/header.html"  	[MsgId: MMSG-26659]
..\\lib\\transaction.h(13): Detected non-resource "http://localhost:1080/cgi-bin/nav.pl?in=home" in "http://localhost:1080/cgi-bin/welcome.pl?signOff=true"  	[MsgId: MMSG-26574]
..\\lib\\transaction.h(13): Detected non-resource "http://localhost:1080/WebTours/home.html" in "http://localhost:1080/cgi-bin/welcome.pl?signOff=true"  	[MsgId: MMSG-26574]
..\\lib\\transaction.h(13): Found resource "http://localhost:1080/WebTours/images/mer_login.gif" in HTML "http://localhost:1080/cgi-bin/nav.pl?in=home"  	[MsgId: MMSG-26659]
..\\lib\\transaction.h(13): Registered web_reg_find successful for "Text=Welcome to the Web Tours site." (count=1)  	[MsgId: MMSG-26364]
..\\lib\\transaction.h(13): web_url("WebTours") was successful, 10079 body bytes, 2371 header bytes, 24 chunking overhead bytes  	[MsgId: MMSG-26385]
Action.c(9): lr_think_time: 3,00 seconds.	[MsgId: MMSG-15948]
Action.c(11): Notify: Transaction "open_home_page" ended with a "Pass" status (Duration: 3,0754 Think Time: 3,0037 Wasted Time: 0,0001).	[MsgId: MMSG-16870]
Action.c(13): Notify: Transaction "login" started.	[MsgId: MMSG-16999]
..\\lib\\transaction.h(26): web_reg_find started  	[MsgId: MMSG-26355]
..\\lib\\transaction.h(26): Registering web_reg_find was successful  	[MsgId: MMSG-26390]
..\\lib\\transaction.h(28): web_reg_find started  	[MsgId: MMSG-26355]
..\\lib\\transaction.h(28): Registering web_reg_find was successful  	[MsgId: MMSG-26390]
..\\lib\\transaction.h(30): web_submit_data("login.pl") started  	[MsgId: MMSG-26355]
..\\lib\\transaction.h(30): Detected non-resource "http://localhost:1080/cgi-bin/nav.pl?page=menu&in=home" in "http://localhost:1080/cgi-bin/login.pl"  	[MsgId: MMSG-26574]
..\\lib\\transaction.h(30): Detected non-resource "http://localhost:1080/cgi-bin/login.pl?intro=true" in "http://localhost:1080/cgi-bin/login.pl"  	[MsgId: MMSG-26574]
..\\lib\\transaction.h(30): Found resource "http://localhost:1080/WebTours/images/flights.gif" in HTML "http://localhost:1080/cgi-bin/nav.pl?page=menu&in=home"  	[MsgId: MMSG-26659]
..\\lib\\transaction.h(30): Found resource "http://localhost:1080/WebTours/images/itinerary.gif" in HTML "http://localhost:1080/cgi-bin/nav.pl?page=menu&in=home"  	[MsgId: MMSG-26659]
..\\lib\\transaction.h(30): Found resource "http://localhost:1080/WebTours/images/in_home.gif" in HTML "http://localhost:1080/cgi-bin/nav.pl?page=menu&in=home"  	[MsgId: MMSG-26659]
..\\lib\\transaction.h(30): Found resource "http://localhost:1080/WebTours/images/signoff.gif" in HTML "http://localhost:1080/cgi-bin/nav.pl?page=menu&in=home"  	[MsgId: MMSG-26659]
..\\lib\\transaction.h(30): Registered web_reg_find successful for "Text=User password was correct" (count=1)  	[MsgId: MMSG-26364]
..\\lib\\transaction.h(30): Registered web_reg_find successful for "Text=<blockquote>Welcome, <b>Dandelion</b>, to the Web Tours" (count=1)  	[MsgId: MMSG-26364]
..\\lib\\transaction.h(30): web_submit_data("login.pl") was successful, 5784 body bytes, 2077 header bytes, 36 chunking overhead bytes  	[MsgId: MMSG-26385]
Action.c(16): lr_think_time: 5,00 seconds.	[MsgId: MMSG-15948]
Action.c(18): Notify: Transaction "login" ended with a "Pass" status (Duration: 5,0944 Think Time: 5,0004 Wasted Time: 0,0000).	[MsgId: MMSG-16870]
Action.c(20): Notify: Transaction "itinerary_page" started.	[MsgId: MMSG-16999]
..\\lib\\transaction.h(143): web_reg_find started  	[MsgId: MMSG-26355]
..\\lib\\transaction.h(143): Registering web_reg_find was successful  	[MsgId: MMSG-26390]
..\\lib\\transaction.h(146): web_url("welcome.pl_2") started  	[MsgId: MMSG-26355]
..\\lib\\transaction.h(146): Detected non-resource "http://localhost:1080/cgi-bin/nav.pl?page=menu&in=itinerary" in "http://localhost:1080/cgi-bin/welcome.pl?page=itinerary"  	[MsgId: MMSG-26574]
..\\lib\\transaction.h(146): Detected non-resource "http://localhost:1080/cgi-bin/itinerary.pl" in "http://localhost:1080/cgi-bin/welcome.pl?page=itinerary"  	[MsgId: MMSG-26574]
..\\lib\\transaction.h(146): Resource "http://localhost:1080/WebTours/images/flights.gif" is in the cache already and will not be downloaded again  	[MsgId: MMSG-26655]
..\\lib\\transaction.h(146): Found resource "http://localhost:1080/WebTours/images/in_itinerary.gif" in HTML "http://localhost:1080/cgi-bin/nav.pl?page=menu&in=itinerary"  	[MsgId: MMSG-26659]
..\\lib\\transaction.h(146): Found resource "http://localhost:1080/WebTours/images/home.gif" in HTML "http://localhost:1080/cgi-bin/nav.pl?page=menu&in=itinerary"  	[MsgId: MMSG-26659]
..\\lib\\transaction.h(146): Resource "http://localhost:1080/WebTours/images/signoff.gif" is in the cache already and will not be downloaded again  	[MsgId: MMSG-26655]
..\\lib\\transaction.h(146): Found resource "http://localhost:1080/WebTours/images/cancelreservation.gif" in HTML "http://localhost:1080/cgi-bin/itinerary.pl"  	[MsgId: MMSG-26659]
..\\lib\\transaction.h(146): Found resource "http://localhost:1080/WebTours/images/cancelallreservations.gif" in HTML "http://localhost:1080/cgi-bin/itinerary.pl"  	[MsgId: MMSG-26659]
..\\lib\\transaction.h(146): Registered web_reg_find successful for "Text=Itinerary" (count=3)  	[MsgId: MMSG-26364]
..\\lib\\transaction.h(146): web_url("welcome.pl_2") was successful, 22638 body bytes, 1917 header bytes, 67 chunking overhead bytes  	[MsgId: MMSG-26385]
Action.c(22): lr_think_time: 3,00 seconds.	[MsgId: MMSG-15948]
Action.c(24): Notify: Transaction "itinerary_page" ended with a "Pass" status (Duration: 3,1265 Think Time: 3,0017 Wasted Time: 0,0000).	[MsgId: MMSG-16870]
Action.c(26): Notify: Transaction "flights_page" started.	[MsgId: MMSG-16999]
..\\lib\\transaction.h(49): web_reg_find started  	[MsgId: MMSG-26355]
..\\lib\\transaction.h(49): Registering web_reg_find was successful  	[MsgId: MMSG-26390]
..\\lib\\transaction.h(54): web_reg_save_param started  	[MsgId: MMSG-26355]
..\\lib\\transaction.h(54): Registering web_reg_save_param was successful  	[MsgId: MMSG-26390]
..\\lib\\transaction.h(60): web_reg_save_param started  	[MsgId: MMSG-26355]
..\\lib\\transaction.h(60): Registering web_reg_save_param was successful  	[MsgId: MMSG-26390]
..\\lib\\transaction.h(68): web_url("Search Flights Button") started  	[MsgId: MMSG-26355]
..\\lib\\transaction.h(68): Detected non-resource "http://localhost:1080/cgi-bin/nav.pl?page=menu&in=flights" in "http://localhost:1080/cgi-bin/welcome.pl?page=search"  	[MsgId: MMSG-26574]
..\\lib\\transaction.h(68): Detected non-resource "http://localhost:1080/cgi-bin/reservations.pl?page=welcome" in "http://localhost:1080/cgi-bin/welcome.pl?page=search"  	[MsgId: MMSG-26574]
..\\lib\\transaction.h(68): Found resource "http://localhost:1080/WebTours/images/in_flights.gif" in HTML "http://localhost:1080/cgi-bin/nav.pl?page=menu&in=flights"  	[MsgId: MMSG-26659]
..\\lib\\transaction.h(68): Resource "http://localhost:1080/WebTours/images/itinerary.gif" is in the cache already and will not be downloaded again  	[MsgId: MMSG-26655]
..\\lib\\transaction.h(68): Resource "http://localhost:1080/WebTours/images/home.gif" is in the cache already and will not be downloaded again  	[MsgId: MMSG-26655]
..\\lib\\transaction.h(68): Resource "http://localhost:1080/WebTours/images/signoff.gif" is in the cache already and will not be downloaded again  	[MsgId: MMSG-26655]
..\\lib\\transaction.h(68): Found resource "http://localhost:1080/WebTours/images/button_next.gif" in HTML "http://localhost:1080/cgi-bin/reservations.pl?page=welcome"  	[MsgId: MMSG-26659]
..\\lib\\transaction.h(68): Registered web_reg_find successful for "Text=Find Flight" (count=1)  	[MsgId: MMSG-26364]
..\\lib\\transaction.h(68): web_url("Search Flights Button") was successful, 7828 body bytes, 1319 header bytes, 43 chunking overhead bytes  	[MsgId: MMSG-26385]
Action.c(29): lr_think_time: 3,00 seconds.	[MsgId: MMSG-15948]
Action.c(31): Notify: Transaction "flights_page" ended with a "Pass" status (Duration: 3,1267 Think Time: 3,0022 Wasted Time: 0,0001).	[MsgId: MMSG-16870]
Action.c(33): Notify: Transaction "find_flight" started.	[MsgId: MMSG-16999]
..\\lib\\transaction.h(83): web_reg_find started  	[MsgId: MMSG-26355]
..\\lib\\transaction.h(83): Registering web_reg_find was successful  	[MsgId: MMSG-26390]
..\\lib\\transaction.h(85): web_reg_save_param started  	[MsgId: MMSG-26355]
..\\lib\\transaction.h(85): Registering web_reg_save_param was successful  	[MsgId: MMSG-26390]
..\\lib\\transaction.h(91): web_submit_data("reservations.pl") started  	[MsgId: MMSG-26355]
..\\lib\\transaction.h(91): Resource "http://localhost:1080/WebTours/images/button_next.gif" is in the cache already and will not be downloaded again  	[MsgId: MMSG-26655]
..\\lib\\transaction.h(91): Registered web_reg_find successful for "Text=<B>Paris</B> to <B>Portland</B>" (count=1)  	[MsgId: MMSG-26364]
..\\lib\\transaction.h(91): web_submit_data("reservations.pl") was successful, 2455 body bytes, 255 header bytes, 12 chunking overhead bytes  	[MsgId: MMSG-26385]
Action.c(36): lr_think_time: 5,00 seconds.	[MsgId: MMSG-15948]
Action.c(38): Notify: Transaction "find_flight" ended with a "Pass" status (Duration: 5,0469 Think Time: 5,0068 Wasted Time: 0,0000).	[MsgId: MMSG-16870]
Action.c(41): Notify: Transaction "sign_off" started.	[MsgId: MMSG-16999]
..\\lib\\transaction.h(158): web_url("welcome.pl_2") started  	[MsgId: MMSG-26355]
..\\lib\\transaction.h(158): Detected non-resource "http://localhost:1080/cgi-bin/nav.pl?in=home" in "http://localhost:1080/cgi-bin/welcome.pl?signOff=1"  	[MsgId: MMSG-26574]
..\\lib\\transaction.h(158): Detected non-resource "http://localhost:1080/WebTours/home.html" in "http://localhost:1080/cgi-bin/welcome.pl?signOff=1"  	[MsgId: MMSG-26574]
..\\lib\\transaction.h(158): Retrieving data from cache for "http://localhost:1080/WebTours/home.html"  	[MsgId: MMSG-26558]
..\\lib\\transaction.h(158): Resource "http://localhost:1080/WebTours/images/mer_login.gif" is in the cache already and will not be downloaded again  	[MsgId: MMSG-26655]
..\\lib\\transaction.h(158): web_url("welcome.pl_2") was successful, 2172 body bytes, 583 header bytes, 24 chunking overhead bytes  	[MsgId: MMSG-26385]
Action.c(45): Notify: Transaction "sign_off" ended with a "Pass" status (Duration: 0,0616).	[MsgId: MMSG-16873]
Action.c(47): Notify: Transaction "UC01_Autorization" ended with a "Pass" status (Duration: 19,5321 Think Time: 19,0148 Wasted Time: 0,0002).	[MsgId: MMSG-16870]
Ending action Action.	[MsgId: MMSG-15918]
Ending iteration 5.	[MsgId: MMSG-15965]
Waiting 245,4670 seconds for iteration pacing.	[MsgId: MMSG-15996]
Starting iteration 6.	[MsgId: MMSG-15968]
Starting action Action.	[MsgId: MMSG-15919]
Action.c(3): Notify: Transaction "UC01_Autorization" started.	[MsgId: MMSG-16999]
Action.c(5): Notify: Transaction "open_home_page" started.	[MsgId: MMSG-16999]
..\\lib\\transaction.h(5): web_reg_save_param started  	[MsgId: MMSG-26355]
..\\lib\\transaction.h(5): Registering web_reg_save_param was successful  	[MsgId: MMSG-26390]
..\\lib\\transaction.h(10): web_reg_find started  	[MsgId: MMSG-26355]
..\\lib\\transaction.h(10): Registering web_reg_find was successful  	[MsgId: MMSG-26390]
..\\lib\\transaction.h(13): web_url("WebTours") started  	[MsgId: MMSG-26355]
..\\lib\\transaction.h(13): Detected non-resource "http://localhost:1080/WebTours/header.html" in "http://localhost:1080/WebTours/"  	[MsgId: MMSG-26574]
..\\lib\\transaction.h(13): Detected non-resource "http://localhost:1080/cgi-bin/welcome.pl?signOff=true" in "http://localhost:1080/WebTours/"  	[MsgId: MMSG-26574]
..\\lib\\transaction.h(13): Found resource "http://localhost:1080/WebTours/images/hp_logo.png" in HTML "http://localhost:1080/WebTours/header.html"  	[MsgId: MMSG-26659]
..\\lib\\transaction.h(13): Found resource "http://localhost:1080/WebTours/images/webtours.png" in HTML "http://localhost:1080/WebTours/header.html"  	[MsgId: MMSG-26659]
..\\lib\\transaction.h(13): Detected non-resource "http://localhost:1080/cgi-bin/nav.pl?in=home" in "http://localhost:1080/cgi-bin/welcome.pl?signOff=true"  	[MsgId: MMSG-26574]
..\\lib\\transaction.h(13): Detected non-resource "http://localhost:1080/WebTours/home.html" in "http://localhost:1080/cgi-bin/welcome.pl?signOff=true"  	[MsgId: MMSG-26574]
..\\lib\\transaction.h(13): Found resource "http://localhost:1080/WebTours/images/mer_login.gif" in HTML "http://localhost:1080/cgi-bin/nav.pl?in=home"  	[MsgId: MMSG-26659]
..\\lib\\transaction.h(13): Registered web_reg_find successful for "Text=Welcome to the Web Tours site." (count=1)  	[MsgId: MMSG-26364]
..\\lib\\transaction.h(13): web_url("WebTours") was successful, 10076 body bytes, 2371 header bytes, 24 chunking overhead bytes  	[MsgId: MMSG-26385]
Action.c(9): lr_think_time: 3,00 seconds.	[MsgId: MMSG-15948]
Action.c(11): Notify: Transaction "open_home_page" ended with a "Pass" status (Duration: 3,0764 Think Time: 3,0012 Wasted Time: 0,0001).	[MsgId: MMSG-16870]
Action.c(13): Notify: Transaction "login" started.	[MsgId: MMSG-16999]
..\\lib\\transaction.h(26): web_reg_find started  	[MsgId: MMSG-26355]
..\\lib\\transaction.h(26): Registering web_reg_find was successful  	[MsgId: MMSG-26390]
..\\lib\\transaction.h(28): web_reg_find started  	[MsgId: MMSG-26355]
..\\lib\\transaction.h(28): Registering web_reg_find was successful  	[MsgId: MMSG-26390]
..\\lib\\transaction.h(30): web_submit_data("login.pl") started  	[MsgId: MMSG-26355]
..\\lib\\transaction.h(30): Detected non-resource "http://localhost:1080/cgi-bin/nav.pl?page=menu&in=home" in "http://localhost:1080/cgi-bin/login.pl"  	[MsgId: MMSG-26574]
..\\lib\\transaction.h(30): Detected non-resource "http://localhost:1080/cgi-bin/login.pl?intro=true" in "http://localhost:1080/cgi-bin/login.pl"  	[MsgId: MMSG-26574]
..\\lib\\transaction.h(30): Found resource "http://localhost:1080/WebTours/images/flights.gif" in HTML "http://localhost:1080/cgi-bin/nav.pl?page=menu&in=home"  	[MsgId: MMSG-26659]
..\\lib\\transaction.h(30): Found resource "http://localhost:1080/WebTours/images/itinerary.gif" in HTML "http://localhost:1080/cgi-bin/nav.pl?page=menu&in=home"  	[MsgId: MMSG-26659]
..\\lib\\transaction.h(30): Found resource "http://localhost:1080/WebTours/images/in_home.gif" in HTML "http://localhost:1080/cgi-bin/nav.pl?page=menu&in=home"  	[MsgId: MMSG-26659]
..\\lib\\transaction.h(30): Found resource "http://localhost:1080/WebTours/images/signoff.gif" in HTML "http://localhost:1080/cgi-bin/nav.pl?page=menu&in=home"  	[MsgId: MMSG-26659]
..\\lib\\transaction.h(30): Registered web_reg_find successful for "Text=User password was correct" (count=1)  	[MsgId: MMSG-26364]
..\\lib\\transaction.h(30): Registered web_reg_find successful for "Text=<blockquote>Welcome, <b>Zoltan</b>, to the Web Tours" (count=1)  	[MsgId: MMSG-26364]
..\\lib\\transaction.h(30): web_submit_data("login.pl") was successful, 5781 body bytes, 2061 header bytes, 36 chunking overhead bytes  	[MsgId: MMSG-26385]
Action.c(16): lr_think_time: 5,00 seconds.	[MsgId: MMSG-15948]
Action.c(18): Notify: Transaction "login" ended with a "Pass" status (Duration: 5,1224 Think Time: 5,0137 Wasted Time: 0,0000).	[MsgId: MMSG-16870]
Action.c(20): Notify: Transaction "itinerary_page" started.	[MsgId: MMSG-16999]
..\\lib\\transaction.h(143): web_reg_find started  	[MsgId: MMSG-26355]
..\\lib\\transaction.h(143): Registering web_reg_find was successful  	[MsgId: MMSG-26390]
..\\lib\\transaction.h(146): web_url("welcome.pl_2") started  	[MsgId: MMSG-26355]
..\\lib\\transaction.h(146): Detected non-resource "http://localhost:1080/cgi-bin/nav.pl?page=menu&in=itinerary" in "http://localhost:1080/cgi-bin/welcome.pl?page=itinerary"  	[MsgId: MMSG-26574]
..\\lib\\transaction.h(146): Detected non-resource "http://localhost:1080/cgi-bin/itinerary.pl" in "http://localhost:1080/cgi-bin/welcome.pl?page=itinerary"  	[MsgId: MMSG-26574]
..\\lib\\transaction.h(146): Resource "http://localhost:1080/WebTours/images/flights.gif" is in the cache already and will not be downloaded again  	[MsgId: MMSG-26655]
..\\lib\\transaction.h(146): Found resource "http://localhost:1080/WebTours/images/in_itinerary.gif" in HTML "http://localhost:1080/cgi-bin/nav.pl?page=menu&in=itinerary"  	[MsgId: MMSG-26659]
..\\lib\\transaction.h(146): Found resource "http://localhost:1080/WebTours/images/home.gif" in HTML "http://localhost:1080/cgi-bin/nav.pl?page=menu&in=itinerary"  	[MsgId: MMSG-26659]
..\\lib\\transaction.h(146): Resource "http://localhost:1080/WebTours/images/signoff.gif" is in the cache already and will not be downloaded again  	[MsgId: MMSG-26655]
..\\lib\\transaction.h(146): Found resource "http://localhost:1080/WebTours/images/cancelreservation.gif" in HTML "http://localhost:1080/cgi-bin/itinerary.pl"  	[MsgId: MMSG-26659]
..\\lib\\transaction.h(146): Found resource "http://localhost:1080/WebTours/images/cancelallreservations.gif" in HTML "http://localhost:1080/cgi-bin/itinerary.pl"  	[MsgId: MMSG-26659]
..\\lib\\transaction.h(146): Registered web_reg_find successful for "Text=Itinerary" (count=3)  	[MsgId: MMSG-26364]
..\\lib\\transaction.h(146): web_url("welcome.pl_2") was successful, 17438 body bytes, 1917 header bytes, 52 chunking overhead bytes  	[MsgId: MMSG-26385]
Action.c(22): lr_think_time: 3,00 seconds.	[MsgId: MMSG-15948]
Action.c(24): Notify: Transaction "itinerary_page" ended with a "Pass" status (Duration: 3,1321 Think Time: 3,0053 Wasted Time: 0,0000).	[MsgId: MMSG-16870]
Action.c(26): Notify: Transaction "flights_page" started.	[MsgId: MMSG-16999]
..\\lib\\transaction.h(49): web_reg_find started  	[MsgId: MMSG-26355]
..\\lib\\transaction.h(49): Registering web_reg_find was successful  	[MsgId: MMSG-26390]
..\\lib\\transaction.h(54): web_reg_save_param started  	[MsgId: MMSG-26355]
..\\lib\\transaction.h(54): Registering web_reg_save_param was successful  	[MsgId: MMSG-26390]
..\\lib\\transaction.h(60): web_reg_save_param started  	[MsgId: MMSG-26355]
..\\lib\\transaction.h(60): Registering web_reg_save_param was successful  	[MsgId: MMSG-26390]
..\\lib\\transaction.h(68): web_url("Search Flights Button") started  	[MsgId: MMSG-26355]
..\\lib\\transaction.h(68): Detected non-resource "http://localhost:1080/cgi-bin/nav.pl?page=menu&in=flights" in "http://localhost:1080/cgi-bin/welcome.pl?page=search"  	[MsgId: MMSG-26574]
..\\lib\\transaction.h(68): Detected non-resource "http://localhost:1080/cgi-bin/reservations.pl?page=welcome" in "http://localhost:1080/cgi-bin/welcome.pl?page=search"  	[MsgId: MMSG-26574]
..\\lib\\transaction.h(68): Found resource "http://localhost:1080/WebTours/images/in_flights.gif" in HTML "http://localhost:1080/cgi-bin/nav.pl?page=menu&in=flights"  	[MsgId: MMSG-26659]
..\\lib\\transaction.h(68): Resource "http://localhost:1080/WebTours/images/itinerary.gif" is in the cache already and will not be downloaded again  	[MsgId: MMSG-26655]
..\\lib\\transaction.h(68): Resource "http://localhost:1080/WebTours/images/home.gif" is in the cache already and will not be downloaded again  	[MsgId: MMSG-26655]
..\\lib\\transaction.h(68): Resource "http://localhost:1080/WebTours/images/signoff.gif" is in the cache already and will not be downloaded again  	[MsgId: MMSG-26655]
..\\lib\\transaction.h(68): Found resource "http://localhost:1080/WebTours/images/button_next.gif" in HTML "http://localhost:1080/cgi-bin/reservations.pl?page=welcome"  	[MsgId: MMSG-26659]
..\\lib\\transaction.h(68): Registered web_reg_find successful for "Text=Find Flight" (count=1)  	[MsgId: MMSG-26364]
..\\lib\\transaction.h(68): web_url("Search Flights Button") was successful, 7828 body bytes, 1319 header bytes, 43 chunking overhead bytes  	[MsgId: MMSG-26385]
Action.c(29): lr_think_time: 3,00 seconds.	[MsgId: MMSG-15948]
Action.c(31): Notify: Transaction "flights_page" ended with a "Pass" status (Duration: 3,1509 Think Time: 3,0091 Wasted Time: 0,0001).	[MsgId: MMSG-16870]
Action.c(33): Notify: Transaction "find_flight" started.	[MsgId: MMSG-16999]
..\\lib\\transaction.h(83): web_reg_find started  	[MsgId: MMSG-26355]
..\\lib\\transaction.h(83): Registering web_reg_find was successful  	[MsgId: MMSG-26390]
..\\lib\\transaction.h(85): web_reg_save_param started  	[MsgId: MMSG-26355]
..\\lib\\transaction.h(85): Registering web_reg_save_param was successful  	[MsgId: MMSG-26390]
..\\lib\\transaction.h(91): web_submit_data("reservations.pl") started  	[MsgId: MMSG-26355]
..\\lib\\transaction.h(91): Resource "http://localhost:1080/WebTours/images/button_next.gif" is in the cache already and will not be downloaded again  	[MsgId: MMSG-26655]
..\\lib\\transaction.h(91): Registered web_reg_find successful for "Text=<B>San Francisco</B> to <B>Frankfurt</B>" (count=1)  	[MsgId: MMSG-26364]
..\\lib\\transaction.h(91): web_submit_data("reservations.pl") was successful, 2467 body bytes, 255 header bytes, 12 chunking overhead bytes  	[MsgId: MMSG-26385]
Action.c(36): lr_think_time: 5,00 seconds.	[MsgId: MMSG-15948]
Action.c(38): Notify: Transaction "find_flight" ended with a "Pass" status (Duration: 5,0656 Think Time: 5,0008 Wasted Time: 0,0000).	[MsgId: MMSG-16870]
Action.c(41): Notify: Transaction "sign_off" started.	[MsgId: MMSG-16999]
..\\lib\\transaction.h(158): web_url("welcome.pl_2") started  	[MsgId: MMSG-26355]
..\\lib\\transaction.h(158): Detected non-resource "http://localhost:1080/cgi-bin/nav.pl?in=home" in "http://localhost:1080/cgi-bin/welcome.pl?signOff=1"  	[MsgId: MMSG-26574]
..\\lib\\transaction.h(158): Detected non-resource "http://localhost:1080/WebTours/home.html" in "http://localhost:1080/cgi-bin/welcome.pl?signOff=1"  	[MsgId: MMSG-26574]
..\\lib\\transaction.h(158): Retrieving data from cache for "http://localhost:1080/WebTours/home.html"  	[MsgId: MMSG-26558]
..\\lib\\transaction.h(158): Resource "http://localhost:1080/WebTours/images/mer_login.gif" is in the cache already and will not be downloaded again  	[MsgId: MMSG-26655]
..\\lib\\transaction.h(158): web_url("welcome.pl_2") was successful, 2175 body bytes, 583 header bytes, 24 chunking overhead bytes  	[MsgId: MMSG-26385]
Action.c(45): Notify: Transaction "sign_off" ended with a "Pass" status (Duration: 0,0860).	[MsgId: MMSG-16873]
Action.c(47): Notify: Transaction "UC01_Autorization" ended with a "Pass" status (Duration: 19,6350 Think Time: 19,0302 Wasted Time: 0,0002).	[MsgId: MMSG-16870]
Ending action Action.	[MsgId: MMSG-15918]
Ending Vuser...	[MsgId: MMSG-15966]
Starting action vuser_end.	[MsgId: MMSG-15919]
Ending action vuser_end.	[MsgId: MMSG-15918]
Vuser Terminated.	[MsgId: MMSG-15963]
