..\\lib\\transaction.h(146):     \r\n
..\\lib\\transaction.h(146): t=6977182ms: 8192-byte chunked response body for "http://localhost:1080/cgi-bin/itinerary.pl" (RelFrameId=1.2, Internal ID=693)
..\\lib\\transaction.h(146):        <li><i>      <li><i>      <li><i>\n
..\\lib\\transaction.h(146):           <li><i></i>\n
..\\lib\\transaction.h(146):           </td></tr></table></center>\n
..\\lib\\transaction.h(146):       </TD>\n
..\\lib\\transaction.h(146):       <TD width="5%" >.<br/>.<br/>.<br/>.</TD>\n
..\\lib\\transaction.h(146):       <TD width="45%" valign=top><b>Invoice sent to:</b><br/>\n
..\\lib\\transaction.h(146):           <center>\n
..\\lib\\transaction.h(146):           <Table width="80%" cellspacing="0" > <tr> <td>\n
..\\lib\\transaction.h(146):               Ciri Fiona Elen Riannon\n
..\\lib\\transaction.h(146):     <br/>\n
..\\lib\\transaction.h(146):               Kaer Morhen<br/>\n
..\\lib\\transaction.h(146):               Velen<br/>\n
..\\lib\\transaction.h(146):               <br/>\n
..\\lib\\transaction.h(146):               Total Charge: $ 2682 <BR/> (CC: x-3313)\n
..\\lib\\transaction.h(146):           </td> </tr> </table>\n
..\\lib\\transaction.h(146):           </center>\n
..\\lib\\transaction.h(146):       </TD>\n
..\\lib\\transaction.h(146):     </TR>\n
..\\lib\\transaction.h(146):     <TR bgcolor="#EFF2F7">\n
..\\lib\\transaction.h(146):       <TD COLSPAN="3">\n
..\\lib\\transaction.h(146):       <b>Flight Details:</b><BR/>  <center>\n
..\\lib\\transaction.h(146):       12/25/2024\n
..\\lib\\transaction.h(146):      :  8am : Flight 970 leaves Zurich  for Seattle.<br>  </center>\n
..\\lib\\transaction.h(146):       </TD>\n
..\\lib\\transaction.h(146):     </TR>\n
..\\lib\\transaction.h(146):     \n
..\\lib\\transaction.h(146):     <TR bgcolor="#EFF2F7">\n
..\\lib\\transaction.h(146):       <TD COLSPAN="4">\n
..\\lib\\transaction.h(146):       <hr/>\n
..\\lib\\transaction.h(146):       </TD>\n
..\\lib\\transaction.h(146):     </TR>\n
..\\lib\\transaction.h(146):     \n
..\\lib\\transaction.h(146):     <!-- Flight #1 -->\n
..\\lib\\transaction.h(146):     <TR bgcolor="#EFF2F7">\n
..\\lib\\transaction.h(146):       <TD width="5%" rowspan="2" align="left" valign="top">\n
..\\lib\\transaction.h(146):     <b>\n
..\\lib\\transaction.h(146):     <label><input type="checkbox" name="84" value="on" /></label></font></b>\n
..\\lib\\transaction.h(146):     <input type="hidden" name="flightID" value="1227140794-646486-CF"  />\n
..\\lib\\transaction.h(146):       </TD>\n
..\\lib\\transaction.h(146):       <TD width="45%" valign="top">\n
..\\lib\\transaction.h(146):           <b>&nbsp;&nbsp;3 Coach class tickets for :</b><br/>\n
..\\lib\\transaction.h(146):           <center><table border="0" width="85%"><tr><td>\n
..\\lib\\transaction.h(146):           <li><i>Ciri Fiona Elen Riannon      <li><i>      <li><i>\n
..\\lib\\transaction.h(146):           <li><i></i>\n
..\\lib\\transaction.h(146):           </td></tr></table></center>\n
..\\lib\\transaction.h(146):       </TD>\n
..\\lib\\transaction.h(146):       <TD width="5%" >.<br/>.<br/>.<br/>.</TD>\n
..\\lib\\transaction.h(146):       <TD width="45%" valign=top><b>Invoice sent to:</b><br/>\n
..\\lib\\transaction.h(146):           <center>\n
..\\lib\\transaction.h(146):           <Table width="80%" cellspacing="0" > <tr> <td>\n
..\\lib\\transaction.h(146):               Ciri Fiona Elen Riannon\n
..\\lib\\transaction.h(146):     <br/>\n
..\\lib\\transaction.h(146):               Kaer Morhen<br/>\n
..\\lib\\transaction.h(146):               Velen<br/>\n
..\\lib\\transaction.h(146):               <br/>\n
..\\lib\\transaction.h(146):               Total Charge: $ 4323 <BR/> (CC: x-3313)\n
..\\lib\\transaction.h(146):           </td> </tr> </table>\n
..\\lib\\transaction.h(146):           </center>\n
..\\lib\\transaction.h(146):       </TD>\n
..\\lib\\transaction.h(146):     </TR>\n
..\\lib\\transaction.h(146):     <TR bgcolor="#EFF2F7">\n
..\\lib\\transaction.h(146):       <TD COLSPAN="3">\n
..\\lib\\transaction.h(146):       <b>Flight Details:</b><BR/>  <center>\n
..\\lib\\transaction.h(146):       12/25/2024\n
..\\lib\\transaction.h(146):      :  8am : Flight 280 leaves London  for Sydney.<br>  </center>\n
..\\lib\\transaction.h(146):       </TD>\n
..\\lib\\transaction.h(146):     </TR>\n
..\\lib\\transaction.h(146):     \n
..\\lib\\transaction.h(146):     <TR bgcolor="#EFF2F7">\n
..\\lib\\transaction.h(146):       <TD COLSPAN="4">\n
..\\lib\\transaction.h(146):       <hr/>\n
..\\lib\\transaction.h(146):       </TD>\n
..\\lib\\transaction.h(146):     </TR>\n
..\\lib\\transaction.h(146):     \n
..\\lib\\transaction.h(146):     <!-- Flight #1 -->\n
..\\lib\\transaction.h(146):     <TR bgcolor="#EFF2F7">\n
..\\lib\\transaction.h(146):       <TD width="5%" rowspan="2" align="left" valign="top">\n
..\\lib\\transaction.h(146):     <b>\n
..\\lib\\transaction.h(146):     <label><input type="checkbox" name="85" value="on" /></label></font></b>\n
..\\lib\\transaction.h(146):     <input type="hidden" name="flightID" value="122733021-654024-CF"  />\n
..\\lib\\transaction.h(146):       </TD>\n
..\\lib\\transaction.h(146):       <TD width="45%" valign="top">\n
..\\lib\\transaction.h(146):           <b>&nbsp;&nbsp;4 Business class tickets for :</b><br/>\n
..\\lib\\transaction.h(146):           <center><table border="0" width="85%"><tr><td>\n
..\\lib\\transaction.h(146):           <li><i>Ciri Fiona Elen Riannon      <li><i>      <li><i>      <li><i>\n
..\\lib\\transaction.h(146):           <li><i></i>\n
..\\lib\\transaction.h(146):           </td></tr></table></center>\n
..\\lib\\transaction.h(146):       </TD>\n
..\\lib\\transaction.h(146):       <TD width="5%" >.<br/>.<br/>.<br/>.</TD>\n
..\\lib\\transaction.h(146):       <TD width="45%" valign=top><b>Invoice sent to:</b><br/>\n
..\\lib\\transaction.h(146):           <center>\n
..\\lib\\transaction.h(146):           <Table width="80%" cellspacing="0" > <tr> <td>\n
..\\lib\\transaction.h(146):               Ciri Fiona Elen Riannon\n
..\\lib\\transaction.h(146):     <br/>\n
..\\lib\\transaction.h(146):               Kaer Morhen<br/>\n
..\\lib\\transaction.h(146):               Velen<br/>\n
..\\lib\\transaction.h(146):               <br/>\n
..\\lib\\transaction.h(146):               Total Charge: $ 2312 <BR/> (CC: x-3313)\n
..\\lib\\transaction.h(146):           </td> </tr> </table>\n
..\\lib\\transaction.h(146):           </center>\n
..\\lib\\transaction.h(146):       </TD>\n
..\\lib\\transaction.h(146):     </TR>\n
..\\lib\\transaction.h(146):     <TR bgcolor="#EFF2F7">\n
..\\lib\\transaction.h(146):       <TD COLSPAN="3">\n
..\\lib\\transaction.h(146):       <b>Flight Details:</b><BR/>  <center>\n
..\\lib\\transaction.h(146):       12/25/2024\n
..\\lib\\transaction.h(146):      :  1pm : Flight 791 leaves Seattle  for Zurich.<br>  </center>\n
..\\lib\\transaction.h(146):       </TD>\n
..\\lib\\transaction.h(146):     </TR>\n
..\\lib\\transaction.h(146):     \n
..\\lib\\transaction.h(146):     <TR bgcolor="#EFF2F7">\n
..\\lib\\transaction.h(146):       <TD COLSPAN="4">\n
..\\lib\\transaction.h(146):       <hr/>\n
..\\lib\\transaction.h(146):       </TD>\n
..\\lib\\transaction.h(146):     </TR>\n
..\\lib\\transaction.h(146):     \n
..\\lib\\transaction.h(146):     <!-- Flight #1 -->\n
..\\lib\\transaction.h(146):     <TR bgcolor="#EFF2F7">\n
..\\lib\\transaction.h(146):       <TD width="5%" rowspan="2" align="left" valign="top">\n
..\\lib\\transaction.h(146):     <b>\n
..\\lib\\transaction.h(146):     <label><input type="checkbox" name="86" value="on" /></label></font></b>\n
..\\lib\\transaction.h(146):     <input type="hidden" name="flightID" value="122711202-661681-CF"  />\n
..\\lib\\transaction.h(146):       </TD>\n
..\\lib\\transaction.h(146):       <TD width="45%" valign="top">\n
..\\lib\\transaction.h(146):           <b>&nbsp;&nbsp;4 Business class tickets for :</b><br/>\n
..\\lib\\transaction.h(146):           <center><table border="0" width="85%"><tr><td>\n
..\\lib\\transaction.h(146):           <li><i>Ciri Fiona Elen Riannon      <li><i>      <li><i>      <li><i>\n
..\\lib\\transaction.h(146):           <li><i></i>\n
..\\lib\\transaction.h(146):           </td></tr></table></center>\n
..\\lib\\transaction.h(146):       </TD>\n
..\\lib\\transaction.h(146):       <TD width="5%" >.<br/>.<br/>.<br/>.</TD>\n
..\\lib\\transaction.h(146):       <TD width="45%" valign=top><b>Invoice sent to:</b><br/>\n
..\\lib\\transaction.h(146):           <center>\n
..\\lib\\transaction.h(146):           <Table width="80%" cellspacing="0" > <tr> <td>\n
..\\lib\\transaction.h(146):               Ciri Fiona Elen Riannon\n
..\\lib\\transaction.h(146):     <br/>\n
..\\lib\\transaction.h(146):               Kaer Morhen<br/>\n
..\\lib\\transaction.h(146):               Velen<br/>\n
..\\lib\\transaction.h(146):               <br/>\n
..\\lib\\transaction.h(146):               Total Charge: $ 1856 <BR/> (CC: x-3313)\n
..\\lib\\transaction.h(146):           </td> </tr> </table>\n
..\\lib\\transaction.h(146):           </center>\n
..\\lib\\transaction.h(146):       </TD>\n
..\\lib\\transaction.h(146):     </TR>\n
..\\lib\\transaction.h(146):     <TR bgcolor="#EFF2F7">\n
..\\lib\\transaction.h(146):       <TD COLSPAN="3">\n
..\\lib\\transaction.h(146):       <b>Flight Details:</b><BR/>  <center>\n
..\\lib\\transaction.h(146):       12/25/2024\n
..\\lib\\transaction.h(146):      :  5pm : Flight 202 leaves London  for Denver.<br>  </center>\n
..\\lib\\transaction.h(146):       </TD>\n
..\\lib\\transaction.h(146):     </TR>\n
..\\lib\\transaction.h(146):     \n
..\\lib\\transaction.h(146):     <TR bgcolor="#EFF2F7">\n
..\\lib\\transaction.h(146):       <TD COLSPAN="4">\n
..\\lib\\transaction.h(146):       <hr/>\n
..\\lib\\transaction.h(146):       </TD>\n
..\\lib\\transaction.h(146):     </TR>\n
..\\lib\\transaction.h(146):     \n
..\\lib\\transaction.h(146):     <!-- Flight #1 -->\n
..\\lib\\transaction.h(146):     <TR bgcolor="#EFF2F7">\n
..\\lib\\transaction.h(146):       <TD width="5%" rowspan="2" align="left" valign="top">\n
..\\lib\\transaction.h(146):     <b>\n
..\\lib\\transaction.h(146):     <label><input type="checkbox" name="87" value="on" /></label></font></b>\n
..\\lib\\transaction.h(146):     <input type="hidden" name="flightID" value="122714566-669428-CF"  />\n
..\\lib\\transaction.h(146):       </TD>\n
..\\lib\\transaction.h(146):       <TD width="45%" valign="top">\n
..\\lib\\transaction.h(146):           <b>&nbsp;&nbsp;9 First class tickets for :</b><br/>\n
..\\lib\\transaction.h(146):           <center><table border="0" width="85%"><tr><td>\n
..\\lib\\transaction.h(146):           <li><i>Ciri Fiona Elen Riannon      <li><i>      <li><i>      <li><i>      <li><i>  
..\\lib\\transaction.h(146):         <li><i>      <li><i>      <li><i>      <li><i>\n
..\\lib\\transaction.h(146):           <li><i></i>\n
..\\lib\\transaction.h(146):           </td></tr></table></center>\n
..\\lib\\transaction.h(146):       </TD>\n
..\\lib\\transaction.h(146):       <TD width="5%" >.<br/>.<br/>.<br/>.</TD>\n
..\\lib\\transaction.h(146):       <TD width="45%" valign=top><b>Invoice sent to:</b><br/>\n
..\\lib\\transaction.h(146):           <center>\n
..\\lib\\transaction.h(146):           <Table width="80%" cellspacing="0" > <tr> <td>\n
..\\lib\\transaction.h(146):               Ciri Fiona Elen Riannon\n
..\\lib\\transaction.h(146):     <br/>\n
..\\lib\\transaction.h(146):               Kaer Morhen<br/>\n
..\\lib\\transaction.h(146):               Velen<br/>\n
..\\lib\\transaction.h(146):               <br/>\n
..\\lib\\transaction.h(146):               Total Charge: $ 2574 <BR/> (CC: x-3313)\n
..\\lib\\transaction.h(146):           </td> </tr> </table>\n
..\\lib\\transaction.h(146):           </center>\n
..\\lib\\transaction.h(146):       </TD>\n
..\\lib\\transaction.h(146):     </TR>\n
..\\lib\\transaction.h(146):     <TR bgcolor="#EFF2F7">\n
..\\lib\\transaction.h(146):       <TD COLSPAN="3">\n
..\\lib\\transaction.h(146):       <b>Flight Details:</b><BR/>  <center>\n
..\\lib\\transaction.h(146):       12/25/2024\n
..\\lib\\transaction.h(146):      :  11pm : Flight 293 leaves London  for Zurich.<br>  </center>\n
..\\lib\\transaction.h(146):       </TD>\n
..\\lib\\transaction.h(146):     </TR>\n
..\\lib\\transaction.h(146):     \n
..\\lib\\transaction.h(146):     <TR bgcolor="#EFF2F7">\n
..\\lib\\transaction.h(146):       <TD COLSPAN="4">\n
..\\lib\\transaction.h(146):       <hr/>\n
..\\lib\\transaction.h(146):       </TD>\n
..\\lib\\transaction.h(146):     </TR>\n
..\\lib\\transaction.h(146):     \n
..\\lib\\transaction.h(146):     <!-- Flight #1 -->\n
..\\lib\\transaction.h(146):     <TR bgcolor="#EFF2F7">\n
..\\lib\\transaction.h(146):       <TD width="5%" rowspan="2" align="left" valign="top">\n
..\\lib\\transaction.h(146):     <b>\n
..\\lib\\transaction.h(146):     <label><input type="checkbox" name="88" value="on" /></label></font></b>\n
..\\lib\\transaction.h(146):     <input type="hidden" name="flightID" value="122730099-677407-CF"  />\n
..\\lib\\transaction.h(146):       </TD>\n
..\\lib\\transaction.h(146):       <TD width="45%" valign="top">\n
..\\lib\\transaction.h(146):           <b>&nbsp;&nbsp;9 Business class tickets for :</b><br/>\n
..\\lib\\transaction.h(146):           <center><table border="0" width="85%"><tr><td>\n
..\\lib\\transaction.h(146):           <li><i>Ciri Fiona Elen Riannon      <li><i>      <li><i>      <li><i>      <li><i>  
..\\lib\\transaction.h(146):         <li><i>      <li><i>      <li><i>      <li><i>\n
..\\lib\\transaction.h(146):           <li><i></i>\n
..\\lib\\transaction.h(146):           </td></tr></table></center>\n
..\\lib\\transaction.h(146):       </TD>\n
..\\lib\\transaction.h(146):       <TD width="5%" >.<br/>.<br/>.<br/>.</TD>\n
..\\lib\\transaction.h(146):       <TD width="45%" valign=top><b>Invoice sent to:</b><br/>\n
..\\lib\\transaction.h(146):           <center>\n
..\\lib\\transaction.h(146):           <Table width="80%" cellspacing="0" > <tr> <td>\n
..\\lib\\transaction.h(146):               Ciri Fiona Elen Riannon\n
..\\lib\\transaction.h(146):     <br/>\n
..\\lib\\transaction.h(146):               Kaer Morhen<br/>\n
..\\lib\\transaction.h(146):               Velen<br/>\n
..\\lib\\transaction.h(146):               <br/>\n
..\\lib\\transaction.h(146):               Total Charge: $ 6291 <BR/> (CC: x-3313)\n
..\\lib\\transaction.h(146):           </td> </tr> </table>\n
..\\lib\\transaction.h(146):           </center>\n
..\\lib\\transaction.h(146):       </TD>\n
..\\lib\\transaction.h(146):     </TR>\n
..\\lib\\transaction.h(146):     <TR bgcolor="#EFF2F7">\n
..\\lib\\transaction.h(146):       <TD COLSPAN="3">\n
..\\lib\\transaction.h(146):       <b>Flight Details:</b><BR/>  <center>\n
..\\lib\\transaction.h(146):       12/25/2024\n
..\\lib\\transaction.h(146):      :  5pm : Flight 712 leaves Seattle  for Frankfurt.<br>  </center>\n
..\\lib\\transaction.h(146):       </TD>\n
..\\lib\\transaction.h(146):     </TR>\n
..\\lib\\transaction.h(146):     \n
..\\lib\\transaction.h(146):     <TR bgcolor="#EFF2F7">\n
..\\lib\\transaction.h(146):       <TD COLSPAN="4">\n
..\\lib\\transaction.h(146):       <hr/>\n
..\\lib\\transaction.h(146):       </TD>\n
..\\lib\\transaction.h(146):     </TR>\n
..\\lib\\transaction.h(146):     \n
..\\lib\\transaction.h(146):     <!-- Flight #1 -->\n
..\\lib\\transaction.h(146):     <TR bgcolor="#EFF2F7">\n
..\\lib\\transaction.h(146):       <TD width="5%" rowspan="2" align="left" valign="top">\n
..\\lib\\transaction.h(146):     <b>\n
..\\lib\\transaction.h(146):     <label><input type="checkbox" name="89" value="on" /></label></font></b>\n
..\\lib\\transaction.h(146):     <input type="hidden" name="flightID" value="122738954-684852-CF"  />\n
..\\lib\\transaction.h(146):       </TD>\n
..\\lib\\transaction.h(146):       <TD width="45%" valign="top">\n
..\\lib\\transaction.h(146):           <b>&nbsp;&nbsp;4 First class tickets for :</b><br/>\n
..\\lib\\transaction.h(146):           <center><table border="0" width="85%"><tr><td>\n
..\\lib\\transaction.h(146):           <li><i>Ciri Fiona Elen Riannon      <li><i>      <li><i>      <li><i>\n
..\\lib\\transaction.h(146):           <li><i></i>\n
..\\lib\\transaction.h(146):           </td></tr></table></center>\n
..\\lib\\transaction.h(146):       </TD>\n
..\\lib\\transaction.h(146):       <TD width="5%" >.<br/>.<br/>.<br/>.</TD>\n
..\\lib\\transaction.h(146):       <TD width="45%" valign=top><b>Invoice sent to:</b><br/>\n
..\\lib\\transaction.h(146):           <center>\n
..\\lib\\transaction.h(146):           <Table width="80%" cellspacing="0" > <tr> <td>\n
..\\lib\\transaction.h(146):               Ciri Fiona Elen Riannon\n
..\\lib\\transaction.h(146):     <br/>\n
..\\lib\\transaction.h(146):               Kaer Morhen<br/>\n
..\\lib\\transaction.h(146):               Velen<br/>\n
..\\lib\\transaction.h(146):               <br/>\n
..\\lib\\transaction.h(146):               Total Charge: $ 3084 <BR/> (CC: x-3313)\n
..\\lib\\transaction.h(146):           </td> </tr> </table>\n
..\\lib\\transaction.h(146):           </center>\n
..\\lib\\transaction.h(146):       </TD>\n
..\\lib\\transaction.h(146):     </TR>\n
..\\lib\\transaction.h(146):     <TR bgcolor="#EFF2F7">\n
..\\lib\\transaction.h(146):       <TD COLSPAN="3">\n
..\\lib\\transaction.h(146):       <b>Flight Details:</b><BR/>  <center>\n
..\\lib\\transaction.h(146):       12/25/2024\n
..\\lib\\transaction.h(146):      :  1pm : Flight 951 leaves Zurich  for Portland.<br>  </center>\n
..\\lib\\transaction.h(146):       </TD>\n
..\\lib\\transaction.h(146):     </TR>\n
..\\lib\\transaction.h(146):     \n
..\\lib\\transaction.h(146):     <TR bgcolor="#EFF2F7">\n
..\\lib\\transaction.h(146):       <TD COLSPAN="4">\n
..\\lib\\transaction.h(146):       <hr/>\n
..\\lib\\transaction.h(146):       </TD>\n
..\\lib\\transaction.h(146):     </TR>\n
..\\lib\\transaction.h(146):     \n
..\\lib\\transaction.h(146):     <!-- Flight #1 -->\n
..\\lib\\transaction.h(146):     <TR bgcolor="#EFF2F7">\n
..\\lib\\transaction.h(146):       <TD width="5%" rowspan="2" align="left" valign="top">\n
..\\lib\\transaction.h(146):     <b>\n
..\\lib\\transaction.h(146):     <label><input type="checkbox" name="90" value="on" /></label></font></b>\n
..\\lib\\transaction.h(146):     <input type="hidden" name="flightID" value="1227348247-6924107-CF"  />\n
..\\lib\\transaction.h(146):       </TD>\n
..\\lib\\transaction.h(146):       <TD width="45%" valign="top">\n
..\\lib\\transaction.h(146):           <b>&nbsp;&nbsp;5 First class tickets for :</b><br/>\n
..\\lib\\transaction.h(146):           <center><table border="0" width="85%"><tr><td>\n
..\\lib\\transaction.h(146):           <li><i>Ciri Fiona Elen Riannon      <li><i> 
..\\lib\\transaction.h(146): t=6977189ms: 6-byte chunked response overhead for "http://localhost:1080/cgi-bin/itinerary.pl" (RelFrameId=1.2, Internal ID=693)
..\\lib\\transaction.h(146):     1f40\r\n
..\\lib\\transaction.h(146): t=6977189ms: 6-byte chunked response overhead for "http://localhost:1080/cgi-bin/itinerary.pl" (RelFrameId=1.2, Internal ID=693)
..\\lib\\transaction.h(146):     \r\n
..\\lib\\transaction.h(146):     c0\r\n
..\\lib\\transaction.h(146): t=6977189ms: 8-byte chunked response overhead for "http://localhost:1080/cgi-bin/itinerary.pl" (RelFrameId=1.2, Internal ID=693)
..\\lib\\transaction.h(146):     \r\n
..\\lib\\transaction.h(146):     1df4\r\n
..\\lib\\transaction.h(146): t=6977189ms: 12267-byte chunked response body for "http://localhost:1080/cgi-bin/itinerary.pl" (RelFrameId=1.2, Internal ID=693)
..\\lib\\transaction.h(146):          <li><i>      <li><i>      <li><i>\n
..\\lib\\transaction.h(146):           <li><i></i>\n
..\\lib\\transaction.h(146):           </td></tr></table></center>\n
..\\lib\\transaction.h(146):       </TD>\n
..\\lib\\transaction.h(146):       <TD width="5%" >.<br/>.<br/>.<br/>.</TD>\n
..\\lib\\transaction.h(146):       <TD width="45%" valign=top><b>Invoice sent to:</b><br/>\n
..\\lib\\transaction.h(146):           <center>\n
..\\lib\\transaction.h(146):           <Table width="80%" cellspacing="0" > <tr> <td>\n
..\\lib\\transaction.h(146):               Ciri Fiona Elen Riannon\n
..\\lib\\transaction.h(146):     <br/>\n
..\\lib\\transaction.h(146):               Kaer Morhen<br/>\n
..\\lib\\transaction.h(146):               Velen<br/>\n
..\\lib\\transaction.h(146):               <br/>\n
..\\lib\\transaction.h(146):               Total Charge: $ 13395 <BR/> (CC: x-3313)\n
..\\lib\\transaction.h(146):           </td> </tr> </table>\n
..\\lib\\transaction.h(146):           </center>\n
..\\lib\\transaction.h(146):       </TD>\n
..\\lib\\transaction.h(146):     </TR>\n
..\\lib\\transaction.h(146):     <TR bgcolor="#EFF2F7">\n
..\\lib\\transaction.h(146):       <TD COLSPAN="3">\n
..\\lib\\transaction.h(146):       <b>Flight Details:</b><BR/>  <center>\n
..\\lib\\transaction.h(146):       12/25/2024\n
..\\lib\\transaction.h(146):      :  8am : Flight 840 leaves Sydney  for Paris.<br>  </center>\n
..\\lib\\transaction.h(146):       </TD>\n
..\\lib\\transaction.h(146):     </TR>\n
..\\lib\\transaction.h(146):     \n
..\\lib\\transaction.h(146):     <TR bgcolor="#EFF2F7">\n
..\\lib\\transaction.h(146):       <TD COLSPAN="4">\n
..\\lib\\transaction.h(146):       <hr/>\n
..\\lib\\transaction.h(146):       </TD>\n
..\\lib\\transaction.h(146):     </TR>\n
..\\lib\\transaction.h(146):     \n
..\\lib\\transaction.h(146):     <!-- Flight #1 -->\n
..\\lib\\transaction.h(146):     <TR bgcolor="#EFF2F7">\n
..\\lib\\transaction.h(146):       <TD width="5%" rowspan="2" align="left" valign="top">\n
..\\lib\\transaction.h(146):     <b>\n
..\\lib\\transaction.h(146):     <label><input type="checkbox" name="91" value="on" /></label></font></b>\n
..\\lib\\transaction.h(146):     <input type="hidden" name="flightID" value="122731856-700087-CF"  />\n
..\\lib\\transaction.h(146):       </TD>\n
..\\lib\\transaction.h(146):       <TD width="45%" valign="top">\n
..\\lib\\transaction.h(146):           <b>&nbsp;&nbsp;9 Business class tickets for :</b><br/>\n
..\\lib\\transaction.h(146):           <center><table border="0" width="85%"><tr><td>\n
..\\lib\\transaction.h(146):           <li><i>Ciri Fiona Elen Riannon      <li><i>      <li><i>      <li><i>      <li><i>  
..\\lib\\transaction.h(146):         <li><i>      <li><i>      <li><i>      <li><i>\n
..\\lib\\transaction.h(146):           <li><i></i>\n
..\\lib\\transaction.h(146):           </td></tr></table></center>\n
..\\lib\\transaction.h(146):       </TD>\n
..\\lib\\transaction.h(146):       <TD width="5%" >.<br/>.<br/>.<br/>.</TD>\n
..\\lib\\transaction.h(146):       <TD width="45%" valign=top><b>Invoice sent to:</b><br/>\n
..\\lib\\transaction.h(146):           <center>\n
..\\lib\\transaction.h(146):           <Table width="80%" cellspacing="0" > <tr> <td>\n
..\\lib\\transaction.h(146):               Ciri Fiona Elen Riannon\n
..\\lib\\transaction.h(146):     <br/>\n
..\\lib\\transaction.h(146):               Kaer Morhen<br/>\n
..\\lib\\transaction.h(146):               Velen<br/>\n
..\\lib\\transaction.h(146):               <br/>\n
..\\lib\\transaction.h(146):               Total Charge: $ 1134 <BR/> (CC: x-3313)\n
..\\lib\\transaction.h(146):           </td> </tr> </table>\n
..\\lib\\transaction.h(146):           </center>\n
..\\lib\\transaction.h(146):       </TD>\n
..\\lib\\transaction.h(146):     </TR>\n
..\\lib\\transaction.h(146):     <TR bgcolor="#EFF2F7">\n
..\\lib\\transaction.h(146):       <TD COLSPAN="3">\n
..\\lib\\transaction.h(146):       <b>Flight Details:</b><BR/>  <center>\n
..\\lib\\transaction.h(146):       12/25/2024\n
..\\lib\\transaction.h(146):      :  8am : Flight 760 leaves Seattle  for San Francisco.<br>  </center>\n
..\\lib\\transaction.h(146):       </TD>\n
..\\lib\\transaction.h(146):     </TR>\n
..\\lib\\transaction.h(146):     \n
..\\lib\\transaction.h(146):     <TR bgcolor="#EFF2F7">\n
..\\lib\\transaction.h(146):       <TD COLSPAN="4">\n
..\\lib\\transaction.h(146):       <hr/>\n
..\\lib\\transaction.h(146):       </TD>\n
..\\lib\\transaction.h(146):     </TR>\n
..\\lib\\transaction.h(146):     \n
..\\lib\\transaction.h(146):     <!-- Flight #1 -->\n
..\\lib\\transaction.h(146):     <TR bgcolor="#EFF2F7">\n
..\\lib\\transaction.h(146):       <TD width="5%" rowspan="2" align="left" valign="top">\n
..\\lib\\transaction.h(146):     <b>\n
..\\lib\\transaction.h(146):     <label><input type="checkbox" name="92" value="on" /></label></font></b>\n
..\\lib\\transaction.h(146):     <input type="hidden" name="flightID" value="1227345229-707966-CF"  />\n
..\\lib\\transaction.h(146):       </TD>\n
..\\lib\\transaction.h(146):       <TD width="45%" valign="top">\n
..\\lib\\transaction.h(146):           <b>&nbsp;&nbsp;3 First class tickets for :</b><br/>\n
..\\lib\\transaction.h(146):           <center><table border="0" width="85%"><tr><td>\n
..\\lib\\transaction.h(146):           <li><i>Ciri Fiona Elen Riannon      <li><i>      <li><i>\n
..\\lib\\transaction.h(146):           <li><i></i>\n
..\\lib\\transaction.h(146):           </td></tr></table></center>\n
..\\lib\\transaction.h(146):       </TD>\n
..\\lib\\transaction.h(146):       <TD width="5%" >.<br/>.<br/>.<br/>.</TD>\n
..\\lib\\transaction.h(146):       <TD width="45%" valign=top><b>Invoice sent to:</b><br/>\n
..\\lib\\transaction.h(146):           <center>\n
..\\lib\\transaction.h(146):           <Table width="80%" cellspacing="0" > <tr> <td>\n
..\\lib\\transaction.h(146):               Ciri Fiona Elen Riannon\n
..\\lib\\transaction.h(146):     <br/>\n
..\\lib\\transaction.h(146):               Kaer Morhen<br/>\n
..\\lib\\transaction.h(146):               Velen<br/>\n
..\\lib\\transaction.h(146):               <br/>\n
..\\lib\\transaction.h(146):               Total Charge: $ 3561 <BR/> (CC: x-3313)\n
..\\lib\\transaction.h(146):           </td> </tr> </table>\n
..\\lib\\transaction.h(146):           </center>\n
..\\lib\\transaction.h(146):       </TD>\n
..\\lib\\transaction.h(146):     </TR>\n
..\\lib\\transaction.h(146):     <TR bgcolor="#EFF2F7">\n
..\\lib\\transaction.h(146):       <TD COLSPAN="3">\n
..\\lib\\transaction.h(146):       <b>Flight Details:</b><BR/>  <center>\n
..\\lib\\transaction.h(146):       12/25/2024\n
..\\lib\\transaction.h(146):      :  5pm : Flight 832 leaves Sydney  for Los Angeles.<br>  </center>\n
..\\lib\\transaction.h(146):       </TD>\n
..\\lib\\transaction.h(146):     </TR>\n
..\\lib\\transaction.h(146):     \n
..\\lib\\transaction.h(146):     <TR bgcolor="#EFF2F7">\n
..\\lib\\transaction.h(146):       <TD COLSPAN="4">\n
..\\lib\\transaction.h(146):       <hr/>\n
..\\lib\\transaction.h(146):       </TD>\n
..\\lib\\transaction.h(146):     </TR>\n
..\\lib\\transaction.h(146):     \n
..\\lib\\transaction.h(146):     <!-- Flight #1 -->\n
..\\lib\\transaction.h(146):     <TR bgcolor="#EFF2F7">\n
..\\lib\\transaction.h(146):       <TD width="5%" rowspan="2" align="left" valign="top">\n
..\\lib\\transaction.h(146):     <b>\n
..\\lib\\transaction.h(146):     <label><input type="checkbox" name="93" value="on" /></label></font></b>\n
..\\lib\\transaction.h(146):     <input type="hidden" name="flightID" value="122712596-71588-CF"  />\n
..\\lib\\transaction.h(146):       </TD>\n
..\\lib\\transaction.h(146):       <TD width="45%" valign="top">\n
..\\lib\\transaction.h(146):           <b>&nbsp;&nbsp;6 Coach class tickets for :</b><br/>\n
..\\lib\\transaction.h(146):           <center><table border="0" width="85%"><tr><td>\n
..\\lib\\transaction.h(146):           <li><i>Ciri Fiona Elen Riannon      <li><i>      <li><i>      <li><i>      <li><i>  
..\\lib\\transaction.h(146):         <li><i>\n
..\\lib\\transaction.h(146):           <li><i></i>\n
..\\lib\\transaction.h(146):           </td></tr></table></center>\n
..\\lib\\transaction.h(146):       </TD>\n
..\\lib\\transaction.h(146):       <TD width="5%" >.<br/>.<br/>.<br/>.</TD>\n
..\\lib\\transaction.h(146):       <TD width="45%" valign=top><b>Invoice sent to:</b><br/>\n
..\\lib\\transaction.h(146):           <center>\n
..\\lib\\transaction.h(146):           <Table width="80%" cellspacing="0" > <tr> <td>\n
..\\lib\\transaction.h(146):               Ciri Fiona Elen Riannon\n
..\\lib\\transaction.h(146):     <br/>\n
..\\lib\\transaction.h(146):               Kaer Morhen<br/>\n
..\\lib\\transaction.h(146):               Velen<br/>\n
..\\lib\\transaction.h(146):               <br/>\n
..\\lib\\transaction.h(146):               Total Charge: $ 648 <BR/> (CC: x-3313)\n
..\\lib\\transaction.h(146):           </td> </tr> </table>\n
..\\lib\\transaction.h(146):           </center>\n
..\\lib\\transaction.h(146):       </TD>\n
..\\lib\\transaction.h(146):     </TR>\n
..\\lib\\transaction.h(146):     <TR bgcolor="#EFF2F7">\n
..\\lib\\transaction.h(146):       <TD COLSPAN="3">\n
..\\lib\\transaction.h(146):       <b>Flight Details:</b><BR/>  <center>\n
..\\lib\\transaction.h(146):       12/25/2024\n
..\\lib\\transaction.h(146):      :  8am : Flight 240 leaves London  for Paris.<br>  </center>\n
..\\lib\\transaction.h(146):       </TD>\n
..\\lib\\transaction.h(146):     </TR>\n
..\\lib\\transaction.h(146):     \n
..\\lib\\transaction.h(146):     <TR bgcolor="#EFF2F7">\n
..\\lib\\transaction.h(146):       <TD COLSPAN="4">\n
..\\lib\\transaction.h(146):       <hr/>\n
..\\lib\\transaction.h(146):       </TD>\n
..\\lib\\transaction.h(146):     </TR>\n
..\\lib\\transaction.h(146):     \n
..\\lib\\transaction.h(146):     <!-- Flight #1 -->\n
..\\lib\\transaction.h(146):     <TR bgcolor="#EFF2F7">\n
..\\lib\\transaction.h(146):       <TD width="5%" rowspan="2" align="left" valign="top">\n
..\\lib\\transaction.h(146):     <b>\n
..\\lib\\transaction.h(146):     <label><input type="checkbox" name="94" value="on" /></label></font></b>\n
..\\lib\\transaction.h(146):     <input type="hidden" name="flightID" value="122705311-723332-CF"  />\n
..\\lib\\transaction.h(146):       </TD>\n
..\\lib\\transaction.h(146):       <TD width="45%" valign="top">\n
..\\lib\\transaction.h(146):           <b>&nbsp;&nbsp;8 Business class tickets for :</b><br/>\n
..\\lib\\transaction.h(146):           <center><table border="0" width="85%"><tr><td>\n
..\\lib\\transaction.h(146):           <li><i>Ciri Fiona Elen Riannon      <li><i>      <li><i>      <li><i>      <li><i>  
..\\lib\\transaction.h(146):         <li><i>      <li><i>      <li><i>\n
..\\lib\\transaction.h(146):           <li><i></i>\n
..\\lib\\transaction.h(146):           </td></tr></table></center>\n
..\\lib\\transaction.h(146):       </TD>\n
..\\lib\\transaction.h(146):       <TD width="5%" >.<br/>.<br/>.<br/>.</TD>\n
..\\lib\\transaction.h(146):       <TD width="45%" valign=top><b>Invoice sent to:</b><br/>\n
..\\lib\\transaction.h(146):           <center>\n
..\\lib\\transaction.h(146):           <Table width="80%" cellspacing="0" > <tr> <td>\n
..\\lib\\transaction.h(146):               Ciri Fiona Elen Riannon\n
..\\lib\\transaction.h(146):     <br/>\n
..\\lib\\transaction.h(146):               Kaer Morhen<br/>\n
..\\lib\\transaction.h(146):               Velen<br/>\n
..\\lib\\transaction.h(146):               <br/>\n
..\\lib\\transaction.h(146):               Total Charge: $ 3328 <BR/> (CC: x-3313)\n
..\\lib\\transaction.h(146):           </td> </tr> </table>\n
..\\lib\\transaction.h(146):           </center>\n
..\\lib\\transaction.h(146):       </TD>\n
..\\lib\\transaction.h(146):     </TR>\n
..\\lib\\transaction.h(146):     <TR bgcolor="#EFF2F7">\n
..\\lib\\transaction.h(146):       <TD COLSPAN="3">\n
..\\lib\\transaction.h(146):       <b>Flight Details:</b><BR/>  <center>\n
..\\lib\\transaction.h(146):       12/25/2024\n
..\\lib\\transaction.h(146):      :  11pm : Flight 043 leaves Denver  for Paris.<br>  </center>\n
..\\lib\\transaction.h(146):       </TD>\n
..\\lib\\transaction.h(146):     </TR>\n
..\\lib\\transaction.h(146):     \n
..\\lib\\transaction.h(146):     <TR bgcolor="#EFF2F7">\n
..\\lib\\transaction.h(146):       <TD COLSPAN="4">\n
..\\lib\\transaction.h(146):       <hr/>\n
..\\lib\\transaction.h(146):       </TD>\n
..\\lib\\transaction.h(146):     </TR>\n
..\\lib\\transaction.h(146):     \n
..\\lib\\transaction.h(146):     <!-- Flight #1 -->\n
..\\lib\\transaction.h(146):     <TR bgcolor="#EFF2F7">\n
..\\lib\\transaction.h(146):       <TD width="5%" rowspan="2" align="left" valign="top">\n
..\\lib\\transaction.h(146):     <b>\n
..\\lib\\transaction.h(146):     <label><input type="checkbox" name="95" value="on" /></label></font></b>\n
..\\lib\\transaction.h(146):     <input type="hidden" name="flightID" value="122721969-730886-CF"  />\n
..\\lib\\transaction.h(146):       </TD>\n
..\\lib\\transaction.h(146):       <TD width="45%" valign="top">\n
..\\lib\\transaction.h(146):           <b>&nbsp;&nbsp;9 Business class tickets for :</b><br/>\n
..\\lib\\transaction.h(146):           <center><table border="0" width="85%"><tr><td>\n
..\\lib\\transaction.h(146):           <li><i>Ciri Fiona Elen Riannon      <li><i>      <li><i>      <li><i>      <li><i>  
..\\lib\\transaction.h(146):         <li><i>      <li><i>      <li><i>      <li><i>\n
..\\lib\\transaction.h(146):           <li><i></i>\n
..\\lib\\transaction.h(146):           </td></tr></table></center>\n
..\\lib\\transaction.h(146):       </TD>\n
..\\lib\\transaction.h(146):       <TD width="5%" >.<br/>.<br/>.<br/>.</TD>\n
..\\lib\\transaction.h(146):       <TD width="45%" valign=top><b>Invoice sent to:</b><br/>\n
..\\lib\\transaction.h(146):           <center>\n
..\\lib\\transaction.h(146):           <Table width="80%" cellspacing="0" > <tr> <td>\n
..\\lib\\transaction.h(146):               Ciri Fiona Elen Riannon\n
..\\lib\\transaction.h(146):     <br/>\n
..\\lib\\transaction.h(146):               Kaer Morhen<br/>\n
..\\lib\\transaction.h(146):               Velen<br/>\n
..\\lib\\transaction.h(146):               <br/>\n
..\\lib\\transaction.h(146):               Total Charge: $ 1521 <BR/> (CC: x-3313)\n
..\\lib\\transaction.h(146):           </td> </tr> </table>\n
..\\lib\\transaction.h(146):           </center>\n
..\\lib\\transaction.h(146):       </TD>\n
..\\lib\\transaction.h(146):     </TR>\n
..\\lib\\transaction.h(146):     <TR bgcolor="#EFF2F7">\n
..\\lib\\transaction.h(146):       <TD COLSPAN="3">\n
..\\lib\\transaction.h(146):       <b>Flight Details:</b><BR/>  <center>\n
..\\lib\\transaction.h(146):       12/25/2024\n
..\\lib\\transaction.h(146):      :  11pm : Flight 493 leaves Paris  for Zurich.<br>  </center>\n
..\\lib\\transaction.h(146):       </TD>\n
..\\lib\\transaction.h(146):     </TR>\n
..\\lib\\transaction.h(146):     \n
..\\lib\\transaction.h(146):     <TR bgcolor="#EFF2F7">\n
..\\lib\\transaction.h(146):       <TD COLSPAN="4">\n
..\\lib\\transaction.h(146):       <hr/>\n
..\\lib\\transaction.h(146):       </TD>\n
..\\lib\\transaction.h(146):     </TR>\n
..\\lib\\transaction.h(146):     \n
..\\lib\\transaction.h(146):     <!-- Flight #1 -->\n
..\\lib\\transaction.h(146):     <TR bgcolor="#EFF2F7">\n
..\\lib\\transaction.h(146):       <TD width="5%" rowspan="2" align="left" valign="top">\n
..\\lib\\transaction.h(146):     <b>\n
..\\lib\\transaction.h(146):     <label><input type="checkbox" name="96" value="on" /></label></font></b>\n
..\\lib\\transaction.h(146):     <input type="hidden" name="flightID" value="1227133374-738884-CF"  />\n
..\\lib\\transaction.h(146):       </TD>\n
..\\lib\\transaction.h(146):       <TD width="45%" valign="top">\n
..\\lib\\transaction.h(146):           <b>&nbsp;&nbsp;5 First class tickets for :</b><br/>\n
..\\lib\\transaction.h(146):           <center><table border="0" width="85%"><tr><td>\n
..\\lib\\transaction.h(146):           <li><i>Ciri Fiona Elen Riannon      <li><i>      <li><i>      <li><i>      <li><i>\n
..\\lib\\transaction.h(146):           <li><i></i>\n
..\\lib\\transaction.h(146):           </td></tr></table></center>\n
..\\lib\\transaction.h(146):       </TD>\n
..\\lib\\transaction.h(146):       <TD width="5%" >.<br/>.<br/>.<br/>.</TD>\n
..\\lib\\transaction.h(146):       <TD width="45%" valign=top><b>Invoice sent to:</b><br/>\n
..\\lib\\transaction.h(146):           <center>\n
..\\lib\\transaction.h(146):           <Table width="80%" cellspacing="0" > <tr> <td>\n
..\\lib\\transaction.h(146):               Ciri Fiona Elen Riannon\n
..\\lib\\transaction.h(146):     <br/>\n
..\\lib\\transaction.h(146):               Kaer Morhen<br/>\n
..\\lib\\transaction.h(146):               Velen<br/>\n
..\\lib\\transaction.h(146):               <br/>\n
..\\lib\\transaction.h(146):               Total Charge: $ 5495 <BR/> (CC: x-3313)\n
..\\lib\\transaction.h(146):           </td> </tr> </table>\n
..\\lib\\transaction.h(146):           </center>\n
..\\lib\\transaction.h(146):       </TD>\n
..\\lib\\transaction.h(146):     </TR>\n
..\\lib\\transaction.h(146):     <TR bgcolor="#EFF2F7">\n
..\\lib\\transaction.h(146):       <TD COLSPAN="3">\n
..\\lib\\transaction.h(146):       <b>Flight Details:</b><BR/>  <center>\n
..\\lib\\transaction.h(146):       12/25/2024\n
..\\lib\\transaction.h(146):      :  8am : Flight 260 leaves London  for San Francisco.<br>  </center>\n
..\\lib\\transaction.h(146):       </TD>\n
..\\lib\\transaction.h(146):     </TR>\n
..\\lib\\transaction.h(146):     \n
..\\lib\\transaction.h(146):     <TR bgcolor="#EFF2F7">\n
..\\lib\\transaction.h(146):       <TD COLSPAN="4">\n
..\\lib\\transaction.h(146):       <hr/>\n
..\\lib\\transaction.h(146):       </TD>\n
..\\lib\\transaction.h(146):     </TR>\n
..\\lib\\transaction.h(146):     \n
..\\lib\\transaction.h(146):     <!-- Flight #1 -->\n
..\\lib\\transaction.h(146):     <TR bgcolor="#EFF2F7">\n
..\\lib\\transaction.h(146):       <TD width="5%" rowspan="2" align="left" valign="top">\n
..\\lib\\transaction.h(146):     <b>\n
..\\lib\\transaction.h(146):     <label><input type="checkbox" name="97" value="on" /></label></font></b>\n
..\\lib\\transaction.h(146):     <input type="hidden" name="flightID" value="122719754-746236-CF"  />\n
..\\lib\\transaction.h(146):       </TD>\n
..\\lib\\transaction.h(146):       <TD width="45%" valign="top">\n
..\\lib\\transaction.h(146):           <b>&nbsp;&nbsp;3 Coach class tickets for :</b><br/>\n
..\\lib\\transaction.h(146):           <center><table border="0" width="85%"><tr><td>\n
..\\lib\\transaction.h(146):           <li><i>Ciri Fiona Elen Riannon      <li><i>      <li><i>\n
..\\lib\\transaction.h(146):           <li><i></i>\n
..\\lib\\transaction.h(146):           </td></tr></table></center>\n
..\\lib\\transaction.h(146):       </TD>\n
..\\lib\\transaction.h(146):       <TD width="5%" >.<br/>.<br/>.<br/>.</TD>\n
..\\lib\\transaction.h(146):       <TD width="45%" valign=top><b>Invoice sent to:</b><br/>\n
..\\lib\\transaction.h(146):           <center>\n
..\\lib\\transaction.h(146):           <Table width="80%" cellspacing="0" > <tr> <td>\n
..\\lib\\transaction.h(146):               Ciri Fiona Elen Riannon\n
..\\lib\\transaction.h(146):     <br/>\n
..\\lib\\transaction.h(146):               Kaer Morhen<br/>\n
..\\lib\\transaction.h(146):               Velen<br/>\n
..\\lib\\transaction.h(146):               <br/>\n
..\\lib\\transaction.h(146):               Total Charge: $ 1077 <BR/> (CC: x-3313)\n
..\\lib\\transaction.h(146):           </td> </tr> </table>\n
..\\lib\\transaction.h(146):           </center>\n
..\\lib\\transaction.h(146):       </TD>\n
..\\lib\\transaction.h(146):     </TR>\n
..\\lib\\transaction.h(146):     <TR bgcolor="#EFF2F7">\n
..\\lib\\transaction.h(146):       <TD COLSPAN="3">\n
..\\lib\\transaction.h(146):       <b>Flight Details:</b><BR/>  <center>\n
..\\lib\\transaction.h(146):       12/25/2024\n
..\\lib\\transaction.h(146):      :  11pm : Flight 433 leaves Paris  for Los Angeles.<br>  </center>\n
..\\lib\\transaction.h(146):       </TD>\n
..\\lib\\transaction.h(146):     </TR>\n
..\\lib\\transaction.h(146):     \n
..\\lib\\transaction.h(146):     <TR bgcolor="#EFF2F7">\n
..\\lib\\transaction.h(146):       <TD COLSPAN="4">\n
..\\lib\\transaction.h(146):       <hr/>\n
..\\lib\\transaction.h(146):       </TD>\n
..\\lib\\transaction.h(146):     </TR>\n
..\\lib\\transaction.h(146):     \n
..\\lib\\transaction.h(146):     <!-- Flight #1 -->\n
..\\lib\\transaction.h(146):     <TR bgcolor="#EFF2F7">\n
..\\lib\\transaction.h(146):       <TD width="5%" rowspan="2" align="left" valign="top">\n
..\\lib\\transaction.h(146):     <b>\n
..\\lib\\transaction.h(146):     <label><input type="checkbox" name="98" value="on" /></label></font></b>\n
..\\lib\\transaction.h(146):     <input type="hidden" name="flightID" value="122727545-754186-CF"  />\n
..\\lib\\transaction.h(146):       </TD>\n
..\\lib\\transaction.h(146):       <TD width="45%" valign="top">\n
..\\lib\\transaction.h(146):           <b>&nbsp;&nbsp;6 Business class tickets for :</b><br/>\n
..\\lib\\transaction.h(146):           <center><table border="0" width="85%"><tr><td>\n
..\\lib\\transaction.h(146):           <li><i>Ciri Fiona Elen Riannon      <li><i>      <li><i>      <li><i>      <li><i>  
..\\lib\\transaction.h(146):         <li><i>\n
..\\lib\\transaction.h(146):           <li><i></i>\n
..\\lib\\transaction.h(146):           </td></tr></table></center>\n
..\\lib\\transaction.h(146):       </TD>\n
..\\lib\\transaction.h(146):       <TD width="5%" >.<br/>.<br/>.<br/>.</TD>\n
..\\lib\\transaction.h(146):       <TD width="45%" valign=top><b>Invoice sent to:</b><br/>\n
..\\lib\\transaction.h(146):           <center>\n
..\\lib\\transaction.h(146):           <Table width="80%" cellspacing="0" > <tr> <td>\n
..\\lib\\transaction.h(146):               Ciri Fiona Elen Riannon\n
..\\lib\\transaction.h(146):     <br/>\n
..\\lib\\transaction.h(146):               Kaer Morhen<br/>\n
..\\lib\\transaction.h(146):               Velen<br/>\n
..\\lib\\transaction.h(146):               <br/>\n
..\\lib\\transaction.h(146):               Total Charge: $ 4428 <BR/> (CC: x-3313)\n
..\\lib\\transaction.h(146):           </td> </tr> </table>\n
..\\lib\\transaction.h(146):           </center>\n
..\\lib\\transaction.h(146):       </TD>\n
..\\lib\\transaction.h(146):     </TR>\n
..\\lib\\transaction.h(146):     <TR bgcolor="#EFF2F7">\n
..\\lib\\transaction.h(146):       <TD COLSPAN="3">\n
..\\lib\\transaction.h(146):       <b>Flight Details:</b><BR/>  <center>\n
..\\lib\\transaction.h(146):       12/25/2024\n
..\\lib\\transaction.h(146):      :  11pm : Flight 643 leaves San Francisco  for Paris.<br>  </center>\n
..\\lib\\transaction.h(146):       </TD>\n
..\\lib\\transaction.h(146):     </TR>\n
..\\lib\\transaction.h(146):     \n
..\\lib\\transaction.h(146):     <TR bgcolor="#EFF2F7">\n
..\\lib\\transaction.h(146):       <TD COLSPAN="4">\n
..\\lib\\transaction.h(146):       <hr/>\n
..\\lib\\transaction.h(146):       </TD>\n
..\\lib\\transaction.h(146):     </TR>\n
..\\lib\\transaction.h(146):     <TR>\n
..\\lib\\transaction.h(146):        <TD align="center" COLSPAN="4">\n
..\\lib\\transaction.h(146):        <b>A total of 98 scheduled flights.</font></b>\n
..\\lib\\transaction.h(146):        </TD>\n
..\\lib\\transaction.h(146):     </TR>\n
..\\lib\\transaction.h(146):     </TABLE>\n
..\\lib\\transaction.h(146):     \n
..\\lib\\transaction.h(146):     <TABLE WIDTH="87%" BORDER="0" CELLSPACING="0">\n
..\\lib\\transaction.h(146):     <TR>\n
..\\lib\\transaction.h(146):     <TD align="left" width="50%" >\n
..\\lib\\transaction.h(146):     <input type="image" name="removeFlights" src="/WebTours/images/cancelreservation.gif" bord
..\\lib\\transaction.h(146):     er="0" /></TD>\n
..\\lib\\transaction.h(146):     <TD align="right" width="50%" >\n
..\\lib\\transaction.h(146):     <input type="image" name="removeAllFlights" src="/WebTours/images/cancelallreservations.gi
..\\lib\\transaction.h(146):     f" border="0" /></TD>\n
..\\lib\\transaction.h(146):     </TABLE>\n
..\\lib\\transaction.h(146):     \n
..\\lib\\transaction.h(146):     <div><input type="hidden" name=".cgifields" value="1"  /><input type="hidden" name=".cgifi
..\\lib\\transaction.h(146):     elds" value="10"  /><input type="hidden" name=".cgifields" value="11"  /><input type="hidd
..\\lib\\transaction.h(146):     en" name=".cgifields" value="12"  /><input type="hidden" name=".cgifields" value="13"  /><
..\\lib\\transaction.h(146):     input type="hidden" name=".cgifields" value="14"  /><input type="hidden" name=".cgifields"
..\\lib\\transaction.h(146):      value="15"  /><input type="hidden" name=".cgifields" value="16"  /><input type="hidden" n
..\\lib\\transaction.h(146):     ame=".cgifields" value="17"  /><input type="hidden" name=".cgifields" value="18"  /><input
..\\lib\\transaction.h(146):      type="hidden" name=".cgifields" value="19"  /><input type="hidden" name=".cgifields" valu
..\\lib\\transaction.h(146):     e="2"  /><input type="hidden" name=".cgifields" value="20"  /><input type="hidden" name=".
..\\lib\\transaction.h(146):     cgifields" value="21"  /><input type="hidden" name=".cgifields" value="22"  /><input type=
..\\lib\\transaction.h(146):     "hidden" name=".cgifields" value="23"  /><input type="hidden" name=".cgifields" value="24"
..\\lib\\transaction.h(146):       /><input type="hidden" name=".cgifields" value="25"  /><input type="hidden" name=".cgifi
..\\lib\\transaction.h(146):     elds" value="26"  /><input type="hidden" name=".cgifields" value="27"  /><input type="hidd
..\\lib\\transaction.h(146):     en" name=".cgifields" value="28"  /><input type="hidden" name=".cgifields" value="29"  /><
..\\lib\\transaction.h(146):     input type="hidden" name=".cgifields" value="3"  /><input type="hidden" name=".cgifields" 
..\\lib\\transaction.h(146):     value="30"  /><input type="hidden" name=".cgifields" value="31"  /><input type="hidden" na
..\\lib\\transaction.h(146):     me=".cgifields" value="32"  /><input type="hidden" name=".cgifields" value="33"  /><input 
..\\lib\\transaction.h(146):     type="hidden" name=".cgifields" value="34"  /><input type="hidden" name=".cgifields" value
..\\lib\\transaction.h(146):     ="35"  /><input type="hidden" name=".cgifields" value="36"  /><input type="hidden" name=".
..\\lib\\transaction.h(146):     cgifields" value="
..\\lib\\transaction.h(146): Found resource "http://localhost:1080/WebTours/images/cancelreservation.gif" in HTML "http://localhost:1080/cgi-bin/itinerary.pl"  	[MsgId: MMSG-26659]
..\\lib\\transaction.h(146): Found resource "http://localhost:1080/WebTours/images/cancelallreservations.gif" in HTML "http://localhost:1080/cgi-bin/itinerary.pl"  	[MsgId: MMSG-26659]
..\\lib\\transaction.h(146): t=6977197ms: 7-byte chunked response overhead for "http://localhost:1080/cgi-bin/itinerary.pl" (RelFrameId=1.2, Internal ID=693)
..\\lib\\transaction.h(146):     \r\n
..\\lib\\transaction.h(146):     0\r\n
..\\lib\\transaction.h(146):     \r\n
..\\lib\\transaction.h(146): t=6977198ms: 3593-byte chunked response body for "http://localhost:1080/cgi-bin/itinerary.pl" (RelFrameId=1.2, Internal ID=693)
..\\lib\\transaction.h(146):     37"  /><input type="hidden" name=".cgifields" value="38"  /><input type="hidden" name=".cg
..\\lib\\transaction.h(146):     ifields" value="39"  /><input type="hidden" name=".cgifields" value="4"  /><input type="hi
..\\lib\\transaction.h(146):     dden" name=".cgifields" value="40"  /><input type="hidden" name=".cgifields" value="41"  /
..\\lib\\transaction.h(146):     ><input type="hidden" name=".cgifields" value="42"  /><input type="hidden" name=".cgifield
..\\lib\\transaction.h(146):     s" value="43"  /><input type="hidden" name=".cgifields" value="44"  /><input type="hidden"
..\\lib\\transaction.h(146):      name=".cgifields" value="45"  /><input type="hidden" name=".cgifields" value="46"  /><inp
..\\lib\\transaction.h(146):     ut type="hidden" name=".cgifields" value="47"  /><input type="hidden" name=".cgifields" va
..\\lib\\transaction.h(146):     lue="48"  /><input type="hidden" name=".cgifields" value="49"  /><input type="hidden" name
..\\lib\\transaction.h(146):     =".cgifields" value="5"  /><input type="hidden" name=".cgifields" value="50"  /><input typ
..\\lib\\transaction.h(146):     e="hidden" name=".cgifields" value="51"  /><input type="hidden" name=".cgifields" value="5
..\\lib\\transaction.h(146):     2"  /><input type="hidden" name=".cgifields" value="53"  /><input type="hidden" name=".cgi
..\\lib\\transaction.h(146):     fields" value="54"  /><input type="hidden" name=".cgifields" value="55"  /><input type="hi
..\\lib\\transaction.h(146):     dden" name=".cgifields" value="56"  /><input type="hidden" name=".cgifields" value="57"  /
..\\lib\\transaction.h(146):     ><input type="hidden" name=".cgifields" value="58"  /><input type="hidden" name=".cgifield
..\\lib\\transaction.h(146):     s" value="59"  /><input type="hidden" name=".cgifields" value="6"  /><input type="hidden" 
..\\lib\\transaction.h(146):     name=".cgifields" value="60"  /><input type="hidden" name=".cgifields" value="61"  /><inpu
..\\lib\\transaction.h(146):     t type="hidden" name=".cgifields" value="62"  /><input type="hidden" name=".cgifields" val
..\\lib\\transaction.h(146):     ue="63"  /><input type="hidden" name=".cgifields" value="64"  /><input type="hidden" name=
..\\lib\\transaction.h(146):     ".cgifields" value="65"  /><input type="hidden" name=".cgifields" value="66"  /><input typ
..\\lib\\transaction.h(146):     e="hidden" name=".cgifields" value="67"  /><input type="hidden" name=".cgifields" value="6
..\\lib\\transaction.h(146):     8"  /><input type="hidden" name=".cgifields" value="69"  /><input type="hidden" name=".cgi
..\\lib\\transaction.h(146):     fields" value="7"  /><input type="hidden" name=".cgifields" value="70"  /><input type="hid
..\\lib\\transaction.h(146):     den" name=".cgifields" value="71"  /><input type="hidden" name=".cgifields" value="72"  />
..\\lib\\transaction.h(146):     <input type="hidden" name=".cgifields" value="73"  /><input type="hidden" name=".cgifields
..\\lib\\transaction.h(146):     " value="74"  /><input type="hidden" name=".cgifields" value="75"  /><input type="hidden" 
..\\lib\\transaction.h(146):     name=".cgifields" value="76"  /><input type="hidden" name=".cgifields" value="77"  /><inpu
..\\lib\\transaction.h(146):     t type="hidden" name=".cgifields" value="78"  /><input type="hidden" name=".cgifields" val
..\\lib\\transaction.h(146):     ue="79"  /><input type="hidden" name=".cgifields" value="8"  /><input type="hidden" name="
..\\lib\\transaction.h(146):     .cgifields" value="80"  /><input type="hidden" name=".cgifields" value="81"  /><input type
..\\lib\\transaction.h(146):     ="hidden" name=".cgifields" value="82"  /><input type="hidden" name=".cgifields" value="83
..\\lib\\transaction.h(146):     "  /><input type="hidden" name=".cgifields" value="84"  /><input type="hidden" name=".cgif
..\\lib\\transaction.h(146):     ields" value="85"  /><input type="hidden" name=".cgifields" value="86"  /><input type="hid
..\\lib\\transaction.h(146):     den" name=".cgifields" value="87"  /><input type="hidden" name=".cgifields" value="88"  />
..\\lib\\transaction.h(146):     <input type="hidden" name=".cgifields" value="89"  /><input type="hidden" name=".cgifields
..\\lib\\transaction.h(146):     " value="9"  /><input type="hidden" name=".cgifields" value="90"  /><input type="hidden" n
..\\lib\\transaction.h(146):     ame=".cgifields" value="91"  /><input type="hidden" name=".cgifields" value="92"  /><input
..\\lib\\transaction.h(146):      type="hidden" name=".cgifields" value="93"  /><input type="hidden" name=".cgifields" valu
..\\lib\\transaction.h(146):     e="94"  /><input type="hidden" name=".cgifields" value="95"  /><input type="hidden" name="
..\\lib\\transaction.h(146):     .cgifields" value="96"  /><input type="hidden" name=".cgifields" value="97"  /><input type
..\\lib\\transaction.h(146):     ="hidden" name=".cgifields" value="98"  /></div></form>\n
..\\lib\\transaction.h(146):     \n
..\\lib\\transaction.h(146):     </center>\n
..\\lib\\transaction.h(146):     \n
..\\lib\\transaction.h(146):     </body>\n
..\\lib\\transaction.h(146):     </html>
..\\lib\\transaction.h(146): t=6977198ms: Request done "http://localhost:1080/cgi-bin/itinerary.pl"  	[MsgId: MMSG-26000]
..\\lib\\transaction.h(146): t=6977198ms: Already connected [0] to localhost:1080  	[MsgId: MMSG-26000]
..\\lib\\transaction.h(146): t=6977198ms: 521-byte request headers for "http://localhost:1080/WebTours/images/cancelreservation.gif" (RelFrameId=, Internal ID=695)
..\\lib\\transaction.h(146):     GET /WebTours/images/cancelreservation.gif HTTP/1.1\r\n
..\\lib\\transaction.h(146):     Referer: http://localhost:1080/cgi-bin/itinerary.pl\r\n
..\\lib\\transaction.h(146):     User-Agent: Mozilla/5.0 (Windows NT 10.0; Win64; x64; rv:133.0) Gecko/20100101 Firefox/133
..\\lib\\transaction.h(146):     .0\r\n
..\\lib\\transaction.h(146):     Accept-Encoding: gzip, deflate\r\n
..\\lib\\transaction.h(146):     Accept-Language: ru-RU,ru;q=0.8,en-US;q=0.5,en;q=0.3\r\n
..\\lib\\transaction.h(146):     Accept: */*\r\n
..\\lib\\transaction.h(146):     Connection: Keep-Alive\r\n
..\\lib\\transaction.h(146):     Host: localhost:1080\r\n
..\\lib\\transaction.h(146):     Cookie: MSO=SID&1734548179; MTUserInfo=hash&41&username&Ciri&creditCard&&address1&Kaer%20M
..\\lib\\transaction.h(146):     orhen&address2&Velen&expDate&%0A&firstName&Ciri&lastName&Fiona%20Elen%20Riannon%0A\r\n
..\\lib\\transaction.h(146):     \r\n
..\\lib\\transaction.h(146): t=6977199ms: Already connected [1] to localhost:1080  	[MsgId: MMSG-26000]
..\\lib\\transaction.h(146): t=6977199ms: 525-byte request headers for "http://localhost:1080/WebTours/images/cancelallreservations.gif" (RelFrameId=, Internal ID=696)
..\\lib\\transaction.h(146):     GET /WebTours/images/cancelallreservations.gif HTTP/1.1\r\n
..\\lib\\transaction.h(146):     Referer: http://localhost:1080/cgi-bin/itinerary.pl\r\n
..\\lib\\transaction.h(146):     User-Agent: Mozilla/5.0 (Windows NT 10.0; Win64; x64; rv:133.0) Gecko/20100101 Firefox/133
..\\lib\\transaction.h(146):     .0\r\n
..\\lib\\transaction.h(146):     Accept-Encoding: gzip, deflate\r\n
..\\lib\\transaction.h(146):     Accept-Language: ru-RU,ru;q=0.8,en-US;q=0.5,en;q=0.3\r\n
..\\lib\\transaction.h(146):     Accept: */*\r\n
..\\lib\\transaction.h(146):     Connection: Keep-Alive\r\n
..\\lib\\transaction.h(146):     Host: localhost:1080\r\n
..\\lib\\transaction.h(146):     Cookie: MSO=SID&1734548179; MTUserInfo=hash&41&username&Ciri&creditCard&&address1&Kaer%20M
..\\lib\\transaction.h(146):     orhen&address2&Velen&expDate&%0A&firstName&Ciri&lastName&Fiona%20Elen%20Riannon%0A\r\n
..\\lib\\transaction.h(146):     \r\n
..\\lib\\transaction.h(146): t=6977200ms: 282-byte response headers for "http://localhost:1080/WebTours/images/cancelreservation.gif" (RelFrameId=, Internal ID=695)
..\\lib\\transaction.h(146):     HTTP/1.1 200 OK\r\n
..\\lib\\transaction.h(146):     Date: Wed, 18 Dec 2024 18:56:37 GMT\r\n
..\\lib\\transaction.h(146):     Server: Apache/2.4.58 (Unix)\r\n
..\\lib\\transaction.h(146):     Last-Modified: Fri, 15 Dec 2023 21:35:31 GMT\r\n
..\\lib\\transaction.h(146):     ETag: "33f-60c932df4aec0"\r\n
..\\lib\\transaction.h(146):     Accept-Ranges: bytes\r\n
..\\lib\\transaction.h(146):     Content-Length: 831\r\n
..\\lib\\transaction.h(146):     Keep-Alive: timeout=5, max=98\r\n
..\\lib\\transaction.h(146):     Connection: Keep-Alive\r\n
..\\lib\\transaction.h(146):     Content-Type: image/gif\r\n
..\\lib\\transaction.h(146):     \r\n
..\\lib\\transaction.h(146): t=6977200ms: 831-byte response body for "http://localhost:1080/WebTours/images/cancelreservation.gif" (RelFrameId=, Internal ID=695)
..\\lib\\transaction.h(146): t=6977200ms: Request done "http://localhost:1080/WebTours/images/cancelreservation.gif"  	[MsgId: MMSG-26000]
..\\lib\\transaction.h(146): t=6977200ms: 282-byte response headers for "http://localhost:1080/WebTours/images/cancelallreservations.gif" (RelFrameId=, Internal ID=696)
..\\lib\\transaction.h(146):     HTTP/1.1 200 OK\r\n
..\\lib\\transaction.h(146):     Date: Wed, 18 Dec 2024 18:56:37 GMT\r\n
..\\lib\\transaction.h(146):     Server: Apache/2.4.58 (Unix)\r\n
..\\lib\\transaction.h(146):     Last-Modified: Fri, 15 Dec 2023 21:35:31 GMT\r\n
..\\lib\\transaction.h(146):     ETag: "2e6-60c932df4aec0"\r\n
..\\lib\\transaction.h(146):     Accept-Ranges: bytes\r\n
..\\lib\\transaction.h(146):     Content-Length: 742\r\n
..\\lib\\transaction.h(146):     Keep-Alive: timeout=5, max=99\r\n
..\\lib\\transaction.h(146):     Connection: Keep-Alive\r\n
..\\lib\\transaction.h(146):     Content-Type: image/gif\r\n
..\\lib\\transaction.h(146):     \r\n
..\\lib\\transaction.h(146): t=6977200ms: 742-byte response body for "http://localhost:1080/WebTours/images/cancelallreservations.gif" (RelFrameId=, Internal ID=696)
..\\lib\\transaction.h(146): t=6977200ms: Request done "http://localhost:1080/WebTours/images/cancelallreservations.gif"  	[MsgId: MMSG-26000]
..\\lib\\transaction.h(146): Registered web_reg_find successful for "Text=Itinerary" (count=3)  	[MsgId: MMSG-26364]
..\\lib\\transaction.h(146): web_url("welcome.pl_2") was successful, 126611 body bytes, 1571 header bytes, 227 chunking overhead bytes  	[MsgId: MMSG-26385]
Action.c(48): lr_think_time: 3,00 seconds.	[MsgId: MMSG-15948]
Action.c(50): Notify: Transaction "itinerary_page" ended with a "Pass" status (Duration: 3,2840 Think Time: 3,0010 Wasted Time: 0,0002).	[MsgId: MMSG-16870]
Action.c(52): Notify: Transaction "UC02_FindFlight" ended with a "Pass" status (Duration: 20,4138 Think Time: 19,0359 Wasted Time: 0,0010).	[MsgId: MMSG-16870]
Ending action Action.	[MsgId: MMSG-15918]
Action was aborted.	[MsgId: MMSG-10694]
Ending Vuser...	[MsgId: MMSG-15966]
Starting action vuser_end.	[MsgId: MMSG-15919]
Ending action vuser_end.	[MsgId: MMSG-15918]
Vuser Terminated.	[MsgId: MMSG-15963]
t=6980202ms: Closed connection [0] to localhost:1080 after completing 3 request(s)  	[MsgId: MMSG-26000]
t=6980202ms: Closed connection [1] to localhost:1080 after completing 2 request(s)  	[MsgId: MMSG-26000]
t=6980202ms: Closed connection [2] to localhost:1080 after completing 1 request(s)  	[MsgId: MMSG-26000]
HTML-Mode memory management statistics: Reusable=18, NonReusable=0, CsMemBlockSize=4096, checks disabled  	[MsgId: MMSG-26000]
Vuser 9 (thread 8968), ended OK."	[MsgId: MMSG-10695]
