..\\lib\\transaction.h(146):     <input type="hidden" name="flightID" value="12040494-107904-YV"  />\n
..\\lib\\transaction.h(146):       </TD>\n
..\\lib\\transaction.h(146):       <TD width="45%" valign="top">\n
..\\lib\\transaction.h(146):           <b>&nbsp;&nbsp;8 Coach class tickets for :</b><br/>\n
..\\lib\\transaction.h(146):           <center><table border="0" width="85%"><tr><td>\n
..\\lib\\transaction.h(146):           <li><i>Yennefer Vengerberg      <li><i>      <li><i>      <li><i>      <li><i>      
..\\lib\\transaction.h(146):     <li><i>      <li><i>      <li><i>\n
..\\lib\\transaction.h(146):           <li><i></i>\n
..\\lib\\transaction.h(146):           </td></tr></table></center>\n
..\\lib\\transaction.h(146):       </TD>\n
..\\lib\\transaction.h(146):       <TD width="5%" >.<br/>.<br/>.<br/>.</TD>\n
..\\lib\\transaction.h(146):       <TD width="45%" valign=top><b>Invoice sent to:</b><br/>\n
..\\lib\\transaction.h(146):           <center>\n
..\\lib\\transaction.h(146):           <Table width="80%" cellspacing="0" > <tr> <td>\n
..\\lib\\transaction.h(146):               Yennefer Vengerberg\n
..\\lib\\transaction.h(146):     <br/>\n
..\\lib\\transaction.h(146):               Square of the Hierarch<br/>\n
..\\lib\\transaction.h(146):               Novigrad<br/>\n
..\\lib\\transaction.h(146):               <br/>\n
..\\lib\\transaction.h(146):               Total Charge: $ 2752 <BR/> (CC: x-0325)\n
..\\lib\\transaction.h(146):           </td> </tr> </table>\n
..\\lib\\transaction.h(146):           </center>\n
..\\lib\\transaction.h(146):       </TD>\n
..\\lib\\transaction.h(146):     </TR>\n
..\\lib\\transaction.h(146):     <TR bgcolor="#EFF2F7">\n
..\\lib\\transaction.h(146):       <TD COLSPAN="3">\n
..\\lib\\transaction.h(146):       <b>Flight Details:</b><BR/>  <center>\n
..\\lib\\transaction.h(146):       12/22/2024\n
..\\lib\\transaction.h(146):      :  11pm : Flight 093 leaves Denver  for Zurich.<br>  </center>\n
..\\lib\\transaction.h(146):       </TD>\n
..\\lib\\transaction.h(146):     </TR>\n
..\\lib\\transaction.h(146):     \n
..\\lib\\transaction.h(146):     <TR bgcolor="#EFF2F7">\n
..\\lib\\transaction.h(146):       <TD COLSPAN="4">\n
..\\lib\\transaction.h(146):       <hr/>\n
..\\lib\\transaction.h(146):       </TD>\n
..\\lib\\transaction.h(146):     </TR>\n
..\\lib\\transaction.h(146):     \n
..\\lib\\transaction.h(146):     <!-- Flight #1 -->\n
..\\lib\\transaction.h(146):     <TR bgcolor="#EFF2F7">\n
..\\lib\\transaction.h(146):       <TD width="5%" rowspan="2" align="left" valign="top">\n
..\\lib\\transaction.h(146):     <b>\n
..\\lib\\transaction.h(146):     <label><input type="checkbox" name="15" value="on" /></label></font></b>\n
..\\lib\\transaction.h(146):     <input type="hidden" name="flightID" value="12064466-115752-YV"  />\n
..\\lib\\transaction.h(146):       </TD>\n
..\\lib\\transaction.h(146):       <TD width="45%" valign="top">\n
..\\lib\\transaction.h(146):           <b>&nbsp;&nbsp;8 Coach class tickets for :</b><br/>\n
..\\lib\\transaction.h(146):           <center><table border="0" width="85%"><tr><td>\n
..\\lib\\transaction.h(146):           <li><i>Yennefer Vengerberg      <li><i>      <li><i>      <li><i>      <li><i>      
..\\lib\\transaction.h(146):     <li><i>      <li><i>      <li><i>\n
..\\lib\\transaction.h(146):           <li><i></i>\n
..\\lib\\transaction.h(146):           </td></tr></table></center>\n
..\\lib\\transaction.h(146):       </TD>\n
..\\lib\\transaction.h(146):       <TD width="5%" >.<br/>.<br/>.<br/>.</TD>\n
..\\lib\\transaction.h(146):       <TD width="45%" valign=top><b>Invoice sent to:</b><br/>\n
..\\lib\\transaction.h(146):           <center>\n
..\\lib\\transaction.h(146):           <Table width="80%" cellspacing="0" > <tr> <td>\n
..\\lib\\transaction.h(146):               Yennefer Vengerberg\n
..\\lib\\transaction.h(146):     <br/>\n
..\\lib\\transaction.h(146):               Square of the Hierarch<br/>\n
..\\lib\\transaction.h(146):               Novigrad<br/>\n
..\\lib\\transaction.h(146):               <br/>\n
..\\lib\\transaction.h(146):               Total Charge: $ 4784 <BR/> (CC: x-0325)\n
..\\lib\\transaction.h(146):           </td> </tr> </table>\n
..\\lib\\transaction.h(146):           </center>\n
..\\lib\\transaction.h(146):       </TD>\n
..\\lib\\transaction.h(146):     </TR>\n
..\\lib\\transaction.h(146):     <TR bgcolor="#EFF2F7">\n
..\\lib\\transaction.h(146):       <TD COLSPAN="3">\n
..\\lib\\transaction.h(146):       <b>Flight Details:</b><BR/>  <center>\n
..\\lib\\transaction.h(146):       12/22/2024\n
..\\lib\\transaction.h(146):      :  8am : Flight 740 leaves Seattle  for Paris.<br>  </center>\n
..\\lib\\transaction.h(146):       </TD>\n
..\\lib\\transaction.h(146):     </TR>\n
..\\lib\\transaction.h(146):     \n
..\\lib\\transaction.h(146):     <TR bgcolor="#EFF2F7">\n
..\\lib\\transaction.h(146):       <TD COLSPAN="4">\n
..\\lib\\transaction.h(146):       <hr/>\n
..\\lib\\transaction.h(146):       </TD>\n
..\\lib\\transaction.h(146):     </TR>\n
..\\lib\\transaction.h(146):     \n
..\\lib\\transaction.h(146):     <!-- Flight #1 -->\n
..\\lib\\transaction.h(146):     <TR bgcolor="#EFF2F7">\n
..\\lib\\transaction.h(146):       <TD width="5%" rowspan="2" align="left" valign="top">\n
..\\lib\\transaction.h(146):     <b>\n
..\\lib\\transaction.h(146):     <label><input type="checkbox" name="16" value="on" /></label></font></b>\n
..\\lib\\transaction.h(146):     <input type="hidden" name="flightID" value="12037863-123200-YV"  />\n
..\\lib\\transaction.h(146):       </TD>\n
..\\lib\\transaction.h(146):       <TD width="45%" valign="top">\n
..\\lib\\transaction.h(146):           <b>&nbsp;&nbsp;5 Coach class tickets for :</b><br/>\n
..\\lib\\transaction.h(146):           <center><table border="0" width="85%"><tr><td>\n
..\\lib\\transaction.h(146):           <li><i>Yennefer Vengerberg      <li><i>      <li><i>      <li><i>      <li><i>\n
..\\lib\\transaction.h(146):           <li><i></i>\n
..\\lib\\transaction.h(146):           </td></tr></table></center>\n
..\\lib\\transaction.h(146):       </TD>\n
..\\lib\\transaction.h(146):       <TD width="5%" >.<br/>.<br/>.<br/>.</TD>\n
..\\lib\\transaction.h(146):       <TD width="45%" valign=top><b>Invoice sent to:</b><br/>\n
..\\lib\\transaction.h(146):           <center>\n
..\\lib\\transaction.h(146):           <Table width="80%" cellspacing="0" > <tr> <td>\n
..\\lib\\transaction.h(146):               Yennefer Vengerberg\n
..\\lib\\transaction.h(146):     <br/>\n
..\\lib\\transaction.h(146):               Square of the Hierarch<br/>\n
..\\lib\\transaction.h(146):               Novigrad<br/>\n
..\\lib\\transaction.h(146):               <br/>\n
..\\lib\\transaction.h(146):               Total Charge: $ 1600 <BR/> (CC: x-0325)\n
..\\lib\\transaction.h(146):           </td> </tr> </table>\n
..\\lib\\transaction.h(146):           </center>\n
..\\lib\\transaction.h(146):       </TD>\n
..\\lib\\transaction.h(146):     </TR>\n
..\\lib\\transaction.h(146):     <TR bgcolor="#EFF2F7">\n
..\\lib\\transaction.h(146):       <TD COLSPAN="3">\n
..\\lib\\transaction.h(146):       <b>Flight Details:</b><BR/>  <center>\n
..\\lib\\transaction.h(146):       12/22/2024\n
..\\lib\\transaction.h(146):      :  5pm : Flight 022 leaves Denver  for London.<br>  </center>\n
..\\lib\\transaction.h(146):       </TD>\n
..\\lib\\transaction.h(146):     </TR>\n
..\\lib\\transaction.h(146):     \n
..\\lib\\transaction.h(146):     <TR bgcolor="#EFF2F7">\n
..\\lib\\transaction.h(146):       <TD COLSPAN="4">\n
..\\lib\\transaction.h(146):       <hr/>\n
..\\lib\\transaction.h(146):       </TD>\n
..\\lib\\transaction.h(146):     </TR>\n
..\\lib\\transaction.h(146):     \n
..\\lib\\transaction.h(146):     <!-- Flight #1 -->\n
..\\lib\\transaction.h(146):     <TR bgcolor="#EFF2F7">\n
..\\lib\\transaction.h(146):       <TD width="5%" rowspan="2" align="left" valign="top">\n
..\\lib\\transaction.h(146):     <b>\n
..\\lib\\transaction.h(146):     <label><input type="checkbox" name="17" value="on" /></label></font></b>\n
..\\lib\\transaction.h(146):     <input type="hidden" name="flightID" value="12051219-130981-YV"  />\n
..\\lib\\transaction.h(146):       </TD>\n
..\\lib\\transaction.h(146):       <TD width="45%" valign="top">\n
..\\lib\\transaction.h(146):           <b>&nbsp;&nbsp;3 Business class tickets for :</b><br/>\n
..\\lib\\transaction.h(146):           <center><table border="0" width="85%"><tr><td>\n
..\\lib\\transaction.h(146):           <li><i>Yennefer Vengerberg      <li><i>      <li><i>\n
..\\lib\\transaction.h(146):           <li><i></i>\n
..\\lib\\transaction.h(146):           </td></tr></table></center>\n
..\\lib\\transaction.h(146):       </TD>\n
..\\lib\\transaction.h(146):       <TD width="5%" >.<br/>.<br/>.<br/>.</TD>\n
..\\lib\\transaction.h(146):       <TD width="45%" valign=top><b>Invoice sent to:</b><br/>\n
..\\lib\\transaction.h(146):           <center>\n
..\\lib\\transaction.h(146):           <Table width="80%" cellspacing="0" > <tr> <td>\n
..\\lib\\transaction.h(146):               Yennefer Vengerberg\n
..\\lib\\transaction.h(146):     <br/>\n
..\\lib\\transaction.h(146):               Square of the Hierarch<br/>\n
..\\lib\\transaction.h(146):               Novigrad<br/>\n
..\\lib\\transaction.h(146):               <br/>\n
..\\lib\\transaction.h(146):               Total Charge: $ 2754 <BR/> (CC: x-0325)\n
..\\lib\\transaction.h(146):           </td> </tr> </table>\n
..\\lib\\transaction.h(146):           </center>\n
..\\lib\\transaction.h(146):       </TD>\n
..\\lib\\transaction.h(146):     </TR>\n
..\\lib\\transaction.h(146):     <TR bgcolor="#EFF2F7">\n
..\\lib\\transaction.h(146):       <TD COLSPAN="3">\n
..\\lib\\transaction.h(146):       <b>Flight Details:</b><BR/>  <center>\n
..\\lib\\transaction.h(146):       12/22/2024\n
..\\lib\\transaction.h(146):      :  5pm : Flight 382 leaves Los Angeles  for Sydney.<br>  </center>\n
..\\lib\\transaction.h(146):       </TD>\n
..\\lib\\transaction.h(146):     </TR>\n
..\\lib\\transaction.h(146):     \n
..\\lib\\transaction.h(146):     <TR bgcolor="#EFF2F7">\n
..\\lib\\transaction.h(146):       <TD COLSPAN="4">\n
..\\lib\\transaction.h(146):       <hr/>\n
..\\lib\\transaction.h(146):       </TD>\n
..\\lib\\transaction.h(146):     </TR>\n
..\\lib\\transaction.h(146):     \n
..\\lib\\transaction.h(146):     <!-- Flight #1 -->\n
..\\lib\\transaction.h(146):     <TR bgcolor="#EFF2F7">\n
..\\lib\\transaction.h(146):       <TD width="5%" rowspan="2" align="left" valign="top">\n
..\\lib\\transaction.h(146):     <b>\n
..\\lib\\transaction.h(146):     <label><input type="checkbox" name="18" value="on" /></label></font></b>\n
..\\lib\\transaction.h(146):     <input type="hidden" name="flightID" value="12071124-138623-YV"  />\n
..\\lib\\transaction.h(146):       </TD>\n
..\\lib\\transaction.h(146):       <TD width="45%" valign="top">\n
..\\lib\\transaction.h(146):           <b>&nbsp;&nbsp;6 First class tickets for :</b><br/>\n
..\\lib\\transaction.h(146):           <center><table border="0" width="85%"><tr><td>\n
..\\lib\\transaction.h(146):           <li><i>Yennefer Vengerberg      <li><i>      <li><i>      <li><i>      <li><i>      
..\\lib\\transaction.h(146):     <li><i>\n
..\\lib\\transaction.h(146):           <li><i></i>\n
..\\lib\\transaction.h(146):           </td></tr></table></center>\n
..\\lib\\transaction.h(146):       </TD>\n
..\\lib\\transaction.h(146):       <TD width="5%" >.<br/>.<br/>.<br/>.</TD>\n
..\\lib\\transaction.h(146):       <TD width="45%" valign=top><b>Invoice sent to:</b><br/>\n
..\\lib\\transaction.h(146):           <center>\n
..\\lib\\transaction.h(146):           <Table width="80%" cellspacing="0" > <tr> <td>\n
..\\lib\\transaction.h(146):               Yennefer Vengerberg\n
..\\lib\\transaction.h(146):     <br/>\n
..\\lib\\transaction.h(146):               Square of the Hierarch<br/>\n
..\\lib\\transaction.h(146):               Novigrad<br/>\n
..\\lib\\transaction.h(146):               <br/>\n
..\\lib\\transaction.h(146):               Total Charge: $ 2100 <BR/> (CC: x-0325)\n
..\\lib\\transaction.h(146):           </td> </tr> </table>\n
..\\lib\\transaction.h(146):           </center>\n
..\\lib\\transaction.h(146):       </TD>\n
..\\lib\\transaction.h(146):     </TR>\n
..\\lib\\transaction.h(146):     <TR bgcolor="#EFF2F7">\n
..\\lib\\transaction.h(146):       <TD COLSPAN="3">\n
..\\lib\\transaction.h(146):       <b>Flight Details:</b><BR/>  <center>\n
..\\lib\\transaction.h(146):       12/22/2024\n
..\\lib\\transaction.h(146):      :  8am : Flight 920 leaves Zurich  for London.<br>  </center>\n
..\\lib\\transaction.h(146):       </TD>\n
..\\lib\\transaction.h(146):     </TR>\n
..\\lib\\transaction.h(146):     \n
..\\lib\\transaction.h(146):     <TR bgcolor="#EFF2F7">\n
..\\lib\\transaction.h(146):       <TD COLSPAN="4">\n
..\\lib\\transaction.h(146):       <hr/>\n
..\\lib\\transaction.h(146):       </TD>\n
..\\lib\\transaction.h(146):     </TR>\n
..\\lib\\transaction.h(146):     \n
..\\lib\\transaction.h(146):     <!-- Flight #1 -->\n
..\\lib\\transaction.h(146):     <TR bgcolor="#EFF2F7">\n
..\\lib\\transaction.h(146):       <TD width="5%" rowspan="2" align="left" valign="top">\n
..\\lib\\transaction.h(146):     <b>\n
..\\lib\\transaction.h(146):     <label><input type="checkbox" name="19" value="on" /></label></font></b>\n
..\\lib\\transaction.h(146):     <input type="hidden" name="flightID" value="12060056-146475-YV"  />\n
..\\lib\\transaction.h(146):       </TD>\n
..\\lib\\transaction.h(146):       <TD width="45%" valign="top">\n
..\\lib\\transaction.h(146):           <b>&nbsp;&nbsp;8 Coach class tickets for :</b><br/>\n
..\\lib\\transaction.h(146):           <center><table border="0" width="85%"><tr><td>\n
..\\lib\\transaction.h(146):           <li><i>Yennefer Vengerberg      <li><i>      <li><i>      <li><i>      <li><i>      
..\\lib\\transaction.h(146):     <li><i>      <li><i>      <li><i>\n
..\\lib\\transaction.h(146):           <li><i></i>\n
..\\lib\\transaction.h(146):           </td></tr></table></center>\n
..\\lib\\transaction.h(146):       </TD>\n
..\\lib\\transaction.h(146):       <TD width="5%" >.<br/>.<br/>.<br/>.</TD>\n
..\\lib\\transaction.h(146):       <TD width="45%" valign=top><b>Invoice sent to:</b><br/>\n
..\\lib\\transaction.h(146):           <center>\n
..\\lib\\transaction.h(146):           <Table width="80%" cellspacing="0" > <tr> <td>\n
..\\lib\\transaction.h(146):               Yennefer Vengerberg\n
..\\lib\\transaction.h(146):     <br/>\n
..\\lib\\transaction.h(146):               Square of the Hierarch<br/>\n
..\\lib\\transaction.h(146):               Novigrad<br/>\n
..\\lib\\transaction.h(146):               <br/>\n
..\\lib\\transaction.h(146):               Total Charge: $ 4176 <BR/> (CC: x-0325)\n
..\\lib\\transaction.h(146):           </td> </tr> </table>\n
..\\lib\\transaction.h(146):           </center>\n
..\\lib\\transaction.h(146):       </TD>\n
..\\lib\\transaction.h(146):     </TR>\n
..\\lib\\transaction.h(146):     <TR bgcolor="#EFF2F7">\n
..\\lib\\transaction.h(146):       <TD COLSPAN="3">\n
..\\lib\\transaction.h(146):       <b>Flight Details:</b><BR/>  <center>\n
..\\lib\\transaction.h(146):       12/22/2024\n
..\\lib\\transaction.h(146):      :  1pm : Flight 621 leaves San Francisco  for London.<br>  </center>\n
..\\lib\\transaction.h(146):       </TD>\n
..\\lib\\transaction.h(146):     </TR>\n
..\\lib\\transaction.h(146):     \n
..\\lib\\transaction.h(146):     <TR bgcolor="#EFF2F7">\n
..\\lib\\transaction.h(146):       <TD COLSPAN="4">\n
..\\lib\\transaction.h(146):       <hr/>\n
..\\lib\\transaction.h(146):       </TD>\n
..\\lib\\transaction.h(146):     </TR>\n
..\\lib\\transaction.h(146):     \n
..\\lib\\transaction.h(146):     <!-- Flight #1 -->\n
..\\lib\\transaction.h(146):     <TR bgcolor="#EFF2F7">\n
..\\lib\\transaction.h(146):       <TD width="5%" rowspan="2" align="left" valign="top">\n
..\\lib\\transaction.h(146):     <b>\n
..\\lib\\transaction.h(146):     <label><input type="checkbox" name="20" value="on" /></label></font></b>\n
..\\lib\\transaction.h(146):     <input type="hidden" name="flightID" value="1206525-15426-YV"  />\n
..\\lib\\transaction.h(146):       </TD>\n
..\\lib\\transaction.h(146):       <TD width="45%" valign="top">\n
..\\lib\\transaction.h(146):           <b>&nbsp;&nbsp;7 Coach class tickets for :</b><br/>\n
..\\lib\\transaction.h(146):           <center><table border="0" width="85%"><tr><td>\n
..\\lib\\transaction.h(146):           <li><i>Yennefer Vengerberg      <li><i>      <li><i>      <li><i>      <li><i>      
..\\lib\\transaction.h(146):     <li><i>      <li><i>\n
..\\lib\\transaction.h(146):           <li><i></i>\n
..\\lib\\transaction.h(146):           </td></tr></table></center>\n
..\\lib\\transaction.h(146):       </TD>\n
..\\lib\\transaction.h(146):       <TD width="5%" >.<br/>.<br/>.<br/>.</TD>\n
..\\lib\\transaction.h(146):       <TD width="45%" valign=top><b>Invoice sent to:</b><br/>\n
..\\lib\\transaction.h(146):           <center>\n
..\\lib\\transaction.h(146):           <Table width="80%" cellspacing="0" > <tr> <td>\n
..\\lib\\transaction.h(146):               Yennefer Vengerberg\n
..\\lib\\transaction.h(146):     <br/>\n
..\\lib\\transaction.h(146):               Square of the Hierarch<br/>\n
..\\lib\\transaction.h(146):               Novigrad<br/>\n
..\\lib\\transaction.h(146):               <br/>\n
..\\lib\\transaction.h(146):               Total Charge: $ 539 <BR/> (CC: x-0325)\n
..\\lib\\transaction.h(146):           </td> </tr> </table>\n
..\\lib\\transaction.h(146):           </center>\n
..\\lib\\transaction.h(146):       </TD>\n
..\\lib\\transaction.h(146):     </TR>\n
..\\lib\\transaction.h(146):     <TR bgcolor="#EFF2F7">\n
..\\lib\\transaction.h(146):       <TD COLSPAN="3">\n
..\\lib\\transaction.h(146):       <b>Flight Details:</b><BR/>  <center>\n
..\\lib\\transaction.h(146):       12/22/2024\n
..\\lib\\transaction.h(146):      :  1pm : Flight 761 leaves Seattle  for San Francisco.<br>  </center>\n
..\\lib\\transaction.h(146):       </TD>\n
..\\lib\\transaction.h(146):     </TR>\n
..\\lib\\transaction.h(146):     \n
..\\lib\\transaction.h(146):     <TR bgcolor="#EFF2F7">\n
..\\lib\\transaction.h(146):       <TD COLSPAN="4">\n
..\\lib\\transaction.h(146):       <hr/>\n
..\\lib\\transaction.h(146):       </TD>\n
..\\lib\\transaction.h(146):     </TR>\n
..\\lib\\transaction.h(146):     \n
..\\lib\\transaction.h(146):     <!-- Flight #1 -->\n
..\\lib\\transaction.h(146):     <TR bgcolor="#EFF2F7">\n
..\\lib\\transaction.h(146):       <TD width="5%" rowspan="2" align="left" valign="top">\n
..\\lib\\transaction.h(146):     <b>\n
..\\lib\\transaction.h(146):     <label><input type="checkbox" name="21" value="on" /></label></font></b>\n
..\\lib\\transaction.h(146):     <input type="hidden" name="flightID" value="12047165-161751-YV"  />\n
..\\lib\\transaction.h(146):       </TD>\n
..\\lib\\transaction.h(146):       <TD width="45%" valign="top">\n
..\\lib\\transaction.h(146):           <b>&nbsp;&nbsp;6 Coach class tickets for :</b><br/>\n
..\\lib\\transaction.h(146):           <center><table border="0" width="85%"><tr><td>\n
..\\lib\\transaction.h(146):           <li><i>Yennefer Vengerberg      <li><i>      <li><i>      <li><i>      <li><i>      
..\\lib\\transaction.h(146):     <li><i>\n
..\\lib\\transaction.h(146):           <li><i></i>\n
..\\lib\\transaction.h(146):           </td></tr></table></center>\n
..\\lib\\transaction.h(146):       </TD>\n
..\\lib\\transaction.h(146):       <TD width="5%" >.<br/>.<br/>.<br/>.</TD>\n
..\\lib\\transaction.h(146):       <TD width="45%" valign=top><b>Invoice sent to:</b><br/>\n
..\\lib\\transaction.h(146):           <center>\n
..\\lib\\transaction.h(146):           <Table width="80%" cellspacing="0" > <tr> <td>\n
..\\lib\\transaction.h(146):               Yennefer Vengerberg\n
..\\lib\\transaction.h(146):     <br/>\n
..\\lib\\transaction.h(146):               Square of the Hierarch<br/>\n
..\\lib\\transaction.h(146):               Novigrad<br/>\n
..\\lib\\transaction.h(146):               <br/>\n
..\\lib\\transaction.h(146):               Total Charge: $ 2772 <BR/> (CC: x-0325)\n
..\\lib\\transaction.h(146):           </td> </tr> </table>\n
..\\lib\\transaction.h(146):           </center>\n
..\\lib\\transaction.h(146):       </TD>\n
..\\lib\\transaction.h(146):     </TR>\n
..\\lib\\transaction.h(146):     <TR bgcolor="#EFF2F7">\n
..\\lib\\transaction.h(146):       <TD COLSPAN="3">\n
..\\lib\\transaction.h(146):       <b>Flight Details:</b><BR/>  <center>\n
..\\lib\\transaction.h(146):       12/22/2024\n
..\\lib\\transaction.h(146):      :  11pm : Flight 273 leaves London  for Seattle.<br>  </center>\n
..\\lib\\transaction.h(146):       </TD>\n
..\\lib\\transaction.h(146):     </TR>\n
..\\lib\\transaction.h(146):     \n
..\\lib\\transaction.h(146):     <TR bgcolor="#EFF2F7">\n
..\\lib\\transaction.h(146):       <TD COLSPAN="4">\n
..\\lib\\transaction.h(146):       <hr/>\n
..\\lib\\transaction.h(146):       </TD>\n
..\\lib\\transaction.h(146):     </TR>\n
..\\lib\\transaction.h(146):     \n
..\\lib\\transaction.h(146):     <!-- Flight #1 -->\n
..\\lib\\transaction.h(146):     <TR bgcolor="#EFF2F7">\n
..\\lib\\transaction.h(146):       <TD width="5%" rowspan="2" align="left" valign="top">\n
..\\lib\\transaction.h(146):     <b>\n
..\\lib\\transaction.h(146):     <label><input type="checkbox" name="22" value="on" /></label></font></b>\n
..\\lib\\transaction.h(146):     <input type="hidden" name="flightID" value="12054539-169491-YV"  />\n
..\\lib\\transaction.h(146):       </TD>\n
..\\lib\\transaction.h(146):       <TD width="45%" valign="top">\n
..\\lib\\transaction.h(146):           <b>&nbsp;&nbsp;6 Coach class tickets for :</b><br/>\n
..\\lib\\transaction.h(146):           <center><table border="0" width="85%"><tr><td>\n
..\\lib\\transaction.h(146):           <li><i>Yennefer Vengerberg      <li><i>      <li><i>      <li><i>      <li><i>      
..\\lib\\transaction.h(146):     <li><i>\n
..\\lib\\transaction.h(146):           <li><i></i>\n
..\\lib\\transaction.h(146):           </td></tr></table></center>\n
..\\lib\\transaction.h(146):       </TD>\n
..\\lib\\transaction.h(146):       <TD width="5%" >.<br/>.<br/>.<br/>.</TD>\n
..\\lib\\transaction.h(146):       <TD width="45%" valign=top><b>Invoice sent to:</b><br/>\n
..\\lib\\transaction.h(146):           <center>\n
..\\lib\\transaction.h(146):           <Table width="80%" cellspacing="0" > <tr> <td>\n
..\\lib\\transaction.h(146):               Yennefer Vengerberg\n
..\\lib\\transaction.h(146):     <br/>\n
..\\lib\\transaction.h(146):               Square of the Hierarch<br/>\n
..\\lib\\transaction.h(146):               Novigrad<br/>\n
..\\lib\\transaction.h(146):               <br/>\n
..\\lib\\transaction.h(146):               Total Charge: $ 3390 <BR/> (CC: x-0325)\n
..\\lib\\transaction.h(146):           </td> </tr> </table>\n
..\\lib\\transaction.h(146):           </center>\n
..\\lib\\transaction.h(146):       </TD>\n
..\\lib\\transaction.h(146):     </TR>\n
..\\lib\\transaction.h(146):     <TR bgcolor="#EFF2F7">\n
..\\lib\\transaction.h(146):       <TD COLSPAN="3">\n
..\\lib\\transaction.h(146):       <b>Flight Details:</b><BR/>  <center>\n
..\\lib\\transaction.h(146):       12/22/2024\n
..\\lib\\transaction.h(146):      :  5pm : Flight 472 leaves Paris  for Seattle.<br>  </center>\n
..\\lib\\transaction.h(146):       </TD>\n
..\\lib\\transaction.h(146):     </TR>\n
..\\lib\\transaction.h(146):     \n
..\\lib\\transaction.h(146):     <TR bgcolor="#EFF2F7">\n
..\\lib\\transaction.h(146):       <TD COLSPAN="4">\n
..\\lib\\transaction.h(146):       <hr/>\n
..\\lib\\transaction.h(146):       </TD>\n
..\\lib\\transaction.h(146):     </TR>\n
..\\lib\\transaction.h(146):     <TR>\n
..\\lib\\transaction.h(146):        <TD align="center" COLSPAN="4">\n
..\\lib\\transaction.h(146):        <b>A total of 22 scheduled flights.</font></b>\n
..\\lib\\transaction.h(146):        </TD>\n
..\\lib\\transaction.h(146):     </TR>\n
..\\lib\\transaction.h(146):     </TABLE>\n
..\\lib\\transaction.h(146):     \n
..\\lib\\transaction.h(146):     <TABLE WIDTH="87%" BORDER="0" CELLSPACING="0">\n
..\\lib\\transaction.h(146):     <TR>\n
..\\lib\\transaction.h(146):     <TD align="left" width="50%" >\n
..\\lib\\transaction.h(146):     <input type="image" name="removeFlights" src="/WebTours/images/cancelreservation.gif" bord
..\\lib\\transaction.h(146):     er="0" /></TD>\n
..\\lib\\transaction.h(146):     <TD align="right" width="50%" >\n
..\\lib\\transaction.h(146):     <input type="image" name="removeAllFlights" src="/WebTours/images/cancelallreservations.gi
..\\lib\\transaction.h(146):     f" border="0" /></TD>\n
..\\lib\\transaction.h(146):     </TABLE>\n
..\\lib\\transaction.h(146):     \n
..\\lib\\transaction.h(146):     <div><input type="hidden" name=".cgifields" value="11"  /><input type="hidden" name=".cgif
..\\lib\\transaction.h(146):     ields" value="21"  /><input type="hidden" name=".cgifields" value="7"  /><input type="hidd
..\\lib\\transaction.h(146):     en" name=".cgifields" value="17"  /><input type="hidden" name=".cgifields" value="2"  /><i
..\\lib\\transaction.h(146):     nput type="hidden" name=".cgifields" value="22"  /><input type="hidden" name=".cgifields" 
..\\lib\\transaction.h(146):     value="1"  /><input type="hidden" name=".cgifields" value="18"  /><input type="hidden" nam
..\\lib\\transaction.h(146):     e=".cgifields" value="16"  /><input type="hidden" name=".cgifields" value="13"  /><input t
..\\lib\\transaction.h(146):     ype="hidden" name=".cgifields" value="6"  /><input type="hidden" name=".cgifields" value="
..\\lib\\transaction.h(146):     3"  /><input type="hidden" name=".cgifields" value="9"  /><input type="hidden" name=".cgif
..\\lib\\transaction.h(146):     ields" value="12"  /><input type="hidden" name=".cgifields" value="20"  /><input type="hid
..\\lib\\transaction.h(146):     den" name=".cgifields" value="14"  /><input type="hidden" name=".cgifields" value="15"  />
..\\lib\\transaction.h(146):     <input type="hidden" name=".cgifields" value="8"  /><input type="hidden" name=".cgifields"
..\\lib\\transaction.h(146):      value="4"  /><input type="hidden" name=".cgifields" value="19"  /><input type="hidden" na
..\\lib\\transaction.h(146):     me=".cgifields" value="10"  /><input type="hidden" name=".cgifields" value="5"  /><
..\\lib\\transaction.h(146): Found resource "http://localhost:1080/WebTours/images/cancelreservation.gif" in HTML "http://localhost:1080/cgi-bin/itinerary.pl"  	[MsgId: MMSG-26659]
..\\lib\\transaction.h(146): Found resource "http://localhost:1080/WebTours/images/cancelallreservations.gif" in HTML "http://localhost:1080/cgi-bin/itinerary.pl"  	[MsgId: MMSG-26659]
..\\lib\\transaction.h(146): t=7008780ms: 7-byte chunked response overhead for "http://localhost:1080/cgi-bin/itinerary.pl" (RelFrameId=1.2, Internal ID=635)
..\\lib\\transaction.h(146):     \r\n
..\\lib\\transaction.h(146):     0\r\n
..\\lib\\transaction.h(146):     \r\n
..\\lib\\transaction.h(146): t=7008780ms: 40-byte chunked response body for "http://localhost:1080/cgi-bin/itinerary.pl" (RelFrameId=1.2, Internal ID=635)
..\\lib\\transaction.h(146):     /div></form>\n
..\\lib\\transaction.h(146):     \n
..\\lib\\transaction.h(146):     </center>\n
..\\lib\\transaction.h(146):     \n
..\\lib\\transaction.h(146):     </body>\n
..\\lib\\transaction.h(146):     </html>
..\\lib\\transaction.h(146): t=7008780ms: Request done "http://localhost:1080/cgi-bin/itinerary.pl"  	[MsgId: MMSG-26000]
..\\lib\\transaction.h(146): t=7008780ms: Already connected [1] to localhost:1080  	[MsgId: MMSG-26000]
..\\lib\\transaction.h(146): t=7008780ms: 535-byte request headers for "http://localhost:1080/WebTours/images/cancelreservation.gif" (RelFrameId=, Internal ID=637)
..\\lib\\transaction.h(146):     GET /WebTours/images/cancelreservation.gif HTTP/1.1\r\n
..\\lib\\transaction.h(146):     Referer: http://localhost:1080/cgi-bin/itinerary.pl\r\n
..\\lib\\transaction.h(146):     User-Agent: Mozilla/5.0 (Windows NT 10.0; Win64; x64; rv:133.0) Gecko/20100101 Firefox/133
..\\lib\\transaction.h(146):     .0\r\n
..\\lib\\transaction.h(146):     Accept-Encoding: gzip, deflate\r\n
..\\lib\\transaction.h(146):     Accept-Language: ru-RU,ru;q=0.8,en-US;q=0.5,en;q=0.3\r\n
..\\lib\\transaction.h(146):     Accept: */*\r\n
..\\lib\\transaction.h(146):     Connection: Keep-Alive\r\n
..\\lib\\transaction.h(146):     Host: localhost:1080\r\n
..\\lib\\transaction.h(146):     Cookie: MSO=SID&1734254837; MTUserInfo=firstName&Yennefer&address2&Novigrad&username&Yenne
..\\lib\\transaction.h(146):     fer&hash&82&lastName&Vengerberg%0A&address1&Square%20of%20the%20Hierarch&creditCard&&expDa
..\\lib\\transaction.h(146):     te&%0A\r\n
..\\lib\\transaction.h(146):     \r\n
..\\lib\\transaction.h(146): t=7008780ms: Connecting [3] to host 127.0.0.1:1080  	[MsgId: MMSG-26000]
..\\lib\\transaction.h(146): t=7008795ms: Connected socket [3] from 127.0.0.1:29180 to 127.0.0.1:1080 in 15 ms  	[MsgId: MMSG-26000]
..\\lib\\transaction.h(146): t=7008795ms: 539-byte request headers for "http://localhost:1080/WebTours/images/cancelallreservations.gif" (RelFrameId=, Internal ID=638)
..\\lib\\transaction.h(146):     GET /WebTours/images/cancelallreservations.gif HTTP/1.1\r\n
..\\lib\\transaction.h(146):     Referer: http://localhost:1080/cgi-bin/itinerary.pl\r\n
..\\lib\\transaction.h(146):     User-Agent: Mozilla/5.0 (Windows NT 10.0; Win64; x64; rv:133.0) Gecko/20100101 Firefox/133
..\\lib\\transaction.h(146):     .0\r\n
..\\lib\\transaction.h(146):     Accept-Encoding: gzip, deflate\r\n
..\\lib\\transaction.h(146):     Accept-Language: ru-RU,ru;q=0.8,en-US;q=0.5,en;q=0.3\r\n
..\\lib\\transaction.h(146):     Accept: */*\r\n
..\\lib\\transaction.h(146):     Connection: Keep-Alive\r\n
..\\lib\\transaction.h(146):     Host: localhost:1080\r\n
..\\lib\\transaction.h(146):     Cookie: MSO=SID&1734254837; MTUserInfo=firstName&Yennefer&address2&Novigrad&username&Yenne
..\\lib\\transaction.h(146):     fer&hash&82&lastName&Vengerberg%0A&address1&Square%20of%20the%20Hierarch&creditCard&&expDa
..\\lib\\transaction.h(146):     te&%0A\r\n
..\\lib\\transaction.h(146):     \r\n
..\\lib\\transaction.h(146): t=7008796ms: 297-byte response headers for "http://localhost:1080/WebTours/images/in_itinerary.gif" (RelFrameId=, Internal ID=636)
..\\lib\\transaction.h(146):     HTTP/1.1 200 OK\r\n
..\\lib\\transaction.h(146):     Date: Sun, 15 Dec 2024 09:27:33 GMT\r\n
..\\lib\\transaction.h(146):     Server: Apache/2.2.21 (Win32)\r\n
..\\lib\\transaction.h(146):     Last-Modified: Tue, 26 Nov 2024 14:20:51 GMT\r\n
..\\lib\\transaction.h(146):     ETag: "6000000095916-2dd-627d18e68e27b"\r\n
..\\lib\\transaction.h(146):     Accept-Ranges: bytes\r\n
..\\lib\\transaction.h(146):     Content-Length: 733\r\n
..\\lib\\transaction.h(146):     Keep-Alive: timeout=5, max=95\r\n
..\\lib\\transaction.h(146):     Connection: Keep-Alive\r\n
..\\lib\\transaction.h(146):     Content-Type: image/gif\r\n
..\\lib\\transaction.h(146):     \r\n
..\\lib\\transaction.h(146): t=7008796ms: 733-byte response body for "http://localhost:1080/WebTours/images/in_itinerary.gif" (RelFrameId=, Internal ID=636)
..\\lib\\transaction.h(146): t=7008796ms: Request done "http://localhost:1080/WebTours/images/in_itinerary.gif"  	[MsgId: MMSG-26000]
..\\lib\\transaction.h(146): t=7008796ms: 298-byte response headers for "http://localhost:1080/WebTours/images/cancelallreservations.gif" (RelFrameId=, Internal ID=638)
..\\lib\\transaction.h(146):     HTTP/1.1 200 OK\r\n
..\\lib\\transaction.h(146):     Date: Sun, 15 Dec 2024 09:27:33 GMT\r\n
..\\lib\\transaction.h(146):     Server: Apache/2.2.21 (Win32)\r\n
..\\lib\\transaction.h(146):     Last-Modified: Tue, 26 Nov 2024 14:20:50 GMT\r\n
..\\lib\\transaction.h(146):     ETag: "6000000095907-2e6-627d18e65fc80"\r\n
..\\lib\\transaction.h(146):     Accept-Ranges: bytes\r\n
..\\lib\\transaction.h(146):     Content-Length: 742\r\n
..\\lib\\transaction.h(146):     Keep-Alive: timeout=5, max=100\r\n
..\\lib\\transaction.h(146):     Connection: Keep-Alive\r\n
..\\lib\\transaction.h(146):     Content-Type: image/gif\r\n
..\\lib\\transaction.h(146):     \r\n
..\\lib\\transaction.h(146): t=7008796ms: 742-byte response body for "http://localhost:1080/WebTours/images/cancelallreservations.gif" (RelFrameId=, Internal ID=638)
..\\lib\\transaction.h(146): t=7008796ms: Request done "http://localhost:1080/WebTours/images/cancelallreservations.gif"  	[MsgId: MMSG-26000]
..\\lib\\transaction.h(146): t=7008827ms: 297-byte response headers for "http://localhost:1080/WebTours/images/cancelreservation.gif" (RelFrameId=, Internal ID=637)
..\\lib\\transaction.h(146):     HTTP/1.1 200 OK\r\n
..\\lib\\transaction.h(146):     Date: Sun, 15 Dec 2024 09:27:33 GMT\r\n
..\\lib\\transaction.h(146):     Server: Apache/2.2.21 (Win32)\r\n
..\\lib\\transaction.h(146):     Last-Modified: Tue, 26 Nov 2024 14:20:50 GMT\r\n
..\\lib\\transaction.h(146):     ETag: "6000000095908-33f-627d18e6645bf"\r\n
..\\lib\\transaction.h(146):     Accept-Ranges: bytes\r\n
..\\lib\\transaction.h(146):     Content-Length: 831\r\n
..\\lib\\transaction.h(146):     Keep-Alive: timeout=5, max=99\r\n
..\\lib\\transaction.h(146):     Connection: Keep-Alive\r\n
..\\lib\\transaction.h(146):     Content-Type: image/gif\r\n
..\\lib\\transaction.h(146):     \r\n
..\\lib\\transaction.h(146): t=7008827ms: 831-byte response body for "http://localhost:1080/WebTours/images/cancelreservation.gif" (RelFrameId=, Internal ID=637)
..\\lib\\transaction.h(146): t=7008828ms: Request done "http://localhost:1080/WebTours/images/cancelreservation.gif"  	[MsgId: MMSG-26000]
..\\lib\\transaction.h(146): Registered web_reg_find successful for "Text=Itinerary" (count=3)  	[MsgId: MMSG-26364]
..\\lib\\transaction.h(146): web_url("welcome.pl_2") was successful, 32920 body bytes, 1619 header bytes, 83 chunking overhead bytes  	[MsgId: MMSG-26385]
Action.c(48): lr_think_time: 3,00 seconds.	[MsgId: MMSG-15948]
Action.c(50): Notify: Transaction "itinerary_page" ended with a "Pass" status (Duration: 3,1328 Think Time: 3,0070 Wasted Time: 0,0000).	[MsgId: MMSG-16870]
Action.c(52): Notify: Transaction "UC02_FindFlight" ended with a "Pass" status (Duration: 19,6004 Think Time: 19,0218 Wasted Time: 0,0008).	[MsgId: MMSG-16870]
Ending action Action.	[MsgId: MMSG-15918]
Action was aborted.	[MsgId: MMSG-10694]
Ending Vuser...	[MsgId: MMSG-15966]
Starting action vuser_end.	[MsgId: MMSG-15919]
Ending action vuser_end.	[MsgId: MMSG-15918]
Vuser Terminated.	[MsgId: MMSG-15963]
t=7011835ms: Closed connection [0] to localhost:1080 after completing 6 request(s)  	[MsgId: MMSG-26000]
t=7011836ms: Closed connection [1] to localhost:1080 after completing 2 request(s)  	[MsgId: MMSG-26000]
t=7011836ms: Closed connection [2] to localhost:1080 after completing 1 request(s)  	[MsgId: MMSG-26000]
t=7011836ms: Closed connection [3] to localhost:1080 after completing 1 request(s)  	[MsgId: MMSG-26000]
HTML-Mode memory management statistics: Reusable=9, NonReusable=0, CsMemBlockSize=4096, checks disabled  	[MsgId: MMSG-26000]
Vuser 9 (thread 14816), ended OK."	[MsgId: MMSG-10695]
