Action.c(51):       <b>Flight Details:</b><BR/>  <center>\n
Action.c(51):       12/25/2024\n
Action.c(51):      :  11pm : Flight 253 leaves London  for Portland.<br>  </center>\n
Action.c(51):       </TD>\n
Action.c(51):     </TR>\n
Action.c(51):     \n
Action.c(51):     <TR bgcolor="#EFF2F7">\n
Action.c(51):       <TD COLSPAN="4">\n
Action.c(51):       <hr/>\n
Action.c(51):       </TD>\n
Action.c(51):     </TR>\n
Action.c(51):     \n
Action.c(51):     <!-- Flight #1 -->\n
Action.c(51):     <TR bgcolor="#EFF2F7">\n
Action.c(51):       <TD width="5%" rowspan="2" align="left" valign="top">\n
Action.c(51):     <b>\n
Action.c(51):     <label><input type="checkbox" name="59" value="on" /></label></font></b>\n
Action.c(51):     <input type="hidden" name="flightID" value="128500046-453996-EB"  />\n
Action.c(51):       </TD>\n
Action.c(51):       <TD width="45%" valign="top">\n
Action.c(51):           <b>&nbsp;&nbsp;8 Coach class tickets for :</b><br/>\n
Action.c(51):           <center><table border="0" width="85%"><tr><td>\n
Action.c(51):           <li><i>Eskel Bull      <li><i>      <li><i>      <li><i>      <li><i>      <li><i>  
Action.c(51):         <li><i>      <li><i>\n
Action.c(51):           <li><i></i>\n
Action.c(51):           </td></tr></table></center>\n
Action.c(51):       </TD>\n
Action.c(51):       <TD width="5%" >.<br/>.<br/>.<br/>.</TD>\n
Action.c(51):       <TD width="45%" valign=top><b>Invoice sent to:</b><br/>\n
Action.c(51):           <center>\n
Action.c(51):           <Table width="80%" cellspacing="0" > <tr> <td>\n
Action.c(51):               Eskel Bull\n
Action.c(51):     <br/>\n
Action.c(51):               Druid Camp<br/>\n
Action.c(51):               White Garden<br/>\n
Action.c(51):               <br/>\n
Action.c(51):               Total Charge: $ 1960 <BR/> (CC: x-3469)\n
Action.c(51):           </td> </tr> </table>\n
Action.c(51):           </center>\n
Action.c(51):       </TD>\n
Action.c(51):     </TR>\n
Action.c(51):     <TR bgcolor="#EFF2F7">\n
Action.c(51):       <TD COLSPAN="3">\n
Action.c(51):       <b>Flight Details:</b><BR/>  <center>\n
Action.c(51):       12/25/2024\n
Action.c(51):      :  1pm : Flight 501 leaves Portland  for Denver.<br>  </center>\n
Action.c(51):       </TD>\n
Action.c(51):     </TR>\n
Action.c(51):     \n
Action.c(51):     <TR bgcolor="#EFF2F7">\n
Action.c(51):       <TD COLSPAN="4">\n
Action.c(51):       <hr/>\n
Action.c(51):       </TD>\n
Action.c(51):     </TR>\n
Action.c(51):     \n
Action.c(51):     <!-- Flight #1 -->\n
Action.c(51):     <TR bgcolor="#EFF2F7">\n
Action.c(51):       <T
Action.c(51): t=6975025ms: 6-byte chunked response overhead for "http://localhost:1080/cgi-bin/itinerary.pl" (RelFrameId=1, Internal ID=725)
Action.c(51):     \r\n
Action.c(51):     c0\r\n
Action.c(51): t=6975025ms: 8-byte chunked response overhead for "http://localhost:1080/cgi-bin/itinerary.pl" (RelFrameId=1, Internal ID=725)
Action.c(51):     \r\n
Action.c(51):     1f40\r\n
Action.c(51): t=6975025ms: 6-byte chunked response overhead for "http://localhost:1080/cgi-bin/itinerary.pl" (RelFrameId=1, Internal ID=725)
Action.c(51):     \r\n
Action.c(51):     c0\r\n
Action.c(51): t=6975025ms: 12267-byte chunked response body for "http://localhost:1080/cgi-bin/itinerary.pl" (RelFrameId=1, Internal ID=725)
Action.c(51):     D width="5%" rowspan="2" align="left" valign="top">\n
Action.c(51):     <b>\n
Action.c(51):     <label><input type="checkbox" name="60" value="on" /></label></font></b>\n
Action.c(51):     <input type="hidden" name="flightID" value="12850494-46168-EB"  />\n
Action.c(51):       </TD>\n
Action.c(51):       <TD width="45%" valign="top">\n
Action.c(51):           <b>&nbsp;&nbsp;4 Coach class tickets for :</b><br/>\n
Action.c(51):           <center><table border="0" width="85%"><tr><td>\n
Action.c(51):           <li><i>Eskel Bull      <li><i>      <li><i>      <li><i>\n
Action.c(51):           <li><i></i>\n
Action.c(51):           </td></tr></table></center>\n
Action.c(51):       </TD>\n
Action.c(51):       <TD width="5%" >.<br/>.<br/>.<br/>.</TD>\n
Action.c(51):       <TD width="45%" valign=top><b>Invoice sent to:</b><br/>\n
Action.c(51):           <center>\n
Action.c(51):           <Table width="80%" cellspacing="0" > <tr> <td>\n
Action.c(51):               Eskel Bull\n
Action.c(51):     <br/>\n
Action.c(51):               Druid Camp<br/>\n
Action.c(51):               White Garden<br/>\n
Action.c(51):               <br/>\n
Action.c(51):               Total Charge: $ 196 <BR/> (CC: x-3469)\n
Action.c(51):           </td> </tr> </table>\n
Action.c(51):           </center>\n
Action.c(51):       </TD>\n
Action.c(51):     </TR>\n
Action.c(51):     <TR bgcolor="#EFF2F7">\n
Action.c(51):       <TD COLSPAN="3">\n
Action.c(51):       <b>Flight Details:</b><BR/>  <center>\n
Action.c(51):       12/25/2024\n
Action.c(51):      :  11pm : Flight 633 leaves San Francisco  for Los Angeles.<br>  </center>\n
Action.c(51):       </TD>\n
Action.c(51):     </TR>\n
Action.c(51):     \n
Action.c(51):     <TR bgcolor="#EFF2F7">\n
Action.c(51):       <TD COLSPAN="4">\n
Action.c(51):       <hr/>\n
Action.c(51):       </TD>\n
Action.c(51):     </TR>\n
Action.c(51):     \n
Action.c(51):     <!-- Flight #1 -->\n
Action.c(51):     <TR bgcolor="#EFF2F7">\n
Action.c(51):       <TD width="5%" rowspan="2" align="left" valign="top">\n
Action.c(51):     <b>\n
Action.c(51):     <label><input type="checkbox" name="61" value="on" /></label></font></b>\n
Action.c(51):     <input type="hidden" name="flightID" value="128507496-469446-EB"  />\n
Action.c(51):       </TD>\n
Action.c(51):       <TD width="45%" valign="top">\n
Action.c(51):           <b>&nbsp;&nbsp;7 Business class tickets for :</b><br/>\n
Action.c(51):           <center><table border="0" width="85%"><tr><td>\n
Action.c(51):           <li><i>Eskel Bull      <li><i>      <li><i>      <li><i>      <li><i>      <li><i>  
Action.c(51):         <li><i>\n
Action.c(51):           <li><i></i>\n
Action.c(51):           </td></tr></table></center>\n
Action.c(51):       </TD>\n
Action.c(51):       <TD width="5%" >.<br/>.<br/>.<br/>.</TD>\n
Action.c(51):       <TD width="45%" valign=top><b>Invoice sent to:</b><br/>\n
Action.c(51):           <center>\n
Action.c(51):           <Table width="80%" cellspacing="0" > <tr> <td>\n
Action.c(51):               Eskel Bull\n
Action.c(51):     <br/>\n
Action.c(51):               Druid Camp<br/>\n
Action.c(51):               White Garden<br/>\n
Action.c(51):               <br/>\n
Action.c(51):               Total Charge: $ 2807 <BR/> (CC: x-3469)\n
Action.c(51):           </td> </tr> </table>\n
Action.c(51):           </center>\n
Action.c(51):       </TD>\n
Action.c(51):     </TR>\n
Action.c(51):     <TR bgcolor="#EFF2F7">\n
Action.c(51):       <TD COLSPAN="3">\n
Action.c(51):       <b>Flight Details:</b><BR/>  <center>\n
Action.c(51):       12/25/2024\n
Action.c(51):      :  5pm : Flight 702 leaves Seattle  for Denver.<br>  </center>\n
Action.c(51):       </TD>\n
Action.c(51):     </TR>\n
Action.c(51):     \n
Action.c(51):     <TR bgcolor="#EFF2F7">\n
Action.c(51):       <TD COLSPAN="4">\n
Action.c(51):       <hr/>\n
Action.c(51):       </TD>\n
Action.c(51):     </TR>\n
Action.c(51):     \n
Action.c(51):     <!-- Flight #1 -->\n
Action.c(51):     <TR bgcolor="#EFF2F7">\n
Action.c(51):       <TD width="5%" rowspan="2" align="left" valign="top">\n
Action.c(51):     <b>\n
Action.c(51):     <label><input type="checkbox" name="62" value="on" /></label></font></b>\n
Action.c(51):     <input type="hidden" name="flightID" value="128487430-477115-EB"  />\n
Action.c(51):       </TD>\n
Action.c(51):       <TD width="45%" valign="top">\n
Action.c(51):           <b>&nbsp;&nbsp;4 Business class tickets for :</b><br/>\n
Action.c(51):           <center><table border="0" width="85%"><tr><td>\n
Action.c(51):           <li><i>Eskel Bull      <li><i>      <li><i>      <li><i>\n
Action.c(51):           <li><i></i>\n
Action.c(51):           </td></tr></table></center>\n
Action.c(51):       </TD>\n
Action.c(51):       <TD width="5%" >.<br/>.<br/>.<br/>.</TD>\n
Action.c(51):       <TD width="45%" valign=top><b>Invoice sent to:</b><br/>\n
Action.c(51):           <center>\n
Action.c(51):           <Table width="80%" cellspacing="0" > <tr> <td>\n
Action.c(51):               Eskel Bull\n
Action.c(51):     <br/>\n
Action.c(51):               Druid Camp<br/>\n
Action.c(51):               White Garden<br/>\n
Action.c(51):               <br/>\n
Action.c(51):               Total Charge: $ 2500 <BR/> (CC: x-3469)\n
Action.c(51):           </td> </tr> </table>\n
Action.c(51):           </center>\n
Action.c(51):       </TD>\n
Action.c(51):     </TR>\n
Action.c(51):     <TR bgcolor="#EFF2F7">\n
Action.c(51):       <TD COLSPAN="3">\n
Action.c(51):       <b>Flight Details:</b><BR/>  <center>\n
Action.c(51):       12/25/2024\n
Action.c(51):      :  8am : Flight 160 leaves Frankfurt  for San Francisco.<br>  </center>\n
Action.c(51):       </TD>\n
Action.c(51):     </TR>\n
Action.c(51):     \n
Action.c(51):     <TR bgcolor="#EFF2F7">\n
Action.c(51):       <TD COLSPAN="4">\n
Action.c(51):       <hr/>\n
Action.c(51):       </TD>\n
Action.c(51):     </TR>\n
Action.c(51):     \n
Action.c(51):     <!-- Flight #1 -->\n
Action.c(51):     <TR bgcolor="#EFF2F7">\n
Action.c(51):       <TD width="5%" rowspan="2" align="left" valign="top">\n
Action.c(51):     <b>\n
Action.c(51):     <label><input type="checkbox" name="63" value="on" /></label></font></b>\n
Action.c(51):     <input type="hidden" name="flightID" value="128489305-484706-EB"  />\n
Action.c(51):       </TD>\n
Action.c(51):       <TD width="45%" valign="top">\n
Action.c(51):           <b>&nbsp;&nbsp;5 Coach class tickets for :</b><br/>\n
Action.c(51):           <center><table border="0" width="85%"><tr><td>\n
Action.c(51):           <li><i>Eskel Bull      <li><i>      <li><i>      <li><i>      <li><i>\n
Action.c(51):           <li><i></i>\n
Action.c(51):           </td></tr></table></center>\n
Action.c(51):       </TD>\n
Action.c(51):       <TD width="5%" >.<br/>.<br/>.<br/>.</TD>\n
Action.c(51):       <TD width="45%" valign=top><b>Invoice sent to:</b><br/>\n
Action.c(51):           <center>\n
Action.c(51):           <Table width="80%" cellspacing="0" > <tr> <td>\n
Action.c(51):               Eskel Bull\n
Action.c(51):     <br/>\n
Action.c(51):               Druid Camp<br/>\n
Action.c(51):               White Garden<br/>\n
Action.c(51):               <br/>\n
Action.c(51):               Total Charge: $ 1185 <BR/> (CC: x-3469)\n
Action.c(51):           </td> </tr> </table>\n
Action.c(51):           </center>\n
Action.c(51):       </TD>\n
Action.c(51):     </TR>\n
Action.c(51):     <TR bgcolor="#EFF2F7">\n
Action.c(51):       <TD COLSPAN="3">\n
Action.c(51):       <b>Flight Details:</b><BR/>  <center>\n
Action.c(51):       12/25/2024\n
Action.c(51):      :  1pm : Flight 211 leaves London  for Frankfurt.<br>  </center>\n
Action.c(51):       </TD>\n
Action.c(51):     </TR>\n
Action.c(51):     \n
Action.c(51):     <TR bgcolor="#EFF2F7">\n
Action.c(51):       <TD COLSPAN="4">\n
Action.c(51):       <hr/>\n
Action.c(51):       </TD>\n
Action.c(51):     </TR>\n
Action.c(51):     \n
Action.c(51):     <!-- Flight #1 -->\n
Action.c(51):     <TR bgcolor="#EFF2F7">\n
Action.c(51):       <TD width="5%" rowspan="2" align="left" valign="top">\n
Action.c(51):     <b>\n
Action.c(51):     <label><input type="checkbox" name="64" value="on" /></label></font></b>\n
Action.c(51):     <input type="hidden" name="flightID" value="128482683-492547-EB"  />\n
Action.c(51):       </TD>\n
Action.c(51):       <TD width="45%" valign="top">\n
Action.c(51):           <b>&nbsp;&nbsp;7 First class tickets for :</b><br/>\n
Action.c(51):           <center><table border="0" width="85%"><tr><td>\n
Action.c(51):           <li><i>Eskel Bull      <li><i>      <li><i>      <li><i>      <li><i>      <li><i>  
Action.c(51):         <li><i>\n
Action.c(51):           <li><i></i>\n
Action.c(51):           </td></tr></table></center>\n
Action.c(51):       </TD>\n
Action.c(51):       <TD width="5%" >.<br/>.<br/>.<br/>.</TD>\n
Action.c(51):       <TD width="45%" valign=top><b>Invoice sent to:</b><br/>\n
Action.c(51):           <center>\n
Action.c(51):           <Table width="80%" cellspacing="0" > <tr> <td>\n
Action.c(51):               Eskel Bull\n
Action.c(51):     <br/>\n
Action.c(51):               Druid Camp<br/>\n
Action.c(51):               White Garden<br/>\n
Action.c(51):               <br/>\n
Action.c(51):               Total Charge: $ 3122 <BR/> (CC: x-3469)\n
Action.c(51):           </td> </tr> </table>\n
Action.c(51):           </center>\n
Action.c(51):       </TD>\n
Action.c(51):     </TR>\n
Action.c(51):     <TR bgcolor="#EFF2F7">\n
Action.c(51):       <TD COLSPAN="3">\n
Action.c(51):       <b>Flight Details:</b><BR/>  <center>\n
Action.c(51):       12/25/2024\n
Action.c(51):      :  5pm : Flight 032 leaves Denver  for Los Angeles.<br>  </center>\n
Action.c(51):       </TD>\n
Action.c(51):     </TR>\n
Action.c(51):     \n
Action.c(51):     <TR bgcolor="#EFF2F7">\n
Action.c(51):       <TD COLSPAN="4">\n
Action.c(51):       <hr/>\n
Action.c(51):       </TD>\n
Action.c(51):     </TR>\n
Action.c(51):     \n
Action.c(51):     <!-- Flight #1 -->\n
Action.c(51):     <TR bgcolor="#EFF2F7">\n
Action.c(51):       <TD width="5%" rowspan="2" align="left" valign="top">\n
Action.c(51):     <b>\n
Action.c(51):     <label><input type="checkbox" name="65" value="on" /></label></font></b>\n
Action.c(51):     <input type="hidden" name="flightID" value="1284918595-5001285-EB"  />\n
Action.c(51):       </TD>\n
Action.c(51):       <TD width="45%" valign="top">\n
Action.c(51):           <b>&nbsp;&nbsp;8 Business class tickets for :</b><br/>\n
Action.c(51):           <center><table border="0" width="85%"><tr><td>\n
Action.c(51):           <li><i>Eskel Bull      <li><i>      <li><i>      <li><i>      <li><i>      <li><i>  
Action.c(51):         <li><i>      <li><i>\n
Action.c(51):           <li><i></i>\n
Action.c(51):           </td></tr></table></center>\n
Action.c(51):       </TD>\n
Action.c(51):       <TD width="5%" >.<br/>.<br/>.<br/>.</TD>\n
Action.c(51):       <TD width="45%" valign=top><b>Invoice sent to:</b><br/>\n
Action.c(51):           <center>\n
Action.c(51):           <Table width="80%" cellspacing="0" > <tr> <td>\n
Action.c(51):               Eskel Bull\n
Action.c(51):     <br/>\n
Action.c(51):               Druid Camp<br/>\n
Action.c(51):               White Garden<br/>\n
Action.c(51):               <br/>\n
Action.c(51):               Total Charge: $ 16712 <BR/> (CC: x-3469)\n
Action.c(51):           </td> </tr> </table>\n
Action.c(51):           </center>\n
Action.c(51):       </TD>\n
Action.c(51):     </TR>\n
Action.c(51):     <TR bgcolor="#EFF2F7">\n
Action.c(51):       <TD COLSPAN="3">\n
Action.c(51):       <b>Flight Details:</b><BR/>  <center>\n
Action.c(51):       12/25/2024\n
Action.c(51):      :  8am : Flight 280 leaves London  for Sydney.<br>  </center>\n
Action.c(51):       </TD>\n
Action.c(51):     </TR>\n
Action.c(51):     \n
Action.c(51):     <TR bgcolor="#EFF2F7">\n
Action.c(51):       <TD COLSPAN="4">\n
Action.c(51):       <hr/>\n
Action.c(51):       </TD>\n
Action.c(51):     </TR>\n
Action.c(51):     \n
Action.c(51):     <!-- Flight #1 -->\n
Action.c(51):     <TR bgcolor="#EFF2F7">\n
Action.c(51):       <TD width="5%" rowspan="2" align="left" valign="top">\n
Action.c(51):     <b>\n
Action.c(51):     <label><input type="checkbox" name="66" value="on" /></label></font></b>\n
Action.c(51):     <input type="hidden" name="flightID" value="128483417-507872-EB"  />\n
Action.c(51):       </TD>\n
Action.c(51):       <TD width="45%" valign="top">\n
Action.c(51):           <b>&nbsp;&nbsp;9 Coach class tickets for :</b><br/>\n
Action.c(51):           <center><table border="0" width="85%"><tr><td>\n
Action.c(51):           <li><i>Eskel Bull      <li><i>      <li><i>      <li><i>      <li><i>      <li><i>  
Action.c(51):         <li><i>      <li><i>      <li><i>\n
Action.c(51):           <li><i></i>\n
Action.c(51):           </td></tr></table></center>\n
Action.c(51):       </TD>\n
Action.c(51):       <TD width="5%" >.<br/>.<br/>.<br/>.</TD>\n
Action.c(51):       <TD width="45%" valign=top><b>Invoice sent to:</b><br/>\n
Action.c(51):           <center>\n
Action.c(51):           <Table width="80%" cellspacing="0" > <tr> <td>\n
Action.c(51):               Eskel Bull\n
Action.c(51):     <br/>\n
Action.c(51):               Druid Camp<br/>\n
Action.c(51):               White Garden<br/>\n
Action.c(51):               <br/>\n
Action.c(51):               Total Charge: $ 2340 <BR/> (CC: x-3469)\n
Action.c(51):           </td> </tr> </table>\n
Action.c(51):           </center>\n
Action.c(51):       </TD>\n
Action.c(51):     </TR>\n
Action.c(51):     <TR bgcolor="#EFF2F7">\n
Action.c(51):       <TD COLSPAN="3">\n
Action.c(51):       <b>Flight Details:</b><BR/>  <center>\n
Action.c(51):       12/25/2024\n
Action.c(51):      :  5pm : Flight 052 leaves Denver  for Portland.<br>  </center>\n
Action.c(51):       </TD>\n
Action.c(51):     </TR>\n
Action.c(51):     \n
Action.c(51):     <TR bgcolor="#EFF2F7">\n
Action.c(51):       <TD COLSPAN="4">\n
Action.c(51):       <hr/>\n
Action.c(51):       </TD>\n
Action.c(51):     </TR>\n
Action.c(51):     \n
Action.c(51):     <!-- Flight #1 -->\n
Action.c(51):     <TR bgcolor="#EFF2F7">\n
Action.c(51):       <TD width="5%" rowspan="2" align="left" valign="top">\n
Action.c(51):     <b>\n
Action.c(51):     <label><input type="checkbox" name="67" value="on" /></label></font></b>\n
Action.c(51):     <input type="hidden" name="flightID" value="1285126384-5154763-EB"  />\n
Action.c(51):       </TD>\n
Action.c(51):       <TD width="45%" valign="top">\n
Action.c(51):           <b>&nbsp;&nbsp;5 First class tickets for :</b><br/>\n
Action.c(51):           <center><table border="0" width="85%"><tr><td>\n
Action.c(51):           <li><i>Eskel Bull      <li><i>      <li><i>      <li><i>      <li><i>\n
Action.c(51):           <li><i></i>\n
Action.c(51):           </td></tr></table></center>\n
Action.c(51):       </TD>\n
Action.c(51):       <TD width="5%" >.<br/>.<br/>.<br/>.</TD>\n
Action.c(51):       <TD width="45%" valign=top><b>Invoice sent to:</b><br/>\n
Action.c(51):           <center>\n
Action.c(51):           <Table width="80%" cellspacing="0" > <tr> <td>\n
Action.c(51):               Eskel Bull\n
Action.c(51):     <br/>\n
Action.c(51):               Druid Camp<br/>\n
Action.c(51):               White Garden<br/>\n
Action.c(51):               <br/>\n
Action.c(51):               Total Charge: $ 11930 <BR/> (CC: x-3469)\n
Action.c(51):           </td> </tr> </table>\n
Action.c(51):           </center>\n
Action.c(51):       </TD>\n
Action.c(51):     </TR>\n
Action.c(51):     <TR bgcolor="#EFF2F7">\n
Action.c(51):       <TD COLSPAN="3">\n
Action.c(51):       <b>Flight Details:</b><BR/>  <center>\n
Action.c(51):       12/25/2024\n
Action.c(51):      :  1pm : Flight 841 leaves Sydney  for Paris.<br>  </center>\n
Action.c(51):       </TD>\n
Action.c(51):     </TR>\n
Action.c(51):     \n
Action.c(51):     <TR bgcolor="#EFF2F7">\n
Action.c(51):       <TD COLSPAN="4">\n
Action.c(51):       <hr/>\n
Action.c(51):       </TD>\n
Action.c(51):     </TR>\n
Action.c(51):     \n
Action.c(51):     <!-- Flight #1 -->\n
Action.c(51):     <TR bgcolor="#EFF2F7">\n
Action.c(51):       <TD width="5%" rowspan="2" align="left" valign="top">\n
Action.c(51):     <b>\n
Action.c(51):     <label><input type="checkbox" name="68" value="on" /></label></font></b>\n
Action.c(51):     <input type="hidden" name="flightID" value="1285104860-523833-EB"  />\n
Action.c(51):       </TD>\n
Action.c(51):       <TD width="45%" valign="top">\n
Action.c(51):           <b>&nbsp;&nbsp;8 First class tickets for :</b><br/>\n
Action.c(51):           <center><table border="0" width="85%"><tr><td>\n
Action.c(51):           <li><i>Eskel Bull      <li><i>      <li><i>      <li><i>      <li><i>      <li><i>  
Action.c(51):         <li><i>      <li><i>\n
Action.c(51):           <li><i></i>\n
Action.c(51):           </td></tr></table></center>\n
Action.c(51):       </TD>\n
Action.c(51):       <TD width="5%" >.<br/>.<br/>.<br/>.</TD>\n
Action.c(51):       <TD width="45%" valign=top><b>Invoice sent to:</b><br/>\n
Action.c(51):           <center>\n
Action.c(51):           <Table width="80%" cellspacing="0" > <tr> <td>\n
Action.c(51):               Eskel Bull\n
Action.c(51):     <br/>\n
Action.c(51):               Druid Camp<br/>\n
Action.c(51):               White Garden<br/>\n
Action.c(51):               <br/>\n
Action.c(51):               Total Charge: $ 9840 <BR/> (CC: x-3469)\n
Action.c(51):           </td> </tr> </table>\n
Action.c(51):           </center>\n
Action.c(51):       </TD>\n
Action.c(51):     </TR>\n
Action.c(51):     <TR bgcolor="#EFF2F7">\n
Action.c(51):       <TD COLSPAN="3">\n
Action.c(51):       <b>Flight Details:</b><BR/>  <center>\n
Action.c(51):       12/25/2024\n
Action.c(51):      :  11pm : Flight 783 leaves Seattle  for Sydney.<br>  </center>\n
Action.c(51):       </TD>\n
Action.c(51):     </TR>\n
Action.c(51):     \n
Action.c(51):     <TR bgcolor="#EFF2F7">\n
Action.c(51):       <TD COLSPAN="4">\n
Action.c(51):       <hr/>\n
Action.c(51):       </TD>\n
Action.c(51):     </TR>\n
Action.c(51):     \n
Action.c(51):     <!-- Flight #1 -->\n
Action.c(51):     <TR bgcolor="#EFF2F7">\n
Action.c(51):       <TD width="5%" rowspan="2" align="left" valign="top">\n
Action.c(51):     <b>\n
Action.c(51):     <label><input type="checkbox" name="69" value="on" /></label></font></b>\n
Action.c(51):     <input type="hidden" name="flightID" value="128507911-531095-EB"  />\n
Action.c(51):       </TD>\n
Action.c(51):       <TD width="45%" valign="top">\n
Action.c(51):           <b>&nbsp;&nbsp;7 Business class tickets for :</b><br/>\n
Action.c(51):           <center><table border="0" width="85%"><tr><td>\n
Action.c(51):           <li><i>Eskel Bull      <li><i>      <li><i>      <li><i>      <li><i>      <li><i>  
Action.c(51):         <li><i>\n
Action.c(51):           <li><i></i>\n
Action.c(51):           </td></tr></table></center>\n
Action.c(51):       </TD>\n
Action.c(51):       <TD width="5%" >.<br/>.<br/>.<br/>.</TD>\n
Action.c(51):       <TD width="45%" valign=top><b>Invoice sent to:</b><br/>\n
Action.c(51):           <center>\n
Action.c(51):           <Table width="80%" cellspacing="0" > <tr> <td>\n
Action.c(51):               Eskel Bull\n
Action.c(51):     <br/>\n
Action.c(51):               Druid Camp<br/>\n
Action.c(51):               White Garden<br/>\n
Action.c(51):               <br/>\n
Action.c(51):               Total Charge: $ 4235 <BR/> (CC: x-3469)\n
Action.c(51):           </td> </tr> </table>\n
Action.c(51):           </center>\n
Action.c(51):       </TD>\n
Action.c(51):     </TR>\n
Action.c(51):     <TR bgcolor="#EFF2F7">\n
Action.c(51):       <TD COLSPAN="3">\n
Action.c(51):       <b>Flight Details:</b><BR/>  <center>\n
Action.c(51):       12/25/2024\n
Action.c(51):      :  11pm : Flight 713 leaves Seattle  for Frankfurt.<br>  </center>\n
Action.c(51):       </TD>\n
Action.c(51):     </TR>\n
Action.c(51):     \n
Action.c(51):     <TR bgcolor="#EFF2F7">\n
Action.c(51):       <TD COLSPAN="4">\n
Action.c(51):       <hr/>\n
Action.c(51):       </TD>\n
Action.c(51):     </TR>\n
Action.c(51):     \n
Action.c(51):     <!-- Flight #1 -->\n
Action.c(51):     <TR bgcolor="#EFF2F7">\n
Action.c(51):       <TD width="5%" rowspan="2" align="left" valign="top">\n
Action.c(51):     <b>\n
Action.c(51):     <label><input type="checkbox" name="70" value="on" /></label></font></b>\n
Action.c(51):     <input type="hidden" name="flightID" value="1284934488-539008-EB"  />\n
Action.c(51):       </TD>\n
Action.c(51):       <TD width="45%" valign="top">\n
Action.c(51):           <b>&nbsp;&nbsp;6 First class tickets for :</b><br/>\n
Action.c(51):           <center><table border="0" width="85%"><tr><td>\n
Action.c(51):           <li><i>Eskel Bull      <li><i>      <li><i>      <li><i>      <li><i>      <li><i>\n
Action.c(51):           <li><i></i>\n
Action.c(51):           </td></tr></table></center>\n
Action.c(51):       </TD>\n
Action.c(51):       <TD width="5%" >.<br/>.<br/>.<br/>.</TD>\n
Action.c(51):       <TD width="45%" valign=top><b>Invoice sent to:</b><br/>\n
Action.c(51):           <ce
Action.c(51): t=6975034ms: 8-byte chunked response overhead for "http://localhost:1080/cgi-bin/itinerary.pl" (RelFrameId=1, Internal ID=725)
Action.c(51):     \r\n
Action.c(51):     1f40\r\n
Action.c(51): t=6975034ms: 6-byte chunked response overhead for "http://localhost:1080/cgi-bin/itinerary.pl" (RelFrameId=1, Internal ID=725)
Action.c(51):     \r\n
Action.c(51):     c0\r\n
Action.c(51): t=6975034ms: 8-byte chunked response overhead for "http://localhost:1080/cgi-bin/itinerary.pl" (RelFrameId=1, Internal ID=725)
Action.c(51):     \r\n
Action.c(51):     1f40\r\n
Action.c(51): t=6975035ms: 12265-byte chunked response body for "http://localhost:1080/cgi-bin/itinerary.pl" (RelFrameId=1, Internal ID=725)
Action.c(51):     nter>\n
Action.c(51):           <Table width="80%" cellspacing="0" > <tr> <td>\n
Action.c(51):               Eskel Bull\n
Action.c(51):     <br/>\n
Action.c(51):               Druid Camp<br/>\n
Action.c(51):               White Garden<br/>\n
Action.c(51):               <br/>\n
Action.c(51):               Total Charge: $ 7116 <BR/> (CC: x-3469)\n
Action.c(51):           </td> </tr> </table>\n
Action.c(51):           </center>\n
Action.c(51):       </TD>\n
Action.c(51):     </TR>\n
Action.c(51):     <TR bgcolor="#EFF2F7">\n
Action.c(51):       <TD COLSPAN="3">\n
Action.c(51):       <b>Flight Details:</b><BR/>  <center>\n
Action.c(51):       12/25/2024\n
Action.c(51):      :  11pm : Flight 323 leaves Los Angeles  for London.<br>  </center>\n
Action.c(51):       </TD>\n
Action.c(51):     </TR>\n
Action.c(51):     \n
Action.c(51):     <TR bgcolor="#EFF2F7">\n
Action.c(51):       <TD COLSPAN="4">\n
Action.c(51):       <hr/>\n
Action.c(51):       </TD>\n
Action.c(51):     </TR>\n
Action.c(51):     \n
Action.c(51):     <!-- Flight #1 -->\n
Action.c(51):     <TR bgcolor="#EFF2F7">\n
Action.c(51):       <TD width="5%" rowspan="2" align="left" valign="top">\n
Action.c(51):     <b>\n
Action.c(51):     <label><input type="checkbox" name="71" value="on" /></label></font></b>\n
Action.c(51):     <input type="hidden" name="flightID" value="128513466-546292-EB"  />\n
Action.c(51):       </TD>\n
Action.c(51):       <TD width="45%" valign="top">\n
Action.c(51):           <b>&nbsp;&nbsp;3 Coach class tickets for :</b><br/>\n
Action.c(51):           <center><table border="0" width="85%"><tr><td>\n
Action.c(51):           <li><i>Eskel Bull      <li><i>      <li><i>\n
Action.c(51):           <li><i></i>\n
Action.c(51):           </td></tr></table></center>\n
Action.c(51):       </TD>\n
Action.c(51):       <TD width="5%" >.<br/>.<br/>.<br/>.</TD>\n
Action.c(51):       <TD width="45%" valign=top><b>Invoice sent to:</b><br/>\n
Action.c(51):           <center>\n
Action.c(51):           <Table width="80%" cellspacing="0" > <tr> <td>\n
Action.c(51):               Eskel Bull\n
Action.c(51):     <br/>\n
Action.c(51):               Druid Camp<br/>\n
Action.c(51):               White Garden<br/>\n
Action.c(51):               <br/>\n
Action.c(51):               Total Charge: $ 1806 <BR/> (CC: x-3469)\n
Action.c(51):           </td> </tr> </table>\n
Action.c(51):           </center>\n
Action.c(51):       </TD>\n
Action.c(51):     </TR>\n
Action.c(51):     <TR bgcolor="#EFF2F7">\n
Action.c(51):       <TD COLSPAN="3">\n
Action.c(51):       <b>Flight Details:</b><BR/>  <center>\n
Action.c(51):       12/25/2024\n
Action.c(51):      :  11pm : Flight 863 leaves Sydney  for San Francisco.<br>  </center>\n
Action.c(51):       </TD>\n
Action.c(51):     </TR>\n
Action.c(51):     \n
Action.c(51):     <TR bgcolor="#EFF2F7">\n
Action.c(51):       <TD COLSPAN="4">\n
Action.c(51):       <hr/>\n
Action.c(51):       </TD>\n
Action.c(51):     </TR>\n
Action.c(51):     \n
Action.c(51):     <!-- Flight #1 -->\n
Action.c(51):     <TR bgcolor="#EFF2F7">\n
Action.c(51):       <TD width="5%" rowspan="2" align="left" valign="top">\n
Action.c(51):     <b>\n
Action.c(51):     <label><input type="checkbox" name="72" value="on" /></label></font></b>\n
Action.c(51):     <input type="hidden" name="flightID" value="128500050-553955-EB"  />\n
Action.c(51):       </TD>\n
Action.c(51):       <TD width="45%" valign="top">\n
Action.c(51):           <b>&nbsp;&nbsp;4 Business class tickets for :</b><br/>\n
Action.c(51):           <center><table border="0" width="85%"><tr><td>\n
Action.c(51):           <li><i>Eskel Bull      <li><i>      <li><i>      <li><i>\n
Action.c(51):           <li><i></i>\n
Action.c(51):           </td></tr></table></center>\n
Action.c(51):       </TD>\n
Action.c(51):       <TD width="5%" >.<br/>.<br/>.<br/>.</TD>\n
Action.c(51):       <TD width="45%" valign=top><b>Invoice sent to:</b><br/>\n
Action.c(51):           <center>\n
Action.c(51):           <Table width="80%" cellspacing="0" > <tr> <td>\n
Action.c(51):               Eskel Bull\n
Action.c(51):     <br/>\n
Action.c(51):               Druid Camp<br/>\n
Action.c(51):               White Garden<br/>\n
Action.c(51):               <br/>\n
Action.c(51):               Total Charge: $ 1420 <BR/> (CC: x-3469)\n
Action.c(51):           </td> </tr> </table>\n
Action.c(51):           </center>\n
Action.c(51):       </TD>\n
Action.c(51):     </TR>\n
Action.c(51):     <TR bgcolor="#EFF2F7">\n
Action.c(51):       <TD COLSPAN="3">\n
Action.c(51):       <b>Flight Details:</b><BR/>  <center>\n
Action.c(51):       12/25/2024\n
Action.c(51):      :  1pm : Flight 501 leaves Portland  for Denver.<br>  </center>\n
Action.c(51):       </TD>\n
Action.c(51):     </TR>\n
Action.c(51):     \n
Action.c(51):     <TR bgcolor="#EFF2F7">\n
Action.c(51):       <TD COLSPAN="4">\n
Action.c(51):       <hr/>\n
Action.c(51):       </TD>\n
Action.c(51):     </TR>\n
Action.c(51):     \n
Action.c(51):     <!-- Flight #1 -->\n
Action.c(51):     <TR bgcolor="#EFF2F7">\n
Action.c(51):       <TD width="5%" rowspan="2" align="left" valign="top">\n
Action.c(51):     <b>\n
Action.c(51):     <label><input type="checkbox" name="73" value="on" /></label></font></b>\n
Action.c(51):     <input type="hidden" name="flightID" value="1285134486-562232-EB"  />\n
Action.c(51):       </TD>\n
Action.c(51):       <TD width="45%" valign="top">\n
Action.c(51):           <b>&nbsp;&nbsp;8 First class tickets for :</b><br/>\n
Action.c(51):           <center><table border="0" width="85%"><tr><td>\n
Action.c(51):           <li><i>Eskel Bull      <li><i>      <li><i>      <li><i>      <li><i>      <li><i>  
Action.c(51):         <li><i>      <li><i>\n
Action.c(51):           <li><i></i>\n
Action.c(51):           </td></tr></table></center>\n
Action.c(51):       </TD>\n
Action.c(51):       <TD width="5%" >.<br/>.<br/>.<br/>.</TD>\n
Action.c(51):       <TD width="45%" valign=top><b>Invoice sent to:</b><br/>\n
Action.c(51):           <center>\n
Action.c(51):           <Table width="80%" cellspacing="0" > <tr> <td>\n
Action.c(51):               Eskel Bull\n
Action.c(51):     <br/>\n
Action.c(51):               Druid Camp<br/>\n
Action.c(51):               White Garden<br/>\n
Action.c(51):               <br/>\n
Action.c(51):               Total Charge: $ 9024 <BR/> (CC: x-3469)\n
Action.c(51):           </td> </tr> </table>\n
Action.c(51):           </center>\n
Action.c(51):       </TD>\n
Action.c(51):     </TR>\n
Action.c(51):     <TR bgcolor="#EFF2F7">\n
Action.c(51):       <TD COLSPAN="3">\n
Action.c(51):       <b>Flight Details:</b><BR/>  <center>\n
Action.c(51):       12/25/2024\n
Action.c(51):      :  11pm : Flight 863 leaves Sydney  for San Francisco.<br>  </center>\n
Action.c(51):       </TD>\n
Action.c(51):     </TR>\n
Action.c(51):     \n
Action.c(51):     <TR bgcolor="#EFF2F7">\n
Action.c(51):       <TD COLSPAN="4">\n
Action.c(51):       <hr/>\n
Action.c(51):       </TD>\n
Action.c(51):     </TR>\n
Action.c(51):     \n
Action.c(51):     <!-- Flight #1 -->\n
Action.c(51):     <TR bgcolor="#EFF2F7">\n
Action.c(51):       <TD width="5%" rowspan="2" align="left" valign="top">\n
Action.c(51):     <b>\n
Action.c(51):     <label><input type="checkbox" name="74" value="on" /></label></font></b>\n
Action.c(51):     <input type="hidden" name="flightID" value="1285137445-569469-EB"  />\n
Action.c(51):       </TD>\n
Action.c(51):       <TD width="45%" valign="top">\n
Action.c(51):           <b>&nbsp;&nbsp;3 Business class tickets for :</b><br/>\n
Action.c(51):           <center><table border="0" width="85%"><tr><td>\n
Action.c(51):           <li><i>Eskel Bull      <li><i>      <li><i>\n
Action.c(51):           <li><i></i>\n
Action.c(51):           </td></tr></table></center>\n
Action.c(51):       </TD>\n
Action.c(51):       <TD width="5%" >.<br/>.<br/>.<br/>.</TD>\n
Action.c(51):       <TD width="45%" valign=top><b>Invoice sent to:</b><br/>\n
Action.c(51):           <center>\n
Action.c(51):           <Table width="80%" cellspacing="0" > <tr> <td>\n
Action.c(51):               Eskel Bull\n
Action.c(51):     <br/>\n
Action.c(51):               Druid Camp<br/>\n
Action.c(51):               White Garden<br/>\n
Action.c(51):               <br/>\n
Action.c(51):               Total Charge: $ 3105 <BR/> (CC: x-3469)\n
Action.c(51):           </td> </tr> </table>\n
Action.c(51):           </center>\n
Action.c(51):       </TD>\n
Action.c(51):     </TR>\n
Action.c(51):     <TR bgcolor="#EFF2F7">\n
Action.c(51):       <TD COLSPAN="3">\n
Action.c(51):       <b>Flight Details:</b><BR/>  <center>\n
Action.c(51):       12/25/2024\n
Action.c(51):      :  1pm : Flight 871 leaves Sydney  for Seattle.<br>  </center>\n
Action.c(51):       </TD>\n
Action.c(51):     </TR>\n
Action.c(51):     \n
Action.c(51):     <TR bgcolor="#EFF2F7">\n
Action.c(51):       <TD COLSPAN="4">\n
Action.c(51):       <hr/>\n
Action.c(51):       </TD>\n
Action.c(51):     </TR>\n
Action.c(51):     \n
Action.c(51):     <!-- Flight #1 -->\n
Action.c(51):     <TR bgcolor="#EFF2F7">\n
Action.c(51):       <TD width="5%" rowspan="2" align="left" valign="top">\n
Action.c(51):     <b>\n
Action.c(51):     <label><input type="checkbox" name="75" value="on" /></label></font></b>\n
Action.c(51):     <input type="hidden" name="flightID" value="12850268-57706-EB"  />\n
Action.c(51):       </TD>\n
Action.c(51):       <TD width="45%" valign="top">\n
Action.c(51):           <b>&nbsp;&nbsp;3 Coach class tickets for :</b><br/>\n
Action.c(51):           <center><table border="0" width="85%"><tr><td>\n
Action.c(51):           <li><i>Eskel Bull      <li><i>      <li><i>\n
Action.c(51):           <li><i></i>\n
Action.c(51):           </td></tr></table></center>\n
Action.c(51):       </TD>\n
Action.c(51):       <TD width="5%" >.<br/>.<br/>.<br/>.</TD>\n
Action.c(51):       <TD width="45%" valign=top><b>Invoice sent to:</b><br/>\n
Action.c(51):           <center>\n
Action.c(51):           <Table width="80%" cellspacing="0" > <tr> <td>\n
Action.c(51):               Eskel Bull\n
Action.c(51):     <br/>\n
Action.c(51):               Druid Camp<br/>\n
Action.c(51):               White Garden<br/>\n
Action.c(51):               <br/>\n
Action.c(51):               Total Charge: $ 183 <BR/> (CC: x-3469)\n
Action.c(51):           </td> </tr> </table>\n
Action.c(51):           </center>\n
Action.c(51):       </TD>\n
Action.c(51):     </TR>\n
Action.c(51):     <TR bgcolor="#EFF2F7">\n
Action.c(51):       <TD COLSPAN="3">\n
Action.c(51):       <b>Flight Details:</b><BR/>  <center>\n
Action.c(51):       12/25/2024\n
Action.c(51):      :  5pm : Flight 572 leaves Portland  for Seattle.<br>  </center>\n
Action.c(51):       </TD>\n
Action.c(51):     </TR>\n
Action.c(51):     \n
Action.c(51):     <TR bgcolor="#EFF2F7">\n
Action.c(51):       <TD COLSPAN="4">\n
Action.c(51):       <hr/>\n
Action.c(51):       </TD>\n
Action.c(51):     </TR>\n
Action.c(51):     \n
Action.c(51):     <!-- Flight #1 -->\n
Action.c(51):     <TR bgcolor="#EFF2F7">\n
Action.c(51):       <TD width="5%" rowspan="2" align="left" valign="top">\n
Action.c(51):     <b>\n
Action.c(51):     <label><input type="checkbox" name="76" value="on" /></label></font></b>\n
Action.c(51):     <input type="hidden" name="flightID" value="128510472-585140-EB"  />\n
Action.c(51):       </TD>\n
Action.c(51):       <TD width="45%" valign="top">\n
Action.c(51):           <b>&nbsp;&nbsp;9 Coach class tickets for :</b><br/>\n
Action.c(51):           <center><table border="0" width="85%"><tr><td>\n
Action.c(51):           <li><i>Eskel Bull      <li><i>      <li><i>      <li><i>      <li><i>      <li><i>  
Action.c(51):         <li><i>      <li><i>      <li><i>\n
Action.c(51):           <li><i></i>\n
Action.c(51):           </td></tr></table></center>\n
Action.c(51):       </TD>\n
Action.c(51):       <TD width="5%" >.<br/>.<br/>.<br/>.</TD>\n
Action.c(51):       <TD width="45%" valign=top><b>Invoice sent to:</b><br/>\n
Action.c(51):           <center>\n
Action.c(51):           <Table width="80%" cellspacing="0" > <tr> <td>\n
Action.c(51):               Eskel Bull\n
Action.c(51):     <br/>\n
Action.c(51):               Druid Camp<br/>\n
Action.c(51):               White Garden<br/>\n
Action.c(51):               <br/>\n
Action.c(51):               Total Charge: $ 6822 <BR/> (CC: x-3469)\n
Action.c(51):           </td> </tr> </table>\n
Action.c(51):           </center>\n
Action.c(51):       </TD>\n
Action.c(51):     </TR>\n
Action.c(51):     <TR bgcolor="#EFF2F7">\n
Action.c(51):       <TD COLSPAN="3">\n
Action.c(51):       <b>Flight Details:</b><BR/>  <center>\n
Action.c(51):       12/25/2024\n
Action.c(51):      :  5pm : Flight 782 leaves Seattle  for Sydney.<br>  </center>\n
Action.c(51):       </TD>\n
Action.c(51):     </TR>\n
Action.c(51):     \n
Action.c(51):     <TR bgcolor="#EFF2F7">\n
Action.c(51):       <TD COLSPAN="4">\n
Action.c(51):       <hr/>\n
Action.c(51):       </TD>\n
Action.c(51):     </TR>\n
Action.c(51):     \n
Action.c(51):     <!-- Flight #1 -->\n
Action.c(51):     <TR bgcolor="#EFF2F7">\n
Action.c(51):       <TD width="5%" rowspan="2" align="left" valign="top">\n
Action.c(51):     <b>\n
Action.c(51):     <label><input type="checkbox" name="77" value="on" /></label></font></b>\n
Action.c(51):     <input type="hidden" name="flightID" value="128490804-592638-EB"  />\n
Action.c(51):       </TD>\n
Action.c(51):       <TD width="45%" valign="top">\n
Action.c(51):           <b>&nbsp;&nbsp;6 Business class tickets for :</b><br/>\n
Action.c(51):           <center><table border="0" width="85%"><tr><td>\n
Action.c(51):           <li><i>Eskel Bull      <li><i>      <li><i>      <li><i>      <li><i>      <li><i>\n
Action.c(51):           <li><i></i>\n
Action.c(51):           </td></tr></table></center>\n
Action.c(51):       </TD>\n
Action.c(51):       <TD width="5%" >.<br/>.<br/>.<br/>.</TD>\n
Action.c(51):       <TD width="45%" valign=top><b>Invoice sent to:</b><br/>\n
Action.c(51):           <center>\n
Action.c(51):           <Table width="80%" cellspacing="0" > <tr> <td>\n
Action.c(51):               Eskel Bull\n
Action.c(51):     <br/>\n
Action.c(51):               Druid Camp<br/>\n
Action.c(51):               White Garden<br/>\n
Action.c(51):               <br/>\n
Action.c(51):               Total Charge: $ 4302 <BR/> (CC: x-3469)\n
Action.c(51):           </td> </tr> </table>\n
Action.c(51):           </center>\n
Action.c(51):       </TD>\n
Action.c(51):     </TR>\n
Action.c(51):     <TR bgcolor="#EFF2F7">\n
Action.c(51):       <TD COLSPAN="3">\n
Action.c(51):       <b>Flight Details:</b><BR/>  <center>\n
Action.c(51):       12/25/2024\n
Action.c(51):      :  1pm : Flight 251 leaves London  for Portland.<br>  </center>\n
Action.c(51):       </TD>\n
Action.c(51):     </TR>\n
Action.c(51):     \n
Action.c(51):     <TR bgcolor="#EFF2F7">\n
Action.c(51):       <TD COLSPAN="4">\n
Action.c(51):       <hr/>\n
Action.c(51):       </TD>\n
Action.c(51):     </TR>\n
Action.c(51):     \n
Action.c(51):     <!-- Flight #1 -->\n
Action.c(51):     <TR bgcolor="#EFF2F7">\n
Action.c(51):       <TD width="5%" rowspan="2" align="left" valign="top">\n
Action.c(51):     <b>\n
Action.c(51):     <label><input type="checkbox" name="78" value="on" /></label></font></b>\n
Action.c(51):     <input type="hidden" name="flightID" value="128495191-600107-EB"  />\n
Action.c(51):       </TD>\n
Action.c(51):       <TD width="45%" valign="top">\n
Action.c(51):           <b>&nbsp;&nbsp;8 Coach class tickets for :</b><br/>\n
Action.c(51):           <center><table border="0" width="85%"><tr><td>\n
Action.c(51):           <li><i>Eskel Bull      <li><i>      <li><i>      <li><i>      <li><i>      <li><i>  
Action.c(51):         <li><i>      <li><i>\n
Action.c(51):           <li><i></i>\n
Action.c(51):           </td></tr></table></center>\n
Action.c(51):       </TD>\n
Action.c(51):       <TD width="5%" >.<br/>.<br/>.<br/>.</TD>\n
Action.c(51):       <TD width="45%" valign=top><b>Invoice sent to:</b><br/>\n
Action.c(51):           <center>\n
Action.c(51):           <Table width="80%" cellspacing="0" > <tr> <td>\n
Action.c(51):               Eskel Bull\n
Action.c(51):     <br/>\n
Action.c(51):               Druid Camp<br/>\n
Action.c(51):               White Garden<br/>\n
Action.c(51):               <br/>\n
Action.c(51):               Total Charge: $ 1392 <BR/> (CC: x-3469)\n
Action.c(51):           </td> </tr> </table>\n
Action.c(51):           </center>\n
Action.c(51):       </TD>\n
Action.c(51):     </TR>\n
Action.c(51):     <TR bgcolor="#EFF2F7">\n
Action.c(51):       <TD COLSPAN="3">\n
Action.c(51):       <b>Flight Details:</b><BR/>  <center>\n
Action.c(51):       12/25/2024\n
Action.c(51):      :  8am : Flight 370 leaves Los Angeles  for Seattle.<br>  </center>\n
Action.c(51):       </TD>\n
Action.c(51):     </TR>\n
Action.c(51):     \n
Action.c(51):     <TR bgcolor="#EFF2F7">\n
Action.c(51):       <TD COLSPAN="4">\n
Action.c(51):       <hr/>\n
Action.c(51):       </TD>\n
Action.c(51):     </TR>\n
Action.c(51):     \n
Action.c(51):     <!-- Flight #1 -->\n
Action.c(51):     <TR bgcolor="#EFF2F7">\n
Action.c(51):       <TD width="5%" rowspan="2" align="left" valign="top">\n
Action.c(51):     <b>\n
Action.c(51):     <label><input type="checkbox" name="79" value="on" /></label></font></b>\n
Action.c(51):     <input type="hidden" name="flightID" value="128507427-608029-EB"  />\n
Action.c(51):       </TD>\n
Action.c(51):       <TD width="45%" valign="top">\n
Action.c(51):           <b>&nbsp;&nbsp;8 First class tickets for :</b><br/>\n
Action.c(51):           <center><table border="0" width="85%"><tr><td>\n
Action.c(51):           <li><i>Eskel Bull      <li><i>      <li><i>      <li><i>      <li><i>      <li><i>  
Action.c(51):         <li><i>      <li><i>\n
Action.c(51):           <li><i></i>\n
Action.c(51):           </td></tr></table></center>\n
Action.c(51):       </TD>\n
Action.c(51):       <TD width="5%" >.<br/>.<br/>.<br/>.</TD>\n
Action.c(51):       <TD width="45%" valign=top><b>Invoice sent to:</b><br/>\n
Action.c(51):           <center>\n
Action.c(51):           <Table width="80%" cellspacing="0" > <tr> <td>\n
Action.c(51):               Eskel Bull\n
Action.c(51):     <br/>\n
Action.c(51):               Druid Camp<br/>\n
Action.c(51):               White Garden<br/>\n
Action.c(51):               <br/>\n
Action.c(51):               Total Charge: $ 4384 <BR/> (CC: x-3469)\n
Action.c(51):           </td> </tr> </table>\n
Action.c(51):           </center>\n
Action.c(51):       </TD>\n
Action.c(51):     </TR>\n
Action.c(51):     <TR bgcolor="#EFF2F7">\n
Action.c(51):       <TD COLSPAN="3">\n
Action.c(51):       <b>Flight Details:</b><BR/>  <center>\n
Action.c(51):       12/25/2024\n
Action.c(51):      :  8am : Flight 700 leaves Seattle  for Denver.<br>  </center>\n
Action.c(51):       </TD>\n
Action.c(51):     </TR>\n
Action.c(51):     \n
Action.c(51):     <TR bgcolor="#EFF2F7">\n
Action.c(51):       <TD COLSPAN="4">\n
Action.c(51):       <hr/>\n
Action.c(51):       </TD>\n
Action.c(51):     </TR>\n
Action.c(51):     \n
Action.c(51):     <!-- Flight #1 -->\n
Action.c(51):     <TR bgcolor="#EFF2F7">\n
Action.c(51):       <TD width="5%" rowspan="2" align="left" valign="top">\n
Action.c(51):     <b>\n
Action.c(51):     <label><input type="checkbox" name="80" value="on" /></label></font></b>\n
Action.c(51):     <input type="hidden" name="flightID" value="128512281-615751-EB"  />\n
Action.c(51):       </TD>\n
Action.c(51):       <TD width="45%" valign="top">\n
Action.c(51):           <b>&nbsp;&nbsp;8 Coach class tickets for :</b><br/>\n
Action.c(51):           <center><table border="0" width="85%"><tr><td>\n
Action.c(51):           <li><i>Eskel Bull      <li><i>      <li><i>      <li><i>      <li><i>      <li><i>  
Action.c(51):         <li><i>      <li><i>\n
Action.c(51):           <li><i></i>\n
Action.c(51):           </td></tr></table></center>\n
Action.c(51):       </TD>\n
Action.c(51):       <TD width="5%" >.<br/>.<br/>.<br/>.</TD>\n
Action.c(51):       <TD width="45%" valign=top><b>Invoice sent to:</b><br/>\n
Action.c(51):           <center>\n
Action.c(51):           <Table width="80%" cellspacing="0" > <tr> <td>\n
Action.c(51):               Eskel Bull\n
Action.c(51):     <br/>\n
Action.c(51):               Druid Camp<br/>\n
Action.c(51):               White Garden<br/>\n
Action.c(51):               <br/>\n
Action.c(51):               Total Charge: $ 4768 <BR/> (CC: x-3469)\n
Action.c(51):           </td> </tr> </table>\n
Action.c(51):           </center>\n
Action.c(51):       </TD>\n
Action.c(51):     </TR>\n
Action.c(51):     <TR bgcolor="#EFF2F7">\n
Action.c(51):       <TD COLSPAN="3">\n
Action.c(51):       <b>Flight Details:</b><BR/>  <center>\n
Action.c(51):       12/25/2024\n
Action.c(51):      :  1pm : Flight 831 leaves Sydney  for Los Angeles.<br>  </center>\n
Action.c(51):       </TD>\n
Action.c(51):     </TR>\n
Action.c(51):     \n
Action.c(51):     <TR bgcolor="#EFF2F7">\n
Action.c(51):       <TD COLSPAN="4">\n
Action.c(51):       <hr/>\n
Action.c(51):       </TD>\n
Action.c(51):     </TR>\n
Action.c(51):     \n
Action.c(51):     <!-- Flight #1 -->\n
Action.c(51):     <TR bgcolor="#EFF2F7">\n
Action.c(51):       <TD width="5%" rowspan="2" align="left" valign="top">\n
Action.c(51):     <b>\n
Action.c(51):     <label><input type="checkbox" name="81" value="on" /></label>
Action.c(51): t=6975043ms: 6-byte chunked response overhead for "http://localhost:1080/cgi-bin/itinerary.pl" (RelFrameId=1, Internal ID=725)
Action.c(51):     \r\n
Action.c(51):     c0\r\n
Action.c(51): t=6975043ms: 8-byte chunked response overhead for "http://localhost:1080/cgi-bin/itinerary.pl" (RelFrameId=1, Internal ID=725)
Action.c(51):     \r\n
Action.c(51):     191b\r\n
Action.c(51): t=6975044ms: 7-byte chunked response overhead for "http://localhost:1080/cgi-bin/itinerary.pl" (RelFrameId=1, Internal ID=725)
Action.c(51):     \r\n
Action.c(51):     0\r\n
Action.c(51):     \r\n
Action.c(51): t=6975044ms: 10676-byte chunked response body for "http://localhost:1080/cgi-bin/itinerary.pl" (RelFrameId=1, Internal ID=725)
Action.c(51):     </font></b>\n
Action.c(51):     <input type="hidden" name="flightID" value="1285119711-6232299-EB"  />\n
Action.c(51):       </TD>\n
Action.c(51):       <TD width="45%" valign="top">\n
Action.c(51):           <b>&nbsp;&nbsp;9 First class tickets for :</b><br/>\n
Action.c(51):           <center><table border="0" width="85%"><tr><td>\n
Action.c(51):           <li><i>Eskel Bull      <li><i>      <li><i>      <li><i>      <li><i>      <li><i>  
Action.c(51):         <li><i>      <li><i>      <li><i>\n
Action.c(51):           <li><i></i>\n
Action.c(51):           </td></tr></table></center>\n
Action.c(51):       </TD>\n
Action.c(51):       <TD width="5%" >.<br/>.<br/>.<br/>.</TD>\n
Action.c(51):       <TD width="45%" valign=top><b>Invoice sent to:</b><br/>\n
Action.c(51):           <center>\n
Action.c(51):           <Table width="80%" cellspacing="0" > <tr> <td>\n
Action.c(51):               Eskel Bull\n
Action.c(51):     <br/>\n
Action.c(51):               Druid Camp<br/>\n
Action.c(51):               White Garden<br/>\n
Action.c(51):               <br/>\n
Action.c(51):               Total Charge: $ 19890 <BR/> (CC: x-3469)\n
Action.c(51):           </td> </tr> </table>\n
Action.c(51):           </center>\n
Action.c(51):       </TD>\n
Action.c(51):     </TR>\n
Action.c(51):     <TR bgcolor="#EFF2F7">\n
Action.c(51):       <TD COLSPAN="3">\n
Action.c(51):       <b>Flight Details:</b><BR/>  <center>\n
Action.c(51):       12/25/2024\n
Action.c(51):      :  11pm : Flight 823 leaves Sydney  for London.<br>  </center>\n
Action.c(51):       </TD>\n
Action.c(51):     </TR>\n
Action.c(51):     \n
Action.c(51):     <TR bgcolor="#EFF2F7">\n
Action.c(51):       <TD COLSPAN="4">\n
Action.c(51):       <hr/>\n
Action.c(51):       </TD>\n
Action.c(51):     </TR>\n
Action.c(51):     \n
Action.c(51):     <!-- Flight #1 -->\n
Action.c(51):     <TR bgcolor="#EFF2F7">\n
Action.c(51):       <TD width="5%" rowspan="2" align="left" valign="top">\n
Action.c(51):     <b>\n
Action.c(51):     <label><input type="checkbox" name="82" value="on" /></label></font></b>\n
Action.c(51):     <input type="hidden" name="flightID" value="128505670-63148-EB"  />\n
Action.c(51):       </TD>\n
Action.c(51):       <TD width="45%" valign="top">\n
Action.c(51):           <b>&nbsp;&nbsp;8 First class tickets for :</b><br/>\n
Action.c(51):           <center><table border="0" width="85%"><tr><td>\n
Action.c(51):           <li><i>Eskel Bull      <li><i>      <li><i>      <li><i>      <li><i>      <li><i>  
Action.c(51):         <li><i>      <li><i>\n
Action.c(51):           <li><i></i>\n
Action.c(51):           </td></tr></table></center>\n
Action.c(51):       </TD>\n
Action.c(51):       <TD width="5%" >.<br/>.<br/>.<br/>.</TD>\n
Action.c(51):       <TD width="45%" valign=top><b>Invoice sent to:</b><br/>\n
Action.c(51):           <center>\n
Action.c(51):           <Table width="80%" cellspacing="0" > <tr> <td>\n
Action.c(51):               Eskel Bull\n
Action.c(51):     <br/>\n
Action.c(51):               Druid Camp<br/>\n
Action.c(51):               White Garden<br/>\n
Action.c(51):               <br/>\n
Action.c(51):               Total Charge: $ 928 <BR/> (CC: x-3469)\n
Action.c(51):           </td> </tr> </table>\n
Action.c(51):           </center>\n
Action.c(51):       </TD>\n
Action.c(51):     </TR>\n
Action.c(51):     <TR bgcolor="#EFF2F7">\n
Action.c(51):       <TD COLSPAN="3">\n
Action.c(51):       <b>Flight Details:</b><BR/>  <center>\n
Action.c(51):       12/25/2024\n
Action.c(51):      :  11pm : Flight 653 leaves San Francisco  for Portland.<br>  </center>\n
Action.c(51):       </TD>\n
Action.c(51):     </TR>\n
Action.c(51):     \n
Action.c(51):     <TR bgcolor="#EFF2F7">\n
Action.c(51):       <TD COLSPAN="4">\n
Action.c(51):       <hr/>\n
Action.c(51):       </TD>\n
Action.c(51):     </TR>\n
Action.c(51):     \n
Action.c(51):     <!-- Flight #1 -->\n
Action.c(51):     <TR bgcolor="#EFF2F7">\n
Action.c(51):       <TD width="5%" rowspan="2" align="left" valign="top">\n
Action.c(51):     <b>\n
Action.c(51):     <label><input type="checkbox" name="83" value="on" /></label></font></b>\n
Action.c(51):     <input type="hidden" name="flightID" value="128486425-638615-EB"  />\n
Action.c(51):       </TD>\n
Action.c(51):       <TD width="45%" valign="top">\n
Action.c(51):           <b>&nbsp;&nbsp;4 First class tickets for :</b><br/>\n
Action.c(51):           <center><table border="0" width="85%"><tr><td>\n
Action.c(51):           <li><i>Eskel Bull      <li><i>      <li><i>      <li><i>\n
Action.c(51):           <li><i></i>\n
Action.c(51):           </td></tr></table></center>\n
Action.c(51):       </TD>\n
Action.c(51):       <TD width="5%" >.<br/>.<br/>.<br/>.</TD>\n
Action.c(51):       <TD width="45%" valign=top><b>Invoice sent to:</b><br/>\n
Action.c(51):           <center>\n
Action.c(51):           <Table width="80%" cellspacing="0" > <tr> <td>\n
Action.c(51):               Eskel Bull\n
Action.c(51):     <br/>\n
Action.c(51):               Druid Camp<br/>\n
Action.c(51):               White Garden<br/>\n
Action.c(51):               <br/>\n
Action.c(51):               Total Charge: $ 1996 <BR/> (CC: x-3469)\n
Action.c(51):           </td> </tr> </table>\n
Action.c(51):           </center>\n
Action.c(51):       </TD>\n
Action.c(51):     </TR>\n
Action.c(51):     <TR bgcolor="#EFF2F7">\n
Action.c(51):       <TD COLSPAN="3">\n
Action.c(51):       <b>Flight Details:</b><BR/>  <center>\n
Action.c(51):       12/25/2024\n
Action.c(51):      :  11pm : Flight 133 leaves Frankfurt  for Los Angeles.<br>  </center>\n
Action.c(51):       </TD>\n
Action.c(51):     </TR>\n
Action.c(51):     \n
Action.c(51):     <TR bgcolor="#EFF2F7">\n
Action.c(51):       <TD COLSPAN="4">\n
Action.c(51):       <hr/>\n
Action.c(51):       </TD>\n
Action.c(51):     </TR>\n
Action.c(51):     \n
Action.c(51):     <!-- Flight #1 -->\n
Action.c(51):     <TR bgcolor="#EFF2F7">\n
Action.c(51):       <TD width="5%" rowspan="2" align="left" valign="top">\n
Action.c(51):     <b>\n
Action.c(51):     <label><input type="checkbox" name="84" value="on" /></label></font></b>\n
Action.c(51):     <input type="hidden" name="flightID" value="128514865-646269-EB"  />\n
Action.c(51):       </TD>\n
Action.c(51):       <TD width="45%" valign="top">\n
Action.c(51):           <b>&nbsp;&nbsp;4 Coach class tickets for :</b><br/>\n
Action.c(51):           <center><table border="0" width="85%"><tr><td>\n
Action.c(51):           <li><i>Eskel Bull      <li><i>      <li><i>      <li><i>\n
Action.c(51):           <li><i></i>\n
Action.c(51):           </td></tr></table></center>\n
Action.c(51):       </TD>\n
Action.c(51):       <TD width="5%" >.<br/>.<br/>.<br/>.</TD>\n
Action.c(51):       <TD width="45%" valign=top><b>Invoice sent to:</b><br/>\n
Action.c(51):           <center>\n
Action.c(51):           <Table width="80%" cellspacing="0" > <tr> <td>\n
Action.c(51):               Eskel Bull\n
Action.c(51):     <br/>\n
Action.c(51):               Druid Camp<br/>\n
Action.c(51):               White Garden<br/>\n
Action.c(51):               <br/>\n
Action.c(51):               Total Charge: $ 1500 <BR/> (CC: x-3469)\n
Action.c(51):           </td> </tr> </table>\n
Action.c(51):           </center>\n
Action.c(51):       </TD>\n
Action.c(51):     </TR>\n
Action.c(51):     <TR bgcolor="#EFF2F7">\n
Action.c(51):       <TD COLSPAN="3">\n
Action.c(51):       <b>Flight Details:</b><BR/>  <center>\n
Action.c(51):       12/25/2024\n
Action.c(51):      :  1pm : Flight 901 leaves Zurich  for Denver.<br>  </center>\n
Action.c(51):       </TD>\n
Action.c(51):     </TR>\n
Action.c(51):     \n
Action.c(51):     <TR bgcolor="#EFF2F7">\n
Action.c(51):       <TD COLSPAN="4">\n
Action.c(51):       <hr/>\n
Action.c(51):       </TD>\n
Action.c(51):     </TR>\n
Action.c(51):     \n
Action.c(51):     <!-- Flight #1 -->\n
Action.c(51):     <TR bgcolor="#EFF2F7">\n
Action.c(51):       <TD width="5%" rowspan="2" align="left" valign="top">\n
Action.c(51):     <b>\n
Action.c(51):     <label><input type="checkbox" name="85" value="on" /></label></font></b>\n
Action.c(51):     <input type="hidden" name="flightID" value="1284993766-6539504-EB"  />\n
Action.c(51):       </TD>\n
Action.c(51):       <TD width="45%" valign="top">\n
Action.c(51):           <b>&nbsp;&nbsp;8 Business class tickets for :</b><br/>\n
Action.c(51):           <center><table border="0" width="85%"><tr><td>\n
Action.c(51):           <li><i>Eskel Bull      <li><i>      <li><i>      <li><i>      <li><i>      <li><i>  
Action.c(51):         <li><i>      <li><i>\n
Action.c(51):           <li><i></i>\n
Action.c(51):           </td></tr></table></center>\n
Action.c(51):       </TD>\n
Action.c(51):       <TD width="5%" >.<br/>.<br/>.<br/>.</TD>\n
Action.c(51):       <TD width="45%" valign=top><b>Invoice sent to:</b><br/>\n
Action.c(51):           <center>\n
Action.c(51):           <Table width="80%" cellspacing="0" > <tr> <td>\n
Action.c(51):               Eskel Bull\n
Action.c(51):     <br/>\n
Action.c(51):               Druid Camp<br/>\n
Action.c(51):               White Garden<br/>\n
Action.c(51):               <br/>\n
Action.c(51):               Total Charge: $ 13560 <BR/> (CC: x-3469)\n
Action.c(51):           </td> </tr> </table>\n
Action.c(51):           </center>\n
Action.c(51):       </TD>\n
Action.c(51):     </TR>\n
Action.c(51):     <TR bgcolor="#EFF2F7">\n
Action.c(51):       <TD COLSPAN="3">\n
Action.c(51):       <b>Flight Details:</b><BR/>  <center>\n
Action.c(51):       12/25/2024\n
Action.c(51):      :  11pm : Flight 483 leaves Paris  for Sydney.<br>  </center>\n
Action.c(51):       </TD>\n
Action.c(51):     </TR>\n
Action.c(51):     \n
Action.c(51):     <TR bgcolor="#EFF2F7">\n
Action.c(51):       <TD COLSPAN="4">\n
Action.c(51):       <hr/>\n
Action.c(51):       </TD>\n
Action.c(51):     </TR>\n
Action.c(51):     <TR>\n
Action.c(51):        <TD align="center" COLSPAN="4">\n
Action.c(51):        <b>A total of 85 scheduled flights.</font></b>\n
Action.c(51):        </TD>\n
Action.c(51):     </TR>\n
Action.c(51):     </TABLE>\n
Action.c(51):     \n
Action.c(51):     <TABLE WIDTH="87%" BORDER="0" CELLSPACING="0">\n
Action.c(51):     <TR>\n
Action.c(51):     <TD align="left" width="50%" >\n
Action.c(51):     <input type="image" name="removeFlights" src="/WebTours/images/cancelreservation.gif" bord
Action.c(51):     er="0" /></TD>\n
Action.c(51):     <TD align="right" width="50%" >\n
Action.c(51):     <input type="image" name="removeAllFlights" src="/WebTours/images/cancelallreservations.gi
Action.c(51):     f" border="0" /></TD>\n
Action.c(51):     </TABLE>\n
Action.c(51):     \n
Action.c(51):     <div><input type="hidden" name=".cgifields" value="1"  /><input type="hidden" name=".cgifi
Action.c(51):     elds" value="10"  /><input type="hidden" name=".cgifields" value="11"  /><input type="hidd
Action.c(51):     en" name=".cgifields" value="12"  /><input type="hidden" name=".cgifields" value="13"  /><
Action.c(51):     input type="hidden" name=".cgifields" value="14"  /><input type="hidden" name=".cgifields"
Action.c(51):      value="15"  /><input type="hidden" name=".cgifields" value="16"  /><input type="hidden" n
Action.c(51):     ame=".cgifields" value="17"  /><input type="hidden" name=".cgifields" value="18"  /><input
Action.c(51):      type="hidden" name=".cgifields" value="19"  /><input type="hidden" name=".cgifields" valu
Action.c(51):     e="2"  /><input type="hidden" name=".cgifields" value="20"  /><input type="hidden" name=".
Action.c(51):     cgifields" value="21"  /><input type="hidden" name=".cgifields" value="22"  /><input type=
Action.c(51):     "hidden" name=".cgifields" value="23"  /><input type="hidden" name=".cgifields" value="24"
Action.c(51):       /><input type="hidden" name=".cgifields" value="25"  /><input type="hidden" name=".cgifi
Action.c(51):     elds" value="26"  /><input type="hidden" name=".cgifields" value="27"  /><input type="hidd
Action.c(51):     en" name=".cgifields" value="28"  /><input type="hidden" name=".cgifields" value="29"  /><
Action.c(51):     input type="hidden" name=".cgifields" value="3"  /><input type="hidden" name=".cgifields" 
Action.c(51):     value="30"  /><input type="hidden" name=".cgifields" value="31"  /><input type="hidden" na
Action.c(51):     me=".cgifields" value="32"  /><input type="hidden" name=".cgifields" value="33"  /><input 
Action.c(51):     type="hidden" name=".cgifields" value="34"  /><input type="hidden" name=".cgifields" value
Action.c(51):     ="35"  /><input type="hidden" name=".cgifields" value="36"  /><input type="hidden" name=".
Action.c(51):     cgifields" value="37"  /><input type="hidden" name=".cgifields" value="38"  /><input type=
Action.c(51):     "hidden" name=".cgifields" value="39"  /><input type="hidden" name=".cgifields" value="4" 
Action.c(51):      /><input type="hidden" name=".cgifields" value="40"  /><input type="hidden" name=".cgifie
Action.c(51):     lds" value="41"  /><input type="hidden" name=".cgifields" value="42"  /><input type="hidde
Action.c(51):     n" name=".cgifields" value="43"  /><input type="hidden" name=".cgifields" value="44"  /><i
Action.c(51):     nput type="hidden" name=".cgifields" value="45"  /><input type="hidden" name=".cgifields" 
Action.c(51):     value="46"  /><input type="hidden" name=".cgifields" value="47"  /><input type="hidden" na
Action.c(51):     me=".cgifields" value="48"  /><input type="hidden" name=".cgifields" value="49"  /><input 
Action.c(51):     type="hidden" name=".cgifields" value="5"  /><input type="hidden" name=".cgifields" value=
Action.c(51):     "50"  /><input type="hidden" name=".cgifields" value="51"  /><input type="hidden" name=".c
Action.c(51):     gifields" value="52"  /><input type="hidden" name=".cgifields" value="53"  /><input type="
Action.c(51):     hidden" name=".cgifields" value="54"  /><input type="hidden" name=".cgifields" value="55" 
Action.c(51):      /><input type="hidden" name=".cgifields" value="56"  /><input type="hidden" name=".cgifie
Action.c(51):     lds" value="57"  /><input type="hidden" name=".cgifields" value="58"  /><input type="hidde
Action.c(51):     n" name=".cgifields" value="59"  /><input type="hidden" name=".cgifields" value="6"  /><in
Action.c(51):     put type="hidden" name=".cgifields" value="60"  /><input type="hidden" name=".cgifields" v
Action.c(51):     alue="61"  /><input type="hidden" name=".cgifields" value="62"  /><input type="hidden" nam
Action.c(51):     e=".cgifields" value="63"  /><input type="hidden" name=".cgifields" value="64"  /><input t
Action.c(51):     ype="hidden" name=".cgifields" value="65"  /><input type="hidden" name=".cgifields" value=
Action.c(51):     "66"  /><input type="hidden" name=".cgifields" value="67"  /><input type="hidden" name=".c
Action.c(51):     gifields" value="68"  /><input type="hidden" name=".cgifields" value="69"  /><input type="
Action.c(51):     hidden" name=".cgifields" value="7"  /><input type="hidden" name=".cgifields" value="70"  
Action.c(51):     /><input type="hidden" name=".cgifields" value="71"  /><input type="hidden" name=".cgifiel
Action.c(51):     ds" value="72"  /><input type="hidden" name=".cgifields" value="73"  /><input type="hidden
Action.c(51):     " name=".cgifields" value="74"  /><input type="hidden" name=".cgifields" value="75"  /><in
Action.c(51):     put type="hidden" name=".cgifields" value="76"  /><input type="hidden" name=".cgifields" v
Action.c(51):     alue="77"  /><input type="hidden" name=".cgifields" value="78"  /><input type="hidden" nam
Action.c(51):     e=".cgifields" value="79"  /><input type="hidden" name=".cgifields" value="8"  /><input ty
Action.c(51):     pe="hidden" name=".cgifields" value="80"  /><input type="hidden" name=".cgifields" value="
Action.c(51):     81"  /><input type="hidden" name=".cgifields" value="82"  /><input type="hidden" name=".cg
Action.c(51):     ifields" value="83"  /><input type="hidden" name=".cgifields" value="84"  /><input type="h
Action.c(51):     idden" name=".cgifields" value="85"  /><input type="hidden" name=".cgifields" value="9"  /
Action.c(51):     ></div></form>\n
Action.c(51):     \n
Action.c(51):     </center>\n
Action.c(51):     \n
Action.c(51):     </body>\n
Action.c(51):     </html>
Action.c(51): Resource "http://localhost:1080/WebTours/images/cancelreservation.gif" is in the cache already and will not be downloaded again  	[MsgId: MMSG-26655]
Action.c(51): Resource "http://localhost:1080/WebTours/images/cancelallreservations.gif" is in the cache already and will not be downloaded again  	[MsgId: MMSG-26655]
Action.c(51): t=6975050ms: Request done "http://localhost:1080/cgi-bin/itinerary.pl"  	[MsgId: MMSG-26000]
Action.c(51): Registered web_reg_find successful for "Text=flightID_1"  	[MsgId: MMSG-26362]
Action.c(51): Registered web_reg_find successful for "Text=flightID_2"  	[MsgId: MMSG-26362]
Action.c(51): Registered web_reg_find successful for "Text=flightID_3"  	[MsgId: MMSG-26362]
Action.c(51): web_submit_form("itinerary.pl") was successful, 104607 body bytes, 254 header bytes, 175 chunking overhead bytes  	[MsgId: MMSG-26385]
Action.c(99): lr_think_time: 5,00 seconds.	[MsgId: MMSG-15948]
Action.c(101): Notify: Transaction "delete_ticket" ended with a "Pass" status (Duration: 5,1071 Think Time: 5,0135 Wasted Time: 0,0001).	[MsgId: MMSG-16870]
Action.c(104): Notify: Transaction "sign_off" started.	[MsgId: MMSG-16999]
..\\lib\\transaction.h(158): web_url("welcome.pl_2") started  	[MsgId: MMSG-26355]
..\\lib\\transaction.h(158): t=6980064ms: Closed connection [0] to localhost:1080 after completing 4 request(s)  	[MsgId: MMSG-26000]
..\\lib\\transaction.h(158): t=6980064ms: Connecting [0] to host 127.0.0.1:1080  	[MsgId: MMSG-26000]
..\\lib\\transaction.h(158): t=6980065ms: Connected socket [0] from 127.0.0.1:44002 to 127.0.0.1:1080 in 1 ms  	[MsgId: MMSG-26000]
..\\lib\\transaction.h(158): t=6980065ms: 516-byte request headers for "http://localhost:1080/cgi-bin/welcome.pl?signOff=1" (RelFrameId=1, Internal ID=726)
..\\lib\\transaction.h(158):     GET /cgi-bin/welcome.pl?signOff=1 HTTP/1.1\r\n
..\\lib\\transaction.h(158):     Referer: http://localhost:1080/cgi-bin/nav.pl?page=menu&in=home\r\n
..\\lib\\transaction.h(158):     User-Agent: Mozilla/5.0 (Windows NT 10.0; Win64; x64; rv:133.0) Gecko/20100101 Firefox/133
..\\lib\\transaction.h(158):     .0\r\n
..\\lib\\transaction.h(158):     Accept-Encoding: gzip, deflate\r\n
..\\lib\\transaction.h(158):     Accept-Language: ru-RU,ru;q=0.8,en-US;q=0.5,en;q=0.3\r\n
..\\lib\\transaction.h(158):     Accept: */*\r\n
..\\lib\\transaction.h(158):     Connection: Keep-Alive\r\n
..\\lib\\transaction.h(158):     Host: localhost:1080\r\n
..\\lib\\transaction.h(158):     Cookie: MSO=SID&1734504490; MTUserInfo=hash&76&lastName&Bull%0A&username&Eskel&firstName&E
..\\lib\\transaction.h(158):     skel&address1&Druid%20Camp&expDate&%0A&creditCard&&address2&White%20Garden\r\n
..\\lib\\transaction.h(158):     \r\n
..\\lib\\transaction.h(158): t=6980065ms: Inactive socket [1] was closed by localhost:1080, probably due to Keep-Alive timeout  	[MsgId: MMSG-26000]
..\\lib\\transaction.h(158): t=6980065ms: Closed connection [1] to localhost:1080 after completing 2 request(s)  	[MsgId: MMSG-26000]
..\\lib\\transaction.h(158): t=6980065ms: Inactive socket [2] was closed by localhost:1080, probably due to Keep-Alive timeout  	[MsgId: MMSG-26000]
..\\lib\\transaction.h(158): t=6980065ms: Closed connection [2] to localhost:1080 after completing 1 request(s)  	[MsgId: MMSG-26000]
..\\lib\\transaction.h(158): t=6980065ms: Inactive socket [3] was closed by localhost:1080, probably due to Keep-Alive timeout  	[MsgId: MMSG-26000]
..\\lib\\transaction.h(158): t=6980066ms: Closed connection [3] to localhost:1080 after completing 1 request(s)  	[MsgId: MMSG-26000]
..\\lib\\transaction.h(158): t=6980088ms: 327-byte response headers for "http://localhost:1080/cgi-bin/welcome.pl?signOff=1" (RelFrameId=1, Internal ID=726)
..\\lib\\transaction.h(158):     HTTP/1.1 200 OK\r\n
..\\lib\\transaction.h(158):     Date: Wed, 18 Dec 2024 06:48:27 GMT\r\n
..\\lib\\transaction.h(158):     Server: Apache/2.4.58 (Unix)\r\n
..\\lib\\transaction.h(158):     Set-Cookie: MSO=SID&1734504507; path=/\r\n
..\\lib\\transaction.h(158):     Set-Cookie: MTUserInfo=; path=/; expires=Tue, 17-Dec-2024 06:48:27 GMT\r\n
..\\lib\\transaction.h(158):     Keep-Alive: timeout=5, max=100\r\n
..\\lib\\transaction.h(158):     Connection: Keep-Alive\r\n
..\\lib\\transaction.h(158):     Transfer-Encoding: chunked\r\n
..\\lib\\transaction.h(158):     Content-Type: text/html; charset=ISO-8859-1\r\n
..\\lib\\transaction.h(158):     \r\n
..\\lib\\transaction.h(158): t=6980089ms: 5-byte chunked response overhead for "http://localhost:1080/cgi-bin/welcome.pl?signOff=1" (RelFrameId=1, Internal ID=726)
..\\lib\\transaction.h(158):     2ae\r\n
..\\lib\\transaction.h(158): t=6980089ms: 2-byte chunked response overhead for "http://localhost:1080/cgi-bin/welcome.pl?signOff=1" (RelFrameId=1, Internal ID=726)
..\\lib\\transaction.h(158):     \r\n
..\\lib\\transaction.h(158): t=6980089ms: 686-byte chunked response body for "http://localhost:1080/cgi-bin/welcome.pl?signOff=1" (RelFrameId=1, Internal ID=726)
..\\lib\\transaction.h(158):     <!-- \n
..\\lib\\transaction.h(158):      A Session ID has been created and loaded into a cookie called MSO.\n
..\\lib\\transaction.h(158):      Also, the server options have been loaded into the cookie called\n
..\\lib\\transaction.h(158):      MSO as well.  The server options can be set via the Admin page.\n
..\\lib\\transaction.h(158):      --->\n
..\\lib\\transaction.h(158):     \n
..\\lib\\transaction.h(158):     <html>\n
..\\lib\\transaction.h(158):     <title>Web Tours</title>\n
..\\lib\\transaction.h(158):        <!-- Frame Set -->\n
..\\lib\\transaction.h(158):        <frameset cols="160,*" border="1" frameborder="1">\n
..\\lib\\transaction.h(158):           <!-- Navigation Frame -->\n
..\\lib\\transaction.h(158):           <frame src="nav.pl?in=home" name="navbar" marginheight="2" marginwidth="2" \n
..\\lib\\transaction.h(158):                 noresize="noresize" scrolling="auto"/>\n
..\\lib\\transaction.h(158):           <!-- Home Frame -->\n
..\\lib\\transaction.h(158):           <frame src="/WebTours/home.html" name="info" marginheight="2" marginwidth="2" \n
..\\lib\\transaction.h(158):                 noresize="noresize" scrolling="auto"/>\n
..\\lib\\transaction.h(158):        </frameset>\n
..\\lib\\transaction.h(158):     </html>\n
..\\lib\\transaction.h(158):     \n
..\\lib\\transaction.h(158):     </body>\n
..\\lib\\transaction.h(158):     </html>
..\\lib\\transaction.h(158): Detected non-resource "http://localhost:1080/cgi-bin/nav.pl?in=home" in "http://localhost:1080/cgi-bin/welcome.pl?signOff=1"  	[MsgId: MMSG-26574]
..\\lib\\transaction.h(158): Detected non-resource "http://localhost:1080/WebTours/home.html" in "http://localhost:1080/cgi-bin/welcome.pl?signOff=1"  	[MsgId: MMSG-26574]
..\\lib\\transaction.h(158): Retrieving data from cache for "http://localhost:1080/WebTours/home.html"  	[MsgId: MMSG-26558]
..\\lib\\transaction.h(158): t=6980089ms: 1361-byte response body retrieved from cache for "http://localhost:1080/WebTours/home.html" (RelFrameId=1.2, Internal ID=728)
..\\lib\\transaction.h(158):     <HTML>\n
..\\lib\\transaction.h(158):     <HEAD>\n
..\\lib\\transaction.h(158):     \t<title>Web Tours</title>\n
..\\lib\\transaction.h(158):     </HEAD>\n
..\\lib\\transaction.h(158):     <style>\n
..\\lib\\transaction.h(158):     \tblockquote {font-family: tahoma; font-size : 10pt}\n
..\\lib\\transaction.h(158):     \tH1 {font-family: tahoma; font-size : 22pt; color: #003366}\n
..\\lib\\transaction.h(158):     \tsmall {font-family: tahoma; font-size : 8pt}\n
..\\lib\\transaction.h(158):     \tH3{font-family: tahoma; font-size : 10pt; color: black}\n
..\\lib\\transaction.h(158):     \tA {FONT-WEIGHT: bold; FONT-SIZE: 10pt; COLOR: black; FONT-FAMILY: Tahoma; TEXT-DECORATIO
..\\lib\\transaction.h(158):     N: none}\n
..\\lib\\transaction.h(158):     \tA:hover{ FONT-WEIGHT: bold; FONT-SIZE: 10pt; COLOR: #993333; FONT-FAMILY: Tahoma;TEXT-DE
..\\lib\\transaction.h(158):     CORATION: underline}\n
..\\lib\\transaction.h(158):     \tTD {font-family: tahoma; font-size : 10pt; color: black}\n
..\\lib\\transaction.h(158):     </style>\n
..\\lib\\transaction.h(158):     <body bgcolor="#e0e7f1">\n
..\\lib\\transaction.h(158):     <BR/>\n
..\\lib\\transaction.h(158):     <BR/>\n
..\\lib\\transaction.h(158):     <BR/>\n
..\\lib\\transaction.h(158):     <br/>\n
..\\lib\\transaction.h(158):     <table border="0">\n
..\\lib\\transaction.h(158):     <tr><td></td></tr>\n
..\\lib\\transaction.h(158):     <TR><TD></TD></TR>\n
..\\lib\\transaction.h(158):     <TR><TD>\n
..\\lib\\transaction.h(158):     <blockquote>\n
..\\lib\\transaction.h(158):     <H1><b>Web Tours</b></H1>\n
..\\lib\\transaction.h(158):     Welcome to the Web Tours site.\n
..\\lib\\transaction.h(158):     <br/>\n
..\\lib\\transaction.h(158):     To make reservations,please enter your account information to the left.\n
..\\lib\\transaction.h(158):     <br/>\n
..\\lib\\transaction.h(158):     If you haven't registered yet, <A href="/cgi-bin/login.pl?username=&amp;password=&amp;getI
..\\lib\\transaction.h(158):     nfo=true" ><B>sign up now</B></A> to get access to all our resources.\n
..\\lib\\transaction.h(158):     <br/>\n
..\\lib\\transaction.h(158):     To configure the server options, use <A href="/cgi-bin/admin.pl" target="body" ><b>adminis
..\\lib\\transaction.h(158):     tration</b></A> link.\n
..\\lib\\transaction.h(158):     <br/><br/><br/><br/><br/><br/>\n
..\\lib\\transaction.h(158):     <br/><small>\n
..\\lib\\transaction.h(158):     This product uses parts of the SMT Kernel, Copyright (c) 1991-99 <A href="http://www.imati
..\\lib\\transaction.h(158):     x.com" target="new"><B><small>iMatix Corporation</small></B></A> \n
..\\lib\\transaction.h(158):     </small>\n
..\\lib\\transaction.h(158):     </blockquote></TD>\n
..\\lib\\transaction.h(158):     <TD></TD></TR>\n
..\\lib\\transaction.h(158):     </table>\n
..\\lib\\transaction.h(158):     </body>\n
..\\lib\\transaction.h(158):     </HTML>\n
..\\lib\\transaction.h(158): t=6980090ms: 5-byte chunked response overhead for "http://localhost:1080/cgi-bin/welcome.pl?signOff=1" (RelFrameId=1, Internal ID=726)
..\\lib\\transaction.h(158):     0\r\n
..\\lib\\transaction.h(158):     \r\n
..\\lib\\transaction.h(158): t=6980090ms: Request done "http://localhost:1080/cgi-bin/welcome.pl?signOff=1"  	[MsgId: MMSG-26000]
..\\lib\\transaction.h(158): t=6980090ms: Connecting [1] to host 127.0.0.1:1080  	[MsgId: MMSG-26000]
..\\lib\\transaction.h(158): t=6980111ms: Connected socket [1] from 127.0.0.1:44003 to 127.0.0.1:1080 in 21 ms  	[MsgId: MMSG-26000]
..\\lib\\transaction.h(158): t=6980111ms: 368-byte request headers for "http://localhost:1080/cgi-bin/nav.pl?in=home" (RelFrameId=1.1, Internal ID=727)
..\\lib\\transaction.h(158):     GET /cgi-bin/nav.pl?in=home HTTP/1.1\r\n
..\\lib\\transaction.h(158):     Referer: http://localhost:1080/cgi-bin/welcome.pl?signOff=1\r\n
..\\lib\\transaction.h(158):     User-Agent: Mozilla/5.0 (Windows NT 10.0; Win64; x64; rv:133.0) Gecko/20100101 Firefox/133
..\\lib\\transaction.h(158):     .0\r\n
..\\lib\\transaction.h(158):     Accept-Encoding: gzip, deflate\r\n
..\\lib\\transaction.h(158):     Accept-Language: ru-RU,ru;q=0.8,en-US;q=0.5,en;q=0.3\r\n
..\\lib\\transaction.h(158):     Accept: */*\r\n
..\\lib\\transaction.h(158):     Connection: Keep-Alive\r\n
..\\lib\\transaction.h(158):     Host: localhost:1080\r\n
..\\lib\\transaction.h(158):     Cookie: MSO=SID&1734504507\r\n
..\\lib\\transaction.h(158):     \r\n
..\\lib\\transaction.h(158): t=6980137ms: 255-byte response headers for "http://localhost:1080/cgi-bin/nav.pl?in=home" (RelFrameId=1.1, Internal ID=727)
..\\lib\\transaction.h(158):     HTTP/1.1 200 OK\r\n
..\\lib\\transaction.h(158):     Date: Wed, 18 Dec 2024 06:48:27 GMT\r\n
..\\lib\\transaction.h(158):     Server: Apache/2.4.58 (Unix)\r\n
..\\lib\\transaction.h(158):     Expires: Tue, 17 Dec 2024 06:48:27 GMT\r\n
..\\lib\\transaction.h(158):     Keep-Alive: timeout=5, max=100\r\n
..\\lib\\transaction.h(158):     Connection: Keep-Alive\r\n
..\\lib\\transaction.h(158):     Transfer-Encoding: chunked\r\n
..\\lib\\transaction.h(158):     Content-Type: text/html; charset=ISO-8859-1\r\n
..\\lib\\transaction.h(158):     \r\n
..\\lib\\transaction.h(158): t=6980137ms: 5-byte chunked response overhead for "http://localhost:1080/cgi-bin/nav.pl?in=home" (RelFrameId=1.1, Internal ID=727)
..\\lib\\transaction.h(158):     5ce\r\n
..\\lib\\transaction.h(158): t=6980137ms: 2-byte chunked response overhead for "http://localhost:1080/cgi-bin/nav.pl?in=home" (RelFrameId=1.1, Internal ID=727)
..\\lib\\transaction.h(158):     \r\n
..\\lib\\transaction.h(158): t=6980137ms: 1486-byte chunked response body for "http://localhost:1080/cgi-bin/nav.pl?in=home" (RelFrameId=1.1, Internal ID=727)
..\\lib\\transaction.h(158):     <!DOCTYPE html\n
..\\lib\\transaction.h(158):     \tPUBLIC "-//W3C//DTD XHTML 1.0 Transitional//EN"\n
..\\lib\\transaction.h(158):     \t "http://www.w3.org/TR/xhtml1/DTD/xhtml1-transitional.dtd">\n
..\\lib\\transaction.h(158):     <html xmlns="http://www.w3.org/1999/xhtml" lang="en-US" xml:lang="en-US">\n
..\\lib\\transaction.h(158):     <head>\n
..\\lib\\transaction.h(158):     <title>Web Tours Navigation Bar</title>\n
..\\lib\\transaction.h(158):     <meta http-equiv="Content-Type" content="text/html; charset=iso-8859-1" />\n
..\\lib\\transaction.h(158):     </head>\n
..\\lib\\transaction.h(158):     <body bgcolor="#E0E7F1">\n
..\\lib\\transaction.h(158):     <style>\n
..\\lib\\transaction.h(158):     blockquote {font-family: tahoma; font-size : 10pt}\n
..\\lib\\transaction.h(158):     H1 {font-family: tahoma; font-size : 22pt; color: #993333}\n
..\\lib\\transaction.h(158):     H3 {font-family: tahoma; font-size : 10pt; color: black}\n
..\\lib\\transaction.h(158):     small {font-family: tahoma; font-size : 8pt}\n
..\\lib\\transaction.h(158):     </style>\n
..\\lib\\transaction.h(158):     <form method="post" action="/cgi-bin/login.pl" target="body">\n
..\\lib\\transaction.h(158):     <input type="hidden" name="userSession" value="140502.592709599HccHVAcpVVcftDDzcpzVczHf"/>
..\\lib\\transaction.h(158):     \n
..\\lib\\transaction.h(158):     <table border="0"><tr><td>&nbsp;</td>\n
..\\lib\\transaction.h(158):     <td>&nbsp;</td></tr>\n
..\\lib\\transaction.h(158):     <tr><td>&nbsp;</td>\n
..\\lib\\transaction.h(158):     <td>&nbsp;</td></tr>\n
..\\lib\\transaction.h(158):     <tr><td>&nbsp;</td>\n
..\\lib\\transaction.h(158):     <td><small>&nbsp;Username</small></td></tr>\n
..\\lib\\transaction.h(158):     <tr><td>&nbsp;</td>\n
..\\lib\\transaction.h(158):     <td><input type="text" name="username" value="" size="14" maxlength="14"/></td></tr>\n
..\\lib\\transaction.h(158):     <tr><td>&nbsp;</td>\n
..\\lib\\transaction.h(158):     <td><small>&nbsp;Password</small></td>\n
..\\lib\\transaction.h(158):     <tr><td>&nbsp;</td>\n
..\\lib\\transaction.h(158):     <td><input type="password" name="password" value="" size="14" maxlength="14"/></td></tr>\n
..\\lib\\transaction.h(158):     <tr><td>&nbsp;</td>\n
..\\lib\\transaction.h(158):     <td>&nbsp;</td></tr>\n
..\\lib\\transaction.h(158):     <tr><td>&nbsp;</td>\n
..\\lib\\transaction.h(158):     <td><input type="image" name="login" value="Login" alt="Login" border="1" \n
..\\lib\\transaction.h(158):     src="/WebTours/images/mer_login.gif"/></td></tr>\n
..\\lib\\transaction.h(158):     <tr><td>&nbsp;</td><td>&nbsp;</td></tr>\n
..\\lib\\transaction.h(158):     </table><input type="hidden" name="JSFormSubmit" value="off"/>\n
..\\lib\\transaction.h(158):     </form>\n
..\\lib\\transaction.h(158):     \n
..\\lib\\transaction.h(158):     </body>\n
..\\lib\\transaction.h(158):     </html>\n
..\\lib\\transaction.h(158): Resource "http://localhost:1080/WebTours/images/mer_login.gif" is in the cache already and will not be downloaded again  	[MsgId: MMSG-26655]
..\\lib\\transaction.h(158): t=6980137ms: 5-byte chunked response overhead for "http://localhost:1080/cgi-bin/nav.pl?in=home" (RelFrameId=1.1, Internal ID=727)
..\\lib\\transaction.h(158):     0\r\n
..\\lib\\transaction.h(158):     \r\n
..\\lib\\transaction.h(158): t=6980137ms: Request done "http://localhost:1080/cgi-bin/nav.pl?in=home"  	[MsgId: MMSG-26000]
..\\lib\\transaction.h(158): web_url("welcome.pl_2") was successful, 2172 body bytes, 582 header bytes, 24 chunking overhead bytes  	[MsgId: MMSG-26385]
Action.c(108): Notify: Transaction "sign_off" ended with a "Pass" status (Duration: 0,0735).	[MsgId: MMSG-16873]
Action.c(110): Notify: Transaction "UC05_DeleteTicket" ended with a "Pass" status (Duration: 16,5378 Think Time: 16,0378 Wasted Time: 0,0024).	[MsgId: MMSG-16870]
Ending action Action.	[MsgId: MMSG-15918]
Action was aborted.	[MsgId: MMSG-10694]
Ending Vuser...	[MsgId: MMSG-15966]
Starting action vuser_end.	[MsgId: MMSG-15919]
Ending action vuser_end.	[MsgId: MMSG-15918]
Vuser Terminated.	[MsgId: MMSG-15963]
t=6980138ms: Closed connection [0] to localhost:1080 after completing 1 request(s)  	[MsgId: MMSG-26000]
t=6980138ms: Closed connection [1] to localhost:1080 after completing 1 request(s)  	[MsgId: MMSG-26000]
HTML-Mode memory management statistics: Reusable=17, NonReusable=0, CsMemBlockSize=4096, checks disabled  	[MsgId: MMSG-26000]
Vuser 4 (thread 10716), ended OK."	[MsgId: MMSG-10695]
