Action.c(51):           <center><table border="0" width="85%"><tr><td>\n
Action.c(51):           <li><i>Lambert Wunhed      <li><i>      <li><i>      <li><i>      <li><i>\n
Action.c(51):           <li><i></i>\n
Action.c(51):           </td></tr></table></center>\n
Action.c(51):       </TD>\n
Action.c(51):       <TD width="5%" >.<br/>.<br/>.<br/>.</TD>\n
Action.c(51):       <TD width="45%" valign=top><b>Invoice sent to:</b><br/>\n
Action.c(51):           <center>\n
Action.c(51):           <Table width="80%" cellspacing="0" > <tr> <td>\n
Action.c(51):               Lambert Wunhed\n
Action.c(51):     <br/>\n
Action.c(51):               Kaer Morhen<br/>\n
Action.c(51):               Velen<br/>\n
Action.c(51):               <br/>\n
Action.c(51):               Total Charge: $ 3690 <BR/> (CC: x-2637)\n
Action.c(51):           </td> </tr> </table>\n
Action.c(51):           </center>\n
Action.c(51):       </TD>\n
Action.c(51):     </TR>\n
Action.c(51):     <TR bgcolor="#EFF2F7">\n
Action.c(51):       <TD COLSPAN="3">\n
Action.c(51):       <b>Flight Details:</b><BR/>  <center>\n
Action.c(51):       12/28/2024\n
Action.c(51):      :  11pm : Flight 643 leaves San Francisco  for Paris.<br>  </center>\n
Action.c(51):       </TD>\n
Action.c(51):     </TR>\n
Action.c(51):     \n
Action.c(51):     <TR bgcolor="#EFF2F7">\n
Action.c(51):       <TD COLSPAN="4">\n
Action.c(51):       <hr/>\n
Action.c(51):       </TD>\n
Action.c(51):     </TR>\n
Action.c(51):     \n
Action.c(51):     <!-- Flight #1 -->\n
Action.c(51):     <TR bgcolor="#EFF2F7">\n
Action.c(51):       <TD width="5%" rowspan="2" align="left" valign="top">\n
Action.c(51):     <b>\n
Action.c(51):     <label><input type="checkbox" name="89" value="on" /></label></font></b>\n
Action.c(51):     <input type="hidden" name="flightID" value="97690040-68492-LW"  />\n
Action.c(51):       </TD>\n
Action.c(51):       <TD width="45%" valign="top">\n
Action.c(51):           <b>&nbsp;&nbsp;4 First class tickets for :</b><br/>\n
Action.c(51):           <center><table border="0" width="85%"><tr><td>\n
Action.c(51):           <li><i>Lambert Wunhed      <li><i>      <li><i>      <li><i>\n
Action.c(51):           <li><i></i>\n
Action.c(51):           </td></tr></table></center>\n
Action.c(51):       </TD>\n
Action.c(51):       <TD width="5%" >.<br/>.<br/>.<br/>.</TD>\n
Action.c(51):       <TD width="45%" valign=top><b>Invoice sent to:</b><br/>\n
Action.c(51):           <center>\n
Action.c(51):           <Table width="80%" cellspacing="0" > <tr> <td>\n
Action.c(51):               Lambert Wunhed\n
Action.c(51):     <br/>\n
Action.c(51):               Kaer Morhen<br/>\n
Action.c(51):               Velen<br/>\n
Action.c(51):               <br/>\n
Action.c(51):               Total Charge: $ 404 <BR/> (CC: x-2637)\n
Action.c(51):           </td> </tr> </table>\n
Action.c(51):           </center>\n
Action.c(51):       </TD>\n
Action.c(51):     </TR>\n
Action.c(51):     <TR bgcolor="#EFF2F7">\n
Action.c(51):       <TD COLSPAN="3">\n
Action.c(51):       <b>Flight Details:</b><BR/>  <center>\n
Action.c(51):       12/28/2024\n
Action.c(51):      :  1pm : Flight 631 leaves San Francisco  for Los Angeles.<br>  </center>\n
Action.c(51):       </TD>\n
Action.c(51):     </TR>\n
Action.c(51):     \n
Action.c(51):     <TR bgcolor="#EFF2F7">\n
Action.c(51):       <TD COLSPAN="4">\n
Action.c(51):       <hr/>\n
Action.c(51):       </TD>\n
Action.c(51):     </TR>\n
Action.c(51):     \n
Action.c(51):     <!-- Flight #1 -->\n
Action.c(51):     <TR bgcolor="#EFF2F7">\n
Action.c(51):       <TD width="5%" rowspan="2" align="left" valign="top">\n
Action.c(51):     <b>\n
Action.c(51):     <label><input type="checkbox" name="90" value="on" /></label></font></b>\n
Action.c(51):     <input type="hidden" name="flightID" value="9768229-69260-LW"  />\n
Action.c(51):       </TD>\n
Action.c(51):       <TD width="45%" valign="top">\n
Action.c(51):           <b>&nbsp;&nbsp;4 Coach class tickets for :</b><br/>\n
Action.c(51):           <center><table border="0" width="85%"><tr><td>\n
Action.c(51):           <li><i>Lambert Wunhed      <li><i>      <li><i>      <li><i>\n
Action.c(51):           <li><i></i>\n
Action.c(51):           </td></tr></table></center>\n
Action.c(51):       </TD>\n
Action.c(51):       <TD width="5%" >.<br/>.<br/>.<br/>.</TD>\n
Action.c(51):       <TD width="45%" valign=top><b>Invoice sent to:</b><br/>\n
Action.c(51):           <center>\n
Action.c(51):           <Table width="80%" cellspacing="0" > <tr> <td>\n
Action.c(51):               Lambert Wunhed\n
Action.c(51):     <br/>\n
Action.c(51):               Kaer Morhen<br/>\n
Action.c(51):               Velen<br/>\n
Action.c(51):               <br/>\n
Action.c(51):               Total Charge: $ 388 <BR/> (CC: x-2637)\n
Action.c(51):           </td> </tr> </table>\n
Action.c(51):           </center>\n
Action.c(51):       </TD>\n
Action.c(51):     </TR>\n
Action.c(51):     <TR bgcolor="#EFF2F7">\n
Action.c(51):       <TD COLSPAN="3">\n
Action.c(51):       <b>Flight Details:</b><BR/>  <center>\n
Action.c(51):       12/28/2024\n
Action.c(51):      :  1pm : Flight 421 leaves Paris  for London.<br>  </center>\n
Action.c(51):       </TD>\n
Action.c(51):     </TR>\n
Action.c(51):     \n
Action.c(51):     <TR bgcolor="#EFF2F7">\n
Action.c(51):       <TD COLSPAN="4">\n
Action.c(51):       <hr/>\n
Action.c(51):       </TD>\n
Action.c(51):     </TR>\n
Action.c(51):     <TR>\n
Action.c(51):        <TD align="center" COLSPAN="4">\n
Action.c(51):        <b>A total of 90 scheduled flights.</font></b>\n
Action.c(51):        </TD>\n
Action.c(51):     </TR>\n
Action.c(51):     </TABLE>\n
Action.c(51):     \n
Action.c(51):     <TABLE WIDTH="87%" BORDER="0" CELLSPACING="0">\n
Action.c(51):     <TR>\n
Action.c(51):     <TD align="left" width="50%" >\n
Action.c(51):     <input type="image" name="removeFlights" src="/WebTours/images/cancelreservation.gif" bord
Action.c(51):     er="0" /></TD>\n
Action.c(51):     <TD align="right" width="50%" >\n
Action.c(51):     <input type="image" name="removeAllFlights" src="/WebTours/images/cancelallreservations.gi
Action.c(51):     f" border="0" /></TD>\n
Action.c(51):     </TABLE>\n
Action.c(51):     \n
Action.c(51):     <div><input type="hidden" name=".cgifields" value="1"  /><i
Action.c(51): Resource "http://localhost:1080/WebTours/images/cancelreservation.gif" is in the cache already and will not be downloaded again  	[MsgId: MMSG-26655]
Action.c(51): Resource "http://localhost:1080/WebTours/images/cancelallreservations.gif" is in the cache already and will not be downloaded again  	[MsgId: MMSG-26655]
Action.c(51): t=6966034ms: 7-byte chunked response overhead for "http://localhost:1080/cgi-bin/itinerary.pl" (RelFrameId=1, Internal ID=751)
Action.c(51):     \r\n
Action.c(51):     0\r\n
Action.c(51):     \r\n
Action.c(51): t=6966034ms: 4748-byte chunked response body for "http://localhost:1080/cgi-bin/itinerary.pl" (RelFrameId=1, Internal ID=751)
Action.c(51):     nput type="hidden" name=".cgifields" value="10"  /><input type="hidden" name=".cgifields" 
Action.c(51):     value="11"  /><input type="hidden" name=".cgifields" value="12"  /><input type="hidden" na
Action.c(51):     me=".cgifields" value="13"  /><input type="hidden" name=".cgifields" value="14"  /><input 
Action.c(51):     type="hidden" name=".cgifields" value="15"  /><input type="hidden" name=".cgifields" value
Action.c(51):     ="16"  /><input type="hidden" name=".cgifields" value="17"  /><input type="hidden" name=".
Action.c(51):     cgifields" value="18"  /><input type="hidden" name=".cgifields" value="19"  /><input type=
Action.c(51):     "hidden" name=".cgifields" value="2"  /><input type="hidden" name=".cgifields" value="20" 
Action.c(51):      /><input type="hidden" name=".cgifields" value="21"  /><input type="hidden" name=".cgifie
Action.c(51):     lds" value="22"  /><input type="hidden" name=".cgifields" value="23"  /><input type="hidde
Action.c(51):     n" name=".cgifields" value="24"  /><input type="hidden" name=".cgifields" value="25"  /><i
Action.c(51):     nput type="hidden" name=".cgifields" value="26"  /><input type="hidden" name=".cgifields" 
Action.c(51):     value="27"  /><input type="hidden" name=".cgifields" value="28"  /><input type="hidden" na
Action.c(51):     me=".cgifields" value="29"  /><input type="hidden" name=".cgifields" value="3"  /><input t
Action.c(51):     ype="hidden" name=".cgifields" value="30"  /><input type="hidden" name=".cgifields" value=
Action.c(51):     "31"  /><input type="hidden" name=".cgifields" value="32"  /><input type="hidden" name=".c
Action.c(51):     gifields" value="33"  /><input type="hidden" name=".cgifields" value="34"  /><input type="
Action.c(51):     hidden" name=".cgifields" value="35"  /><input type="hidden" name=".cgifields" value="36" 
Action.c(51):      /><input type="hidden" name=".cgifields" value="37"  /><input type="hidden" name=".cgifie
Action.c(51):     lds" value="38"  /><input type="hidden" name=".cgifields" value="39"  /><input type="hidde
Action.c(51):     n" name=".cgifields" value="4"  /><input type="hidden" name=".cgifields" value="40"  /><in
Action.c(51):     put type="hidden" name=".cgifields" value="41"  /><input type="hidden" name=".cgifields" v
Action.c(51):     alue="42"  /><input type="hidden" name=".cgifields" value="43"  /><input type="hidden" nam
Action.c(51):     e=".cgifields" value="44"  /><input type="hidden" name=".cgifields" value="45"  /><input t
Action.c(51):     ype="hidden" name=".cgifields" value="46"  /><input type="hidden" name=".cgifields" value=
Action.c(51):     "47"  /><input type="hidden" name=".cgifields" value="48"  /><input type="hidden" name=".c
Action.c(51):     gifields" value="49"  /><input type="hidden" name=".cgifields" value="5"  /><input type="h
Action.c(51):     idden" name=".cgifields" value="50"  /><input type="hidden" name=".cgifields" value="51"  
Action.c(51):     /><input type="hidden" name=".cgifields" value="52"  /><input type="hidden" name=".cgifiel
Action.c(51):     ds" value="53"  /><input type="hidden" name=".cgifields" value="54"  /><input type="hidden
Action.c(51):     " name=".cgifields" value="55"  /><input type="hidden" name=".cgifields" value="56"  /><in
Action.c(51):     put type="hidden" name=".cgifields" value="57"  /><input type="hidden" name=".cgifields" v
Action.c(51):     alue="58"  /><input type="hidden" name=".cgifields" value="59"  /><input type="hidden" nam
Action.c(51):     e=".cgifields" value="6"  /><input type="hidden" name=".cgifields" value="60"  /><input ty
Action.c(51):     pe="hidden" name=".cgifields" value="61"  /><input type="hidden" name=".cgifields" value="
Action.c(51):     62"  /><input type="hidden" name=".cgifields" value="63"  /><input type="hidden" name=".cg
Action.c(51):     ifields" value="64"  /><input type="hidden" name=".cgifields" value="65"  /><input type="h
Action.c(51):     idden" name=".cgifields" value="66"  /><input type="hidden" name=".cgifields" value="67"  
Action.c(51):     /><input type="hidden" name=".cgifields" value="68"  /><input type="hidden" name=".cgifiel
Action.c(51):     ds" value="69"  /><input type="hidden" name=".cgifields" value="7"  /><input type="hidden"
Action.c(51):      name=".cgifields" value="70"  /><input type="hidden" name=".cgifields" value="71"  /><inp
Action.c(51):     ut type="hidden" name=".cgifields" value="72"  /><input type="hidden" name=".cgifields" va
Action.c(51):     lue="73"  /><input type="hidden" name=".cgifields" value="74"  /><input type="hidden" name
Action.c(51):     =".cgifields" value="75"  /><input type="hidden" name=".cgifields" value="76"  /><input ty
Action.c(51):     pe="hidden" name=".cgifields" value="77"  /><input type="hidden" name=".cgifields" value="
Action.c(51):     78"  /><input type="hidden" name=".cgifields" value="79"  /><input type="hidden" name=".cg
Action.c(51):     ifields" value="8"  /><input type="hidden" name=".cgifields" value="80"  /><input type="hi
Action.c(51):     dden" name=".cgifields" value="81"  /><input type="hidden" name=".cgifields" value="82"  /
Action.c(51):     ><input type="hidden" name=".cgifields" value="83"  /><input type="hidden" name=".cgifield
Action.c(51):     s" value="84"  /><input type="hidden" name=".cgifields" value="85"  /><input type="hidden"
Action.c(51):      name=".cgifields" value="86"  /><input type="hidden" name=".cgifields" value="87"  /><inp
Action.c(51):     ut type="hidden" name=".cgifields" value="88"  /><input type="hidden" name=".cgifields" va
Action.c(51):     lue="89"  /><input type="hidden" name=".cgifields" value="9"  /><input type="hidden" name=
Action.c(51):     ".cgifields" value="90"  /></div></form>\n
Action.c(51):     \n
Action.c(51):     </center>\n
Action.c(51):     \n
Action.c(51):     </body>\n
Action.c(51):     </html>
Action.c(51): t=6966035ms: Request done "http://localhost:1080/cgi-bin/itinerary.pl"  	[MsgId: MMSG-26000]
Action.c(51): Registered web_reg_find successful for "Text=flightID_1"  	[MsgId: MMSG-26362]
Action.c(51): Registered web_reg_find successful for "Text=flightID_2"  	[MsgId: MMSG-26362]
Action.c(51): Registered web_reg_find successful for "Text=flightID_3"  	[MsgId: MMSG-26362]
Action.c(51): web_submit_form("itinerary.pl") was successful, 110944 body bytes, 254 header bytes, 183 chunking overhead bytes  	[MsgId: MMSG-26385]
Action.c(99): lr_think_time: 5,00 seconds.	[MsgId: MMSG-15948]
Action.c(101): Notify: Transaction "delete_ticket" ended with a "Pass" status (Duration: 5,0818 Think Time: 5,0023 Wasted Time: 0,0001).	[MsgId: MMSG-16870]
Action.c(104): Notify: Transaction "sign_off" started.	[MsgId: MMSG-16999]
..\\lib\\transaction.h(158): web_url("welcome.pl_2") started  	[MsgId: MMSG-26355]
..\\lib\\transaction.h(158): t=6971038ms: Closed connection [0] to localhost:1080 after completing 4 request(s)  	[MsgId: MMSG-26000]
..\\lib\\transaction.h(158): t=6971038ms: Connecting [0] to host 127.0.0.1:1080  	[MsgId: MMSG-26000]
..\\lib\\transaction.h(158): t=6971039ms: Connected socket [0] from 127.0.0.1:1878 to 127.0.0.1:1080 in 1 ms  	[MsgId: MMSG-26000]
..\\lib\\transaction.h(158): t=6971039ms: 514-byte request headers for "http://localhost:1080/cgi-bin/welcome.pl?signOff=1" (RelFrameId=1, Internal ID=752)
..\\lib\\transaction.h(158):     GET /cgi-bin/welcome.pl?signOff=1 HTTP/1.1\r\n
..\\lib\\transaction.h(158):     Referer: http://localhost:1080/cgi-bin/nav.pl?page=menu&in=home\r\n
..\\lib\\transaction.h(158):     User-Agent: Mozilla/5.0 (Windows NT 10.0; Win64; x64; rv:133.0) Gecko/20100101 Firefox/133
..\\lib\\transaction.h(158):     .0\r\n
..\\lib\\transaction.h(158):     Accept-Encoding: gzip, deflate\r\n
..\\lib\\transaction.h(158):     Accept-Language: ru-RU,ru;q=0.8,en-US;q=0.5,en;q=0.3\r\n
..\\lib\\transaction.h(158):     Accept: */*\r\n
..\\lib\\transaction.h(158):     Connection: Keep-Alive\r\n
..\\lib\\transaction.h(158):     Host: localhost:1080\r\n
..\\lib\\transaction.h(158):     Cookie: MSO=SID&1734800292; MTUserInfo=address1&Kaer%20Morhen&address2&Velen&firstName&Lam
..\\lib\\transaction.h(158):     bert&lastName&Wunhed%0A&expDate&%0A&hash&52&username&Lambert&creditCard&\r\n
..\\lib\\transaction.h(158):     \r\n
..\\lib\\transaction.h(158): t=6971039ms: Inactive socket [1] was closed by localhost:1080, probably due to Keep-Alive timeout  	[MsgId: MMSG-26000]
..\\lib\\transaction.h(158): t=6971039ms: Closed connection [1] to localhost:1080 after completing 1 request(s)  	[MsgId: MMSG-26000]
..\\lib\\transaction.h(158): t=6971039ms: Inactive socket [2] was closed by localhost:1080, probably due to Keep-Alive timeout  	[MsgId: MMSG-26000]
..\\lib\\transaction.h(158): t=6971039ms: Closed connection [2] to localhost:1080 after completing 5 request(s)  	[MsgId: MMSG-26000]
..\\lib\\transaction.h(158): t=6971039ms: Inactive socket [3] was closed by localhost:1080, probably due to Keep-Alive timeout  	[MsgId: MMSG-26000]
..\\lib\\transaction.h(158): t=6971039ms: Closed connection [3] to localhost:1080 after completing 1 request(s)  	[MsgId: MMSG-26000]
..\\lib\\transaction.h(158): t=6971061ms: 327-byte response headers for "http://localhost:1080/cgi-bin/welcome.pl?signOff=1" (RelFrameId=1, Internal ID=752)
..\\lib\\transaction.h(158):     HTTP/1.1 200 OK\r\n
..\\lib\\transaction.h(158):     Date: Sat, 21 Dec 2024 16:58:29 GMT\r\n
..\\lib\\transaction.h(158):     Server: Apache/2.4.58 (Unix)\r\n
..\\lib\\transaction.h(158):     Set-Cookie: MSO=SID&1734800309; path=/\r\n
..\\lib\\transaction.h(158):     Set-Cookie: MTUserInfo=; path=/; expires=Fri, 20-Dec-2024 16:58:29 GMT\r\n
..\\lib\\transaction.h(158):     Keep-Alive: timeout=5, max=100\r\n
..\\lib\\transaction.h(158):     Connection: Keep-Alive\r\n
..\\lib\\transaction.h(158):     Transfer-Encoding: chunked\r\n
..\\lib\\transaction.h(158):     Content-Type: text/html; charset=ISO-8859-1\r\n
..\\lib\\transaction.h(158):     \r\n
..\\lib\\transaction.h(158): t=6971061ms: 5-byte chunked response overhead for "http://localhost:1080/cgi-bin/welcome.pl?signOff=1" (RelFrameId=1, Internal ID=752)
..\\lib\\transaction.h(158):     2ae\r\n
..\\lib\\transaction.h(158): t=6971061ms: 2-byte chunked response overhead for "http://localhost:1080/cgi-bin/welcome.pl?signOff=1" (RelFrameId=1, Internal ID=752)
..\\lib\\transaction.h(158):     \r\n
..\\lib\\transaction.h(158): t=6971061ms: 686-byte chunked response body for "http://localhost:1080/cgi-bin/welcome.pl?signOff=1" (RelFrameId=1, Internal ID=752)
..\\lib\\transaction.h(158):     <!-- \n
..\\lib\\transaction.h(158):      A Session ID has been created and loaded into a cookie called MSO.\n
..\\lib\\transaction.h(158):      Also, the server options have been loaded into the cookie called\n
..\\lib\\transaction.h(158):      MSO as well.  The server options can be set via the Admin page.\n
..\\lib\\transaction.h(158):      --->\n
..\\lib\\transaction.h(158):     \n
..\\lib\\transaction.h(158):     <html>\n
..\\lib\\transaction.h(158):     <title>Web Tours</title>\n
..\\lib\\transaction.h(158):        <!-- Frame Set -->\n
..\\lib\\transaction.h(158):        <frameset cols="160,*" border="1" frameborder="1">\n
..\\lib\\transaction.h(158):           <!-- Navigation Frame -->\n
..\\lib\\transaction.h(158):           <frame src="nav.pl?in=home" name="navbar" marginheight="2" marginwidth="2" \n
..\\lib\\transaction.h(158):                 noresize="noresize" scrolling="auto"/>\n
..\\lib\\transaction.h(158):           <!-- Home Frame -->\n
..\\lib\\transaction.h(158):           <frame src="/WebTours/home.html" name="info" marginheight="2" marginwidth="2" \n
..\\lib\\transaction.h(158):                 noresize="noresize" scrolling="auto"/>\n
..\\lib\\transaction.h(158):        </frameset>\n
..\\lib\\transaction.h(158):     </html>\n
..\\lib\\transaction.h(158):     \n
..\\lib\\transaction.h(158):     </body>\n
..\\lib\\transaction.h(158):     </html>
..\\lib\\transaction.h(158): Detected non-resource "http://localhost:1080/cgi-bin/nav.pl?in=home" in "http://localhost:1080/cgi-bin/welcome.pl?signOff=1"  	[MsgId: MMSG-26574]
..\\lib\\transaction.h(158): Detected non-resource "http://localhost:1080/WebTours/home.html" in "http://localhost:1080/cgi-bin/welcome.pl?signOff=1"  	[MsgId: MMSG-26574]
..\\lib\\transaction.h(158): Retrieving data from cache for "http://localhost:1080/WebTours/home.html"  	[MsgId: MMSG-26558]
..\\lib\\transaction.h(158): t=6971062ms: 1361-byte response body retrieved from cache for "http://localhost:1080/WebTours/home.html" (RelFrameId=1.2, Internal ID=754)
..\\lib\\transaction.h(158):     <HTML>\n
..\\lib\\transaction.h(158):     <HEAD>\n
..\\lib\\transaction.h(158):     \t<title>Web Tours</title>\n
..\\lib\\transaction.h(158):     </HEAD>\n
..\\lib\\transaction.h(158):     <style>\n
..\\lib\\transaction.h(158):     \tblockquote {font-family: tahoma; font-size : 10pt}\n
..\\lib\\transaction.h(158):     \tH1 {font-family: tahoma; font-size : 22pt; color: #003366}\n
..\\lib\\transaction.h(158):     \tsmall {font-family: tahoma; font-size : 8pt}\n
..\\lib\\transaction.h(158):     \tH3{font-family: tahoma; font-size : 10pt; color: black}\n
..\\lib\\transaction.h(158):     \tA {FONT-WEIGHT: bold; FONT-SIZE: 10pt; COLOR: black; FONT-FAMILY: Tahoma; TEXT-DECORATIO
..\\lib\\transaction.h(158):     N: none}\n
..\\lib\\transaction.h(158):     \tA:hover{ FONT-WEIGHT: bold; FONT-SIZE: 10pt; COLOR: #993333; FONT-FAMILY: Tahoma;TEXT-DE
..\\lib\\transaction.h(158):     CORATION: underline}\n
..\\lib\\transaction.h(158):     \tTD {font-family: tahoma; font-size : 10pt; color: black}\n
..\\lib\\transaction.h(158):     </style>\n
..\\lib\\transaction.h(158):     <body bgcolor="#e0e7f1">\n
..\\lib\\transaction.h(158):     <BR/>\n
..\\lib\\transaction.h(158):     <BR/>\n
..\\lib\\transaction.h(158):     <BR/>\n
..\\lib\\transaction.h(158):     <br/>\n
..\\lib\\transaction.h(158):     <table border="0">\n
..\\lib\\transaction.h(158):     <tr><td></td></tr>\n
..\\lib\\transaction.h(158):     <TR><TD></TD></TR>\n
..\\lib\\transaction.h(158):     <TR><TD>\n
..\\lib\\transaction.h(158):     <blockquote>\n
..\\lib\\transaction.h(158):     <H1><b>Web Tours</b></H1>\n
..\\lib\\transaction.h(158):     Welcome to the Web Tours site.\n
..\\lib\\transaction.h(158):     <br/>\n
..\\lib\\transaction.h(158):     To make reservations,please enter your account information to the left.\n
..\\lib\\transaction.h(158):     <br/>\n
..\\lib\\transaction.h(158):     If you haven't registered yet, <A href="/cgi-bin/login.pl?username=&amp;password=&amp;getI
..\\lib\\transaction.h(158):     nfo=true" ><B>sign up now</B></A> to get access to all our resources.\n
..\\lib\\transaction.h(158):     <br/>\n
..\\lib\\transaction.h(158):     To configure the server options, use <A href="/cgi-bin/admin.pl" target="body" ><b>adminis
..\\lib\\transaction.h(158):     tration</b></A> link.\n
..\\lib\\transaction.h(158):     <br/><br/><br/><br/><br/><br/>\n
..\\lib\\transaction.h(158):     <br/><small>\n
..\\lib\\transaction.h(158):     This product uses parts of the SMT Kernel, Copyright (c) 1991-99 <A href="http://www.imati
..\\lib\\transaction.h(158):     x.com" target="new"><B><small>iMatix Corporation</small></B></A> \n
..\\lib\\transaction.h(158):     </small>\n
..\\lib\\transaction.h(158):     </blockquote></TD>\n
..\\lib\\transaction.h(158):     <TD></TD></TR>\n
..\\lib\\transaction.h(158):     </table>\n
..\\lib\\transaction.h(158):     </body>\n
..\\lib\\transaction.h(158):     </HTML>\n
..\\lib\\transaction.h(158): t=6971062ms: 5-byte chunked response overhead for "http://localhost:1080/cgi-bin/welcome.pl?signOff=1" (RelFrameId=1, Internal ID=752)
..\\lib\\transaction.h(158):     0\r\n
..\\lib\\transaction.h(158):     \r\n
..\\lib\\transaction.h(158): t=6971062ms: Request done "http://localhost:1080/cgi-bin/welcome.pl?signOff=1"  	[MsgId: MMSG-26000]
..\\lib\\transaction.h(158): t=6971062ms: Connecting [1] to host 127.0.0.1:1080  	[MsgId: MMSG-26000]
..\\lib\\transaction.h(158): t=6971062ms: Connected socket [1] from 127.0.0.1:1879 to 127.0.0.1:1080 in 0 ms  	[MsgId: MMSG-26000]
..\\lib\\transaction.h(158): t=6971062ms: 368-byte request headers for "http://localhost:1080/cgi-bin/nav.pl?in=home" (RelFrameId=1.1, Internal ID=753)
..\\lib\\transaction.h(158):     GET /cgi-bin/nav.pl?in=home HTTP/1.1\r\n
..\\lib\\transaction.h(158):     Referer: http://localhost:1080/cgi-bin/welcome.pl?signOff=1\r\n
..\\lib\\transaction.h(158):     User-Agent: Mozilla/5.0 (Windows NT 10.0; Win64; x64; rv:133.0) Gecko/20100101 Firefox/133
..\\lib\\transaction.h(158):     .0\r\n
..\\lib\\transaction.h(158):     Accept-Encoding: gzip, deflate\r\n
..\\lib\\transaction.h(158):     Accept-Language: ru-RU,ru;q=0.8,en-US;q=0.5,en;q=0.3\r\n
..\\lib\\transaction.h(158):     Accept: */*\r\n
..\\lib\\transaction.h(158):     Connection: Keep-Alive\r\n
..\\lib\\transaction.h(158):     Host: localhost:1080\r\n
..\\lib\\transaction.h(158):     Cookie: MSO=SID&1734800309\r\n
..\\lib\\transaction.h(158):     \r\n
..\\lib\\transaction.h(158): t=6971089ms: 255-byte response headers for "http://localhost:1080/cgi-bin/nav.pl?in=home" (RelFrameId=1.1, Internal ID=753)
..\\lib\\transaction.h(158):     HTTP/1.1 200 OK\r\n
..\\lib\\transaction.h(158):     Date: Sat, 21 Dec 2024 16:58:29 GMT\r\n
..\\lib\\transaction.h(158):     Server: Apache/2.4.58 (Unix)\r\n
..\\lib\\transaction.h(158):     Expires: Fri, 20 Dec 2024 16:58:29 GMT\r\n
..\\lib\\transaction.h(158):     Keep-Alive: timeout=5, max=100\r\n
..\\lib\\transaction.h(158):     Connection: Keep-Alive\r\n
..\\lib\\transaction.h(158):     Transfer-Encoding: chunked\r\n
..\\lib\\transaction.h(158):     Content-Type: text/html; charset=ISO-8859-1\r\n
..\\lib\\transaction.h(158):     \r\n
..\\lib\\transaction.h(158): t=6971089ms: 5-byte chunked response overhead for "http://localhost:1080/cgi-bin/nav.pl?in=home" (RelFrameId=1.1, Internal ID=753)
..\\lib\\transaction.h(158):     5d2\r\n
..\\lib\\transaction.h(158): t=6971089ms: 2-byte chunked response overhead for "http://localhost:1080/cgi-bin/nav.pl?in=home" (RelFrameId=1.1, Internal ID=753)
..\\lib\\transaction.h(158):     \r\n
..\\lib\\transaction.h(158): t=6971089ms: 1490-byte chunked response body for "http://localhost:1080/cgi-bin/nav.pl?in=home" (RelFrameId=1.1, Internal ID=753)
..\\lib\\transaction.h(158):     <!DOCTYPE html\n
..\\lib\\transaction.h(158):     \tPUBLIC "-//W3C//DTD XHTML 1.0 Transitional//EN"\n
..\\lib\\transaction.h(158):     \t "http://www.w3.org/TR/xhtml1/DTD/xhtml1-transitional.dtd">\n
..\\lib\\transaction.h(158):     <html xmlns="http://www.w3.org/1999/xhtml" lang="en-US" xml:lang="en-US">\n
..\\lib\\transaction.h(158):     <head>\n
..\\lib\\transaction.h(158):     <title>Web Tours Navigation Bar</title>\n
..\\lib\\transaction.h(158):     <meta http-equiv="Content-Type" content="text/html; charset=iso-8859-1" />\n
..\\lib\\transaction.h(158):     </head>\n
..\\lib\\transaction.h(158):     <body bgcolor="#E0E7F1">\n
..\\lib\\transaction.h(158):     <style>\n
..\\lib\\transaction.h(158):     blockquote {font-family: tahoma; font-size : 10pt}\n
..\\lib\\transaction.h(158):     H1 {font-family: tahoma; font-size : 22pt; color: #993333}\n
..\\lib\\transaction.h(158):     H3 {font-family: tahoma; font-size : 10pt; color: black}\n
..\\lib\\transaction.h(158):     small {font-family: tahoma; font-size : 8pt}\n
..\\lib\\transaction.h(158):     </style>\n
..\\lib\\transaction.h(158):     <form method="post" action="/cgi-bin/login.pl" target="body">\n
..\\lib\\transaction.h(158):     <input type="hidden" name="userSession" value="140526.553989469HcciDDtpzcAiDDDDtDDHApAAHHc
..\\lib\\transaction.h(158):     f"/>\n
..\\lib\\transaction.h(158):     <table border="0"><tr><td>&nbsp;</td>\n
..\\lib\\transaction.h(158):     <td>&nbsp;</td></tr>\n
..\\lib\\transaction.h(158):     <tr><td>&nbsp;</td>\n
..\\lib\\transaction.h(158):     <td>&nbsp;</td></tr>\n
..\\lib\\transaction.h(158):     <tr><td>&nbsp;</td>\n
..\\lib\\transaction.h(158):     <td><small>&nbsp;Username</small></td></tr>\n
..\\lib\\transaction.h(158):     <tr><td>&nbsp;</td>\n
..\\lib\\transaction.h(158):     <td><input type="text" name="username" value="" size="14" maxlength="14"/></td></tr>\n
..\\lib\\transaction.h(158):     <tr><td>&nbsp;</td>\n
..\\lib\\transaction.h(158):     <td><small>&nbsp;Password</small></td>\n
..\\lib\\transaction.h(158):     <tr><td>&nbsp;</td>\n
..\\lib\\transaction.h(158):     <td><input type="password" name="password" value="" size="14" maxlength="14"/></td></tr>\n
..\\lib\\transaction.h(158):     <tr><td>&nbsp;</td>\n
..\\lib\\transaction.h(158):     <td>&nbsp;</td></tr>\n
..\\lib\\transaction.h(158):     <tr><td>&nbsp;</td>\n
..\\lib\\transaction.h(158):     <td><input type="image" name="login" value="Login" alt="Login" border="1" \n
..\\lib\\transaction.h(158):     src="/WebTours/images/mer_login.gif"/></td></tr>\n
..\\lib\\transaction.h(158):     <tr><td>&nbsp;</td><td>&nbsp;</td></tr>\n
..\\lib\\transaction.h(158):     </table><input type="hidden" name="JSFormSubmit" value="off"/>\n
..\\lib\\transaction.h(158):     </form>\n
..\\lib\\transaction.h(158):     \n
..\\lib\\transaction.h(158):     </body>\n
..\\lib\\transaction.h(158):     </html>\n
..\\lib\\transaction.h(158): Resource "http://localhost:1080/WebTours/images/mer_login.gif" is in the cache already and will not be downloaded again  	[MsgId: MMSG-26655]
..\\lib\\transaction.h(158): t=6971093ms: 5-byte chunked response overhead for "http://localhost:1080/cgi-bin/nav.pl?in=home" (RelFrameId=1.1, Internal ID=753)
..\\lib\\transaction.h(158):     0\r\n
..\\lib\\transaction.h(158):     \r\n
..\\lib\\transaction.h(158): t=6971093ms: Request done "http://localhost:1080/cgi-bin/nav.pl?in=home"  	[MsgId: MMSG-26000]
..\\lib\\transaction.h(158): web_url("welcome.pl_2") was successful, 2176 body bytes, 582 header bytes, 24 chunking overhead bytes  	[MsgId: MMSG-26385]
Action.c(108): Notify: Transaction "sign_off" ended with a "Pass" status (Duration: 0,0551).	[MsgId: MMSG-16873]
Action.c(110): Notify: Transaction "UC05_DeleteTicket" ended with a "Pass" status (Duration: 16,6002 Think Time: 16,0378 Wasted Time: 0,0022).	[MsgId: MMSG-16870]
Ending action Action.	[MsgId: MMSG-15918]
Action was aborted.	[MsgId: MMSG-10694]
Ending Vuser...	[MsgId: MMSG-15966]
Starting action vuser_end.	[MsgId: MMSG-15919]
Ending action vuser_end.	[MsgId: MMSG-15918]
Vuser Terminated.	[MsgId: MMSG-15963]
t=6971093ms: Closed connection [0] to localhost:1080 after completing 1 request(s)  	[MsgId: MMSG-26000]
t=6971093ms: Closed connection [1] to localhost:1080 after completing 1 request(s)  	[MsgId: MMSG-26000]
HTML-Mode memory management statistics: Reusable=18, NonReusable=0, CsMemBlockSize=4096, checks disabled  	[MsgId: MMSG-26000]
Vuser 4 (thread 23152), ended OK."	[MsgId: MMSG-10695]
